[0.059s] Invoking command in '/home/ehoaglin/ros2_ws/build/dingo_input_interfacing': CMAKE_PREFIX_PATH=${CMAKE_PREFIX_PATH}:/home/ehoaglin/ros2_ws/install/dualsense_interface:/opt/ros/jazzy /usr/bin/cmake --build /home/ehoaglin/ros2_ws/build/dingo_input_interfacing -- -j12 -l12
[0.513s] Built target ament_cmake_python_copy_dingo_input_interfacing
[0.594s] running egg_info
[0.655s] writing dingo_input_interfacing.egg-info/PKG-INFO
[0.656s] writing dependency_links to dingo_input_interfacing.egg-info/dependency_links.txt
[0.657s] writing top-level names to dingo_input_interfacing.egg-info/top_level.txt
[0.900s] reading manifest file 'dingo_input_interfacing.egg-info/SOURCES.txt'
[0.901s] writing manifest file 'dingo_input_interfacing.egg-info/SOURCES.txt'
[1.006s] Built target ament_cmake_python_build_dingo_input_interfacing_egg
[1.140s] Invoked command in '/home/ehoaglin/ros2_ws/build/dingo_input_interfacing' returned '0': CMAKE_PREFIX_PATH=${CMAKE_PREFIX_PATH}:/home/ehoaglin/ros2_ws/install/dualsense_interface:/opt/ros/jazzy /usr/bin/cmake --build /home/ehoaglin/ros2_ws/build/dingo_input_interfacing -- -j12 -l12
[1.141s] Invoking command in '/home/ehoaglin/ros2_ws/build/dingo_input_interfacing': CMAKE_PREFIX_PATH=${CMAKE_PREFIX_PATH}:/home/ehoaglin/ros2_ws/install/dualsense_interface:/opt/ros/jazzy /usr/bin/cmake --install /home/ehoaglin/ros2_ws/build/dingo_input_interfacing
[1.154s] -- Install configuration: ""
[1.154s] -- Up-to-date: /home/ehoaglin/ros2_ws/install/dingo_input_interfacing/share/dingo_input_interfacing/environment/pythonpath.sh
[1.154s] -- Up-to-date: /home/ehoaglin/ros2_ws/install/dingo_input_interfacing/share/dingo_input_interfacing/environment/pythonpath.dsv
[1.155s] -- Up-to-date: /home/ehoaglin/ros2_ws/install/dingo_input_interfacing/lib/python3.12/site-packages/dingo_input_interfacing-0.0.0-py3.12.egg-info
[1.155s] -- Installing: /home/ehoaglin/ros2_ws/install/dingo_input_interfacing/lib/python3.12/site-packages/dingo_input_interfacing-0.0.0-py3.12.egg-info/top_level.txt
[1.158s] -- Installing: /home/ehoaglin/ros2_ws/install/dingo_input_interfacing/lib/python3.12/site-packages/dingo_input_interfacing-0.0.0-py3.12.egg-info/dependency_links.txt
[1.159s] -- Installing: /home/ehoaglin/ros2_ws/install/dingo_input_interfacing/lib/python3.12/site-packages/dingo_input_interfacing-0.0.0-py3.12.egg-info/SOURCES.txt
[1.159s] -- Installing: /home/ehoaglin/ros2_ws/install/dingo_input_interfacing/lib/python3.12/site-packages/dingo_input_interfacing-0.0.0-py3.12.egg-info/PKG-INFO
[1.159s] -- Up-to-date: /home/ehoaglin/ros2_ws/install/dingo_input_interfacing/lib/python3.12/site-packages/dingo_input_interfacing
[1.160s] -- Up-to-date: /home/ehoaglin/ros2_ws/install/dingo_input_interfacing/lib/python3.12/site-packages/dingo_input_interfacing/__init__.py
[1.160s] -- Up-to-date: /home/ehoaglin/ros2_ws/install/dingo_input_interfacing/lib/python3.12/site-packages/dingo_input_interfacing/HardwareConfig.py
[1.160s] -- Up-to-date: /home/ehoaglin/ros2_ws/install/dingo_input_interfacing/lib/python3.12/site-packages/dingo_input_interfacing/Open Notebook.onetoc2
[1.161s] -- Up-to-date: /home/ehoaglin/ros2_ws/install/dingo_input_interfacing/lib/python3.12/site-packages/dingo_input_interfacing/InputInterface.py
[1.291s] Listing '/home/ehoaglin/ros2_ws/install/dingo_input_interfacing/lib/python3.12/site-packages/dingo_input_interfacing'...
[1.292s] -- Up-to-date: /home/ehoaglin/ros2_ws/install/dingo_input_interfacing/share/ament_index/resource_index/package_run_dependencies/dingo_input_interfacing
[1.292s] -- Up-to-date: /home/ehoaglin/ros2_ws/install/dingo_input_interfacing/share/ament_index/resource_index/parent_prefix_path/dingo_input_interfacing
[1.293s] -- Up-to-date: /home/ehoaglin/ros2_ws/install/dingo_input_interfacing/share/dingo_input_interfacing/environment/ament_prefix_path.sh
[1.293s] -- Up-to-date: /home/ehoaglin/ros2_ws/install/dingo_input_interfacing/share/dingo_input_interfacing/environment/ament_prefix_path.dsv
[1.293s] -- Up-to-date: /home/ehoaglin/ros2_ws/install/dingo_input_interfacing/share/dingo_input_interfacing/environment/path.sh
[1.294s] -- Up-to-date: /home/ehoaglin/ros2_ws/install/dingo_input_interfacing/share/dingo_input_interfacing/environment/path.dsv
[1.294s] -- Up-to-date: /home/ehoaglin/ros2_ws/install/dingo_input_interfacing/share/dingo_input_interfacing/local_setup.bash
[1.295s] -- Up-to-date: /home/ehoaglin/ros2_ws/install/dingo_input_interfacing/share/dingo_input_interfacing/local_setup.sh
[1.296s] -- Up-to-date: /home/ehoaglin/ros2_ws/install/dingo_input_interfacing/share/dingo_input_interfacing/local_setup.zsh
[1.298s] -- Up-to-date: /home/ehoaglin/ros2_ws/install/dingo_input_interfacing/share/dingo_input_interfacing/local_setup.dsv
[1.299s] -- Installing: /home/ehoaglin/ros2_ws/install/dingo_input_interfacing/share/dingo_input_interfacing/package.dsv
[1.300s] -- Up-to-date: /home/ehoaglin/ros2_ws/install/dingo_input_interfacing/share/ament_index/resource_index/packages/dingo_input_interfacing
[1.300s] -- Up-to-date: /home/ehoaglin/ros2_ws/install/dingo_input_interfacing/share/dingo_input_interfacing/cmake/dingo_input_interfacingConfig.cmake
[1.302s] -- Up-to-date: /home/ehoaglin/ros2_ws/install/dingo_input_interfacing/share/dingo_input_interfacing/cmake/dingo_input_interfacingConfig-version.cmake
[1.302s] -- Up-to-date: /home/ehoaglin/ros2_ws/install/dingo_input_interfacing/share/dingo_input_interfacing/package.xml
[1.506s] Invoked command in '/home/ehoaglin/ros2_ws/build/dingo_input_interfacing' returned '0': CMAKE_PREFIX_PATH=${CMAKE_PREFIX_PATH}:/home/ehoaglin/ros2_ws/install/dualsense_interface:/opt/ros/jazzy /usr/bin/cmake --install /home/ehoaglin/ros2_ws/build/dingo_input_interfacing
