[2.671s] Invoking command in '/home/ehoaglin/ros2_ws/build/dingo_control': CMAKE_PREFIX_PATH=/home/ehoaglin/ros2_ws/install/dingo_servo_interfacing:/home/ehoaglin/ros2_ws/install/dingo_peripheral_interfacing_msg:/home/ehoaglin/ros2_ws/install/dingo_peripheral_interfacing:/home/ehoaglin/ros2_ws/install/dingo_hardware_config:/home/ehoaglin/ros2_ws/install/dingo_control_msg:/home/ehoaglin/ros2_ws/install/ros2_fundamentals_examples:/home/ehoaglin/ros2_ws/install/dingo:/home/ehoaglin/ros2_ws/install/dingo_input_interfacing:/home/ehoaglin/ros2_ws/install/dingo_control:/home/ehoaglin/ros2_ws/install/dingo_pybullet:/home/ehoaglin/ros2_ws/install/dualsense_interface:/opt/ros/jazzy:/home/ehoaglin/ros2_ws/install/dingo_description:/opt/ros/jazzy/opt/gz_sim_vendor:/opt/ros/jazzy/opt/gz_sensors_vendor:/opt/ros/jazzy/opt/gz_physics_vendor:/opt/ros/jazzy/opt/sdformat_vendor:/opt/ros/jazzy/opt/gz_gui_vendor:/opt/ros/jazzy/opt/gz_transport_vendor:/opt/ros/jazzy/opt/gz_rendering_vendor:/opt/ros/jazzy/opt/gz_plugin_vendor:/opt/ros/jazzy/opt/gz_fuel_tools_vendor:/opt/ros/jazzy/opt/gz_msgs_vendor:/opt/ros/jazzy/opt/gz_common_vendor:/opt/ros/jazzy/opt/gz_math_vendor:/opt/ros/jazzy/opt/gz_utils_vendor:/opt/ros/jazzy/opt/gz_tools_vendor:/opt/ros/jazzy/opt/gz_ogre_next_vendor:/opt/ros/jazzy/opt/gz_dartsim_vendor:/opt/ros/jazzy/opt/gz_cmake_vendor PYTHONPATH=/home/ehoaglin/ros2_ws/install/dingo_servo_interfacing/lib/python3.12/site-packages:/home/ehoaglin/ros2_ws/install/dingo_peripheral_interfacing_msg/lib/python3.12/site-packages:/home/ehoaglin/ros2_ws/install/dingo_peripheral_interfacing/lib/python3.12/site-packages:/home/ehoaglin/ros2_ws/install/dingo_hardware_config/lib/python3.12/site-packages:/home/ehoaglin/ros2_ws/install/dingo_control_msg/lib/python3.12/site-packages:/home/ehoaglin/ros2_ws/install/ros2_fundamentals_examples/lib/python3.12/site-packages:/home/ehoaglin/ros2_ws/install/dualsense_interface/lib/python3.12/site-packages:/home/ehoaglin/ros2_ws/install/dingo/lib/python3.12/site-packages:/home/ehoaglin/ros2_ws/install/dingo_input_interfacing/lib/python3.12/site-packages:/home/ehoaglin/ros2_ws/install/dingo_control/lib/python3.12/site-packages:/home/ehoaglin/ros2_ws/install/dingo_pybullet/lib/python3.12/site-packages:/opt/ros/jazzy/lib/python3.12/site-packages /usr/bin/cmake --build /home/ehoaglin/ros2_ws/build/dingo_control -- -j12 -l12
[2.861s] Built target ament_cmake_python_copy_dingo_control
[3.820s] running egg_info
[3.916s] writing dingo_control.egg-info/PKG-INFO
[3.917s] writing dependency_links to dingo_control.egg-info/dependency_links.txt
[3.917s] writing top-level names to dingo_control.egg-info/top_level.txt
[4.205s] reading manifest file 'dingo_control.egg-info/SOURCES.txt'
[4.208s] writing manifest file 'dingo_control.egg-info/SOURCES.txt'
[4.354s] Built target ament_cmake_python_build_dingo_control_egg
[4.387s] Invoked command in '/home/ehoaglin/ros2_ws/build/dingo_control' returned '0': CMAKE_PREFIX_PATH=/home/ehoaglin/ros2_ws/install/dingo_servo_interfacing:/home/ehoaglin/ros2_ws/install/dingo_peripheral_interfacing_msg:/home/ehoaglin/ros2_ws/install/dingo_peripheral_interfacing:/home/ehoaglin/ros2_ws/install/dingo_hardware_config:/home/ehoaglin/ros2_ws/install/dingo_control_msg:/home/ehoaglin/ros2_ws/install/ros2_fundamentals_examples:/home/ehoaglin/ros2_ws/install/dingo:/home/ehoaglin/ros2_ws/install/dingo_input_interfacing:/home/ehoaglin/ros2_ws/install/dingo_control:/home/ehoaglin/ros2_ws/install/dingo_pybullet:/home/ehoaglin/ros2_ws/install/dualsense_interface:/opt/ros/jazzy:/home/ehoaglin/ros2_ws/install/dingo_description:/opt/ros/jazzy/opt/gz_sim_vendor:/opt/ros/jazzy/opt/gz_sensors_vendor:/opt/ros/jazzy/opt/gz_physics_vendor:/opt/ros/jazzy/opt/sdformat_vendor:/opt/ros/jazzy/opt/gz_gui_vendor:/opt/ros/jazzy/opt/gz_transport_vendor:/opt/ros/jazzy/opt/gz_rendering_vendor:/opt/ros/jazzy/opt/gz_plugin_vendor:/opt/ros/jazzy/opt/gz_fuel_tools_vendor:/opt/ros/jazzy/opt/gz_msgs_vendor:/opt/ros/jazzy/opt/gz_common_vendor:/opt/ros/jazzy/opt/gz_math_vendor:/opt/ros/jazzy/opt/gz_utils_vendor:/opt/ros/jazzy/opt/gz_tools_vendor:/opt/ros/jazzy/opt/gz_ogre_next_vendor:/opt/ros/jazzy/opt/gz_dartsim_vendor:/opt/ros/jazzy/opt/gz_cmake_vendor PYTHONPATH=/home/ehoaglin/ros2_ws/install/dingo_servo_interfacing/lib/python3.12/site-packages:/home/ehoaglin/ros2_ws/install/dingo_peripheral_interfacing_msg/lib/python3.12/site-packages:/home/ehoaglin/ros2_ws/install/dingo_peripheral_interfacing/lib/python3.12/site-packages:/home/ehoaglin/ros2_ws/install/dingo_hardware_config/lib/python3.12/site-packages:/home/ehoaglin/ros2_ws/install/dingo_control_msg/lib/python3.12/site-packages:/home/ehoaglin/ros2_ws/install/ros2_fundamentals_examples/lib/python3.12/site-packages:/home/ehoaglin/ros2_ws/install/dualsense_interface/lib/python3.12/site-packages:/home/ehoaglin/ros2_ws/install/dingo/lib/python3.12/site-packages:/home/ehoaglin/ros2_ws/install/dingo_input_interfacing/lib/python3.12/site-packages:/home/ehoaglin/ros2_ws/install/dingo_control/lib/python3.12/site-packages:/home/ehoaglin/ros2_ws/install/dingo_pybullet/lib/python3.12/site-packages:/opt/ros/jazzy/lib/python3.12/site-packages /usr/bin/cmake --build /home/ehoaglin/ros2_ws/build/dingo_control -- -j12 -l12
[4.392s] Invoking command in '/home/ehoaglin/ros2_ws/build/dingo_control': CMAKE_PREFIX_PATH=/home/ehoaglin/ros2_ws/install/dingo_servo_interfacing:/home/ehoaglin/ros2_ws/install/dingo_peripheral_interfacing_msg:/home/ehoaglin/ros2_ws/install/dingo_peripheral_interfacing:/home/ehoaglin/ros2_ws/install/dingo_hardware_config:/home/ehoaglin/ros2_ws/install/dingo_control_msg:/home/ehoaglin/ros2_ws/install/ros2_fundamentals_examples:/home/ehoaglin/ros2_ws/install/dingo:/home/ehoaglin/ros2_ws/install/dingo_input_interfacing:/home/ehoaglin/ros2_ws/install/dingo_control:/home/ehoaglin/ros2_ws/install/dingo_pybullet:/home/ehoaglin/ros2_ws/install/dualsense_interface:/opt/ros/jazzy:/home/ehoaglin/ros2_ws/install/dingo_description:/opt/ros/jazzy/opt/gz_sim_vendor:/opt/ros/jazzy/opt/gz_sensors_vendor:/opt/ros/jazzy/opt/gz_physics_vendor:/opt/ros/jazzy/opt/sdformat_vendor:/opt/ros/jazzy/opt/gz_gui_vendor:/opt/ros/jazzy/opt/gz_transport_vendor:/opt/ros/jazzy/opt/gz_rendering_vendor:/opt/ros/jazzy/opt/gz_plugin_vendor:/opt/ros/jazzy/opt/gz_fuel_tools_vendor:/opt/ros/jazzy/opt/gz_msgs_vendor:/opt/ros/jazzy/opt/gz_common_vendor:/opt/ros/jazzy/opt/gz_math_vendor:/opt/ros/jazzy/opt/gz_utils_vendor:/opt/ros/jazzy/opt/gz_tools_vendor:/opt/ros/jazzy/opt/gz_ogre_next_vendor:/opt/ros/jazzy/opt/gz_dartsim_vendor:/opt/ros/jazzy/opt/gz_cmake_vendor PYTHONPATH=/home/ehoaglin/ros2_ws/install/dingo_servo_interfacing/lib/python3.12/site-packages:/home/ehoaglin/ros2_ws/install/dingo_peripheral_interfacing_msg/lib/python3.12/site-packages:/home/ehoaglin/ros2_ws/install/dingo_peripheral_interfacing/lib/python3.12/site-packages:/home/ehoaglin/ros2_ws/install/dingo_hardware_config/lib/python3.12/site-packages:/home/ehoaglin/ros2_ws/install/dingo_control_msg/lib/python3.12/site-packages:/home/ehoaglin/ros2_ws/install/ros2_fundamentals_examples/lib/python3.12/site-packages:/home/ehoaglin/ros2_ws/install/dualsense_interface/lib/python3.12/site-packages:/home/ehoaglin/ros2_ws/install/dingo/lib/python3.12/site-packages:/home/ehoaglin/ros2_ws/install/dingo_input_interfacing/lib/python3.12/site-packages:/home/ehoaglin/ros2_ws/install/dingo_control/lib/python3.12/site-packages:/home/ehoaglin/ros2_ws/install/dingo_pybullet/lib/python3.12/site-packages:/opt/ros/jazzy/lib/python3.12/site-packages /usr/bin/cmake --install /home/ehoaglin/ros2_ws/build/dingo_control
[4.412s] -- Install configuration: ""
[4.413s] -- Up-to-date: /home/ehoaglin/ros2_ws/install/dingo_control/share/dingo_control/environment/pythonpath.sh
[4.423s] -- Up-to-date: /home/ehoaglin/ros2_ws/install/dingo_control/share/dingo_control/environment/pythonpath.dsv
[4.424s] -- Up-to-date: /home/ehoaglin/ros2_ws/install/dingo_control/lib/python3.12/site-packages/dingo_control-0.0.0-py3.12.egg-info
[4.424s] -- Installing: /home/ehoaglin/ros2_ws/install/dingo_control/lib/python3.12/site-packages/dingo_control-0.0.0-py3.12.egg-info/top_level.txt
[4.425s] -- Installing: /home/ehoaglin/ros2_ws/install/dingo_control/lib/python3.12/site-packages/dingo_control-0.0.0-py3.12.egg-info/dependency_links.txt
[4.425s] -- Installing: /home/ehoaglin/ros2_ws/install/dingo_control/lib/python3.12/site-packages/dingo_control-0.0.0-py3.12.egg-info/SOURCES.txt
[4.425s] -- Installing: /home/ehoaglin/ros2_ws/install/dingo_control/lib/python3.12/site-packages/dingo_control-0.0.0-py3.12.egg-info/PKG-INFO
[4.425s] -- Up-to-date: /home/ehoaglin/ros2_ws/install/dingo_control/lib/python3.12/site-packages/dingo_control
[4.426s] -- Up-to-date: /home/ehoaglin/ros2_ws/install/dingo_control/lib/python3.12/site-packages/dingo_control/util.py
[4.426s] -- Up-to-date: /home/ehoaglin/ros2_ws/install/dingo_control/lib/python3.12/site-packages/dingo_control/__init__.py
[4.426s] -- Up-to-date: /home/ehoaglin/ros2_ws/install/dingo_control/lib/python3.12/site-packages/dingo_control/State.py
[4.426s] -- Up-to-date: /home/ehoaglin/ros2_ws/install/dingo_control/lib/python3.12/site-packages/dingo_control/Kinematics.py
[4.426s] -- Up-to-date: /home/ehoaglin/ros2_ws/install/dingo_control/lib/python3.12/site-packages/dingo_control/dingo_utilities
[4.427s] -- Up-to-date: /home/ehoaglin/ros2_ws/install/dingo_control/lib/python3.12/site-packages/dingo_control/dingo_utilities/CMakeLists.txt
[4.427s] -- Up-to-date: /home/ehoaglin/ros2_ws/install/dingo_control/lib/python3.12/site-packages/dingo_control/dingo_utilities/package.xml
[4.427s] -- Up-to-date: /home/ehoaglin/ros2_ws/install/dingo_control/lib/python3.12/site-packages/dingo_control/dingo_utilities/Open Notebook.onetoc2
[4.427s] -- Up-to-date: /home/ehoaglin/ros2_ws/install/dingo_control/lib/python3.12/site-packages/dingo_control/dingo_utilities/src
[4.428s] -- Up-to-date: /home/ehoaglin/ros2_ws/install/dingo_control/lib/python3.12/site-packages/dingo_control/dingo_utilities/src/dingo_utilities
[4.428s] -- Up-to-date: /home/ehoaglin/ros2_ws/install/dingo_control/lib/python3.12/site-packages/dingo_control/dingo_utilities/src/dingo_utilities/__init__.py
[4.428s] -- Up-to-date: /home/ehoaglin/ros2_ws/install/dingo_control/lib/python3.12/site-packages/dingo_control/dingo_utilities/src/dingo_utilities/Tests.py
[4.428s] -- Up-to-date: /home/ehoaglin/ros2_ws/install/dingo_control/lib/python3.12/site-packages/dingo_control/dingo_utilities/src/dingo_utilities/Utilities.py
[4.428s] -- Up-to-date: /home/ehoaglin/ros2_ws/install/dingo_control/lib/python3.12/site-packages/dingo_control/dingo_utilities/src/dingo_utilities/Open Notebook.onetoc2
[4.429s] -- Up-to-date: /home/ehoaglin/ros2_ws/install/dingo_control/lib/python3.12/site-packages/dingo_control/dingo_utilities/src/Open Notebook.onetoc2
[4.429s] -- Up-to-date: /home/ehoaglin/ros2_ws/install/dingo_control/lib/python3.12/site-packages/dingo_control/dingo_utilities/setup.py
[4.429s] -- Up-to-date: /home/ehoaglin/ros2_ws/install/dingo_control/lib/python3.12/site-packages/dingo_control/Controller.py
[4.429s] -- Up-to-date: /home/ehoaglin/ros2_ws/install/dingo_control/lib/python3.12/site-packages/dingo_control/Gaits.py
[4.430s] -- Up-to-date: /home/ehoaglin/ros2_ws/install/dingo_control/lib/python3.12/site-packages/dingo_control/StanceController.py
[4.430s] -- Up-to-date: /home/ehoaglin/ros2_ws/install/dingo_control/lib/python3.12/site-packages/dingo_control/SwingLegController.py
[4.430s] -- Up-to-date: /home/ehoaglin/ros2_ws/install/dingo_control/lib/python3.12/site-packages/dingo_control/Config.py
[4.430s] -- Up-to-date: /home/ehoaglin/ros2_ws/install/dingo_control/lib/python3.12/site-packages/dingo_control/Command.py
[4.561s] Listing '/home/ehoaglin/ros2_ws/install/dingo_control/lib/python3.12/site-packages/dingo_control'...
[4.562s] Listing '/home/ehoaglin/ros2_ws/install/dingo_control/lib/python3.12/site-packages/dingo_control/dingo_utilities'...
[4.562s] Listing '/home/ehoaglin/ros2_ws/install/dingo_control/lib/python3.12/site-packages/dingo_control/dingo_utilities/src'...
[4.564s] Listing '/home/ehoaglin/ros2_ws/install/dingo_control/lib/python3.12/site-packages/dingo_control/dingo_utilities/src/dingo_utilities'...
[4.583s] -- Up-to-date: /home/ehoaglin/ros2_ws/install/dingo_control/share/ament_index/resource_index/package_run_dependencies/dingo_control
[4.584s] -- Up-to-date: /home/ehoaglin/ros2_ws/install/dingo_control/share/ament_index/resource_index/parent_prefix_path/dingo_control
[4.584s] -- Up-to-date: /home/ehoaglin/ros2_ws/install/dingo_control/share/dingo_control/environment/ament_prefix_path.sh
[4.585s] -- Up-to-date: /home/ehoaglin/ros2_ws/install/dingo_control/share/dingo_control/environment/ament_prefix_path.dsv
[4.585s] -- Up-to-date: /home/ehoaglin/ros2_ws/install/dingo_control/share/dingo_control/environment/path.sh
[4.585s] -- Up-to-date: /home/ehoaglin/ros2_ws/install/dingo_control/share/dingo_control/environment/path.dsv
[4.585s] -- Up-to-date: /home/ehoaglin/ros2_ws/install/dingo_control/share/dingo_control/local_setup.bash
[4.586s] -- Up-to-date: /home/ehoaglin/ros2_ws/install/dingo_control/share/dingo_control/local_setup.sh
[4.586s] -- Up-to-date: /home/ehoaglin/ros2_ws/install/dingo_control/share/dingo_control/local_setup.zsh
[4.586s] -- Up-to-date: /home/ehoaglin/ros2_ws/install/dingo_control/share/dingo_control/local_setup.dsv
[4.586s] -- Installing: /home/ehoaglin/ros2_ws/install/dingo_control/share/dingo_control/package.dsv
[4.587s] -- Up-to-date: /home/ehoaglin/ros2_ws/install/dingo_control/share/ament_index/resource_index/packages/dingo_control
[4.588s] -- Up-to-date: /home/ehoaglin/ros2_ws/install/dingo_control/share/dingo_control/cmake/dingo_controlConfig.cmake
[4.588s] -- Up-to-date: /home/ehoaglin/ros2_ws/install/dingo_control/share/dingo_control/cmake/dingo_controlConfig-version.cmake
[4.589s] -- Up-to-date: /home/ehoaglin/ros2_ws/install/dingo_control/share/dingo_control/package.xml
[4.594s] Invoked command in '/home/ehoaglin/ros2_ws/build/dingo_control' returned '0': CMAKE_PREFIX_PATH=/home/ehoaglin/ros2_ws/install/dingo_servo_interfacing:/home/ehoaglin/ros2_ws/install/dingo_peripheral_interfacing_msg:/home/ehoaglin/ros2_ws/install/dingo_peripheral_interfacing:/home/ehoaglin/ros2_ws/install/dingo_hardware_config:/home/ehoaglin/ros2_ws/install/dingo_control_msg:/home/ehoaglin/ros2_ws/install/ros2_fundamentals_examples:/home/ehoaglin/ros2_ws/install/dingo:/home/ehoaglin/ros2_ws/install/dingo_input_interfacing:/home/ehoaglin/ros2_ws/install/dingo_control:/home/ehoaglin/ros2_ws/install/dingo_pybullet:/home/ehoaglin/ros2_ws/install/dualsense_interface:/opt/ros/jazzy:/home/ehoaglin/ros2_ws/install/dingo_description:/opt/ros/jazzy/opt/gz_sim_vendor:/opt/ros/jazzy/opt/gz_sensors_vendor:/opt/ros/jazzy/opt/gz_physics_vendor:/opt/ros/jazzy/opt/sdformat_vendor:/opt/ros/jazzy/opt/gz_gui_vendor:/opt/ros/jazzy/opt/gz_transport_vendor:/opt/ros/jazzy/opt/gz_rendering_vendor:/opt/ros/jazzy/opt/gz_plugin_vendor:/opt/ros/jazzy/opt/gz_fuel_tools_vendor:/opt/ros/jazzy/opt/gz_msgs_vendor:/opt/ros/jazzy/opt/gz_common_vendor:/opt/ros/jazzy/opt/gz_math_vendor:/opt/ros/jazzy/opt/gz_utils_vendor:/opt/ros/jazzy/opt/gz_tools_vendor:/opt/ros/jazzy/opt/gz_ogre_next_vendor:/opt/ros/jazzy/opt/gz_dartsim_vendor:/opt/ros/jazzy/opt/gz_cmake_vendor PYTHONPATH=/home/ehoaglin/ros2_ws/install/dingo_servo_interfacing/lib/python3.12/site-packages:/home/ehoaglin/ros2_ws/install/dingo_peripheral_interfacing_msg/lib/python3.12/site-packages:/home/ehoaglin/ros2_ws/install/dingo_peripheral_interfacing/lib/python3.12/site-packages:/home/ehoaglin/ros2_ws/install/dingo_hardware_config/lib/python3.12/site-packages:/home/ehoaglin/ros2_ws/install/dingo_control_msg/lib/python3.12/site-packages:/home/ehoaglin/ros2_ws/install/ros2_fundamentals_examples/lib/python3.12/site-packages:/home/ehoaglin/ros2_ws/install/dualsense_interface/lib/python3.12/site-packages:/home/ehoaglin/ros2_ws/install/dingo/lib/python3.12/site-packages:/home/ehoaglin/ros2_ws/install/dingo_input_interfacing/lib/python3.12/site-packages:/home/ehoaglin/ros2_ws/install/dingo_control/lib/python3.12/site-packages:/home/ehoaglin/ros2_ws/install/dingo_pybullet/lib/python3.12/site-packages:/opt/ros/jazzy/lib/python3.12/site-packages /usr/bin/cmake --install /home/ehoaglin/ros2_ws/build/dingo_control
