[0.014s] Invoking command in '/home/ehoaglin/ros2_ws/src/dingo_control/build/dingo_control': /usr/bin/cmake /home/ehoaglin/ros2_ws/src/dingo_control -DCMAKE_INSTALL_PREFIX=/home/ehoaglin/ros2_ws/src/dingo_control/install/dingo_control
[0.028s] -- Found ament_cmake: 2.5.3 (/opt/ros/jazzy/share/ament_cmake/cmake)
[0.298s] -- Found rclpy: 7.1.3 (/opt/ros/jazzy/share/rclpy/cmake)
[0.298s] -- Found geometry_msgs: 5.3.5 (/opt/ros/jazzy/share/geometry_msgs/cmake)
[0.520s] -- Found rosidl_generator_c: 4.6.5 (/opt/ros/jazzy/share/rosidl_generator_c/cmake)
[0.533s] -- Found rosidl_generator_cpp: 4.6.5 (/opt/ros/jazzy/share/rosidl_generator_cpp/cmake)
[0.549s] -- Using all available rosidl_typesupport_c: rosidl_typesupport_fastrtps_c;rosidl_typesupport_introspection_c
[0.568s] -- Using all available rosidl_typesupport_cpp: rosidl_typesupport_fastrtps_cpp;rosidl_typesupport_introspection_cpp
[0.628s] -- Found rosidl_default_generators: 1.6.0 (/opt/ros/jazzy/share/rosidl_default_generators/cmake)
[0.639s] -- Found rosidl_adapter: 4.6.5 (/opt/ros/jazzy/share/rosidl_adapter/cmake)
[1.050s] Error parsing '/home/ehoaglin/ros2_ws/src/dingo_control/package.xml':
[3.392s] Traceback (most recent call last):
[3.392s]   File "/opt/ros/jazzy/share/ament_cmake_core/cmake/core/package_xml_2_cmake.py", line 150, in <module>
[3.393s]     main()
[3.393s]   File "/opt/ros/jazzy/share/ament_cmake_core/cmake/core/package_xml_2_cmake.py", line 53, in main
[3.394s]     raise e
[3.394s]   File "/opt/ros/jazzy/share/ament_cmake_core/cmake/core/package_xml_2_cmake.py", line 49, in main
[3.394s]     package = parse_package_string(
[3.394s]               ^^^^^^^^^^^^^^^^^^^^^
[3.394s]   File "/usr/lib/python3/dist-packages/catkin_pkg/package.py", line 786, in parse_package_string
[3.394s]     raise InvalidPackage('Error(s):%s' % (''.join(['\n- %s' % e for e in errors])), filename)
[3.394s] catkin_pkg.package.InvalidPackage: Error(s) in package '/home/ehoaglin/ros2_ws/src/dingo_control/package.xml':
[3.394s] Error(s):
[3.394s] - The manifest of package "dingo_control" (with format version 2) must not contain the following tags: member_of_group
[3.435s] [31mCMake Error at /opt/ros/jazzy/share/ament_cmake_core/cmake/core/ament_package_xml.cmake:95 (message):
[3.435s]   execute_process(/usr/bin/python3
[3.435s]   /opt/ros/jazzy/share/ament_cmake_core/cmake/core/package_xml_2_cmake.py
[3.435s]   /home/ehoaglin/ros2_ws/src/dingo_control/package.xml
[3.435s]   /home/ehoaglin/ros2_ws/src/dingo_control/build/dingo_control/ament_cmake_core/package.cmake)
[3.435s]   returned error code 1
[3.436s] Call Stack (most recent call first):
[3.436s]   /opt/ros/jazzy/share/ament_cmake_core/cmake/core/ament_package_xml.cmake:49 (_ament_package_xml)
[3.436s]   /opt/ros/jazzy/share/rosidl_cmake/cmake/rosidl_generate_interfaces.cmake:220 (ament_package_xml)
[3.436s]   CMakeLists.txt:18 (rosidl_generate_interfaces)
[3.436s] 
[3.436s] [0m
[3.436s] -- Configuring incomplete, errors occurred!
[3.446s] Invoked command in '/home/ehoaglin/ros2_ws/src/dingo_control/build/dingo_control' returned '1': /usr/bin/cmake /home/ehoaglin/ros2_ws/src/dingo_control -DCMAKE_INSTALL_PREFIX=/home/ehoaglin/ros2_ws/src/dingo_control/install/dingo_control
