[1.667s] Invoking command in '/home/ehoaglin/ros2_ws/build/dingo': CMAKE_PREFIX_PATH=/home/ehoaglin/ros2_ws/install/dingo_input_interfacing:/home/ehoaglin/ros2_ws/install/dingo_control:/home/ehoaglin/ros2_ws/install/dingo_servo_interfacing:/home/ehoaglin/ros2_ws/install/dingo_peripheral_interfacing_msg:/home/ehoaglin/ros2_ws/install/dingo_peripheral_interfacing:/home/ehoaglin/ros2_ws/install/dingo_hardware_config:/home/ehoaglin/ros2_ws/install/dingo_control_msg:/opt/ros/jazzy:/home/ehoaglin/ros2_ws/install/dingo_description:/home/ehoaglin/ros2_ws/install/ros2_fundamentals_examples:/home/ehoaglin/ros2_ws/install/dingo:/home/ehoaglin/ros2_ws/install/dingo_pybullet:/opt/ros/jazzy/opt/gz_sim_vendor:/opt/ros/jazzy/opt/gz_sensors_vendor:/opt/ros/jazzy/opt/gz_physics_vendor:/opt/ros/jazzy/opt/sdformat_vendor:/opt/ros/jazzy/opt/gz_gui_vendor:/opt/ros/jazzy/opt/gz_transport_vendor:/opt/ros/jazzy/opt/gz_rendering_vendor:/opt/ros/jazzy/opt/gz_plugin_vendor:/opt/ros/jazzy/opt/gz_fuel_tools_vendor:/opt/ros/jazzy/opt/gz_msgs_vendor:/opt/ros/jazzy/opt/gz_common_vendor:/opt/ros/jazzy/opt/gz_math_vendor:/opt/ros/jazzy/opt/gz_utils_vendor:/opt/ros/jazzy/opt/gz_tools_vendor:/opt/ros/jazzy/opt/gz_ogre_next_vendor:/opt/ros/jazzy/opt/gz_dartsim_vendor:/opt/ros/jazzy/opt/gz_cmake_vendor PYTHONPATH=/home/ehoaglin/ros2_ws/install/dingo_input_interfacing/lib/python3.12/site-packages:/home/ehoaglin/ros2_ws/install/dingo_control/lib/python3.12/site-packages:/home/ehoaglin/ros2_ws/install/dingo_servo_interfacing/lib/python3.12/site-packages:/home/ehoaglin/ros2_ws/install/dingo_peripheral_interfacing_msg/lib/python3.12/site-packages:/home/ehoaglin/ros2_ws/install/dingo_peripheral_interfacing/lib/python3.12/site-packages:/home/ehoaglin/ros2_ws/install/dingo_hardware_config/lib/python3.12/site-packages:/home/ehoaglin/ros2_ws/install/dingo_control_msg/lib/python3.12/site-packages:/home/ehoaglin/ros2_ws/install/ros2_fundamentals_examples/lib/python3.12/site-packages:/home/ehoaglin/ros2_ws/install/dingo/lib/python3.12/site-packages:/home/ehoaglin/ros2_ws/install/dingo_pybullet/lib/python3.12/site-packages:/opt/ros/jazzy/lib/python3.12/site-packages /usr/bin/cmake --build /home/ehoaglin/ros2_ws/build/dingo -- -j12 -l12
[1.818s] Built target ament_cmake_python_copy_dingo
[2.309s] running egg_info
[2.354s] writing dingo.egg-info/PKG-INFO
[2.354s] writing dependency_links to dingo.egg-info/dependency_links.txt
[2.354s] writing top-level names to dingo.egg-info/top_level.txt
[2.531s] reading manifest file 'dingo.egg-info/SOURCES.txt'
[2.532s] writing manifest file 'dingo.egg-info/SOURCES.txt'
[2.667s] Built target ament_cmake_python_build_dingo_egg
[2.697s] Invoked command in '/home/ehoaglin/ros2_ws/build/dingo' returned '0': CMAKE_PREFIX_PATH=/home/ehoaglin/ros2_ws/install/dingo_input_interfacing:/home/ehoaglin/ros2_ws/install/dingo_control:/home/ehoaglin/ros2_ws/install/dingo_servo_interfacing:/home/ehoaglin/ros2_ws/install/dingo_peripheral_interfacing_msg:/home/ehoaglin/ros2_ws/install/dingo_peripheral_interfacing:/home/ehoaglin/ros2_ws/install/dingo_hardware_config:/home/ehoaglin/ros2_ws/install/dingo_control_msg:/opt/ros/jazzy:/home/ehoaglin/ros2_ws/install/dingo_description:/home/ehoaglin/ros2_ws/install/ros2_fundamentals_examples:/home/ehoaglin/ros2_ws/install/dingo:/home/ehoaglin/ros2_ws/install/dingo_pybullet:/opt/ros/jazzy/opt/gz_sim_vendor:/opt/ros/jazzy/opt/gz_sensors_vendor:/opt/ros/jazzy/opt/gz_physics_vendor:/opt/ros/jazzy/opt/sdformat_vendor:/opt/ros/jazzy/opt/gz_gui_vendor:/opt/ros/jazzy/opt/gz_transport_vendor:/opt/ros/jazzy/opt/gz_rendering_vendor:/opt/ros/jazzy/opt/gz_plugin_vendor:/opt/ros/jazzy/opt/gz_fuel_tools_vendor:/opt/ros/jazzy/opt/gz_msgs_vendor:/opt/ros/jazzy/opt/gz_common_vendor:/opt/ros/jazzy/opt/gz_math_vendor:/opt/ros/jazzy/opt/gz_utils_vendor:/opt/ros/jazzy/opt/gz_tools_vendor:/opt/ros/jazzy/opt/gz_ogre_next_vendor:/opt/ros/jazzy/opt/gz_dartsim_vendor:/opt/ros/jazzy/opt/gz_cmake_vendor PYTHONPATH=/home/ehoaglin/ros2_ws/install/dingo_input_interfacing/lib/python3.12/site-packages:/home/ehoaglin/ros2_ws/install/dingo_control/lib/python3.12/site-packages:/home/ehoaglin/ros2_ws/install/dingo_servo_interfacing/lib/python3.12/site-packages:/home/ehoaglin/ros2_ws/install/dingo_peripheral_interfacing_msg/lib/python3.12/site-packages:/home/ehoaglin/ros2_ws/install/dingo_peripheral_interfacing/lib/python3.12/site-packages:/home/ehoaglin/ros2_ws/install/dingo_hardware_config/lib/python3.12/site-packages:/home/ehoaglin/ros2_ws/install/dingo_control_msg/lib/python3.12/site-packages:/home/ehoaglin/ros2_ws/install/ros2_fundamentals_examples/lib/python3.12/site-packages:/home/ehoaglin/ros2_ws/install/dingo/lib/python3.12/site-packages:/home/ehoaglin/ros2_ws/install/dingo_pybullet/lib/python3.12/site-packages:/opt/ros/jazzy/lib/python3.12/site-packages /usr/bin/cmake --build /home/ehoaglin/ros2_ws/build/dingo -- -j12 -l12
[2.702s] Invoking command in '/home/ehoaglin/ros2_ws/build/dingo': CMAKE_PREFIX_PATH=/home/ehoaglin/ros2_ws/install/dingo_input_interfacing:/home/ehoaglin/ros2_ws/install/dingo_control:/home/ehoaglin/ros2_ws/install/dingo_servo_interfacing:/home/ehoaglin/ros2_ws/install/dingo_peripheral_interfacing_msg:/home/ehoaglin/ros2_ws/install/dingo_peripheral_interfacing:/home/ehoaglin/ros2_ws/install/dingo_hardware_config:/home/ehoaglin/ros2_ws/install/dingo_control_msg:/opt/ros/jazzy:/home/ehoaglin/ros2_ws/install/dingo_description:/home/ehoaglin/ros2_ws/install/ros2_fundamentals_examples:/home/ehoaglin/ros2_ws/install/dingo:/home/ehoaglin/ros2_ws/install/dingo_pybullet:/opt/ros/jazzy/opt/gz_sim_vendor:/opt/ros/jazzy/opt/gz_sensors_vendor:/opt/ros/jazzy/opt/gz_physics_vendor:/opt/ros/jazzy/opt/sdformat_vendor:/opt/ros/jazzy/opt/gz_gui_vendor:/opt/ros/jazzy/opt/gz_transport_vendor:/opt/ros/jazzy/opt/gz_rendering_vendor:/opt/ros/jazzy/opt/gz_plugin_vendor:/opt/ros/jazzy/opt/gz_fuel_tools_vendor:/opt/ros/jazzy/opt/gz_msgs_vendor:/opt/ros/jazzy/opt/gz_common_vendor:/opt/ros/jazzy/opt/gz_math_vendor:/opt/ros/jazzy/opt/gz_utils_vendor:/opt/ros/jazzy/opt/gz_tools_vendor:/opt/ros/jazzy/opt/gz_ogre_next_vendor:/opt/ros/jazzy/opt/gz_dartsim_vendor:/opt/ros/jazzy/opt/gz_cmake_vendor PYTHONPATH=/home/ehoaglin/ros2_ws/install/dingo_input_interfacing/lib/python3.12/site-packages:/home/ehoaglin/ros2_ws/install/dingo_control/lib/python3.12/site-packages:/home/ehoaglin/ros2_ws/install/dingo_servo_interfacing/lib/python3.12/site-packages:/home/ehoaglin/ros2_ws/install/dingo_peripheral_interfacing_msg/lib/python3.12/site-packages:/home/ehoaglin/ros2_ws/install/dingo_peripheral_interfacing/lib/python3.12/site-packages:/home/ehoaglin/ros2_ws/install/dingo_hardware_config/lib/python3.12/site-packages:/home/ehoaglin/ros2_ws/install/dingo_control_msg/lib/python3.12/site-packages:/home/ehoaglin/ros2_ws/install/ros2_fundamentals_examples/lib/python3.12/site-packages:/home/ehoaglin/ros2_ws/install/dingo/lib/python3.12/site-packages:/home/ehoaglin/ros2_ws/install/dingo_pybullet/lib/python3.12/site-packages:/opt/ros/jazzy/lib/python3.12/site-packages /usr/bin/cmake --install /home/ehoaglin/ros2_ws/build/dingo
[2.722s] -- Install configuration: ""
[2.723s] -- Up-to-date: /home/ehoaglin/ros2_ws/install/dingo/share/dingo/environment/pythonpath.sh
[2.723s] -- Up-to-date: /home/ehoaglin/ros2_ws/install/dingo/share/dingo/environment/pythonpath.dsv
[2.724s] -- Up-to-date: /home/ehoaglin/ros2_ws/install/dingo/lib/python3.12/site-packages/dingo-0.0.0-py3.12.egg-info
[2.724s] -- Installing: /home/ehoaglin/ros2_ws/install/dingo/lib/python3.12/site-packages/dingo-0.0.0-py3.12.egg-info/top_level.txt
[2.724s] -- Installing: /home/ehoaglin/ros2_ws/install/dingo/lib/python3.12/site-packages/dingo-0.0.0-py3.12.egg-info/dependency_links.txt
[2.725s] -- Installing: /home/ehoaglin/ros2_ws/install/dingo/lib/python3.12/site-packages/dingo-0.0.0-py3.12.egg-info/SOURCES.txt
[2.725s] -- Installing: /home/ehoaglin/ros2_ws/install/dingo/lib/python3.12/site-packages/dingo-0.0.0-py3.12.egg-info/PKG-INFO
[2.725s] -- Up-to-date: /home/ehoaglin/ros2_ws/install/dingo/lib/python3.12/site-packages/dingo
[2.725s] -- Up-to-date: /home/ehoaglin/ros2_ws/install/dingo/lib/python3.12/site-packages/dingo/__init__.py
[2.726s] -- Up-to-date: /home/ehoaglin/ros2_ws/install/dingo/lib/python3.12/site-packages/dingo/status_publisher.py
[2.809s] Listing '/home/ehoaglin/ros2_ws/install/dingo/lib/python3.12/site-packages/dingo'...
[2.826s] -- Up-to-date: /home/ehoaglin/ros2_ws/install/dingo/lib/dingo/dingo_driver.py
[2.826s] -- Up-to-date: /home/ehoaglin/ros2_ws/install/dingo/lib/dingo/run_robot.py
[2.827s] -- Up-to-date: /home/ehoaglin/ros2_ws/install/dingo/share/dingo/launch
[2.827s] -- Up-to-date: /home/ehoaglin/ros2_ws/install/dingo/share/dingo/launch/dingo_simulator.launch
[2.828s] -- Up-to-date: /home/ehoaglin/ros2_ws/install/dingo/share/dingo/launch/dingo.launch
[2.828s] -- Up-to-date: /home/ehoaglin/ros2_ws/install/dingo/share/dingo/launch/dingo_simulator.launch.py
[2.828s] -- Up-to-date: /home/ehoaglin/ros2_ws/install/dingo/share/dingo/launch/dingo.launch.py
[2.828s] -- Up-to-date: /home/ehoaglin/ros2_ws/install/dingo/share/ament_index/resource_index/package_run_dependencies/dingo
[2.828s] -- Up-to-date: /home/ehoaglin/ros2_ws/install/dingo/share/ament_index/resource_index/parent_prefix_path/dingo
[2.829s] -- Up-to-date: /home/ehoaglin/ros2_ws/install/dingo/share/dingo/environment/ament_prefix_path.sh
[2.829s] -- Up-to-date: /home/ehoaglin/ros2_ws/install/dingo/share/dingo/environment/ament_prefix_path.dsv
[2.830s] -- Up-to-date: /home/ehoaglin/ros2_ws/install/dingo/share/dingo/environment/path.sh
[2.832s] -- Up-to-date: /home/ehoaglin/ros2_ws/install/dingo/share/dingo/environment/path.dsv
[2.833s] -- Up-to-date: /home/ehoaglin/ros2_ws/install/dingo/share/dingo/local_setup.bash
[2.835s] -- Up-to-date: /home/ehoaglin/ros2_ws/install/dingo/share/dingo/local_setup.sh
[2.836s] -- Up-to-date: /home/ehoaglin/ros2_ws/install/dingo/share/dingo/local_setup.zsh
[2.836s] -- Up-to-date: /home/ehoaglin/ros2_ws/install/dingo/share/dingo/local_setup.dsv
[2.837s] -- Installing: /home/ehoaglin/ros2_ws/install/dingo/share/dingo/package.dsv
[2.837s] -- Up-to-date: /home/ehoaglin/ros2_ws/install/dingo/share/ament_index/resource_index/packages/dingo
[2.838s] -- Up-to-date: /home/ehoaglin/ros2_ws/install/dingo/share/dingo/cmake/dingoConfig.cmake
[2.840s] -- Up-to-date: /home/ehoaglin/ros2_ws/install/dingo/share/dingo/cmake/dingoConfig-version.cmake
[2.840s] -- Up-to-date: /home/ehoaglin/ros2_ws/install/dingo/share/dingo/package.xml
[2.840s] Invoked command in '/home/ehoaglin/ros2_ws/build/dingo' returned '0': CMAKE_PREFIX_PATH=/home/ehoaglin/ros2_ws/install/dingo_input_interfacing:/home/ehoaglin/ros2_ws/install/dingo_control:/home/ehoaglin/ros2_ws/install/dingo_servo_interfacing:/home/ehoaglin/ros2_ws/install/dingo_peripheral_interfacing_msg:/home/ehoaglin/ros2_ws/install/dingo_peripheral_interfacing:/home/ehoaglin/ros2_ws/install/dingo_hardware_config:/home/ehoaglin/ros2_ws/install/dingo_control_msg:/opt/ros/jazzy:/home/ehoaglin/ros2_ws/install/dingo_description:/home/ehoaglin/ros2_ws/install/ros2_fundamentals_examples:/home/ehoaglin/ros2_ws/install/dingo:/home/ehoaglin/ros2_ws/install/dingo_pybullet:/opt/ros/jazzy/opt/gz_sim_vendor:/opt/ros/jazzy/opt/gz_sensors_vendor:/opt/ros/jazzy/opt/gz_physics_vendor:/opt/ros/jazzy/opt/sdformat_vendor:/opt/ros/jazzy/opt/gz_gui_vendor:/opt/ros/jazzy/opt/gz_transport_vendor:/opt/ros/jazzy/opt/gz_rendering_vendor:/opt/ros/jazzy/opt/gz_plugin_vendor:/opt/ros/jazzy/opt/gz_fuel_tools_vendor:/opt/ros/jazzy/opt/gz_msgs_vendor:/opt/ros/jazzy/opt/gz_common_vendor:/opt/ros/jazzy/opt/gz_math_vendor:/opt/ros/jazzy/opt/gz_utils_vendor:/opt/ros/jazzy/opt/gz_tools_vendor:/opt/ros/jazzy/opt/gz_ogre_next_vendor:/opt/ros/jazzy/opt/gz_dartsim_vendor:/opt/ros/jazzy/opt/gz_cmake_vendor PYTHONPATH=/home/ehoaglin/ros2_ws/install/dingo_input_interfacing/lib/python3.12/site-packages:/home/ehoaglin/ros2_ws/install/dingo_control/lib/python3.12/site-packages:/home/ehoaglin/ros2_ws/install/dingo_servo_interfacing/lib/python3.12/site-packages:/home/ehoaglin/ros2_ws/install/dingo_peripheral_interfacing_msg/lib/python3.12/site-packages:/home/ehoaglin/ros2_ws/install/dingo_peripheral_interfacing/lib/python3.12/site-packages:/home/ehoaglin/ros2_ws/install/dingo_hardware_config/lib/python3.12/site-packages:/home/ehoaglin/ros2_ws/install/dingo_control_msg/lib/python3.12/site-packages:/home/ehoaglin/ros2_ws/install/ros2_fundamentals_examples/lib/python3.12/site-packages:/home/ehoaglin/ros2_ws/install/dingo/lib/python3.12/site-packages:/home/ehoaglin/ros2_ws/install/dingo_pybullet/lib/python3.12/site-packages:/opt/ros/jazzy/lib/python3.12/site-packages /usr/bin/cmake --install /home/ehoaglin/ros2_ws/build/dingo
