[1.943s] Invoking command in '/home/ehoaglin/ros2_ws/src/dualsense_interface': PYTHONPATH=/home/ehoaglin/ros2_ws/build/dualsense_interface/prefix_override:/usr/lib/python3/dist-packages/colcon_core/task/python/colcon_distutils_commands:/home/ehoaglin/ros2_ws/install/dualsense_interface/lib/python3.12/site-packages:${PYTHONPATH} VIRTUAL_ENV_PROMPT=(myenv) /usr/bin/python3 -W ignore:setup.py install is deprecated -W ignore:easy_install command is deprecated setup.py egg_info --egg-base ../../build/dualsense_interface build --build-base /home/ehoaglin/ros2_ws/build/dualsense_interface/build install --record /home/ehoaglin/ros2_ws/build/dualsense_interface/install.log --single-version-externally-managed install_data
[2.294s] running egg_info
[2.294s] creating ../../build/dualsense_interface/dualsense_interface.egg-info
[2.321s] writing ../../build/dualsense_interface/dualsense_interface.egg-info/PKG-INFO
[2.322s] writing dependency_links to ../../build/dualsense_interface/dualsense_interface.egg-info/dependency_links.txt
[2.322s] writing entry points to ../../build/dualsense_interface/dualsense_interface.egg-info/entry_points.txt
[2.322s] writing requirements to ../../build/dualsense_interface/dualsense_interface.egg-info/requires.txt
[2.323s] writing top-level names to ../../build/dualsense_interface/dualsense_interface.egg-info/top_level.txt
[2.323s] writing manifest file '../../build/dualsense_interface/dualsense_interface.egg-info/SOURCES.txt'
[2.377s] reading manifest file '../../build/dualsense_interface/dualsense_interface.egg-info/SOURCES.txt'
[2.378s] writing manifest file '../../build/dualsense_interface/dualsense_interface.egg-info/SOURCES.txt'
[2.379s] running build
[2.379s] running build_py
[2.379s] creating /home/ehoaglin/ros2_ws/build/dualsense_interface/build
[2.380s] creating /home/ehoaglin/ros2_ws/build/dualsense_interface/build/lib
[2.381s] creating /home/ehoaglin/ros2_ws/build/dualsense_interface/build/lib/dualsense_interface
[2.382s] copying dualsense_interface/__init__.py -> /home/ehoaglin/ros2_ws/build/dualsense_interface/build/lib/dualsense_interface
[2.382s] copying dualsense_interface/hidraw_to_joy.py -> /home/ehoaglin/ros2_ws/build/dualsense_interface/build/lib/dualsense_interface
[2.383s] running install
[2.391s] running install_lib
[2.418s] creating /home/ehoaglin/ros2_ws/install/dualsense_interface/lib/python3.12/site-packages/dualsense_interface
[2.418s] copying /home/ehoaglin/ros2_ws/build/dualsense_interface/build/lib/dualsense_interface/__init__.py -> /home/ehoaglin/ros2_ws/install/dualsense_interface/lib/python3.12/site-packages/dualsense_interface
[2.419s] copying /home/ehoaglin/ros2_ws/build/dualsense_interface/build/lib/dualsense_interface/hidraw_to_joy.py -> /home/ehoaglin/ros2_ws/install/dualsense_interface/lib/python3.12/site-packages/dualsense_interface
[2.419s] byte-compiling /home/ehoaglin/ros2_ws/install/dualsense_interface/lib/python3.12/site-packages/dualsense_interface/__init__.py to __init__.cpython-312.pyc
[2.420s] byte-compiling /home/ehoaglin/ros2_ws/install/dualsense_interface/lib/python3.12/site-packages/dualsense_interface/hidraw_to_joy.py to hidraw_to_joy.cpython-312.pyc
[2.421s] running install_data
[2.421s] creating /home/ehoaglin/ros2_ws/install/dualsense_interface/share/ament_index
[2.421s] creating /home/ehoaglin/ros2_ws/install/dualsense_interface/share/ament_index/resource_index
[2.422s] creating /home/ehoaglin/ros2_ws/install/dualsense_interface/share/ament_index/resource_index/packages
[2.422s] copying resource/dualsense_interface -> /home/ehoaglin/ros2_ws/install/dualsense_interface/share/ament_index/resource_index/packages
[2.423s] copying package.xml -> /home/ehoaglin/ros2_ws/install/dualsense_interface/share/dualsense_interface
[2.423s] running install_egg_info
[2.447s] Copying ../../build/dualsense_interface/dualsense_interface.egg-info to /home/ehoaglin/ros2_ws/install/dualsense_interface/lib/python3.12/site-packages/dualsense_interface-0.0.0-py3.12.egg-info
[2.448s] running install_scripts
[2.652s] Installing hidraw_to_joy script to /home/ehoaglin/ros2_ws/install/dualsense_interface/lib/dualsense_interface
[2.653s] writing list of installed files to '/home/ehoaglin/ros2_ws/build/dualsense_interface/install.log'
[2.708s] Invoked command in '/home/ehoaglin/ros2_ws/src/dualsense_interface' returned '0': PYTHONPATH=/home/ehoaglin/ros2_ws/build/dualsense_interface/prefix_override:/usr/lib/python3/dist-packages/colcon_core/task/python/colcon_distutils_commands:/home/ehoaglin/ros2_ws/install/dualsense_interface/lib/python3.12/site-packages:${PYTHONPATH} VIRTUAL_ENV_PROMPT=(myenv) /usr/bin/python3 -W ignore:setup.py install is deprecated -W ignore:easy_install command is deprecated setup.py egg_info --egg-base ../../build/dualsense_interface build --build-base /home/ehoaglin/ros2_ws/build/dualsense_interface/build install --record /home/ehoaglin/ros2_ws/build/dualsense_interface/install.log --single-version-externally-managed install_data
