[0.048s] Invoking command in '/home/ehoaglin/ros2_ws/src/build/dingo_input_interfacing': /usr/bin/cmake --build /home/ehoaglin/ros2_ws/src/build/dingo_input_interfacing -- -j12 -l12
[0.107s] Built target ament_cmake_python_copy_dingo_input_interfacing
[0.382s] running egg_info
[0.405s] writing dingo_input_interfacing.egg-info/PKG-INFO
[0.405s] writing dependency_links to dingo_input_interfacing.egg-info/dependency_links.txt
[0.405s] writing top-level names to dingo_input_interfacing.egg-info/top_level.txt
[0.470s] reading manifest file 'dingo_input_interfacing.egg-info/SOURCES.txt'
[0.471s] writing manifest file 'dingo_input_interfacing.egg-info/SOURCES.txt'
[0.494s] Built target ament_cmake_python_build_dingo_input_interfacing_egg
[0.506s] Invoked command in '/home/ehoaglin/ros2_ws/src/build/dingo_input_interfacing' returned '0': /usr/bin/cmake --build /home/ehoaglin/ros2_ws/src/build/dingo_input_interfacing -- -j12 -l12
[0.507s] Invoking command in '/home/ehoaglin/ros2_ws/src/build/dingo_input_interfacing': /usr/bin/cmake --install /home/ehoaglin/ros2_ws/src/build/dingo_input_interfacing
[0.514s] -- Install configuration: ""
[0.514s] -- Up-to-date: /home/ehoaglin/ros2_ws/src/install/dingo_input_interfacing/share/dingo_input_interfacing/environment/pythonpath.sh
[0.514s] -- Up-to-date: /home/ehoaglin/ros2_ws/src/install/dingo_input_interfacing/share/dingo_input_interfacing/environment/pythonpath.dsv
[0.515s] -- Up-to-date: /home/ehoaglin/ros2_ws/src/install/dingo_input_interfacing/lib/python3.12/site-packages/dingo_input_interfacing-0.0.0-py3.12.egg-info
[0.515s] -- Installing: /home/ehoaglin/ros2_ws/src/install/dingo_input_interfacing/lib/python3.12/site-packages/dingo_input_interfacing-0.0.0-py3.12.egg-info/top_level.txt
[0.515s] -- Installing: /home/ehoaglin/ros2_ws/src/install/dingo_input_interfacing/lib/python3.12/site-packages/dingo_input_interfacing-0.0.0-py3.12.egg-info/dependency_links.txt
[0.515s] -- Installing: /home/ehoaglin/ros2_ws/src/install/dingo_input_interfacing/lib/python3.12/site-packages/dingo_input_interfacing-0.0.0-py3.12.egg-info/SOURCES.txt
[0.515s] -- Installing: /home/ehoaglin/ros2_ws/src/install/dingo_input_interfacing/lib/python3.12/site-packages/dingo_input_interfacing-0.0.0-py3.12.egg-info/PKG-INFO
[0.515s] -- Up-to-date: /home/ehoaglin/ros2_ws/src/install/dingo_input_interfacing/lib/python3.12/site-packages/dingo_input_interfacing
[0.515s] -- Up-to-date: /home/ehoaglin/ros2_ws/src/install/dingo_input_interfacing/lib/python3.12/site-packages/dingo_input_interfacing/__init__.py
[0.515s] -- Up-to-date: /home/ehoaglin/ros2_ws/src/install/dingo_input_interfacing/lib/python3.12/site-packages/dingo_input_interfacing/HardwareConfig.py
[0.515s] -- Up-to-date: /home/ehoaglin/ros2_ws/src/install/dingo_input_interfacing/lib/python3.12/site-packages/dingo_input_interfacing/Open Notebook.onetoc2
[0.515s] -- Up-to-date: /home/ehoaglin/ros2_ws/src/install/dingo_input_interfacing/lib/python3.12/site-packages/dingo_input_interfacing/InputInterface.py
[0.550s] Listing '/home/ehoaglin/ros2_ws/src/install/dingo_input_interfacing/lib/python3.12/site-packages/dingo_input_interfacing'...
[0.555s] -- Up-to-date: /home/ehoaglin/ros2_ws/src/install/dingo_input_interfacing/share/ament_index/resource_index/package_run_dependencies/dingo_input_interfacing
[0.556s] -- Up-to-date: /home/ehoaglin/ros2_ws/src/install/dingo_input_interfacing/share/ament_index/resource_index/parent_prefix_path/dingo_input_interfacing
[0.556s] -- Up-to-date: /home/ehoaglin/ros2_ws/src/install/dingo_input_interfacing/share/dingo_input_interfacing/environment/ament_prefix_path.sh
[0.556s] -- Up-to-date: /home/ehoaglin/ros2_ws/src/install/dingo_input_interfacing/share/dingo_input_interfacing/environment/ament_prefix_path.dsv
[0.556s] -- Up-to-date: /home/ehoaglin/ros2_ws/src/install/dingo_input_interfacing/share/dingo_input_interfacing/environment/path.sh
[0.557s] -- Up-to-date: /home/ehoaglin/ros2_ws/src/install/dingo_input_interfacing/share/dingo_input_interfacing/environment/path.dsv
[0.557s] -- Up-to-date: /home/ehoaglin/ros2_ws/src/install/dingo_input_interfacing/share/dingo_input_interfacing/local_setup.bash
[0.557s] -- Up-to-date: /home/ehoaglin/ros2_ws/src/install/dingo_input_interfacing/share/dingo_input_interfacing/local_setup.sh
[0.557s] -- Up-to-date: /home/ehoaglin/ros2_ws/src/install/dingo_input_interfacing/share/dingo_input_interfacing/local_setup.zsh
[0.557s] -- Up-to-date: /home/ehoaglin/ros2_ws/src/install/dingo_input_interfacing/share/dingo_input_interfacing/local_setup.dsv
[0.557s] -- Installing: /home/ehoaglin/ros2_ws/src/install/dingo_input_interfacing/share/dingo_input_interfacing/package.dsv
[0.558s] -- Up-to-date: /home/ehoaglin/ros2_ws/src/install/dingo_input_interfacing/share/ament_index/resource_index/packages/dingo_input_interfacing
[0.558s] -- Up-to-date: /home/ehoaglin/ros2_ws/src/install/dingo_input_interfacing/share/dingo_input_interfacing/cmake/dingo_input_interfacingConfig.cmake
[0.559s] -- Up-to-date: /home/ehoaglin/ros2_ws/src/install/dingo_input_interfacing/share/dingo_input_interfacing/cmake/dingo_input_interfacingConfig-version.cmake
[0.560s] -- Up-to-date: /home/ehoaglin/ros2_ws/src/install/dingo_input_interfacing/share/dingo_input_interfacing/package.xml
[0.560s] Invoked command in '/home/ehoaglin/ros2_ws/src/build/dingo_input_interfacing' returned '0': /usr/bin/cmake --install /home/ehoaglin/ros2_ws/src/build/dingo_input_interfacing
