[0.061s] Invoking command in '/home/ehoaglin/ros2_ws/build/dingo_input_interfacing': CMAKE_PREFIX_PATH=${CMAKE_PREFIX_PATH}:/home/ehoaglin/ros2_ws/install/dualsense_interface:/opt/ros/jazzy /usr/bin/cmake --build /home/ehoaglin/ros2_ws/build/dingo_input_interfacing -- -j12 -l12
[0.814s] Built target ament_cmake_python_copy_dingo_input_interfacing
[1.014s] running egg_info
[1.116s] writing dingo_input_interfacing.egg-info/PKG-INFO
[1.118s] writing dependency_links to dingo_input_interfacing.egg-info/dependency_links.txt
[1.121s] writing top-level names to dingo_input_interfacing.egg-info/top_level.txt
[1.401s] reading manifest file 'dingo_input_interfacing.egg-info/SOURCES.txt'
[1.403s] writing manifest file 'dingo_input_interfacing.egg-info/SOURCES.txt'
[1.499s] Built target ament_cmake_python_build_dingo_input_interfacing_egg
[1.541s] Invoked command in '/home/ehoaglin/ros2_ws/build/dingo_input_interfacing' returned '0': CMAKE_PREFIX_PATH=${CMAKE_PREFIX_PATH}:/home/ehoaglin/ros2_ws/install/dualsense_interface:/opt/ros/jazzy /usr/bin/cmake --build /home/ehoaglin/ros2_ws/build/dingo_input_interfacing -- -j12 -l12
[1.542s] Invoking command in '/home/ehoaglin/ros2_ws/build/dingo_input_interfacing': CMAKE_PREFIX_PATH=${CMAKE_PREFIX_PATH}:/home/ehoaglin/ros2_ws/install/dualsense_interface:/opt/ros/jazzy /usr/bin/cmake --install /home/ehoaglin/ros2_ws/build/dingo_input_interfacing
[1.594s] -- Install configuration: ""
[1.594s] -- Up-to-date: /home/ehoaglin/ros2_ws/install/dingo_input_interfacing/share/dingo_input_interfacing/environment/pythonpath.sh
[1.595s] -- Up-to-date: /home/ehoaglin/ros2_ws/install/dingo_input_interfacing/share/dingo_input_interfacing/environment/pythonpath.dsv
[1.595s] -- Up-to-date: /home/ehoaglin/ros2_ws/install/dingo_input_interfacing/lib/python3.12/site-packages/dingo_input_interfacing-0.0.0-py3.12.egg-info
[1.595s] -- Installing: /home/ehoaglin/ros2_ws/install/dingo_input_interfacing/lib/python3.12/site-packages/dingo_input_interfacing-0.0.0-py3.12.egg-info/top_level.txt
[1.595s] -- Installing: /home/ehoaglin/ros2_ws/install/dingo_input_interfacing/lib/python3.12/site-packages/dingo_input_interfacing-0.0.0-py3.12.egg-info/dependency_links.txt
[1.596s] -- Installing: /home/ehoaglin/ros2_ws/install/dingo_input_interfacing/lib/python3.12/site-packages/dingo_input_interfacing-0.0.0-py3.12.egg-info/SOURCES.txt
[1.596s] -- Installing: /home/ehoaglin/ros2_ws/install/dingo_input_interfacing/lib/python3.12/site-packages/dingo_input_interfacing-0.0.0-py3.12.egg-info/PKG-INFO
[1.596s] -- Up-to-date: /home/ehoaglin/ros2_ws/install/dingo_input_interfacing/lib/python3.12/site-packages/dingo_input_interfacing
[1.597s] -- Up-to-date: /home/ehoaglin/ros2_ws/install/dingo_input_interfacing/lib/python3.12/site-packages/dingo_input_interfacing/__init__.py
[1.597s] -- Up-to-date: /home/ehoaglin/ros2_ws/install/dingo_input_interfacing/lib/python3.12/site-packages/dingo_input_interfacing/HardwareConfig.py
[1.597s] -- Up-to-date: /home/ehoaglin/ros2_ws/install/dingo_input_interfacing/lib/python3.12/site-packages/dingo_input_interfacing/Open Notebook.onetoc2
[1.599s] -- Up-to-date: /home/ehoaglin/ros2_ws/install/dingo_input_interfacing/lib/python3.12/site-packages/dingo_input_interfacing/InputInterface.py
[1.840s] Listing '/home/ehoaglin/ros2_ws/install/dingo_input_interfacing/lib/python3.12/site-packages/dingo_input_interfacing'...
[1.841s] -- Up-to-date: /home/ehoaglin/ros2_ws/install/dingo_input_interfacing/share/ament_index/resource_index/package_run_dependencies/dingo_input_interfacing
[1.841s] -- Up-to-date: /home/ehoaglin/ros2_ws/install/dingo_input_interfacing/share/ament_index/resource_index/parent_prefix_path/dingo_input_interfacing
[1.841s] -- Up-to-date: /home/ehoaglin/ros2_ws/install/dingo_input_interfacing/share/dingo_input_interfacing/environment/ament_prefix_path.sh
[1.841s] -- Up-to-date: /home/ehoaglin/ros2_ws/install/dingo_input_interfacing/share/dingo_input_interfacing/environment/ament_prefix_path.dsv
[1.842s] -- Up-to-date: /home/ehoaglin/ros2_ws/install/dingo_input_interfacing/share/dingo_input_interfacing/environment/path.sh
[1.842s] -- Up-to-date: /home/ehoaglin/ros2_ws/install/dingo_input_interfacing/share/dingo_input_interfacing/environment/path.dsv
[1.842s] -- Up-to-date: /home/ehoaglin/ros2_ws/install/dingo_input_interfacing/share/dingo_input_interfacing/local_setup.bash
[1.843s] -- Up-to-date: /home/ehoaglin/ros2_ws/install/dingo_input_interfacing/share/dingo_input_interfacing/local_setup.sh
[1.843s] -- Up-to-date: /home/ehoaglin/ros2_ws/install/dingo_input_interfacing/share/dingo_input_interfacing/local_setup.zsh
[1.844s] -- Up-to-date: /home/ehoaglin/ros2_ws/install/dingo_input_interfacing/share/dingo_input_interfacing/local_setup.dsv
[1.844s] -- Installing: /home/ehoaglin/ros2_ws/install/dingo_input_interfacing/share/dingo_input_interfacing/package.dsv
[1.844s] -- Up-to-date: /home/ehoaglin/ros2_ws/install/dingo_input_interfacing/share/ament_index/resource_index/packages/dingo_input_interfacing
[1.845s] -- Up-to-date: /home/ehoaglin/ros2_ws/install/dingo_input_interfacing/share/dingo_input_interfacing/cmake/dingo_input_interfacingConfig.cmake
[1.845s] -- Up-to-date: /home/ehoaglin/ros2_ws/install/dingo_input_interfacing/share/dingo_input_interfacing/cmake/dingo_input_interfacingConfig-version.cmake
[1.845s] -- Up-to-date: /home/ehoaglin/ros2_ws/install/dingo_input_interfacing/share/dingo_input_interfacing/package.xml
[1.863s] Invoked command in '/home/ehoaglin/ros2_ws/build/dingo_input_interfacing' returned '0': CMAKE_PREFIX_PATH=${CMAKE_PREFIX_PATH}:/home/ehoaglin/ros2_ws/install/dualsense_interface:/opt/ros/jazzy /usr/bin/cmake --install /home/ehoaglin/ros2_ws/build/dingo_input_interfacing
