[0.065s] Invoking command in '/home/ehoaglin/ros2_ws/src/build/dingo_servo_interfacing': /usr/bin/cmake --build /home/ehoaglin/ros2_ws/src/build/dingo_servo_interfacing -- -j12 -l12
[0.186s] Invoked command in '/home/ehoaglin/ros2_ws/src/build/dingo_servo_interfacing' returned '0': /usr/bin/cmake --build /home/ehoaglin/ros2_ws/src/build/dingo_servo_interfacing -- -j12 -l12
[0.207s] Invoking command in '/home/ehoaglin/ros2_ws/src/build/dingo_servo_interfacing': /usr/bin/cmake --install /home/ehoaglin/ros2_ws/src/build/dingo_servo_interfacing
[0.235s] -- Install configuration: ""
[0.237s] -- Up-to-date: /home/ehoaglin/ros2_ws/src/install/dingo_servo_interfacing/share/ament_index/resource_index/package_run_dependencies/dingo_servo_interfacing
[0.237s] -- Up-to-date: /home/ehoaglin/ros2_ws/src/install/dingo_servo_interfacing/share/ament_index/resource_index/parent_prefix_path/dingo_servo_interfacing
[0.238s] -- Up-to-date: /home/ehoaglin/ros2_ws/src/install/dingo_servo_interfacing/share/dingo_servo_interfacing/environment/ament_prefix_path.sh
[0.238s] -- Up-to-date: /home/ehoaglin/ros2_ws/src/install/dingo_servo_interfacing/share/dingo_servo_interfacing/environment/ament_prefix_path.dsv
[0.239s] -- Up-to-date: /home/ehoaglin/ros2_ws/src/install/dingo_servo_interfacing/share/dingo_servo_interfacing/environment/path.sh
[0.239s] -- Up-to-date: /home/ehoaglin/ros2_ws/src/install/dingo_servo_interfacing/share/dingo_servo_interfacing/environment/path.dsv
[0.239s] -- Up-to-date: /home/ehoaglin/ros2_ws/src/install/dingo_servo_interfacing/share/dingo_servo_interfacing/local_setup.bash
[0.239s] -- Up-to-date: /home/ehoaglin/ros2_ws/src/install/dingo_servo_interfacing/share/dingo_servo_interfacing/local_setup.sh
[0.240s] -- Up-to-date: /home/ehoaglin/ros2_ws/src/install/dingo_servo_interfacing/share/dingo_servo_interfacing/local_setup.zsh
[0.240s] -- Up-to-date: /home/ehoaglin/ros2_ws/src/install/dingo_servo_interfacing/share/dingo_servo_interfacing/local_setup.dsv
[0.240s] -- Installing: /home/ehoaglin/ros2_ws/src/install/dingo_servo_interfacing/share/dingo_servo_interfacing/package.dsv
[0.249s] -- Up-to-date: /home/ehoaglin/ros2_ws/src/install/dingo_servo_interfacing/share/ament_index/resource_index/packages/dingo_servo_interfacing
[0.249s] -- Up-to-date: /home/ehoaglin/ros2_ws/src/install/dingo_servo_interfacing/share/dingo_servo_interfacing/cmake/dingo_servo_interfacingConfig.cmake
[0.250s] -- Up-to-date: /home/ehoaglin/ros2_ws/src/install/dingo_servo_interfacing/share/dingo_servo_interfacing/cmake/dingo_servo_interfacingConfig-version.cmake
[0.250s] -- Up-to-date: /home/ehoaglin/ros2_ws/src/install/dingo_servo_interfacing/share/dingo_servo_interfacing/package.xml
[0.308s] Invoked command in '/home/ehoaglin/ros2_ws/src/build/dingo_servo_interfacing' returned '0': /usr/bin/cmake --install /home/ehoaglin/ros2_ws/src/build/dingo_servo_interfacing
