[0.102s] Invoking command in '/home/ehoaglin/ros2_ws/build/dingo_control_msg': CMAKE_PREFIX_PATH=/home/ehoaglin/ros2_ws/install/ros2_fundamentals_examples:/home/ehoaglin/ros2_ws/install/dingo:/home/ehoaglin/ros2_ws/install/dingo_input_interfacing:/home/ehoaglin/ros2_ws/install/dingo_control:/home/ehoaglin/ros2_ws/install/dingo_servo_interfacing:/home/ehoaglin/ros2_ws/install/dingo_pybullet:/home/ehoaglin/ros2_ws/install/dingo_peripheral_interfacing_msg:/home/ehoaglin/ros2_ws/install/dingo_peripheral_interfacing:/home/ehoaglin/ros2_ws/install/dingo_hardware_config:/home/ehoaglin/ros2_ws/install/dualsense_interface:/opt/ros/jazzy:/home/ehoaglin/ros2_ws/install/dingo_description:/home/ehoaglin/ros2_ws/install/dingo_control_msg:/opt/ros/jazzy/opt/gz_sim_vendor:/opt/ros/jazzy/opt/gz_sensors_vendor:/opt/ros/jazzy/opt/gz_physics_vendor:/opt/ros/jazzy/opt/sdformat_vendor:/opt/ros/jazzy/opt/gz_gui_vendor:/opt/ros/jazzy/opt/gz_transport_vendor:/opt/ros/jazzy/opt/gz_rendering_vendor:/opt/ros/jazzy/opt/gz_plugin_vendor:/opt/ros/jazzy/opt/gz_fuel_tools_vendor:/opt/ros/jazzy/opt/gz_msgs_vendor:/opt/ros/jazzy/opt/gz_common_vendor:/opt/ros/jazzy/opt/gz_math_vendor:/opt/ros/jazzy/opt/gz_utils_vendor:/opt/ros/jazzy/opt/gz_tools_vendor:/opt/ros/jazzy/opt/gz_ogre_next_vendor:/opt/ros/jazzy/opt/gz_dartsim_vendor:/opt/ros/jazzy/opt/gz_cmake_vendor /usr/bin/cmake --build /home/ehoaglin/ros2_ws/build/dingo_control_msg -- -j12 -l12
[0.840s] [  1%] Built target dingo_control_msg__rosidl_generator_type_description
[0.846s] [  1%] Built target ament_cmake_python_copy_dingo_control_msg
[0.848s] [  3%] Built target dingo_control_msg__cpp
[0.850s] [ 24%] Built target dingo_control_msg__rosidl_generator_c
[0.850s] [ 33%] Built target dingo_control_msg__rosidl_typesupport_fastrtps_c
[0.852s] [ 42%] Built target dingo_control_msg__rosidl_typesupport_cpp
[0.853s] [ 51%] Built target dingo_control_msg__rosidl_typesupport_c
[0.855s] [ 62%] Built target dingo_control_msg__rosidl_typesupport_fastrtps_cpp
[0.856s] [ 70%] Built target dingo_control_msg__rosidl_typesupport_introspection_cpp
[0.857s] [ 79%] Built target dingo_control_msg__rosidl_typesupport_introspection_c
[0.858s] [ 79%] Built target dingo_control_msg
[0.858s] [ 81%] Built target dingo_control_msg__py
[0.858s] [ 88%] Built target dingo_control_msg__rosidl_generator_py
[0.858s] [ 92%] Built target dingo_control_msg_s__rosidl_typesupport_introspection_c
[0.858s] [ 96%] Built target dingo_control_msg_s__rosidl_typesupport_c
[0.858s] [100%] Built target dingo_control_msg_s__rosidl_typesupport_fastrtps_c
[0.928s] running egg_info
[0.972s] writing dingo_control_msg.egg-info/PKG-INFO
[0.972s] writing dependency_links to dingo_control_msg.egg-info/dependency_links.txt
[0.973s] writing top-level names to dingo_control_msg.egg-info/top_level.txt
[1.167s] reading manifest file 'dingo_control_msg.egg-info/SOURCES.txt'
[1.169s] writing manifest file 'dingo_control_msg.egg-info/SOURCES.txt'
[1.270s] [100%] Built target ament_cmake_python_build_dingo_control_msg_egg
[1.308s] Invoked command in '/home/ehoaglin/ros2_ws/build/dingo_control_msg' returned '0': CMAKE_PREFIX_PATH=/home/ehoaglin/ros2_ws/install/ros2_fundamentals_examples:/home/ehoaglin/ros2_ws/install/dingo:/home/ehoaglin/ros2_ws/install/dingo_input_interfacing:/home/ehoaglin/ros2_ws/install/dingo_control:/home/ehoaglin/ros2_ws/install/dingo_servo_interfacing:/home/ehoaglin/ros2_ws/install/dingo_pybullet:/home/ehoaglin/ros2_ws/install/dingo_peripheral_interfacing_msg:/home/ehoaglin/ros2_ws/install/dingo_peripheral_interfacing:/home/ehoaglin/ros2_ws/install/dingo_hardware_config:/home/ehoaglin/ros2_ws/install/dualsense_interface:/opt/ros/jazzy:/home/ehoaglin/ros2_ws/install/dingo_description:/home/ehoaglin/ros2_ws/install/dingo_control_msg:/opt/ros/jazzy/opt/gz_sim_vendor:/opt/ros/jazzy/opt/gz_sensors_vendor:/opt/ros/jazzy/opt/gz_physics_vendor:/opt/ros/jazzy/opt/sdformat_vendor:/opt/ros/jazzy/opt/gz_gui_vendor:/opt/ros/jazzy/opt/gz_transport_vendor:/opt/ros/jazzy/opt/gz_rendering_vendor:/opt/ros/jazzy/opt/gz_plugin_vendor:/opt/ros/jazzy/opt/gz_fuel_tools_vendor:/opt/ros/jazzy/opt/gz_msgs_vendor:/opt/ros/jazzy/opt/gz_common_vendor:/opt/ros/jazzy/opt/gz_math_vendor:/opt/ros/jazzy/opt/gz_utils_vendor:/opt/ros/jazzy/opt/gz_tools_vendor:/opt/ros/jazzy/opt/gz_ogre_next_vendor:/opt/ros/jazzy/opt/gz_dartsim_vendor:/opt/ros/jazzy/opt/gz_cmake_vendor /usr/bin/cmake --build /home/ehoaglin/ros2_ws/build/dingo_control_msg -- -j12 -l12
[1.308s] Invoking command in '/home/ehoaglin/ros2_ws/build/dingo_control_msg': CMAKE_PREFIX_PATH=/home/ehoaglin/ros2_ws/install/ros2_fundamentals_examples:/home/ehoaglin/ros2_ws/install/dingo:/home/ehoaglin/ros2_ws/install/dingo_input_interfacing:/home/ehoaglin/ros2_ws/install/dingo_control:/home/ehoaglin/ros2_ws/install/dingo_servo_interfacing:/home/ehoaglin/ros2_ws/install/dingo_pybullet:/home/ehoaglin/ros2_ws/install/dingo_peripheral_interfacing_msg:/home/ehoaglin/ros2_ws/install/dingo_peripheral_interfacing:/home/ehoaglin/ros2_ws/install/dingo_hardware_config:/home/ehoaglin/ros2_ws/install/dualsense_interface:/opt/ros/jazzy:/home/ehoaglin/ros2_ws/install/dingo_description:/home/ehoaglin/ros2_ws/install/dingo_control_msg:/opt/ros/jazzy/opt/gz_sim_vendor:/opt/ros/jazzy/opt/gz_sensors_vendor:/opt/ros/jazzy/opt/gz_physics_vendor:/opt/ros/jazzy/opt/sdformat_vendor:/opt/ros/jazzy/opt/gz_gui_vendor:/opt/ros/jazzy/opt/gz_transport_vendor:/opt/ros/jazzy/opt/gz_rendering_vendor:/opt/ros/jazzy/opt/gz_plugin_vendor:/opt/ros/jazzy/opt/gz_fuel_tools_vendor:/opt/ros/jazzy/opt/gz_msgs_vendor:/opt/ros/jazzy/opt/gz_common_vendor:/opt/ros/jazzy/opt/gz_math_vendor:/opt/ros/jazzy/opt/gz_utils_vendor:/opt/ros/jazzy/opt/gz_tools_vendor:/opt/ros/jazzy/opt/gz_ogre_next_vendor:/opt/ros/jazzy/opt/gz_dartsim_vendor:/opt/ros/jazzy/opt/gz_cmake_vendor /usr/bin/cmake --install /home/ehoaglin/ros2_ws/build/dingo_control_msg
[1.316s] -- Install configuration: ""
[1.316s] -- Up-to-date: /home/ehoaglin/ros2_ws/install/dingo_control_msg/share/ament_index/resource_index/rosidl_interfaces/dingo_control_msg
[1.317s] -- Up-to-date: /home/ehoaglin/ros2_ws/install/dingo_control_msg/share/dingo_control_msg/msg/Angle.json
[1.317s] -- Up-to-date: /home/ehoaglin/ros2_ws/install/dingo_control_msg/share/dingo_control_msg/msg/JointSpace.json
[1.317s] -- Up-to-date: /home/ehoaglin/ros2_ws/install/dingo_control_msg/share/dingo_control_msg/msg/TaskSpace.json
[1.317s] -- Up-to-date: /home/ehoaglin/ros2_ws/install/dingo_control_msg/include/dingo_control_msg/dingo_control_msg
[1.317s] -- Up-to-date: /home/ehoaglin/ros2_ws/install/dingo_control_msg/include/dingo_control_msg/dingo_control_msg/msg
[1.318s] -- Up-to-date: /home/ehoaglin/ros2_ws/install/dingo_control_msg/include/dingo_control_msg/dingo_control_msg/msg/detail
[1.318s] -- Installing: /home/ehoaglin/ros2_ws/install/dingo_control_msg/include/dingo_control_msg/dingo_control_msg/msg/detail/task_space__type_support.c
[1.318s] -- Up-to-date: /home/ehoaglin/ros2_ws/install/dingo_control_msg/include/dingo_control_msg/dingo_control_msg/msg/detail/task_space__functions.h
[1.318s] -- Up-to-date: /home/ehoaglin/ros2_ws/install/dingo_control_msg/include/dingo_control_msg/dingo_control_msg/msg/detail/joint_space__functions.h
[1.318s] -- Installing: /home/ehoaglin/ros2_ws/install/dingo_control_msg/include/dingo_control_msg/dingo_control_msg/msg/detail/joint_space__type_support.c
[1.319s] -- Up-to-date: /home/ehoaglin/ros2_ws/install/dingo_control_msg/include/dingo_control_msg/dingo_control_msg/msg/detail/angle__functions.h
[1.319s] -- Up-to-date: /home/ehoaglin/ros2_ws/install/dingo_control_msg/include/dingo_control_msg/dingo_control_msg/msg/detail/angle__type_support.h
[1.319s] -- Up-to-date: /home/ehoaglin/ros2_ws/install/dingo_control_msg/include/dingo_control_msg/dingo_control_msg/msg/detail/angle__struct.h
[1.319s] -- Up-to-date: /home/ehoaglin/ros2_ws/install/dingo_control_msg/include/dingo_control_msg/dingo_control_msg/msg/detail/joint_space__struct.h
[1.319s] -- Up-to-date: /home/ehoaglin/ros2_ws/install/dingo_control_msg/include/dingo_control_msg/dingo_control_msg/msg/detail/angle__description.c
[1.320s] -- Up-to-date: /home/ehoaglin/ros2_ws/install/dingo_control_msg/include/dingo_control_msg/dingo_control_msg/msg/detail/task_space__struct.h
[1.320s] -- Up-to-date: /home/ehoaglin/ros2_ws/install/dingo_control_msg/include/dingo_control_msg/dingo_control_msg/msg/detail/task_space__type_support.h
[1.320s] -- Up-to-date: /home/ehoaglin/ros2_ws/install/dingo_control_msg/include/dingo_control_msg/dingo_control_msg/msg/detail/task_space__functions.c
[1.320s] -- Installing: /home/ehoaglin/ros2_ws/install/dingo_control_msg/include/dingo_control_msg/dingo_control_msg/msg/detail/angle__type_support.c
[1.321s] -- Up-to-date: /home/ehoaglin/ros2_ws/install/dingo_control_msg/include/dingo_control_msg/dingo_control_msg/msg/detail/joint_space__type_support.h
[1.321s] -- Up-to-date: /home/ehoaglin/ros2_ws/install/dingo_control_msg/include/dingo_control_msg/dingo_control_msg/msg/detail/joint_space__functions.c
[1.321s] -- Up-to-date: /home/ehoaglin/ros2_ws/install/dingo_control_msg/include/dingo_control_msg/dingo_control_msg/msg/detail/task_space__description.c
[1.321s] -- Up-to-date: /home/ehoaglin/ros2_ws/install/dingo_control_msg/include/dingo_control_msg/dingo_control_msg/msg/detail/angle__functions.c
[1.322s] -- Up-to-date: /home/ehoaglin/ros2_ws/install/dingo_control_msg/include/dingo_control_msg/dingo_control_msg/msg/detail/joint_space__description.c
[1.322s] -- Up-to-date: /home/ehoaglin/ros2_ws/install/dingo_control_msg/include/dingo_control_msg/dingo_control_msg/msg/task_space.h
[1.322s] -- Up-to-date: /home/ehoaglin/ros2_ws/install/dingo_control_msg/include/dingo_control_msg/dingo_control_msg/msg/joint_space.h
[1.322s] -- Up-to-date: /home/ehoaglin/ros2_ws/install/dingo_control_msg/include/dingo_control_msg/dingo_control_msg/msg/angle.h
[1.322s] -- Up-to-date: /home/ehoaglin/ros2_ws/install/dingo_control_msg/include/dingo_control_msg/dingo_control_msg/msg/rosidl_generator_c__visibility_control.h
[1.322s] -- Up-to-date: /home/ehoaglin/ros2_ws/install/dingo_control_msg/share/dingo_control_msg/environment/library_path.sh
[1.322s] -- Up-to-date: /home/ehoaglin/ros2_ws/install/dingo_control_msg/share/dingo_control_msg/environment/library_path.dsv
[1.324s] -- Up-to-date: /home/ehoaglin/ros2_ws/install/dingo_control_msg/lib/libdingo_control_msg__rosidl_generator_c.so
[1.324s] -- Up-to-date: /home/ehoaglin/ros2_ws/install/dingo_control_msg/include/dingo_control_msg/dingo_control_msg
[1.325s] -- Up-to-date: /home/ehoaglin/ros2_ws/install/dingo_control_msg/include/dingo_control_msg/dingo_control_msg/msg
[1.325s] -- Up-to-date: /home/ehoaglin/ros2_ws/install/dingo_control_msg/include/dingo_control_msg/dingo_control_msg/msg/detail
[1.325s] -- Up-to-date: /home/ehoaglin/ros2_ws/install/dingo_control_msg/include/dingo_control_msg/dingo_control_msg/msg/detail/angle__rosidl_typesupport_fastrtps_c.h
[1.330s] -- Up-to-date: /home/ehoaglin/ros2_ws/install/dingo_control_msg/include/dingo_control_msg/dingo_control_msg/msg/detail/joint_space__rosidl_typesupport_fastrtps_c.h
[1.330s] -- Up-to-date: /home/ehoaglin/ros2_ws/install/dingo_control_msg/include/dingo_control_msg/dingo_control_msg/msg/detail/task_space__rosidl_typesupport_fastrtps_c.h
[1.331s] -- Up-to-date: /home/ehoaglin/ros2_ws/install/dingo_control_msg/include/dingo_control_msg/dingo_control_msg/msg/rosidl_typesupport_fastrtps_c__visibility_control.h
[1.331s] -- Up-to-date: /home/ehoaglin/ros2_ws/install/dingo_control_msg/lib/libdingo_control_msg__rosidl_typesupport_fastrtps_c.so
[1.331s] -- Up-to-date: /home/ehoaglin/ros2_ws/install/dingo_control_msg/include/dingo_control_msg/dingo_control_msg
[1.331s] -- Up-to-date: /home/ehoaglin/ros2_ws/install/dingo_control_msg/include/dingo_control_msg/dingo_control_msg/msg
[1.331s] -- Up-to-date: /home/ehoaglin/ros2_ws/install/dingo_control_msg/include/dingo_control_msg/dingo_control_msg/msg/detail
[1.332s] -- Up-to-date: /home/ehoaglin/ros2_ws/install/dingo_control_msg/include/dingo_control_msg/dingo_control_msg/msg/detail/joint_space__struct.hpp
[1.332s] -- Up-to-date: /home/ehoaglin/ros2_ws/install/dingo_control_msg/include/dingo_control_msg/dingo_control_msg/msg/detail/task_space__type_support.hpp
[1.332s] -- Up-to-date: /home/ehoaglin/ros2_ws/install/dingo_control_msg/include/dingo_control_msg/dingo_control_msg/msg/detail/angle__type_support.hpp
[1.332s] -- Up-to-date: /home/ehoaglin/ros2_ws/install/dingo_control_msg/include/dingo_control_msg/dingo_control_msg/msg/detail/task_space__struct.hpp
[1.332s] -- Up-to-date: /home/ehoaglin/ros2_ws/install/dingo_control_msg/include/dingo_control_msg/dingo_control_msg/msg/detail/task_space__traits.hpp
[1.332s] -- Up-to-date: /home/ehoaglin/ros2_ws/install/dingo_control_msg/include/dingo_control_msg/dingo_control_msg/msg/detail/angle__traits.hpp
[1.332s] -- Up-to-date: /home/ehoaglin/ros2_ws/install/dingo_control_msg/include/dingo_control_msg/dingo_control_msg/msg/detail/joint_space__builder.hpp
[1.332s] -- Up-to-date: /home/ehoaglin/ros2_ws/install/dingo_control_msg/include/dingo_control_msg/dingo_control_msg/msg/detail/joint_space__type_support.hpp
[1.333s] -- Up-to-date: /home/ehoaglin/ros2_ws/install/dingo_control_msg/include/dingo_control_msg/dingo_control_msg/msg/detail/task_space__builder.hpp
[1.333s] -- Up-to-date: /home/ehoaglin/ros2_ws/install/dingo_control_msg/include/dingo_control_msg/dingo_control_msg/msg/detail/angle__struct.hpp
[1.333s] -- Up-to-date: /home/ehoaglin/ros2_ws/install/dingo_control_msg/include/dingo_control_msg/dingo_control_msg/msg/detail/joint_space__traits.hpp
[1.333s] -- Up-to-date: /home/ehoaglin/ros2_ws/install/dingo_control_msg/include/dingo_control_msg/dingo_control_msg/msg/detail/angle__builder.hpp
[1.333s] -- Up-to-date: /home/ehoaglin/ros2_ws/install/dingo_control_msg/include/dingo_control_msg/dingo_control_msg/msg/joint_space.hpp
[1.333s] -- Up-to-date: /home/ehoaglin/ros2_ws/install/dingo_control_msg/include/dingo_control_msg/dingo_control_msg/msg/angle.hpp
[1.334s] -- Up-to-date: /home/ehoaglin/ros2_ws/install/dingo_control_msg/include/dingo_control_msg/dingo_control_msg/msg/rosidl_generator_cpp__visibility_control.hpp
[1.334s] -- Up-to-date: /home/ehoaglin/ros2_ws/install/dingo_control_msg/include/dingo_control_msg/dingo_control_msg/msg/task_space.hpp
[1.334s] -- Up-to-date: /home/ehoaglin/ros2_ws/install/dingo_control_msg/include/dingo_control_msg/dingo_control_msg
[1.334s] -- Up-to-date: /home/ehoaglin/ros2_ws/install/dingo_control_msg/include/dingo_control_msg/dingo_control_msg/msg
[1.334s] -- Up-to-date: /home/ehoaglin/ros2_ws/install/dingo_control_msg/include/dingo_control_msg/dingo_control_msg/msg/detail
[1.334s] -- Up-to-date: /home/ehoaglin/ros2_ws/install/dingo_control_msg/include/dingo_control_msg/dingo_control_msg/msg/detail/dds_fastrtps
[1.334s] -- Up-to-date: /home/ehoaglin/ros2_ws/install/dingo_control_msg/include/dingo_control_msg/dingo_control_msg/msg/detail/angle__rosidl_typesupport_fastrtps_cpp.hpp
[1.335s] -- Up-to-date: /home/ehoaglin/ros2_ws/install/dingo_control_msg/include/dingo_control_msg/dingo_control_msg/msg/detail/task_space__rosidl_typesupport_fastrtps_cpp.hpp
[1.335s] -- Up-to-date: /home/ehoaglin/ros2_ws/install/dingo_control_msg/include/dingo_control_msg/dingo_control_msg/msg/detail/joint_space__rosidl_typesupport_fastrtps_cpp.hpp
[1.335s] -- Up-to-date: /home/ehoaglin/ros2_ws/install/dingo_control_msg/include/dingo_control_msg/dingo_control_msg/msg/rosidl_typesupport_fastrtps_cpp__visibility_control.h
[1.335s] -- Up-to-date: /home/ehoaglin/ros2_ws/install/dingo_control_msg/lib/libdingo_control_msg__rosidl_typesupport_fastrtps_cpp.so
[1.335s] -- Up-to-date: /home/ehoaglin/ros2_ws/install/dingo_control_msg/include/dingo_control_msg/dingo_control_msg
[1.335s] -- Up-to-date: /home/ehoaglin/ros2_ws/install/dingo_control_msg/include/dingo_control_msg/dingo_control_msg/msg
[1.336s] -- Up-to-date: /home/ehoaglin/ros2_ws/install/dingo_control_msg/include/dingo_control_msg/dingo_control_msg/msg/detail
[1.336s] -- Installing: /home/ehoaglin/ros2_ws/install/dingo_control_msg/include/dingo_control_msg/dingo_control_msg/msg/detail/task_space__type_support.c
[1.336s] -- Installing: /home/ehoaglin/ros2_ws/install/dingo_control_msg/include/dingo_control_msg/dingo_control_msg/msg/detail/joint_space__type_support.c
[1.336s] -- Up-to-date: /home/ehoaglin/ros2_ws/install/dingo_control_msg/include/dingo_control_msg/dingo_control_msg/msg/detail/angle__rosidl_typesupport_introspection_c.h
[1.336s] -- Installing: /home/ehoaglin/ros2_ws/install/dingo_control_msg/include/dingo_control_msg/dingo_control_msg/msg/detail/angle__type_support.c
[1.336s] -- Up-to-date: /home/ehoaglin/ros2_ws/install/dingo_control_msg/include/dingo_control_msg/dingo_control_msg/msg/detail/task_space__rosidl_typesupport_introspection_c.h
[1.337s] -- Up-to-date: /home/ehoaglin/ros2_ws/install/dingo_control_msg/include/dingo_control_msg/dingo_control_msg/msg/detail/joint_space__rosidl_typesupport_introspection_c.h
[1.337s] -- Up-to-date: /home/ehoaglin/ros2_ws/install/dingo_control_msg/include/dingo_control_msg/dingo_control_msg/msg/rosidl_typesupport_introspection_c__visibility_control.h
[1.337s] -- Up-to-date: /home/ehoaglin/ros2_ws/install/dingo_control_msg/lib/libdingo_control_msg__rosidl_typesupport_introspection_c.so
[1.337s] -- Up-to-date: /home/ehoaglin/ros2_ws/install/dingo_control_msg/lib/libdingo_control_msg__rosidl_typesupport_c.so
[1.337s] -- Up-to-date: /home/ehoaglin/ros2_ws/install/dingo_control_msg/include/dingo_control_msg/dingo_control_msg
[1.337s] -- Up-to-date: /home/ehoaglin/ros2_ws/install/dingo_control_msg/include/dingo_control_msg/dingo_control_msg/msg
[1.338s] -- Up-to-date: /home/ehoaglin/ros2_ws/install/dingo_control_msg/include/dingo_control_msg/dingo_control_msg/msg/detail
[1.338s] -- Up-to-date: /home/ehoaglin/ros2_ws/install/dingo_control_msg/include/dingo_control_msg/dingo_control_msg/msg/detail/task_space__rosidl_typesupport_introspection_cpp.hpp
[1.338s] -- Up-to-date: /home/ehoaglin/ros2_ws/install/dingo_control_msg/include/dingo_control_msg/dingo_control_msg/msg/detail/angle__rosidl_typesupport_introspection_cpp.hpp
[1.338s] -- Up-to-date: /home/ehoaglin/ros2_ws/install/dingo_control_msg/include/dingo_control_msg/dingo_control_msg/msg/detail/angle__type_support.cpp
[1.338s] -- Up-to-date: /home/ehoaglin/ros2_ws/install/dingo_control_msg/include/dingo_control_msg/dingo_control_msg/msg/detail/joint_space__type_support.cpp
[1.338s] -- Up-to-date: /home/ehoaglin/ros2_ws/install/dingo_control_msg/include/dingo_control_msg/dingo_control_msg/msg/detail/task_space__type_support.cpp
[1.338s] -- Up-to-date: /home/ehoaglin/ros2_ws/install/dingo_control_msg/include/dingo_control_msg/dingo_control_msg/msg/detail/joint_space__rosidl_typesupport_introspection_cpp.hpp
[1.339s] -- Up-to-date: /home/ehoaglin/ros2_ws/install/dingo_control_msg/lib/libdingo_control_msg__rosidl_typesupport_introspection_cpp.so
[1.339s] -- Up-to-date: /home/ehoaglin/ros2_ws/install/dingo_control_msg/lib/libdingo_control_msg__rosidl_typesupport_cpp.so
[1.339s] -- Up-to-date: /home/ehoaglin/ros2_ws/install/dingo_control_msg/share/dingo_control_msg/environment/pythonpath.sh
[1.340s] -- Up-to-date: /home/ehoaglin/ros2_ws/install/dingo_control_msg/share/dingo_control_msg/environment/pythonpath.dsv
[1.340s] -- Up-to-date: /home/ehoaglin/ros2_ws/install/dingo_control_msg/lib/python3.12/site-packages/dingo_control_msg-0.0.0-py3.12.egg-info
[1.340s] -- Installing: /home/ehoaglin/ros2_ws/install/dingo_control_msg/lib/python3.12/site-packages/dingo_control_msg-0.0.0-py3.12.egg-info/top_level.txt
[1.342s] -- Installing: /home/ehoaglin/ros2_ws/install/dingo_control_msg/lib/python3.12/site-packages/dingo_control_msg-0.0.0-py3.12.egg-info/dependency_links.txt
[1.342s] -- Installing: /home/ehoaglin/ros2_ws/install/dingo_control_msg/lib/python3.12/site-packages/dingo_control_msg-0.0.0-py3.12.egg-info/SOURCES.txt
[1.342s] -- Installing: /home/ehoaglin/ros2_ws/install/dingo_control_msg/lib/python3.12/site-packages/dingo_control_msg-0.0.0-py3.12.egg-info/PKG-INFO
[1.342s] -- Up-to-date: /home/ehoaglin/ros2_ws/install/dingo_control_msg/lib/python3.12/site-packages/dingo_control_msg
[1.343s] -- Up-to-date: /home/ehoaglin/ros2_ws/install/dingo_control_msg/lib/python3.12/site-packages/dingo_control_msg/__init__.py
[1.343s] -- Up-to-date: /home/ehoaglin/ros2_ws/install/dingo_control_msg/lib/python3.12/site-packages/dingo_control_msg/_dingo_control_msg_s.ep.rosidl_typesupport_introspection_c.c
[1.346s] -- Up-to-date: /home/ehoaglin/ros2_ws/install/dingo_control_msg/lib/python3.12/site-packages/dingo_control_msg/dingo_control_msg_s__rosidl_typesupport_introspection_c.so
[1.347s] -- Up-to-date: /home/ehoaglin/ros2_ws/install/dingo_control_msg/lib/python3.12/site-packages/dingo_control_msg/dingo_control_msg_s__rosidl_typesupport_c.so
[1.348s] -- Up-to-date: /home/ehoaglin/ros2_ws/install/dingo_control_msg/lib/python3.12/site-packages/dingo_control_msg/_dingo_control_msg_s.ep.rosidl_typesupport_fastrtps_c.c
[1.348s] -- Up-to-date: /home/ehoaglin/ros2_ws/install/dingo_control_msg/lib/python3.12/site-packages/dingo_control_msg/dingo_control_msg_s__rosidl_typesupport_fastrtps_c.so
[1.348s] -- Up-to-date: /home/ehoaglin/ros2_ws/install/dingo_control_msg/lib/python3.12/site-packages/dingo_control_msg/msg
[1.348s] -- Up-to-date: /home/ehoaglin/ros2_ws/install/dingo_control_msg/lib/python3.12/site-packages/dingo_control_msg/msg/_joint_space.py
[1.348s] -- Up-to-date: /home/ehoaglin/ros2_ws/install/dingo_control_msg/lib/python3.12/site-packages/dingo_control_msg/msg/__init__.py
[1.349s] -- Up-to-date: /home/ehoaglin/ros2_ws/install/dingo_control_msg/lib/python3.12/site-packages/dingo_control_msg/msg/_task_space_s.c
[1.349s] -- Up-to-date: /home/ehoaglin/ros2_ws/install/dingo_control_msg/lib/python3.12/site-packages/dingo_control_msg/msg/_angle.py
[1.350s] -- Up-to-date: /home/ehoaglin/ros2_ws/install/dingo_control_msg/lib/python3.12/site-packages/dingo_control_msg/msg/_angle_s.c
[1.350s] -- Up-to-date: /home/ehoaglin/ros2_ws/install/dingo_control_msg/lib/python3.12/site-packages/dingo_control_msg/msg/_joint_space_s.c
[1.350s] -- Up-to-date: /home/ehoaglin/ros2_ws/install/dingo_control_msg/lib/python3.12/site-packages/dingo_control_msg/msg/_task_space.py
[1.350s] -- Up-to-date: /home/ehoaglin/ros2_ws/install/dingo_control_msg/lib/python3.12/site-packages/dingo_control_msg/_dingo_control_msg_s.ep.rosidl_typesupport_c.c
[1.430s] Listing '/home/ehoaglin/ros2_ws/install/dingo_control_msg/lib/python3.12/site-packages/dingo_control_msg'...
[1.431s] Listing '/home/ehoaglin/ros2_ws/install/dingo_control_msg/lib/python3.12/site-packages/dingo_control_msg/msg'...
[1.431s] -- Up-to-date: /home/ehoaglin/ros2_ws/install/dingo_control_msg/lib/python3.12/site-packages/dingo_control_msg/dingo_control_msg_s__rosidl_typesupport_fastrtps_c.so
[1.431s] -- Up-to-date: /home/ehoaglin/ros2_ws/install/dingo_control_msg/lib/python3.12/site-packages/dingo_control_msg/dingo_control_msg_s__rosidl_typesupport_introspection_c.so
[1.431s] -- Up-to-date: /home/ehoaglin/ros2_ws/install/dingo_control_msg/lib/python3.12/site-packages/dingo_control_msg/dingo_control_msg_s__rosidl_typesupport_c.so
[1.431s] -- Up-to-date: /home/ehoaglin/ros2_ws/install/dingo_control_msg/lib/libdingo_control_msg__rosidl_generator_py.so
[1.431s] -- Up-to-date: /home/ehoaglin/ros2_ws/install/dingo_control_msg/share/dingo_control_msg/msg/Angle.idl
[1.432s] -- Up-to-date: /home/ehoaglin/ros2_ws/install/dingo_control_msg/share/dingo_control_msg/msg/JointSpace.idl
[1.432s] -- Up-to-date: /home/ehoaglin/ros2_ws/install/dingo_control_msg/share/dingo_control_msg/msg/TaskSpace.idl
[1.432s] -- Up-to-date: /home/ehoaglin/ros2_ws/install/dingo_control_msg/share/dingo_control_msg/msg/Angle.msg
[1.433s] -- Up-to-date: /home/ehoaglin/ros2_ws/install/dingo_control_msg/share/dingo_control_msg/msg/JointSpace.msg
[1.433s] -- Up-to-date: /home/ehoaglin/ros2_ws/install/dingo_control_msg/share/dingo_control_msg/msg/TaskSpace.msg
[1.433s] -- Up-to-date: /home/ehoaglin/ros2_ws/install/dingo_control_msg/share/ament_index/resource_index/package_run_dependencies/dingo_control_msg
[1.433s] -- Up-to-date: /home/ehoaglin/ros2_ws/install/dingo_control_msg/share/ament_index/resource_index/parent_prefix_path/dingo_control_msg
[1.434s] -- Up-to-date: /home/ehoaglin/ros2_ws/install/dingo_control_msg/share/dingo_control_msg/environment/ament_prefix_path.sh
[1.434s] -- Up-to-date: /home/ehoaglin/ros2_ws/install/dingo_control_msg/share/dingo_control_msg/environment/ament_prefix_path.dsv
[1.435s] -- Up-to-date: /home/ehoaglin/ros2_ws/install/dingo_control_msg/share/dingo_control_msg/environment/path.sh
[1.435s] -- Up-to-date: /home/ehoaglin/ros2_ws/install/dingo_control_msg/share/dingo_control_msg/environment/path.dsv
[1.435s] -- Up-to-date: /home/ehoaglin/ros2_ws/install/dingo_control_msg/share/dingo_control_msg/local_setup.bash
[1.435s] -- Up-to-date: /home/ehoaglin/ros2_ws/install/dingo_control_msg/share/dingo_control_msg/local_setup.sh
[1.436s] -- Up-to-date: /home/ehoaglin/ros2_ws/install/dingo_control_msg/share/dingo_control_msg/local_setup.zsh
[1.436s] -- Up-to-date: /home/ehoaglin/ros2_ws/install/dingo_control_msg/share/dingo_control_msg/local_setup.dsv
[1.437s] -- Installing: /home/ehoaglin/ros2_ws/install/dingo_control_msg/share/dingo_control_msg/package.dsv
[1.437s] -- Up-to-date: /home/ehoaglin/ros2_ws/install/dingo_control_msg/share/ament_index/resource_index/packages/dingo_control_msg
[1.442s] -- Up-to-date: /home/ehoaglin/ros2_ws/install/dingo_control_msg/share/dingo_control_msg/cmake/export_dingo_control_msg__rosidl_generator_cExport.cmake
[1.443s] -- Up-to-date: /home/ehoaglin/ros2_ws/install/dingo_control_msg/share/dingo_control_msg/cmake/export_dingo_control_msg__rosidl_generator_cExport-noconfig.cmake
[1.444s] -- Up-to-date: /home/ehoaglin/ros2_ws/install/dingo_control_msg/share/dingo_control_msg/cmake/export_dingo_control_msg__rosidl_typesupport_fastrtps_cExport.cmake
[1.446s] -- Up-to-date: /home/ehoaglin/ros2_ws/install/dingo_control_msg/share/dingo_control_msg/cmake/export_dingo_control_msg__rosidl_typesupport_fastrtps_cExport-noconfig.cmake
[1.446s] -- Up-to-date: /home/ehoaglin/ros2_ws/install/dingo_control_msg/share/dingo_control_msg/cmake/export_dingo_control_msg__rosidl_generator_cppExport.cmake
[1.447s] -- Up-to-date: /home/ehoaglin/ros2_ws/install/dingo_control_msg/share/dingo_control_msg/cmake/export_dingo_control_msg__rosidl_typesupport_fastrtps_cppExport.cmake
[1.447s] -- Up-to-date: /home/ehoaglin/ros2_ws/install/dingo_control_msg/share/dingo_control_msg/cmake/export_dingo_control_msg__rosidl_typesupport_fastrtps_cppExport-noconfig.cmake
[1.447s] -- Up-to-date: /home/ehoaglin/ros2_ws/install/dingo_control_msg/share/dingo_control_msg/cmake/dingo_control_msg__rosidl_typesupport_introspection_cExport.cmake
[1.447s] -- Up-to-date: /home/ehoaglin/ros2_ws/install/dingo_control_msg/share/dingo_control_msg/cmake/dingo_control_msg__rosidl_typesupport_introspection_cExport-noconfig.cmake
[1.448s] -- Up-to-date: /home/ehoaglin/ros2_ws/install/dingo_control_msg/share/dingo_control_msg/cmake/dingo_control_msg__rosidl_typesupport_cExport.cmake
[1.448s] -- Up-to-date: /home/ehoaglin/ros2_ws/install/dingo_control_msg/share/dingo_control_msg/cmake/dingo_control_msg__rosidl_typesupport_cExport-noconfig.cmake
[1.448s] -- Up-to-date: /home/ehoaglin/ros2_ws/install/dingo_control_msg/share/dingo_control_msg/cmake/dingo_control_msg__rosidl_typesupport_introspection_cppExport.cmake
[1.448s] -- Up-to-date: /home/ehoaglin/ros2_ws/install/dingo_control_msg/share/dingo_control_msg/cmake/dingo_control_msg__rosidl_typesupport_introspection_cppExport-noconfig.cmake
[1.449s] -- Up-to-date: /home/ehoaglin/ros2_ws/install/dingo_control_msg/share/dingo_control_msg/cmake/dingo_control_msg__rosidl_typesupport_cppExport.cmake
[1.449s] -- Up-to-date: /home/ehoaglin/ros2_ws/install/dingo_control_msg/share/dingo_control_msg/cmake/dingo_control_msg__rosidl_typesupport_cppExport-noconfig.cmake
[1.449s] -- Up-to-date: /home/ehoaglin/ros2_ws/install/dingo_control_msg/share/dingo_control_msg/cmake/export_dingo_control_msg__rosidl_generator_pyExport.cmake
[1.450s] -- Up-to-date: /home/ehoaglin/ros2_ws/install/dingo_control_msg/share/dingo_control_msg/cmake/export_dingo_control_msg__rosidl_generator_pyExport-noconfig.cmake
[1.451s] -- Up-to-date: /home/ehoaglin/ros2_ws/install/dingo_control_msg/share/dingo_control_msg/cmake/rosidl_cmake-extras.cmake
[1.451s] -- Up-to-date: /home/ehoaglin/ros2_ws/install/dingo_control_msg/share/dingo_control_msg/cmake/ament_cmake_export_dependencies-extras.cmake
[1.451s] -- Up-to-date: /home/ehoaglin/ros2_ws/install/dingo_control_msg/share/dingo_control_msg/cmake/ament_cmake_export_include_directories-extras.cmake
[1.452s] -- Up-to-date: /home/ehoaglin/ros2_ws/install/dingo_control_msg/share/dingo_control_msg/cmake/ament_cmake_export_libraries-extras.cmake
[1.452s] -- Up-to-date: /home/ehoaglin/ros2_ws/install/dingo_control_msg/share/dingo_control_msg/cmake/ament_cmake_export_targets-extras.cmake
[1.453s] -- Up-to-date: /home/ehoaglin/ros2_ws/install/dingo_control_msg/share/dingo_control_msg/cmake/rosidl_cmake_export_typesupport_targets-extras.cmake
[1.453s] -- Up-to-date: /home/ehoaglin/ros2_ws/install/dingo_control_msg/share/dingo_control_msg/cmake/rosidl_cmake_export_typesupport_libraries-extras.cmake
[1.454s] -- Up-to-date: /home/ehoaglin/ros2_ws/install/dingo_control_msg/share/dingo_control_msg/cmake/dingo_control_msgConfig.cmake
[1.455s] -- Up-to-date: /home/ehoaglin/ros2_ws/install/dingo_control_msg/share/dingo_control_msg/cmake/dingo_control_msgConfig-version.cmake
[1.457s] -- Up-to-date: /home/ehoaglin/ros2_ws/install/dingo_control_msg/share/dingo_control_msg/package.xml
[1.537s] Invoked command in '/home/ehoaglin/ros2_ws/build/dingo_control_msg' returned '0': CMAKE_PREFIX_PATH=/home/ehoaglin/ros2_ws/install/ros2_fundamentals_examples:/home/ehoaglin/ros2_ws/install/dingo:/home/ehoaglin/ros2_ws/install/dingo_input_interfacing:/home/ehoaglin/ros2_ws/install/dingo_control:/home/ehoaglin/ros2_ws/install/dingo_servo_interfacing:/home/ehoaglin/ros2_ws/install/dingo_pybullet:/home/ehoaglin/ros2_ws/install/dingo_peripheral_interfacing_msg:/home/ehoaglin/ros2_ws/install/dingo_peripheral_interfacing:/home/ehoaglin/ros2_ws/install/dingo_hardware_config:/home/ehoaglin/ros2_ws/install/dualsense_interface:/opt/ros/jazzy:/home/ehoaglin/ros2_ws/install/dingo_description:/home/ehoaglin/ros2_ws/install/dingo_control_msg:/opt/ros/jazzy/opt/gz_sim_vendor:/opt/ros/jazzy/opt/gz_sensors_vendor:/opt/ros/jazzy/opt/gz_physics_vendor:/opt/ros/jazzy/opt/sdformat_vendor:/opt/ros/jazzy/opt/gz_gui_vendor:/opt/ros/jazzy/opt/gz_transport_vendor:/opt/ros/jazzy/opt/gz_rendering_vendor:/opt/ros/jazzy/opt/gz_plugin_vendor:/opt/ros/jazzy/opt/gz_fuel_tools_vendor:/opt/ros/jazzy/opt/gz_msgs_vendor:/opt/ros/jazzy/opt/gz_common_vendor:/opt/ros/jazzy/opt/gz_math_vendor:/opt/ros/jazzy/opt/gz_utils_vendor:/opt/ros/jazzy/opt/gz_tools_vendor:/opt/ros/jazzy/opt/gz_ogre_next_vendor:/opt/ros/jazzy/opt/gz_dartsim_vendor:/opt/ros/jazzy/opt/gz_cmake_vendor /usr/bin/cmake --install /home/ehoaglin/ros2_ws/build/dingo_control_msg
