[0.043s] Invoking command in '/home/ehoaglin/ros2_ws/src/build/dingo_input_interfacing': /usr/bin/cmake --build /home/ehoaglin/ros2_ws/src/build/dingo_input_interfacing -- -j12 -l12
[0.114s] Built target ament_cmake_python_copy_dingo_input_interfacing
[0.345s] running egg_info
[0.386s] writing dingo_input_interfacing.egg-info/PKG-INFO
[0.386s] writing dependency_links to dingo_input_interfacing.egg-info/dependency_links.txt
[0.386s] writing top-level names to dingo_input_interfacing.egg-info/top_level.txt
[0.453s] reading manifest file 'dingo_input_interfacing.egg-info/SOURCES.txt'
[0.453s] writing manifest file 'dingo_input_interfacing.egg-info/SOURCES.txt'
[0.481s] Built target ament_cmake_python_build_dingo_input_interfacing_egg
[0.491s] Invoked command in '/home/ehoaglin/ros2_ws/src/build/dingo_input_interfacing' returned '0': /usr/bin/cmake --build /home/ehoaglin/ros2_ws/src/build/dingo_input_interfacing -- -j12 -l12
[0.492s] Invoking command in '/home/ehoaglin/ros2_ws/src/build/dingo_input_interfacing': /usr/bin/cmake --install /home/ehoaglin/ros2_ws/src/build/dingo_input_interfacing
[0.498s] -- Install configuration: ""
[0.498s] -- Up-to-date: /home/ehoaglin/ros2_ws/src/install/dingo_input_interfacing/share/dingo_input_interfacing/environment/pythonpath.sh
[0.498s] -- Up-to-date: /home/ehoaglin/ros2_ws/src/install/dingo_input_interfacing/share/dingo_input_interfacing/environment/pythonpath.dsv
[0.499s] -- Up-to-date: /home/ehoaglin/ros2_ws/src/install/dingo_input_interfacing/lib/python3.12/site-packages/dingo_input_interfacing-0.0.0-py3.12.egg-info
[0.499s] -- Installing: /home/ehoaglin/ros2_ws/src/install/dingo_input_interfacing/lib/python3.12/site-packages/dingo_input_interfacing-0.0.0-py3.12.egg-info/top_level.txt
[0.499s] -- Installing: /home/ehoaglin/ros2_ws/src/install/dingo_input_interfacing/lib/python3.12/site-packages/dingo_input_interfacing-0.0.0-py3.12.egg-info/dependency_links.txt
[0.499s] -- Installing: /home/ehoaglin/ros2_ws/src/install/dingo_input_interfacing/lib/python3.12/site-packages/dingo_input_interfacing-0.0.0-py3.12.egg-info/SOURCES.txt
[0.499s] -- Installing: /home/ehoaglin/ros2_ws/src/install/dingo_input_interfacing/lib/python3.12/site-packages/dingo_input_interfacing-0.0.0-py3.12.egg-info/PKG-INFO
[0.499s] -- Up-to-date: /home/ehoaglin/ros2_ws/src/install/dingo_input_interfacing/lib/python3.12/site-packages/dingo_input_interfacing
[0.499s] -- Up-to-date: /home/ehoaglin/ros2_ws/src/install/dingo_input_interfacing/lib/python3.12/site-packages/dingo_input_interfacing/__init__.py
[0.499s] -- Up-to-date: /home/ehoaglin/ros2_ws/src/install/dingo_input_interfacing/lib/python3.12/site-packages/dingo_input_interfacing/HardwareConfig.py
[0.499s] -- Up-to-date: /home/ehoaglin/ros2_ws/src/install/dingo_input_interfacing/lib/python3.12/site-packages/dingo_input_interfacing/Open Notebook.onetoc2
[0.499s] -- Up-to-date: /home/ehoaglin/ros2_ws/src/install/dingo_input_interfacing/lib/python3.12/site-packages/dingo_input_interfacing/InputInterface.py
[0.533s] Listing '/home/ehoaglin/ros2_ws/src/install/dingo_input_interfacing/lib/python3.12/site-packages/dingo_input_interfacing'...
[0.538s] -- Up-to-date: /home/ehoaglin/ros2_ws/src/install/dingo_input_interfacing/share/ament_index/resource_index/package_run_dependencies/dingo_input_interfacing
[0.539s] -- Up-to-date: /home/ehoaglin/ros2_ws/src/install/dingo_input_interfacing/share/ament_index/resource_index/parent_prefix_path/dingo_input_interfacing
[0.539s] -- Up-to-date: /home/ehoaglin/ros2_ws/src/install/dingo_input_interfacing/share/dingo_input_interfacing/environment/ament_prefix_path.sh
[0.539s] -- Up-to-date: /home/ehoaglin/ros2_ws/src/install/dingo_input_interfacing/share/dingo_input_interfacing/environment/ament_prefix_path.dsv
[0.539s] -- Up-to-date: /home/ehoaglin/ros2_ws/src/install/dingo_input_interfacing/share/dingo_input_interfacing/environment/path.sh
[0.539s] -- Up-to-date: /home/ehoaglin/ros2_ws/src/install/dingo_input_interfacing/share/dingo_input_interfacing/environment/path.dsv
[0.540s] -- Up-to-date: /home/ehoaglin/ros2_ws/src/install/dingo_input_interfacing/share/dingo_input_interfacing/local_setup.bash
[0.540s] -- Up-to-date: /home/ehoaglin/ros2_ws/src/install/dingo_input_interfacing/share/dingo_input_interfacing/local_setup.sh
[0.540s] -- Up-to-date: /home/ehoaglin/ros2_ws/src/install/dingo_input_interfacing/share/dingo_input_interfacing/local_setup.zsh
[0.540s] -- Up-to-date: /home/ehoaglin/ros2_ws/src/install/dingo_input_interfacing/share/dingo_input_interfacing/local_setup.dsv
[0.540s] -- Installing: /home/ehoaglin/ros2_ws/src/install/dingo_input_interfacing/share/dingo_input_interfacing/package.dsv
[0.540s] -- Up-to-date: /home/ehoaglin/ros2_ws/src/install/dingo_input_interfacing/share/ament_index/resource_index/packages/dingo_input_interfacing
[0.540s] -- Up-to-date: /home/ehoaglin/ros2_ws/src/install/dingo_input_interfacing/share/dingo_input_interfacing/cmake/dingo_input_interfacingConfig.cmake
[0.541s] -- Up-to-date: /home/ehoaglin/ros2_ws/src/install/dingo_input_interfacing/share/dingo_input_interfacing/cmake/dingo_input_interfacingConfig-version.cmake
[0.541s] -- Up-to-date: /home/ehoaglin/ros2_ws/src/install/dingo_input_interfacing/share/dingo_input_interfacing/package.xml
[0.542s] Invoked command in '/home/ehoaglin/ros2_ws/src/build/dingo_input_interfacing' returned '0': /usr/bin/cmake --install /home/ehoaglin/ros2_ws/src/build/dingo_input_interfacing
