[0.082s] Invoking command in '/home/ehoaglin/ros2_ws/build/dingo_input_interfacing': CMAKE_PREFIX_PATH=${CMAKE_PREFIX_PATH}:/home/ehoaglin/ros2_ws/install/dualsense_interface:/opt/ros/jazzy /usr/bin/cmake --build /home/ehoaglin/ros2_ws/build/dingo_input_interfacing -- -j12 -l12
[1.003s] Built target ament_cmake_python_copy_dingo_input_interfacing
[1.165s] running egg_info
[1.243s] writing dingo_input_interfacing.egg-info/PKG-INFO
[1.243s] writing dependency_links to dingo_input_interfacing.egg-info/dependency_links.txt
[1.244s] writing top-level names to dingo_input_interfacing.egg-info/top_level.txt
[1.489s] reading manifest file 'dingo_input_interfacing.egg-info/SOURCES.txt'
[1.492s] writing manifest file 'dingo_input_interfacing.egg-info/SOURCES.txt'
[1.580s] Built target ament_cmake_python_build_dingo_input_interfacing_egg
[1.613s] Invoked command in '/home/ehoaglin/ros2_ws/build/dingo_input_interfacing' returned '0': CMAKE_PREFIX_PATH=${CMAKE_PREFIX_PATH}:/home/ehoaglin/ros2_ws/install/dualsense_interface:/opt/ros/jazzy /usr/bin/cmake --build /home/ehoaglin/ros2_ws/build/dingo_input_interfacing -- -j12 -l12
[1.616s] Invoking command in '/home/ehoaglin/ros2_ws/build/dingo_input_interfacing': CMAKE_PREFIX_PATH=${CMAKE_PREFIX_PATH}:/home/ehoaglin/ros2_ws/install/dualsense_interface:/opt/ros/jazzy /usr/bin/cmake --install /home/ehoaglin/ros2_ws/build/dingo_input_interfacing
[1.754s] -- Install configuration: ""
[1.755s] -- Up-to-date: /home/ehoaglin/ros2_ws/install/dingo_input_interfacing/share/dingo_input_interfacing/environment/pythonpath.sh
[1.756s] -- Up-to-date: /home/ehoaglin/ros2_ws/install/dingo_input_interfacing/share/dingo_input_interfacing/environment/pythonpath.dsv
[1.756s] -- Up-to-date: /home/ehoaglin/ros2_ws/install/dingo_input_interfacing/lib/python3.12/site-packages/dingo_input_interfacing-0.0.0-py3.12.egg-info
[1.757s] -- Installing: /home/ehoaglin/ros2_ws/install/dingo_input_interfacing/lib/python3.12/site-packages/dingo_input_interfacing-0.0.0-py3.12.egg-info/top_level.txt
[1.760s] -- Installing: /home/ehoaglin/ros2_ws/install/dingo_input_interfacing/lib/python3.12/site-packages/dingo_input_interfacing-0.0.0-py3.12.egg-info/dependency_links.txt
[1.761s] -- Installing: /home/ehoaglin/ros2_ws/install/dingo_input_interfacing/lib/python3.12/site-packages/dingo_input_interfacing-0.0.0-py3.12.egg-info/SOURCES.txt
[1.761s] -- Installing: /home/ehoaglin/ros2_ws/install/dingo_input_interfacing/lib/python3.12/site-packages/dingo_input_interfacing-0.0.0-py3.12.egg-info/PKG-INFO
[1.762s] -- Up-to-date: /home/ehoaglin/ros2_ws/install/dingo_input_interfacing/lib/python3.12/site-packages/dingo_input_interfacing
[1.762s] -- Up-to-date: /home/ehoaglin/ros2_ws/install/dingo_input_interfacing/lib/python3.12/site-packages/dingo_input_interfacing/__init__.py
[1.762s] -- Up-to-date: /home/ehoaglin/ros2_ws/install/dingo_input_interfacing/lib/python3.12/site-packages/dingo_input_interfacing/HardwareConfig.py
[1.762s] -- Up-to-date: /home/ehoaglin/ros2_ws/install/dingo_input_interfacing/lib/python3.12/site-packages/dingo_input_interfacing/Open Notebook.onetoc2
[1.763s] -- Up-to-date: /home/ehoaglin/ros2_ws/install/dingo_input_interfacing/lib/python3.12/site-packages/dingo_input_interfacing/InputInterface.py
[1.789s] Listing '/home/ehoaglin/ros2_ws/install/dingo_input_interfacing/lib/python3.12/site-packages/dingo_input_interfacing'...
[1.812s] -- Up-to-date: /home/ehoaglin/ros2_ws/install/dingo_input_interfacing/share/ament_index/resource_index/package_run_dependencies/dingo_input_interfacing
[1.813s] -- Up-to-date: /home/ehoaglin/ros2_ws/install/dingo_input_interfacing/share/ament_index/resource_index/parent_prefix_path/dingo_input_interfacing
[1.814s] -- Up-to-date: /home/ehoaglin/ros2_ws/install/dingo_input_interfacing/share/dingo_input_interfacing/environment/ament_prefix_path.sh
[1.814s] -- Up-to-date: /home/ehoaglin/ros2_ws/install/dingo_input_interfacing/share/dingo_input_interfacing/environment/ament_prefix_path.dsv
[1.815s] -- Up-to-date: /home/ehoaglin/ros2_ws/install/dingo_input_interfacing/share/dingo_input_interfacing/environment/path.sh
[1.816s] -- Up-to-date: /home/ehoaglin/ros2_ws/install/dingo_input_interfacing/share/dingo_input_interfacing/environment/path.dsv
[1.817s] -- Up-to-date: /home/ehoaglin/ros2_ws/install/dingo_input_interfacing/share/dingo_input_interfacing/local_setup.bash
[1.817s] -- Up-to-date: /home/ehoaglin/ros2_ws/install/dingo_input_interfacing/share/dingo_input_interfacing/local_setup.sh
[1.817s] -- Up-to-date: /home/ehoaglin/ros2_ws/install/dingo_input_interfacing/share/dingo_input_interfacing/local_setup.zsh
[1.818s] -- Up-to-date: /home/ehoaglin/ros2_ws/install/dingo_input_interfacing/share/dingo_input_interfacing/local_setup.dsv
[1.818s] -- Installing: /home/ehoaglin/ros2_ws/install/dingo_input_interfacing/share/dingo_input_interfacing/package.dsv
[1.819s] -- Up-to-date: /home/ehoaglin/ros2_ws/install/dingo_input_interfacing/share/ament_index/resource_index/packages/dingo_input_interfacing
[1.820s] -- Up-to-date: /home/ehoaglin/ros2_ws/install/dingo_input_interfacing/share/dingo_input_interfacing/cmake/dingo_input_interfacingConfig.cmake
[1.821s] -- Up-to-date: /home/ehoaglin/ros2_ws/install/dingo_input_interfacing/share/dingo_input_interfacing/cmake/dingo_input_interfacingConfig-version.cmake
[1.821s] -- Up-to-date: /home/ehoaglin/ros2_ws/install/dingo_input_interfacing/share/dingo_input_interfacing/package.xml
[2.058s] Invoked command in '/home/ehoaglin/ros2_ws/build/dingo_input_interfacing' returned '0': CMAKE_PREFIX_PATH=${CMAKE_PREFIX_PATH}:/home/ehoaglin/ros2_ws/install/dualsense_interface:/opt/ros/jazzy /usr/bin/cmake --install /home/ehoaglin/ros2_ws/build/dingo_input_interfacing
