-- The C compiler identification is GNU 13.3.0
-- The CXX compiler identification is GNU 13.3.0
-- Detecting C compiler ABI info
-- Detecting C compiler ABI info - done
-- Check for working C compiler: /usr/bin/cc - skipped
-- Detecting C compile features
-- Detecting C compile features - done
-- Detecting CXX compiler ABI info
-- Detecting CXX compiler ABI info - done
-- Check for working CXX compiler: /usr/bin/c++ - skipped
-- Detecting CXX compile features
-- Detecting CXX compile features - done
-- Found ament_cmake: 2.5.3 (/opt/ros/jazzy/share/ament_cmake/cmake)
-- Found Python3: /usr/bin/python3 (found version "3.12.3") found components: Interpreter 
-- Found rclpy: 7.1.3 (/opt/ros/jazzy/share/rclpy/cmake)
-- Found std_msgs: 5.3.5 (/opt/ros/jazzy/share/std_msgs/cmake)
-- Found rosidl_generator_c: 4.6.5 (/opt/ros/jazzy/share/rosidl_generator_c/cmake)
-- Found rosidl_generator_cpp: 4.6.5 (/opt/ros/jazzy/share/rosidl_generator_cpp/cmake)
-- Using all available rosidl_typesupport_c: rosidl_typesupport_fastrtps_c;rosidl_typesupport_introspection_c
-- Using all available rosidl_typesupport_cpp: rosidl_typesupport_fastrtps_cpp;rosidl_typesupport_introspection_cpp
-- Found geometry_msgs: 5.3.5 (/opt/ros/jazzy/share/geometry_msgs/cmake)
-- Found rosidl_default_generators: 1.6.0 (/opt/ros/jazzy/share/rosidl_default_generators/cmake)
-- Found rosidl_adapter: 4.6.5 (/opt/ros/jazzy/share/rosidl_adapter/cmake)
-- Found ament_lint_auto: 0.17.1 (/opt/ros/jazzy/share/ament_lint_auto/cmake)
-- Found ament_cmake_ros: 0.12.0 (/opt/ros/jazzy/share/ament_cmake_ros/cmake)
-- Using all available rosidl_typesupport_c: rosidl_typesupport_fastrtps_c;rosidl_typesupport_introspection_c
-- Using all available rosidl_typesupport_cpp: rosidl_typesupport_fastrtps_cpp;rosidl_typesupport_introspection_cpp
-- Found python_cmake_module: 0.11.1 (/opt/ros/jazzy/share/python_cmake_module/cmake)
-- Found PythonExtra: /usr/bin/python3  
-- Found Python3: /usr/bin/python3 (found version "3.12.3") found components: Interpreter Development NumPy Development.Module Development.Embed 
-- Added test 'lint_cmake' to check CMake code style
-- Added test 'xmllint' to check XML markup files
-- Configuring done (10.4s)
-- Generating done (0.1s)
-- Build files have been written to: /home/ehoaglin/ros2_ws/build/dingo_peripheral_interfacing_msg
[  2%] [34m[1mGenerating type hashes for ROS interfaces[0m
[  2%] Built target ament_cmake_python_copy_dingo_peripheral_interfacing_msg
[  2%] Built target dingo_peripheral_interfacing_msg__rosidl_generator_type_description
[  5%] [34m[1mGenerating C code for ROS interfaces[0m
running egg_info
creating dingo_peripheral_interfacing_msg.egg-info
[  8%] [34m[1mGenerating C++ code for ROS interfaces[0m
writing dingo_peripheral_interfacing_msg.egg-info/PKG-INFO
writing dependency_links to dingo_peripheral_interfacing_msg.egg-info/dependency_links.txt
writing top-level names to dingo_peripheral_interfacing_msg.egg-info/top_level.txt
writing manifest file 'dingo_peripheral_interfacing_msg.egg-info/SOURCES.txt'
reading manifest file 'dingo_peripheral_interfacing_msg.egg-info/SOURCES.txt'
writing manifest file 'dingo_peripheral_interfacing_msg.egg-info/SOURCES.txt'
[  8%] Built target ament_cmake_python_build_dingo_peripheral_interfacing_msg_egg
[ 14%] [32mBuilding C object CMakeFiles/dingo_peripheral_interfacing_msg__rosidl_generator_c.dir/rosidl_generator_c/dingo_peripheral_interfacing_msg/msg/detail/electrical_measurements__functions.c.o[0m
[ 14%] [32mBuilding C object CMakeFiles/dingo_peripheral_interfacing_msg__rosidl_generator_c.dir/rosidl_generator_c/dingo_peripheral_interfacing_msg/msg/detail/electrical_measurements__description.c.o[0m
[ 17%] [32mBuilding C object CMakeFiles/dingo_peripheral_interfacing_msg__rosidl_generator_c.dir/rosidl_generator_c/dingo_peripheral_interfacing_msg/msg/detail/electrical_measurements__type_support.c.o[0m
[ 17%] Built target dingo_peripheral_interfacing_msg__cpp
[ 20%] [32m[1mLinking C shared library libdingo_peripheral_interfacing_msg__rosidl_generator_c.so[0m
[ 20%] Built target dingo_peripheral_interfacing_msg__rosidl_generator_c
[ 23%] [34m[1mGenerating C++ type support for eProsima Fast-RTPS[0m
[ 26%] [34m[1mGenerating C introspection for ROS interfaces[0m
[ 32%] [34m[1mGenerating C++ introspection for ROS interfaces[0m
[ 35%] [34m[1mGenerating C++ type support dispatch for ROS interfaces[0m
[ 38%] [34m[1mGenerating C type support for eProsima Fast-RTPS[0m
[ 38%] [34m[1mGenerating C type support dispatch for ROS interfaces[0m
[ 41%] [32mBuilding CXX object CMakeFiles/dingo_peripheral_interfacing_msg__rosidl_typesupport_c.dir/rosidl_typesupport_c/dingo_peripheral_interfacing_msg/msg/electrical_measurements__type_support.cpp.o[0m
[ 44%] [32mBuilding C object CMakeFiles/dingo_peripheral_interfacing_msg__rosidl_typesupport_introspection_c.dir/rosidl_typesupport_introspection_c/dingo_peripheral_interfacing_msg/msg/detail/electrical_measurements__type_support.c.o[0m
[ 47%] [32mBuilding CXX object CMakeFiles/dingo_peripheral_interfacing_msg__rosidl_typesupport_fastrtps_c.dir/rosidl_typesupport_fastrtps_c/dingo_peripheral_interfacing_msg/msg/detail/electrical_measurements__type_support_c.cpp.o[0m
[ 50%] [32m[1mLinking CXX shared library libdingo_peripheral_interfacing_msg__rosidl_typesupport_c.so[0m
[ 52%] [32m[1mLinking C shared library libdingo_peripheral_interfacing_msg__rosidl_typesupport_introspection_c.so[0m
[ 55%] [32mBuilding CXX object CMakeFiles/dingo_peripheral_interfacing_msg__rosidl_typesupport_fastrtps_cpp.dir/rosidl_typesupport_fastrtps_cpp/dingo_peripheral_interfacing_msg/msg/detail/dds_fastrtps/electrical_measurements__type_support.cpp.o[0m
[ 58%] [32mBuilding CXX object CMakeFiles/dingo_peripheral_interfacing_msg__rosidl_typesupport_introspection_cpp.dir/rosidl_typesupport_introspection_cpp/dingo_peripheral_interfacing_msg/msg/detail/electrical_measurements__type_support.cpp.o[0m
[ 61%] [32mBuilding CXX object CMakeFiles/dingo_peripheral_interfacing_msg__rosidl_typesupport_cpp.dir/rosidl_typesupport_cpp/dingo_peripheral_interfacing_msg/msg/electrical_measurements__type_support.cpp.o[0m
[ 61%] Built target dingo_peripheral_interfacing_msg__rosidl_typesupport_c
[ 61%] Built target dingo_peripheral_interfacing_msg__rosidl_typesupport_introspection_c
[ 64%] [32m[1mLinking CXX shared library libdingo_peripheral_interfacing_msg__rosidl_typesupport_introspection_cpp.so[0m
[ 67%] [32m[1mLinking CXX shared library libdingo_peripheral_interfacing_msg__rosidl_typesupport_cpp.so[0m
[ 70%] [32m[1mLinking CXX shared library libdingo_peripheral_interfacing_msg__rosidl_typesupport_fastrtps_cpp.so[0m
[ 70%] Built target dingo_peripheral_interfacing_msg__rosidl_typesupport_introspection_cpp
[ 73%] [32m[1mLinking CXX shared library libdingo_peripheral_interfacing_msg__rosidl_typesupport_fastrtps_c.so[0m
[ 73%] Built target dingo_peripheral_interfacing_msg__rosidl_typesupport_cpp
[ 73%] Built target dingo_peripheral_interfacing_msg__rosidl_typesupport_fastrtps_cpp
[ 73%] Built target dingo_peripheral_interfacing_msg__rosidl_typesupport_fastrtps_c
[ 73%] Built target dingo_peripheral_interfacing_msg
[ 76%] [34m[1mGenerating Python code for ROS interfaces[0m
[ 76%] Built target dingo_peripheral_interfacing_msg__py
[ 79%] [32mBuilding C object CMakeFiles/dingo_peripheral_interfacing_msg__rosidl_generator_py.dir/rosidl_generator_py/dingo_peripheral_interfacing_msg/msg/_electrical_measurements_s.c.o[0m
[ 82%] [32m[1mLinking C shared library libdingo_peripheral_interfacing_msg__rosidl_generator_py.so[0m
[ 82%] Built target dingo_peripheral_interfacing_msg__rosidl_generator_py
[ 88%] [32mBuilding C object CMakeFiles/dingo_peripheral_interfacing_msg_s__rosidl_typesupport_introspection_c.dir/rosidl_generator_py/dingo_peripheral_interfacing_msg/_dingo_peripheral_interfacing_msg_s.ep.rosidl_typesupport_introspection_c.c.o[0m
[ 88%] [32mBuilding C object CMakeFiles/dingo_peripheral_interfacing_msg_s__rosidl_typesupport_fastrtps_c.dir/rosidl_generator_py/dingo_peripheral_interfacing_msg/_dingo_peripheral_interfacing_msg_s.ep.rosidl_typesupport_fastrtps_c.c.o[0m
[ 91%] [32mBuilding C object CMakeFiles/dingo_peripheral_interfacing_msg_s__rosidl_typesupport_c.dir/rosidl_generator_py/dingo_peripheral_interfacing_msg/_dingo_peripheral_interfacing_msg_s.ep.rosidl_typesupport_c.c.o[0m
[ 94%] [32m[1mLinking C shared module rosidl_generator_py/dingo_peripheral_interfacing_msg/dingo_peripheral_interfacing_msg_s__rosidl_typesupport_c.so[0m
[ 97%] [32m[1mLinking C shared module rosidl_generator_py/dingo_peripheral_interfacing_msg/dingo_peripheral_interfacing_msg_s__rosidl_typesupport_fastrtps_c.so[0m
[100%] [32m[1mLinking C shared module rosidl_generator_py/dingo_peripheral_interfacing_msg/dingo_peripheral_interfacing_msg_s__rosidl_typesupport_introspection_c.so[0m
[100%] Built target dingo_peripheral_interfacing_msg_s__rosidl_typesupport_c
[100%] Built target dingo_peripheral_interfacing_msg_s__rosidl_typesupport_fastrtps_c
[100%] Built target dingo_peripheral_interfacing_msg_s__rosidl_typesupport_introspection_c
