[0.036s] Invoking command in '/home/ehoaglin/ros2_ws/src/build/dingo': /usr/bin/cmake /home/ehoaglin/ros2_ws/src/dingo -DCMAKE_INSTALL_PREFIX=/home/ehoaglin/ros2_ws/src/install/dingo
[0.058s] -- Found ament_cmake: 2.5.3 (/opt/ros/jazzy/share/ament_cmake/cmake)
[0.263s] -- Found rclpy: 7.1.3 (/opt/ros/jazzy/share/rclpy/cmake)
[0.264s] [31mCMake Error at /opt/ros/jazzy/share/ament_cmake_python/cmake/ament_python_install_package.cmake:39 (_ament_cmake_python_install_package):
[0.264s]   _ament_cmake_python_install_package Function invoked with incorrect
[0.264s]   arguments for function named: _ament_cmake_python_install_package
[0.264s] Call Stack (most recent call first):
[0.264s]   CMakeLists.txt:22 (ament_python_install_package)
[0.264s] 
[0.265s] [0m
[0.322s] Error parsing '/home/ehoaglin/ros2_ws/src/dingo/package.xml':
[2.358s] Traceback (most recent call last):
[2.358s]   File "/opt/ros/jazzy/share/ament_cmake_core/cmake/core/package_xml_2_cmake.py", line 150, in <module>
[2.358s]     main()
[2.358s]   File "/opt/ros/jazzy/share/ament_cmake_core/cmake/core/package_xml_2_cmake.py", line 53, in main
[2.358s]     raise e
[2.358s]   File "/opt/ros/jazzy/share/ament_cmake_core/cmake/core/package_xml_2_cmake.py", line 49, in main
[2.359s]     package = parse_package_string(
[2.359s]               ^^^^^^^^^^^^^^^^^^^^^
[2.359s]   File "/usr/lib/python3/dist-packages/catkin_pkg/package.py", line 786, in parse_package_string
[2.359s]     raise InvalidPackage('Error(s):%s' % (''.join(['\n- %s' % e for e in errors])), filename)
[2.359s] catkin_pkg.package.InvalidPackage: Error(s) in package '/home/ehoaglin/ros2_ws/src/dingo/package.xml':
[2.359s] Error(s):
[2.359s] - The manifest of package "dingo" (with format version 2) must not contain the following tags: member_of_group
[2.400s] [31mCMake Error at /opt/ros/jazzy/share/ament_cmake_core/cmake/core/ament_package_xml.cmake:95 (message):
[2.401s]   execute_process(/usr/bin/python3
[2.401s]   /opt/ros/jazzy/share/ament_cmake_core/cmake/core/package_xml_2_cmake.py
[2.401s]   /home/ehoaglin/ros2_ws/src/dingo/package.xml
[2.401s]   /home/ehoaglin/ros2_ws/src/build/dingo/ament_cmake_core/package.cmake)
[2.401s]   returned error code 1
[2.401s] Call Stack (most recent call first):
[2.401s]   /opt/ros/jazzy/share/ament_cmake_core/cmake/core/ament_package_xml.cmake:49 (_ament_package_xml)
[2.401s]   /opt/ros/jazzy/share/ament_cmake_core/cmake/core/ament_package.cmake:63 (ament_package_xml)
[2.401s]   CMakeLists.txt:113 (ament_package)
[2.401s] 
[2.401s] [0m
[2.401s] -- Configuring incomplete, errors occurred!
[2.404s] Invoked command in '/home/ehoaglin/ros2_ws/src/build/dingo' returned '1': /usr/bin/cmake /home/ehoaglin/ros2_ws/src/dingo -DCMAKE_INSTALL_PREFIX=/home/ehoaglin/ros2_ws/src/install/dingo
