[0.043s] Invoking command in '/home/ehoaglin/ros2_ws/build/rpbi_utils': CMAKE_PREFIX_PATH=${CMAKE_PREFIX_PATH}:/opt/ros/jazzy VIRTUAL_ENV_PROMPT=(myenv) /usr/bin/cmake /home/ehoaglin/ros2_ws/src/ros_pybullet_interface/rpbi_utils -DCMAKE_INSTALL_PREFIX=/home/ehoaglin/ros2_ws/install/rpbi_utils
[2.544s] -- The C compiler identification is GNU 13.3.0
[2.544s] -- The CXX compiler identification is GNU 13.3.0
[2.545s] -- Detecting C compiler ABI info
[2.545s] -- Detecting C compiler ABI info - done
[2.545s] -- Check for working C compiler: /usr/bin/cc - skipped
[2.545s] -- Detecting C compile features
[2.545s] -- Detecting C compile features - done
[2.545s] -- Detecting CXX compiler ABI info
[2.545s] -- Detecting CXX compiler ABI info - done
[2.545s] -- Check for working CXX compiler: /usr/bin/c++ - skipped
[2.545s] -- Detecting CXX compile features
[2.546s] -- Detecting CXX compile features - done
[2.546s] -- Found ament_cmake: 2.5.3 (/opt/ros/jazzy/share/ament_cmake/cmake)
[2.681s] -- Found Python3: /home/ehoaglin/myenv/bin/python3 (found version "3.12.3") found components: Interpreter 
[2.865s] -- Found rclpy: 7.1.3 (/opt/ros/jazzy/share/rclpy/cmake)
[2.870s] -- Found tf2: 0.36.8 (/opt/ros/jazzy/share/tf2/cmake)
[3.095s] -- Found rosidl_generator_c: 4.6.5 (/opt/ros/jazzy/share/rosidl_generator_c/cmake)
[3.117s] -- Found rosidl_generator_cpp: 4.6.5 (/opt/ros/jazzy/share/rosidl_generator_cpp/cmake)
[3.144s] -- Using all available rosidl_typesupport_c: rosidl_typesupport_fastrtps_c;rosidl_typesupport_introspection_c
[3.170s] -- Using all available rosidl_typesupport_cpp: rosidl_typesupport_fastrtps_cpp;rosidl_typesupport_introspection_cpp
[3.254s] -- Found tf2_ros: 0.36.8 (/opt/ros/jazzy/share/tf2_ros/cmake)
[3.436s] -- Found rmw_implementation_cmake: 7.3.1 (/opt/ros/jazzy/share/rmw_implementation_cmake/cmake)
[3.440s] -- Found rmw_fastrtps_cpp: 8.4.1 (/opt/ros/jazzy/share/rmw_fastrtps_cpp/cmake)
[3.549s] -- Found OpenSSL: /usr/lib/x86_64-linux-gnu/libcrypto.so (found version "3.0.13")  
[3.753s] -- Found FastRTPS: /opt/ros/jazzy/include (Required is at least version "2.13") 
[3.865s] -- Using RMW implementation 'rmw_fastrtps_cpp' as default
[4.321s] -- Configuring done (4.3s)
[4.327s] -- Generating done (0.0s)
[4.329s] -- Build files have been written to: /home/ehoaglin/ros2_ws/build/rpbi_utils
[4.339s] Invoked command in '/home/ehoaglin/ros2_ws/build/rpbi_utils' returned '0': CMAKE_PREFIX_PATH=${CMAKE_PREFIX_PATH}:/opt/ros/jazzy VIRTUAL_ENV_PROMPT=(myenv) /usr/bin/cmake /home/ehoaglin/ros2_ws/src/ros_pybullet_interface/rpbi_utils -DCMAKE_INSTALL_PREFIX=/home/ehoaglin/ros2_ws/install/rpbi_utils
[4.340s] Invoking command in '/home/ehoaglin/ros2_ws/build/rpbi_utils': CMAKE_PREFIX_PATH=${CMAKE_PREFIX_PATH}:/opt/ros/jazzy VIRTUAL_ENV_PROMPT=(myenv) /usr/bin/cmake --build /home/ehoaglin/ros2_ws/build/rpbi_utils -- -j12 -l12
[4.377s] Invoked command in '/home/ehoaglin/ros2_ws/build/rpbi_utils' returned '0': CMAKE_PREFIX_PATH=${CMAKE_PREFIX_PATH}:/opt/ros/jazzy VIRTUAL_ENV_PROMPT=(myenv) /usr/bin/cmake --build /home/ehoaglin/ros2_ws/build/rpbi_utils -- -j12 -l12
[4.379s] Invoking command in '/home/ehoaglin/ros2_ws/build/rpbi_utils': CMAKE_PREFIX_PATH=${CMAKE_PREFIX_PATH}:/opt/ros/jazzy VIRTUAL_ENV_PROMPT=(myenv) /usr/bin/cmake --install /home/ehoaglin/ros2_ws/build/rpbi_utils
[4.385s] -- Install configuration: ""
[4.386s] -- Installing: /home/ehoaglin/ros2_ws/install/rpbi_utils/lib/rpbi_utils/rpbi_controls_node.py
[4.386s] -- Installing: /home/ehoaglin/ros2_ws/install/rpbi_utils/lib/rpbi_utils/interpolation_node.py
[4.386s] -- Installing: /home/ehoaglin/ros2_ws/install/rpbi_utils/lib/rpbi_utils/calibrate_wrench_node.py
[4.386s] -- Installing: /home/ehoaglin/ros2_ws/install/rpbi_utils/share/ament_index/resource_index/package_run_dependencies/rpbi_utils
[4.387s] -- Installing: /home/ehoaglin/ros2_ws/install/rpbi_utils/share/ament_index/resource_index/parent_prefix_path/rpbi_utils
[4.387s] -- Installing: /home/ehoaglin/ros2_ws/install/rpbi_utils/share/rpbi_utils/environment/ament_prefix_path.sh
[4.388s] -- Installing: /home/ehoaglin/ros2_ws/install/rpbi_utils/share/rpbi_utils/environment/ament_prefix_path.dsv
[4.388s] -- Installing: /home/ehoaglin/ros2_ws/install/rpbi_utils/share/rpbi_utils/environment/path.sh
[4.388s] -- Installing: /home/ehoaglin/ros2_ws/install/rpbi_utils/share/rpbi_utils/environment/path.dsv
[4.388s] -- Installing: /home/ehoaglin/ros2_ws/install/rpbi_utils/share/rpbi_utils/local_setup.bash
[4.389s] -- Installing: /home/ehoaglin/ros2_ws/install/rpbi_utils/share/rpbi_utils/local_setup.sh
[4.389s] -- Installing: /home/ehoaglin/ros2_ws/install/rpbi_utils/share/rpbi_utils/local_setup.zsh
[4.389s] -- Installing: /home/ehoaglin/ros2_ws/install/rpbi_utils/share/rpbi_utils/local_setup.dsv
[4.389s] -- Installing: /home/ehoaglin/ros2_ws/install/rpbi_utils/share/rpbi_utils/package.dsv
[4.389s] -- Installing: /home/ehoaglin/ros2_ws/install/rpbi_utils/share/ament_index/resource_index/packages/rpbi_utils
[4.390s] -- Installing: /home/ehoaglin/ros2_ws/install/rpbi_utils/share/rpbi_utils/cmake/rpbi_utilsConfig.cmake
[4.390s] -- Installing: /home/ehoaglin/ros2_ws/install/rpbi_utils/share/rpbi_utils/cmake/rpbi_utilsConfig-version.cmake
[4.390s] -- Installing: /home/ehoaglin/ros2_ws/install/rpbi_utils/share/rpbi_utils/package.xml
[4.393s] Invoked command in '/home/ehoaglin/ros2_ws/build/rpbi_utils' returned '0': CMAKE_PREFIX_PATH=${CMAKE_PREFIX_PATH}:/opt/ros/jazzy VIRTUAL_ENV_PROMPT=(myenv) /usr/bin/cmake --install /home/ehoaglin/ros2_ws/build/rpbi_utils
