[0.085s] Invoking command in '/home/ehoaglin/ros2_ws/build/dingo_control_msg': CMAKE_PREFIX_PATH=${CMAKE_PREFIX_PATH}:/home/ehoaglin/ros2_ws/install/dualsense_interface:/opt/ros/jazzy /usr/bin/cmake --build /home/ehoaglin/ros2_ws/build/dingo_control_msg -- -j12 -l12
[1.086s] [  1%] Built target dingo_control_msg__rosidl_generator_type_description
[1.087s] [  1%] Built target ament_cmake_python_copy_dingo_control_msg
[1.088s] [  3%] Built target dingo_control_msg__cpp
[1.088s] [ 24%] Built target dingo_control_msg__rosidl_generator_c
[1.088s] [ 33%] Built target dingo_control_msg__rosidl_typesupport_fastrtps_c
[1.089s] [ 42%] Built target dingo_control_msg__rosidl_typesupport_introspection_c
[1.089s] [ 53%] Built target dingo_control_msg__rosidl_typesupport_c
[1.089s] [ 61%] Built target dingo_control_msg__rosidl_typesupport_cpp
[1.090s] [ 70%] Built target dingo_control_msg__rosidl_typesupport_introspection_cpp
[1.090s] [ 79%] Built target dingo_control_msg__rosidl_typesupport_fastrtps_cpp
[1.090s] [ 79%] Built target dingo_control_msg
[1.091s] [ 81%] Built target dingo_control_msg__py
[1.091s] [ 88%] Built target dingo_control_msg__rosidl_generator_py
[1.091s] [ 92%] Built target dingo_control_msg_s__rosidl_typesupport_introspection_c
[1.091s] [ 96%] Built target dingo_control_msg_s__rosidl_typesupport_fastrtps_c
[1.092s] [100%] Built target dingo_control_msg_s__rosidl_typesupport_c
[1.106s] running egg_info
[1.246s] writing dingo_control_msg.egg-info/PKG-INFO
[1.246s] writing dependency_links to dingo_control_msg.egg-info/dependency_links.txt
[1.247s] writing top-level names to dingo_control_msg.egg-info/top_level.txt
[1.503s] reading manifest file 'dingo_control_msg.egg-info/SOURCES.txt'
[1.505s] writing manifest file 'dingo_control_msg.egg-info/SOURCES.txt'
[1.602s] [100%] Built target ament_cmake_python_build_dingo_control_msg_egg
[1.662s] Invoked command in '/home/ehoaglin/ros2_ws/build/dingo_control_msg' returned '0': CMAKE_PREFIX_PATH=${CMAKE_PREFIX_PATH}:/home/ehoaglin/ros2_ws/install/dualsense_interface:/opt/ros/jazzy /usr/bin/cmake --build /home/ehoaglin/ros2_ws/build/dingo_control_msg -- -j12 -l12
[1.663s] Invoking command in '/home/ehoaglin/ros2_ws/build/dingo_control_msg': CMAKE_PREFIX_PATH=${CMAKE_PREFIX_PATH}:/home/ehoaglin/ros2_ws/install/dualsense_interface:/opt/ros/jazzy /usr/bin/cmake --install /home/ehoaglin/ros2_ws/build/dingo_control_msg
[1.691s] -- Install configuration: ""
[1.692s] -- Up-to-date: /home/ehoaglin/ros2_ws/install/dingo_control_msg/share/ament_index/resource_index/rosidl_interfaces/dingo_control_msg
[1.692s] -- Up-to-date: /home/ehoaglin/ros2_ws/install/dingo_control_msg/share/dingo_control_msg/msg/Angle.json
[1.692s] -- Up-to-date: /home/ehoaglin/ros2_ws/install/dingo_control_msg/share/dingo_control_msg/msg/JointSpace.json
[1.692s] -- Up-to-date: /home/ehoaglin/ros2_ws/install/dingo_control_msg/share/dingo_control_msg/msg/TaskSpace.json
[1.693s] -- Up-to-date: /home/ehoaglin/ros2_ws/install/dingo_control_msg/include/dingo_control_msg/dingo_control_msg
[1.693s] -- Up-to-date: /home/ehoaglin/ros2_ws/install/dingo_control_msg/include/dingo_control_msg/dingo_control_msg/msg
[1.693s] -- Up-to-date: /home/ehoaglin/ros2_ws/install/dingo_control_msg/include/dingo_control_msg/dingo_control_msg/msg/detail
[1.694s] -- Installing: /home/ehoaglin/ros2_ws/install/dingo_control_msg/include/dingo_control_msg/dingo_control_msg/msg/detail/task_space__type_support.c
[1.694s] -- Up-to-date: /home/ehoaglin/ros2_ws/install/dingo_control_msg/include/dingo_control_msg/dingo_control_msg/msg/detail/task_space__functions.h
[1.694s] -- Up-to-date: /home/ehoaglin/ros2_ws/install/dingo_control_msg/include/dingo_control_msg/dingo_control_msg/msg/detail/joint_space__functions.h
[1.698s] -- Installing: /home/ehoaglin/ros2_ws/install/dingo_control_msg/include/dingo_control_msg/dingo_control_msg/msg/detail/joint_space__type_support.c
[1.698s] -- Up-to-date: /home/ehoaglin/ros2_ws/install/dingo_control_msg/include/dingo_control_msg/dingo_control_msg/msg/detail/angle__functions.h
[1.698s] -- Up-to-date: /home/ehoaglin/ros2_ws/install/dingo_control_msg/include/dingo_control_msg/dingo_control_msg/msg/detail/angle__type_support.h
[1.699s] -- Up-to-date: /home/ehoaglin/ros2_ws/install/dingo_control_msg/include/dingo_control_msg/dingo_control_msg/msg/detail/angle__struct.h
[1.699s] -- Up-to-date: /home/ehoaglin/ros2_ws/install/dingo_control_msg/include/dingo_control_msg/dingo_control_msg/msg/detail/joint_space__struct.h
[1.699s] -- Up-to-date: /home/ehoaglin/ros2_ws/install/dingo_control_msg/include/dingo_control_msg/dingo_control_msg/msg/detail/angle__description.c
[1.700s] -- Up-to-date: /home/ehoaglin/ros2_ws/install/dingo_control_msg/include/dingo_control_msg/dingo_control_msg/msg/detail/task_space__struct.h
[1.700s] -- Up-to-date: /home/ehoaglin/ros2_ws/install/dingo_control_msg/include/dingo_control_msg/dingo_control_msg/msg/detail/task_space__type_support.h
[1.700s] -- Up-to-date: /home/ehoaglin/ros2_ws/install/dingo_control_msg/include/dingo_control_msg/dingo_control_msg/msg/detail/task_space__functions.c
[1.700s] -- Installing: /home/ehoaglin/ros2_ws/install/dingo_control_msg/include/dingo_control_msg/dingo_control_msg/msg/detail/angle__type_support.c
[1.701s] -- Up-to-date: /home/ehoaglin/ros2_ws/install/dingo_control_msg/include/dingo_control_msg/dingo_control_msg/msg/detail/joint_space__type_support.h
[1.701s] -- Up-to-date: /home/ehoaglin/ros2_ws/install/dingo_control_msg/include/dingo_control_msg/dingo_control_msg/msg/detail/joint_space__functions.c
[1.701s] -- Up-to-date: /home/ehoaglin/ros2_ws/install/dingo_control_msg/include/dingo_control_msg/dingo_control_msg/msg/detail/task_space__description.c
[1.701s] -- Up-to-date: /home/ehoaglin/ros2_ws/install/dingo_control_msg/include/dingo_control_msg/dingo_control_msg/msg/detail/angle__functions.c
[1.702s] -- Up-to-date: /home/ehoaglin/ros2_ws/install/dingo_control_msg/include/dingo_control_msg/dingo_control_msg/msg/detail/joint_space__description.c
[1.702s] -- Up-to-date: /home/ehoaglin/ros2_ws/install/dingo_control_msg/include/dingo_control_msg/dingo_control_msg/msg/task_space.h
[1.702s] -- Up-to-date: /home/ehoaglin/ros2_ws/install/dingo_control_msg/include/dingo_control_msg/dingo_control_msg/msg/joint_space.h
[1.702s] -- Up-to-date: /home/ehoaglin/ros2_ws/install/dingo_control_msg/include/dingo_control_msg/dingo_control_msg/msg/angle.h
[1.703s] -- Up-to-date: /home/ehoaglin/ros2_ws/install/dingo_control_msg/include/dingo_control_msg/dingo_control_msg/msg/rosidl_generator_c__visibility_control.h
[1.703s] -- Up-to-date: /home/ehoaglin/ros2_ws/install/dingo_control_msg/share/dingo_control_msg/environment/library_path.sh
[1.703s] -- Up-to-date: /home/ehoaglin/ros2_ws/install/dingo_control_msg/share/dingo_control_msg/environment/library_path.dsv
[1.703s] -- Up-to-date: /home/ehoaglin/ros2_ws/install/dingo_control_msg/lib/libdingo_control_msg__rosidl_generator_c.so
[1.704s] -- Up-to-date: /home/ehoaglin/ros2_ws/install/dingo_control_msg/include/dingo_control_msg/dingo_control_msg
[1.704s] -- Up-to-date: /home/ehoaglin/ros2_ws/install/dingo_control_msg/include/dingo_control_msg/dingo_control_msg/msg
[1.704s] -- Up-to-date: /home/ehoaglin/ros2_ws/install/dingo_control_msg/include/dingo_control_msg/dingo_control_msg/msg/detail
[1.704s] -- Up-to-date: /home/ehoaglin/ros2_ws/install/dingo_control_msg/include/dingo_control_msg/dingo_control_msg/msg/detail/angle__rosidl_typesupport_fastrtps_c.h
[1.705s] -- Up-to-date: /home/ehoaglin/ros2_ws/install/dingo_control_msg/include/dingo_control_msg/dingo_control_msg/msg/detail/joint_space__rosidl_typesupport_fastrtps_c.h
[1.705s] -- Up-to-date: /home/ehoaglin/ros2_ws/install/dingo_control_msg/include/dingo_control_msg/dingo_control_msg/msg/detail/task_space__rosidl_typesupport_fastrtps_c.h
[1.705s] -- Up-to-date: /home/ehoaglin/ros2_ws/install/dingo_control_msg/include/dingo_control_msg/dingo_control_msg/msg/rosidl_typesupport_fastrtps_c__visibility_control.h
[1.705s] -- Up-to-date: /home/ehoaglin/ros2_ws/install/dingo_control_msg/lib/libdingo_control_msg__rosidl_typesupport_fastrtps_c.so
[1.706s] -- Up-to-date: /home/ehoaglin/ros2_ws/install/dingo_control_msg/include/dingo_control_msg/dingo_control_msg
[1.706s] -- Up-to-date: /home/ehoaglin/ros2_ws/install/dingo_control_msg/include/dingo_control_msg/dingo_control_msg/msg
[1.706s] -- Up-to-date: /home/ehoaglin/ros2_ws/install/dingo_control_msg/include/dingo_control_msg/dingo_control_msg/msg/detail
[1.706s] -- Up-to-date: /home/ehoaglin/ros2_ws/install/dingo_control_msg/include/dingo_control_msg/dingo_control_msg/msg/detail/joint_space__struct.hpp
[1.707s] -- Up-to-date: /home/ehoaglin/ros2_ws/install/dingo_control_msg/include/dingo_control_msg/dingo_control_msg/msg/detail/task_space__type_support.hpp
[1.707s] -- Up-to-date: /home/ehoaglin/ros2_ws/install/dingo_control_msg/include/dingo_control_msg/dingo_control_msg/msg/detail/angle__type_support.hpp
[1.707s] -- Up-to-date: /home/ehoaglin/ros2_ws/install/dingo_control_msg/include/dingo_control_msg/dingo_control_msg/msg/detail/task_space__struct.hpp
[1.707s] -- Up-to-date: /home/ehoaglin/ros2_ws/install/dingo_control_msg/include/dingo_control_msg/dingo_control_msg/msg/detail/task_space__traits.hpp
[1.708s] -- Up-to-date: /home/ehoaglin/ros2_ws/install/dingo_control_msg/include/dingo_control_msg/dingo_control_msg/msg/detail/angle__traits.hpp
[1.708s] -- Up-to-date: /home/ehoaglin/ros2_ws/install/dingo_control_msg/include/dingo_control_msg/dingo_control_msg/msg/detail/joint_space__builder.hpp
[1.708s] -- Up-to-date: /home/ehoaglin/ros2_ws/install/dingo_control_msg/include/dingo_control_msg/dingo_control_msg/msg/detail/joint_space__type_support.hpp
[1.709s] -- Up-to-date: /home/ehoaglin/ros2_ws/install/dingo_control_msg/include/dingo_control_msg/dingo_control_msg/msg/detail/task_space__builder.hpp
[1.709s] -- Up-to-date: /home/ehoaglin/ros2_ws/install/dingo_control_msg/include/dingo_control_msg/dingo_control_msg/msg/detail/angle__struct.hpp
[1.709s] -- Up-to-date: /home/ehoaglin/ros2_ws/install/dingo_control_msg/include/dingo_control_msg/dingo_control_msg/msg/detail/joint_space__traits.hpp
[1.710s] -- Up-to-date: /home/ehoaglin/ros2_ws/install/dingo_control_msg/include/dingo_control_msg/dingo_control_msg/msg/detail/angle__builder.hpp
[1.710s] -- Up-to-date: /home/ehoaglin/ros2_ws/install/dingo_control_msg/include/dingo_control_msg/dingo_control_msg/msg/joint_space.hpp
[1.711s] -- Up-to-date: /home/ehoaglin/ros2_ws/install/dingo_control_msg/include/dingo_control_msg/dingo_control_msg/msg/angle.hpp
[1.711s] -- Up-to-date: /home/ehoaglin/ros2_ws/install/dingo_control_msg/include/dingo_control_msg/dingo_control_msg/msg/rosidl_generator_cpp__visibility_control.hpp
[1.711s] -- Up-to-date: /home/ehoaglin/ros2_ws/install/dingo_control_msg/include/dingo_control_msg/dingo_control_msg/msg/task_space.hpp
[1.711s] -- Up-to-date: /home/ehoaglin/ros2_ws/install/dingo_control_msg/include/dingo_control_msg/dingo_control_msg
[1.712s] -- Up-to-date: /home/ehoaglin/ros2_ws/install/dingo_control_msg/include/dingo_control_msg/dingo_control_msg/msg
[1.712s] -- Up-to-date: /home/ehoaglin/ros2_ws/install/dingo_control_msg/include/dingo_control_msg/dingo_control_msg/msg/detail
[1.712s] -- Up-to-date: /home/ehoaglin/ros2_ws/install/dingo_control_msg/include/dingo_control_msg/dingo_control_msg/msg/detail/dds_fastrtps
[1.712s] -- Up-to-date: /home/ehoaglin/ros2_ws/install/dingo_control_msg/include/dingo_control_msg/dingo_control_msg/msg/detail/angle__rosidl_typesupport_fastrtps_cpp.hpp
[1.713s] -- Up-to-date: /home/ehoaglin/ros2_ws/install/dingo_control_msg/include/dingo_control_msg/dingo_control_msg/msg/detail/task_space__rosidl_typesupport_fastrtps_cpp.hpp
[1.713s] -- Up-to-date: /home/ehoaglin/ros2_ws/install/dingo_control_msg/include/dingo_control_msg/dingo_control_msg/msg/detail/joint_space__rosidl_typesupport_fastrtps_cpp.hpp
[1.713s] -- Up-to-date: /home/ehoaglin/ros2_ws/install/dingo_control_msg/include/dingo_control_msg/dingo_control_msg/msg/rosidl_typesupport_fastrtps_cpp__visibility_control.h
[1.714s] -- Up-to-date: /home/ehoaglin/ros2_ws/install/dingo_control_msg/lib/libdingo_control_msg__rosidl_typesupport_fastrtps_cpp.so
[1.715s] -- Up-to-date: /home/ehoaglin/ros2_ws/install/dingo_control_msg/include/dingo_control_msg/dingo_control_msg
[1.715s] -- Up-to-date: /home/ehoaglin/ros2_ws/install/dingo_control_msg/include/dingo_control_msg/dingo_control_msg/msg
[1.715s] -- Up-to-date: /home/ehoaglin/ros2_ws/install/dingo_control_msg/include/dingo_control_msg/dingo_control_msg/msg/detail
[1.715s] -- Installing: /home/ehoaglin/ros2_ws/install/dingo_control_msg/include/dingo_control_msg/dingo_control_msg/msg/detail/task_space__type_support.c
[1.716s] -- Installing: /home/ehoaglin/ros2_ws/install/dingo_control_msg/include/dingo_control_msg/dingo_control_msg/msg/detail/joint_space__type_support.c
[1.716s] -- Up-to-date: /home/ehoaglin/ros2_ws/install/dingo_control_msg/include/dingo_control_msg/dingo_control_msg/msg/detail/angle__rosidl_typesupport_introspection_c.h
[1.716s] -- Installing: /home/ehoaglin/ros2_ws/install/dingo_control_msg/include/dingo_control_msg/dingo_control_msg/msg/detail/angle__type_support.c
[1.721s] -- Up-to-date: /home/ehoaglin/ros2_ws/install/dingo_control_msg/include/dingo_control_msg/dingo_control_msg/msg/detail/task_space__rosidl_typesupport_introspection_c.h
[1.722s] -- Up-to-date: /home/ehoaglin/ros2_ws/install/dingo_control_msg/include/dingo_control_msg/dingo_control_msg/msg/detail/joint_space__rosidl_typesupport_introspection_c.h
[1.722s] -- Up-to-date: /home/ehoaglin/ros2_ws/install/dingo_control_msg/include/dingo_control_msg/dingo_control_msg/msg/rosidl_typesupport_introspection_c__visibility_control.h
[1.722s] -- Up-to-date: /home/ehoaglin/ros2_ws/install/dingo_control_msg/lib/libdingo_control_msg__rosidl_typesupport_introspection_c.so
[1.723s] -- Up-to-date: /home/ehoaglin/ros2_ws/install/dingo_control_msg/lib/libdingo_control_msg__rosidl_typesupport_c.so
[1.723s] -- Up-to-date: /home/ehoaglin/ros2_ws/install/dingo_control_msg/include/dingo_control_msg/dingo_control_msg
[1.724s] -- Up-to-date: /home/ehoaglin/ros2_ws/install/dingo_control_msg/include/dingo_control_msg/dingo_control_msg/msg
[1.724s] -- Up-to-date: /home/ehoaglin/ros2_ws/install/dingo_control_msg/include/dingo_control_msg/dingo_control_msg/msg/detail
[1.725s] -- Up-to-date: /home/ehoaglin/ros2_ws/install/dingo_control_msg/include/dingo_control_msg/dingo_control_msg/msg/detail/task_space__rosidl_typesupport_introspection_cpp.hpp
[1.725s] -- Up-to-date: /home/ehoaglin/ros2_ws/install/dingo_control_msg/include/dingo_control_msg/dingo_control_msg/msg/detail/angle__rosidl_typesupport_introspection_cpp.hpp
[1.726s] -- Up-to-date: /home/ehoaglin/ros2_ws/install/dingo_control_msg/include/dingo_control_msg/dingo_control_msg/msg/detail/angle__type_support.cpp
[1.726s] -- Up-to-date: /home/ehoaglin/ros2_ws/install/dingo_control_msg/include/dingo_control_msg/dingo_control_msg/msg/detail/joint_space__type_support.cpp
[1.726s] -- Up-to-date: /home/ehoaglin/ros2_ws/install/dingo_control_msg/include/dingo_control_msg/dingo_control_msg/msg/detail/task_space__type_support.cpp
[1.726s] -- Up-to-date: /home/ehoaglin/ros2_ws/install/dingo_control_msg/include/dingo_control_msg/dingo_control_msg/msg/detail/joint_space__rosidl_typesupport_introspection_cpp.hpp
[1.727s] -- Up-to-date: /home/ehoaglin/ros2_ws/install/dingo_control_msg/lib/libdingo_control_msg__rosidl_typesupport_introspection_cpp.so
[1.727s] -- Up-to-date: /home/ehoaglin/ros2_ws/install/dingo_control_msg/lib/libdingo_control_msg__rosidl_typesupport_cpp.so
[1.727s] -- Up-to-date: /home/ehoaglin/ros2_ws/install/dingo_control_msg/share/dingo_control_msg/environment/pythonpath.sh
[1.728s] -- Up-to-date: /home/ehoaglin/ros2_ws/install/dingo_control_msg/share/dingo_control_msg/environment/pythonpath.dsv
[1.728s] -- Up-to-date: /home/ehoaglin/ros2_ws/install/dingo_control_msg/lib/python3.12/site-packages/dingo_control_msg-0.0.0-py3.12.egg-info
[1.728s] -- Installing: /home/ehoaglin/ros2_ws/install/dingo_control_msg/lib/python3.12/site-packages/dingo_control_msg-0.0.0-py3.12.egg-info/top_level.txt
[1.729s] -- Installing: /home/ehoaglin/ros2_ws/install/dingo_control_msg/lib/python3.12/site-packages/dingo_control_msg-0.0.0-py3.12.egg-info/dependency_links.txt
[1.729s] -- Installing: /home/ehoaglin/ros2_ws/install/dingo_control_msg/lib/python3.12/site-packages/dingo_control_msg-0.0.0-py3.12.egg-info/SOURCES.txt
[1.729s] -- Installing: /home/ehoaglin/ros2_ws/install/dingo_control_msg/lib/python3.12/site-packages/dingo_control_msg-0.0.0-py3.12.egg-info/PKG-INFO
[1.730s] -- Up-to-date: /home/ehoaglin/ros2_ws/install/dingo_control_msg/lib/python3.12/site-packages/dingo_control_msg
[1.730s] -- Up-to-date: /home/ehoaglin/ros2_ws/install/dingo_control_msg/lib/python3.12/site-packages/dingo_control_msg/__init__.py
[1.730s] -- Up-to-date: /home/ehoaglin/ros2_ws/install/dingo_control_msg/lib/python3.12/site-packages/dingo_control_msg/_dingo_control_msg_s.ep.rosidl_typesupport_introspection_c.c
[1.730s] -- Up-to-date: /home/ehoaglin/ros2_ws/install/dingo_control_msg/lib/python3.12/site-packages/dingo_control_msg/dingo_control_msg_s__rosidl_typesupport_introspection_c.so
[1.731s] -- Up-to-date: /home/ehoaglin/ros2_ws/install/dingo_control_msg/lib/python3.12/site-packages/dingo_control_msg/dingo_control_msg_s__rosidl_typesupport_c.so
[1.731s] -- Up-to-date: /home/ehoaglin/ros2_ws/install/dingo_control_msg/lib/python3.12/site-packages/dingo_control_msg/_dingo_control_msg_s.ep.rosidl_typesupport_fastrtps_c.c
[1.731s] -- Up-to-date: /home/ehoaglin/ros2_ws/install/dingo_control_msg/lib/python3.12/site-packages/dingo_control_msg/dingo_control_msg_s__rosidl_typesupport_fastrtps_c.so
[1.732s] -- Up-to-date: /home/ehoaglin/ros2_ws/install/dingo_control_msg/lib/python3.12/site-packages/dingo_control_msg/msg
[1.732s] -- Up-to-date: /home/ehoaglin/ros2_ws/install/dingo_control_msg/lib/python3.12/site-packages/dingo_control_msg/msg/_joint_space.py
[1.732s] -- Up-to-date: /home/ehoaglin/ros2_ws/install/dingo_control_msg/lib/python3.12/site-packages/dingo_control_msg/msg/__init__.py
[1.733s] -- Up-to-date: /home/ehoaglin/ros2_ws/install/dingo_control_msg/lib/python3.12/site-packages/dingo_control_msg/msg/_task_space_s.c
[1.733s] -- Up-to-date: /home/ehoaglin/ros2_ws/install/dingo_control_msg/lib/python3.12/site-packages/dingo_control_msg/msg/_angle.py
[1.733s] -- Up-to-date: /home/ehoaglin/ros2_ws/install/dingo_control_msg/lib/python3.12/site-packages/dingo_control_msg/msg/_angle_s.c
[1.733s] -- Up-to-date: /home/ehoaglin/ros2_ws/install/dingo_control_msg/lib/python3.12/site-packages/dingo_control_msg/msg/_joint_space_s.c
[1.734s] -- Up-to-date: /home/ehoaglin/ros2_ws/install/dingo_control_msg/lib/python3.12/site-packages/dingo_control_msg/msg/_task_space.py
[1.734s] -- Up-to-date: /home/ehoaglin/ros2_ws/install/dingo_control_msg/lib/python3.12/site-packages/dingo_control_msg/_dingo_control_msg_s.ep.rosidl_typesupport_c.c
[1.845s] Listing '/home/ehoaglin/ros2_ws/install/dingo_control_msg/lib/python3.12/site-packages/dingo_control_msg'...
[1.846s] Listing '/home/ehoaglin/ros2_ws/install/dingo_control_msg/lib/python3.12/site-packages/dingo_control_msg/msg'...
[1.866s] -- Up-to-date: /home/ehoaglin/ros2_ws/install/dingo_control_msg/lib/python3.12/site-packages/dingo_control_msg/dingo_control_msg_s__rosidl_typesupport_fastrtps_c.so
[1.866s] -- Up-to-date: /home/ehoaglin/ros2_ws/install/dingo_control_msg/lib/python3.12/site-packages/dingo_control_msg/dingo_control_msg_s__rosidl_typesupport_introspection_c.so
[1.867s] -- Up-to-date: /home/ehoaglin/ros2_ws/install/dingo_control_msg/lib/python3.12/site-packages/dingo_control_msg/dingo_control_msg_s__rosidl_typesupport_c.so
[1.868s] -- Up-to-date: /home/ehoaglin/ros2_ws/install/dingo_control_msg/lib/libdingo_control_msg__rosidl_generator_py.so
[1.868s] -- Up-to-date: /home/ehoaglin/ros2_ws/install/dingo_control_msg/share/dingo_control_msg/msg/Angle.idl
[1.869s] -- Up-to-date: /home/ehoaglin/ros2_ws/install/dingo_control_msg/share/dingo_control_msg/msg/JointSpace.idl
[1.870s] -- Up-to-date: /home/ehoaglin/ros2_ws/install/dingo_control_msg/share/dingo_control_msg/msg/TaskSpace.idl
[1.872s] -- Up-to-date: /home/ehoaglin/ros2_ws/install/dingo_control_msg/share/dingo_control_msg/msg/Angle.msg
[1.874s] -- Up-to-date: /home/ehoaglin/ros2_ws/install/dingo_control_msg/share/dingo_control_msg/msg/JointSpace.msg
[1.876s] -- Up-to-date: /home/ehoaglin/ros2_ws/install/dingo_control_msg/share/dingo_control_msg/msg/TaskSpace.msg
[1.876s] -- Up-to-date: /home/ehoaglin/ros2_ws/install/dingo_control_msg/share/ament_index/resource_index/package_run_dependencies/dingo_control_msg
[1.877s] -- Up-to-date: /home/ehoaglin/ros2_ws/install/dingo_control_msg/share/ament_index/resource_index/parent_prefix_path/dingo_control_msg
[1.877s] -- Up-to-date: /home/ehoaglin/ros2_ws/install/dingo_control_msg/share/dingo_control_msg/environment/ament_prefix_path.sh
[1.878s] -- Up-to-date: /home/ehoaglin/ros2_ws/install/dingo_control_msg/share/dingo_control_msg/environment/ament_prefix_path.dsv
[1.879s] -- Up-to-date: /home/ehoaglin/ros2_ws/install/dingo_control_msg/share/dingo_control_msg/environment/path.sh
[1.879s] -- Up-to-date: /home/ehoaglin/ros2_ws/install/dingo_control_msg/share/dingo_control_msg/environment/path.dsv
[1.880s] -- Up-to-date: /home/ehoaglin/ros2_ws/install/dingo_control_msg/share/dingo_control_msg/local_setup.bash
[1.880s] -- Up-to-date: /home/ehoaglin/ros2_ws/install/dingo_control_msg/share/dingo_control_msg/local_setup.sh
[1.881s] -- Up-to-date: /home/ehoaglin/ros2_ws/install/dingo_control_msg/share/dingo_control_msg/local_setup.zsh
[1.882s] -- Up-to-date: /home/ehoaglin/ros2_ws/install/dingo_control_msg/share/dingo_control_msg/local_setup.dsv
[1.883s] -- Installing: /home/ehoaglin/ros2_ws/install/dingo_control_msg/share/dingo_control_msg/package.dsv
[1.883s] -- Up-to-date: /home/ehoaglin/ros2_ws/install/dingo_control_msg/share/ament_index/resource_index/packages/dingo_control_msg
[1.884s] -- Up-to-date: /home/ehoaglin/ros2_ws/install/dingo_control_msg/share/dingo_control_msg/cmake/export_dingo_control_msg__rosidl_generator_cExport.cmake
[1.885s] -- Up-to-date: /home/ehoaglin/ros2_ws/install/dingo_control_msg/share/dingo_control_msg/cmake/export_dingo_control_msg__rosidl_generator_cExport-noconfig.cmake
[1.887s] -- Up-to-date: /home/ehoaglin/ros2_ws/install/dingo_control_msg/share/dingo_control_msg/cmake/export_dingo_control_msg__rosidl_typesupport_fastrtps_cExport.cmake
[1.888s] -- Up-to-date: /home/ehoaglin/ros2_ws/install/dingo_control_msg/share/dingo_control_msg/cmake/export_dingo_control_msg__rosidl_typesupport_fastrtps_cExport-noconfig.cmake
[1.888s] -- Up-to-date: /home/ehoaglin/ros2_ws/install/dingo_control_msg/share/dingo_control_msg/cmake/export_dingo_control_msg__rosidl_generator_cppExport.cmake
[1.889s] -- Up-to-date: /home/ehoaglin/ros2_ws/install/dingo_control_msg/share/dingo_control_msg/cmake/export_dingo_control_msg__rosidl_typesupport_fastrtps_cppExport.cmake
[1.890s] -- Up-to-date: /home/ehoaglin/ros2_ws/install/dingo_control_msg/share/dingo_control_msg/cmake/export_dingo_control_msg__rosidl_typesupport_fastrtps_cppExport-noconfig.cmake
[1.890s] -- Up-to-date: /home/ehoaglin/ros2_ws/install/dingo_control_msg/share/dingo_control_msg/cmake/dingo_control_msg__rosidl_typesupport_introspection_cExport.cmake
[1.890s] -- Up-to-date: /home/ehoaglin/ros2_ws/install/dingo_control_msg/share/dingo_control_msg/cmake/dingo_control_msg__rosidl_typesupport_introspection_cExport-noconfig.cmake
[1.891s] -- Up-to-date: /home/ehoaglin/ros2_ws/install/dingo_control_msg/share/dingo_control_msg/cmake/dingo_control_msg__rosidl_typesupport_cExport.cmake
[1.891s] -- Up-to-date: /home/ehoaglin/ros2_ws/install/dingo_control_msg/share/dingo_control_msg/cmake/dingo_control_msg__rosidl_typesupport_cExport-noconfig.cmake
[1.892s] -- Up-to-date: /home/ehoaglin/ros2_ws/install/dingo_control_msg/share/dingo_control_msg/cmake/dingo_control_msg__rosidl_typesupport_introspection_cppExport.cmake
[1.892s] -- Up-to-date: /home/ehoaglin/ros2_ws/install/dingo_control_msg/share/dingo_control_msg/cmake/dingo_control_msg__rosidl_typesupport_introspection_cppExport-noconfig.cmake
[1.893s] -- Up-to-date: /home/ehoaglin/ros2_ws/install/dingo_control_msg/share/dingo_control_msg/cmake/dingo_control_msg__rosidl_typesupport_cppExport.cmake
[1.893s] -- Up-to-date: /home/ehoaglin/ros2_ws/install/dingo_control_msg/share/dingo_control_msg/cmake/dingo_control_msg__rosidl_typesupport_cppExport-noconfig.cmake
[1.893s] -- Up-to-date: /home/ehoaglin/ros2_ws/install/dingo_control_msg/share/dingo_control_msg/cmake/export_dingo_control_msg__rosidl_generator_pyExport.cmake
[1.894s] -- Up-to-date: /home/ehoaglin/ros2_ws/install/dingo_control_msg/share/dingo_control_msg/cmake/export_dingo_control_msg__rosidl_generator_pyExport-noconfig.cmake
[1.894s] -- Up-to-date: /home/ehoaglin/ros2_ws/install/dingo_control_msg/share/dingo_control_msg/cmake/rosidl_cmake-extras.cmake
[1.895s] -- Up-to-date: /home/ehoaglin/ros2_ws/install/dingo_control_msg/share/dingo_control_msg/cmake/ament_cmake_export_dependencies-extras.cmake
[1.895s] -- Up-to-date: /home/ehoaglin/ros2_ws/install/dingo_control_msg/share/dingo_control_msg/cmake/ament_cmake_export_include_directories-extras.cmake
[1.896s] -- Up-to-date: /home/ehoaglin/ros2_ws/install/dingo_control_msg/share/dingo_control_msg/cmake/ament_cmake_export_libraries-extras.cmake
[1.898s] -- Up-to-date: /home/ehoaglin/ros2_ws/install/dingo_control_msg/share/dingo_control_msg/cmake/ament_cmake_export_targets-extras.cmake
[1.899s] -- Up-to-date: /home/ehoaglin/ros2_ws/install/dingo_control_msg/share/dingo_control_msg/cmake/rosidl_cmake_export_typesupport_targets-extras.cmake
[1.899s] -- Up-to-date: /home/ehoaglin/ros2_ws/install/dingo_control_msg/share/dingo_control_msg/cmake/rosidl_cmake_export_typesupport_libraries-extras.cmake
[1.900s] -- Up-to-date: /home/ehoaglin/ros2_ws/install/dingo_control_msg/share/dingo_control_msg/cmake/dingo_control_msgConfig.cmake
[1.901s] -- Up-to-date: /home/ehoaglin/ros2_ws/install/dingo_control_msg/share/dingo_control_msg/cmake/dingo_control_msgConfig-version.cmake
[1.901s] -- Up-to-date: /home/ehoaglin/ros2_ws/install/dingo_control_msg/share/dingo_control_msg/package.xml
[2.016s] Invoked command in '/home/ehoaglin/ros2_ws/build/dingo_control_msg' returned '0': CMAKE_PREFIX_PATH=${CMAKE_PREFIX_PATH}:/home/ehoaglin/ros2_ws/install/dualsense_interface:/opt/ros/jazzy /usr/bin/cmake --install /home/ehoaglin/ros2_ws/build/dingo_control_msg
