[1.427s] Invoking command in '/home/ehoaglin/ros2_ws/build/dingo_control': CMAKE_PREFIX_PATH=/home/ehoaglin/ros2_ws/install/dingo_servo_interfacing:/home/ehoaglin/ros2_ws/install/dingo_peripheral_interfacing_msg:/home/ehoaglin/ros2_ws/install/dingo_peripheral_interfacing:/home/ehoaglin/ros2_ws/install/dingo_hardware_config:/home/ehoaglin/ros2_ws/install/dingo_control_msg:/home/ehoaglin/ros2_ws/install/ros2_fundamentals_examples:/home/ehoaglin/ros2_ws/install/dingo:/home/ehoaglin/ros2_ws/install/dingo_control:/home/ehoaglin/ros2_ws/install/dingo_pybullet:/home/ehoaglin/ros2_ws/install/dingo_input_interfacing:/home/ehoaglin/ros2_ws/install/dingo_description:/opt/ros/jazzy/opt/gz_sim_vendor:/opt/ros/jazzy/opt/gz_sensors_vendor:/opt/ros/jazzy/opt/gz_physics_vendor:/opt/ros/jazzy/opt/sdformat_vendor:/opt/ros/jazzy/opt/gz_gui_vendor:/opt/ros/jazzy/opt/gz_transport_vendor:/opt/ros/jazzy/opt/gz_rendering_vendor:/opt/ros/jazzy/opt/gz_plugin_vendor:/opt/ros/jazzy/opt/gz_fuel_tools_vendor:/opt/ros/jazzy/opt/gz_msgs_vendor:/opt/ros/jazzy/opt/gz_common_vendor:/opt/ros/jazzy/opt/gz_math_vendor:/opt/ros/jazzy/opt/gz_utils_vendor:/opt/ros/jazzy/opt/gz_tools_vendor:/opt/ros/jazzy/opt/gz_ogre_next_vendor:/opt/ros/jazzy/opt/gz_dartsim_vendor:/opt/ros/jazzy/opt/gz_cmake_vendor:/home/ehoaglin/ros2_ws/install/dualsense_interface:/opt/ros/jazzy PYTHONPATH=/home/ehoaglin/ros2_ws/install/dingo_servo_interfacing/lib/python3.12/site-packages:/home/ehoaglin/ros2_ws/install/dingo_peripheral_interfacing_msg/lib/python3.12/site-packages:/home/ehoaglin/ros2_ws/install/dingo_peripheral_interfacing/lib/python3.12/site-packages:/home/ehoaglin/ros2_ws/install/dingo_hardware_config/lib/python3.12/site-packages:/home/ehoaglin/ros2_ws/install/dingo_control_msg/lib/python3.12/site-packages:/home/ehoaglin/ros2_ws/install/ros2_fundamentals_examples/lib/python3.12/site-packages:/home/ehoaglin/ros2_ws/install/dualsense_interface/lib/python3.12/site-packages:/home/ehoaglin/ros2_ws/install/dingo/lib/python3.12/site-packages:/home/ehoaglin/ros2_ws/install/dingo_control/lib/python3.12/site-packages:/home/ehoaglin/ros2_ws/install/dingo_pybullet/lib/python3.12/site-packages:/home/ehoaglin/ros2_ws/install/dingo_input_interfacing/lib/python3.12/site-packages:/opt/ros/jazzy/lib/python3.12/site-packages /usr/bin/cmake --build /home/ehoaglin/ros2_ws/build/dingo_control -- -j12 -l12
[1.524s] Built target ament_cmake_python_copy_dingo_control
[2.019s] running egg_info
[2.064s] writing dingo_control.egg-info/PKG-INFO
[2.065s] writing dependency_links to dingo_control.egg-info/dependency_links.txt
[2.065s] writing top-level names to dingo_control.egg-info/top_level.txt
[2.185s] reading manifest file 'dingo_control.egg-info/SOURCES.txt'
[2.186s] writing manifest file 'dingo_control.egg-info/SOURCES.txt'
[2.230s] Built target ament_cmake_python_build_dingo_control_egg
[2.245s] Invoked command in '/home/ehoaglin/ros2_ws/build/dingo_control' returned '0': CMAKE_PREFIX_PATH=/home/ehoaglin/ros2_ws/install/dingo_servo_interfacing:/home/ehoaglin/ros2_ws/install/dingo_peripheral_interfacing_msg:/home/ehoaglin/ros2_ws/install/dingo_peripheral_interfacing:/home/ehoaglin/ros2_ws/install/dingo_hardware_config:/home/ehoaglin/ros2_ws/install/dingo_control_msg:/home/ehoaglin/ros2_ws/install/ros2_fundamentals_examples:/home/ehoaglin/ros2_ws/install/dingo:/home/ehoaglin/ros2_ws/install/dingo_control:/home/ehoaglin/ros2_ws/install/dingo_pybullet:/home/ehoaglin/ros2_ws/install/dingo_input_interfacing:/home/ehoaglin/ros2_ws/install/dingo_description:/opt/ros/jazzy/opt/gz_sim_vendor:/opt/ros/jazzy/opt/gz_sensors_vendor:/opt/ros/jazzy/opt/gz_physics_vendor:/opt/ros/jazzy/opt/sdformat_vendor:/opt/ros/jazzy/opt/gz_gui_vendor:/opt/ros/jazzy/opt/gz_transport_vendor:/opt/ros/jazzy/opt/gz_rendering_vendor:/opt/ros/jazzy/opt/gz_plugin_vendor:/opt/ros/jazzy/opt/gz_fuel_tools_vendor:/opt/ros/jazzy/opt/gz_msgs_vendor:/opt/ros/jazzy/opt/gz_common_vendor:/opt/ros/jazzy/opt/gz_math_vendor:/opt/ros/jazzy/opt/gz_utils_vendor:/opt/ros/jazzy/opt/gz_tools_vendor:/opt/ros/jazzy/opt/gz_ogre_next_vendor:/opt/ros/jazzy/opt/gz_dartsim_vendor:/opt/ros/jazzy/opt/gz_cmake_vendor:/home/ehoaglin/ros2_ws/install/dualsense_interface:/opt/ros/jazzy PYTHONPATH=/home/ehoaglin/ros2_ws/install/dingo_servo_interfacing/lib/python3.12/site-packages:/home/ehoaglin/ros2_ws/install/dingo_peripheral_interfacing_msg/lib/python3.12/site-packages:/home/ehoaglin/ros2_ws/install/dingo_peripheral_interfacing/lib/python3.12/site-packages:/home/ehoaglin/ros2_ws/install/dingo_hardware_config/lib/python3.12/site-packages:/home/ehoaglin/ros2_ws/install/dingo_control_msg/lib/python3.12/site-packages:/home/ehoaglin/ros2_ws/install/ros2_fundamentals_examples/lib/python3.12/site-packages:/home/ehoaglin/ros2_ws/install/dualsense_interface/lib/python3.12/site-packages:/home/ehoaglin/ros2_ws/install/dingo/lib/python3.12/site-packages:/home/ehoaglin/ros2_ws/install/dingo_control/lib/python3.12/site-packages:/home/ehoaglin/ros2_ws/install/dingo_pybullet/lib/python3.12/site-packages:/home/ehoaglin/ros2_ws/install/dingo_input_interfacing/lib/python3.12/site-packages:/opt/ros/jazzy/lib/python3.12/site-packages /usr/bin/cmake --build /home/ehoaglin/ros2_ws/build/dingo_control -- -j12 -l12
[2.247s] Invoking command in '/home/ehoaglin/ros2_ws/build/dingo_control': CMAKE_PREFIX_PATH=/home/ehoaglin/ros2_ws/install/dingo_servo_interfacing:/home/ehoaglin/ros2_ws/install/dingo_peripheral_interfacing_msg:/home/ehoaglin/ros2_ws/install/dingo_peripheral_interfacing:/home/ehoaglin/ros2_ws/install/dingo_hardware_config:/home/ehoaglin/ros2_ws/install/dingo_control_msg:/home/ehoaglin/ros2_ws/install/ros2_fundamentals_examples:/home/ehoaglin/ros2_ws/install/dingo:/home/ehoaglin/ros2_ws/install/dingo_control:/home/ehoaglin/ros2_ws/install/dingo_pybullet:/home/ehoaglin/ros2_ws/install/dingo_input_interfacing:/home/ehoaglin/ros2_ws/install/dingo_description:/opt/ros/jazzy/opt/gz_sim_vendor:/opt/ros/jazzy/opt/gz_sensors_vendor:/opt/ros/jazzy/opt/gz_physics_vendor:/opt/ros/jazzy/opt/sdformat_vendor:/opt/ros/jazzy/opt/gz_gui_vendor:/opt/ros/jazzy/opt/gz_transport_vendor:/opt/ros/jazzy/opt/gz_rendering_vendor:/opt/ros/jazzy/opt/gz_plugin_vendor:/opt/ros/jazzy/opt/gz_fuel_tools_vendor:/opt/ros/jazzy/opt/gz_msgs_vendor:/opt/ros/jazzy/opt/gz_common_vendor:/opt/ros/jazzy/opt/gz_math_vendor:/opt/ros/jazzy/opt/gz_utils_vendor:/opt/ros/jazzy/opt/gz_tools_vendor:/opt/ros/jazzy/opt/gz_ogre_next_vendor:/opt/ros/jazzy/opt/gz_dartsim_vendor:/opt/ros/jazzy/opt/gz_cmake_vendor:/home/ehoaglin/ros2_ws/install/dualsense_interface:/opt/ros/jazzy PYTHONPATH=/home/ehoaglin/ros2_ws/install/dingo_servo_interfacing/lib/python3.12/site-packages:/home/ehoaglin/ros2_ws/install/dingo_peripheral_interfacing_msg/lib/python3.12/site-packages:/home/ehoaglin/ros2_ws/install/dingo_peripheral_interfacing/lib/python3.12/site-packages:/home/ehoaglin/ros2_ws/install/dingo_hardware_config/lib/python3.12/site-packages:/home/ehoaglin/ros2_ws/install/dingo_control_msg/lib/python3.12/site-packages:/home/ehoaglin/ros2_ws/install/ros2_fundamentals_examples/lib/python3.12/site-packages:/home/ehoaglin/ros2_ws/install/dualsense_interface/lib/python3.12/site-packages:/home/ehoaglin/ros2_ws/install/dingo/lib/python3.12/site-packages:/home/ehoaglin/ros2_ws/install/dingo_control/lib/python3.12/site-packages:/home/ehoaglin/ros2_ws/install/dingo_pybullet/lib/python3.12/site-packages:/home/ehoaglin/ros2_ws/install/dingo_input_interfacing/lib/python3.12/site-packages:/opt/ros/jazzy/lib/python3.12/site-packages /usr/bin/cmake --install /home/ehoaglin/ros2_ws/build/dingo_control
[2.258s] -- Install configuration: ""
[2.258s] -- Up-to-date: /home/ehoaglin/ros2_ws/install/dingo_control/share/dingo_control/environment/pythonpath.sh
[2.259s] -- Up-to-date: /home/ehoaglin/ros2_ws/install/dingo_control/share/dingo_control/environment/pythonpath.dsv
[2.259s] -- Up-to-date: /home/ehoaglin/ros2_ws/install/dingo_control/lib/python3.12/site-packages/dingo_control-0.0.0-py3.12.egg-info
[2.259s] -- Installing: /home/ehoaglin/ros2_ws/install/dingo_control/lib/python3.12/site-packages/dingo_control-0.0.0-py3.12.egg-info/top_level.txt
[2.260s] -- Installing: /home/ehoaglin/ros2_ws/install/dingo_control/lib/python3.12/site-packages/dingo_control-0.0.0-py3.12.egg-info/dependency_links.txt
[2.261s] -- Installing: /home/ehoaglin/ros2_ws/install/dingo_control/lib/python3.12/site-packages/dingo_control-0.0.0-py3.12.egg-info/SOURCES.txt
[2.261s] -- Installing: /home/ehoaglin/ros2_ws/install/dingo_control/lib/python3.12/site-packages/dingo_control-0.0.0-py3.12.egg-info/PKG-INFO
[2.261s] -- Up-to-date: /home/ehoaglin/ros2_ws/install/dingo_control/lib/python3.12/site-packages/dingo_control
[2.261s] -- Up-to-date: /home/ehoaglin/ros2_ws/install/dingo_control/lib/python3.12/site-packages/dingo_control/util.py
[2.261s] -- Up-to-date: /home/ehoaglin/ros2_ws/install/dingo_control/lib/python3.12/site-packages/dingo_control/__init__.py
[2.261s] -- Up-to-date: /home/ehoaglin/ros2_ws/install/dingo_control/lib/python3.12/site-packages/dingo_control/State.py
[2.261s] -- Up-to-date: /home/ehoaglin/ros2_ws/install/dingo_control/lib/python3.12/site-packages/dingo_control/Kinematics.py
[2.261s] -- Up-to-date: /home/ehoaglin/ros2_ws/install/dingo_control/lib/python3.12/site-packages/dingo_control/dingo_utilities
[2.261s] -- Up-to-date: /home/ehoaglin/ros2_ws/install/dingo_control/lib/python3.12/site-packages/dingo_control/dingo_utilities/CMakeLists.txt
[2.262s] -- Up-to-date: /home/ehoaglin/ros2_ws/install/dingo_control/lib/python3.12/site-packages/dingo_control/dingo_utilities/package.xml
[2.262s] -- Up-to-date: /home/ehoaglin/ros2_ws/install/dingo_control/lib/python3.12/site-packages/dingo_control/dingo_utilities/Open Notebook.onetoc2
[2.262s] -- Up-to-date: /home/ehoaglin/ros2_ws/install/dingo_control/lib/python3.12/site-packages/dingo_control/dingo_utilities/src
[2.262s] -- Up-to-date: /home/ehoaglin/ros2_ws/install/dingo_control/lib/python3.12/site-packages/dingo_control/dingo_utilities/src/dingo_utilities
[2.262s] -- Up-to-date: /home/ehoaglin/ros2_ws/install/dingo_control/lib/python3.12/site-packages/dingo_control/dingo_utilities/src/dingo_utilities/__init__.py
[2.262s] -- Up-to-date: /home/ehoaglin/ros2_ws/install/dingo_control/lib/python3.12/site-packages/dingo_control/dingo_utilities/src/dingo_utilities/Tests.py
[2.262s] -- Up-to-date: /home/ehoaglin/ros2_ws/install/dingo_control/lib/python3.12/site-packages/dingo_control/dingo_utilities/src/dingo_utilities/Utilities.py
[2.262s] -- Up-to-date: /home/ehoaglin/ros2_ws/install/dingo_control/lib/python3.12/site-packages/dingo_control/dingo_utilities/src/dingo_utilities/Open Notebook.onetoc2
[2.263s] -- Up-to-date: /home/ehoaglin/ros2_ws/install/dingo_control/lib/python3.12/site-packages/dingo_control/dingo_utilities/src/Open Notebook.onetoc2
[2.263s] -- Up-to-date: /home/ehoaglin/ros2_ws/install/dingo_control/lib/python3.12/site-packages/dingo_control/dingo_utilities/setup.py
[2.263s] -- Up-to-date: /home/ehoaglin/ros2_ws/install/dingo_control/lib/python3.12/site-packages/dingo_control/Controller.py
[2.263s] -- Up-to-date: /home/ehoaglin/ros2_ws/install/dingo_control/lib/python3.12/site-packages/dingo_control/Gaits.py
[2.263s] -- Up-to-date: /home/ehoaglin/ros2_ws/install/dingo_control/lib/python3.12/site-packages/dingo_control/StanceController.py
[2.263s] -- Up-to-date: /home/ehoaglin/ros2_ws/install/dingo_control/lib/python3.12/site-packages/dingo_control/SwingLegController.py
[2.264s] -- Installing: /home/ehoaglin/ros2_ws/install/dingo_control/lib/python3.12/site-packages/dingo_control/Config.py
[2.264s] -- Up-to-date: /home/ehoaglin/ros2_ws/install/dingo_control/lib/python3.12/site-packages/dingo_control/Command.py
[2.328s] Listing '/home/ehoaglin/ros2_ws/install/dingo_control/lib/python3.12/site-packages/dingo_control'...
[2.328s] Compiling '/home/ehoaglin/ros2_ws/install/dingo_control/lib/python3.12/site-packages/dingo_control/Config.py'...
[2.329s] Listing '/home/ehoaglin/ros2_ws/install/dingo_control/lib/python3.12/site-packages/dingo_control/dingo_utilities'...
[2.329s] Listing '/home/ehoaglin/ros2_ws/install/dingo_control/lib/python3.12/site-packages/dingo_control/dingo_utilities/src'...
[2.329s] Listing '/home/ehoaglin/ros2_ws/install/dingo_control/lib/python3.12/site-packages/dingo_control/dingo_utilities/src/dingo_utilities'...
[2.336s] -- Up-to-date: /home/ehoaglin/ros2_ws/install/dingo_control/share/ament_index/resource_index/package_run_dependencies/dingo_control
[2.337s] -- Up-to-date: /home/ehoaglin/ros2_ws/install/dingo_control/share/ament_index/resource_index/parent_prefix_path/dingo_control
[2.337s] -- Up-to-date: /home/ehoaglin/ros2_ws/install/dingo_control/share/dingo_control/environment/ament_prefix_path.sh
[2.337s] -- Up-to-date: /home/ehoaglin/ros2_ws/install/dingo_control/share/dingo_control/environment/ament_prefix_path.dsv
[2.338s] -- Up-to-date: /home/ehoaglin/ros2_ws/install/dingo_control/share/dingo_control/environment/path.sh
[2.338s] -- Up-to-date: /home/ehoaglin/ros2_ws/install/dingo_control/share/dingo_control/environment/path.dsv
[2.339s] -- Up-to-date: /home/ehoaglin/ros2_ws/install/dingo_control/share/dingo_control/local_setup.bash
[2.339s] -- Up-to-date: /home/ehoaglin/ros2_ws/install/dingo_control/share/dingo_control/local_setup.sh
[2.339s] -- Up-to-date: /home/ehoaglin/ros2_ws/install/dingo_control/share/dingo_control/local_setup.zsh
[2.340s] -- Up-to-date: /home/ehoaglin/ros2_ws/install/dingo_control/share/dingo_control/local_setup.dsv
[2.340s] -- Installing: /home/ehoaglin/ros2_ws/install/dingo_control/share/dingo_control/package.dsv
[2.341s] -- Up-to-date: /home/ehoaglin/ros2_ws/install/dingo_control/share/ament_index/resource_index/packages/dingo_control
[2.341s] -- Up-to-date: /home/ehoaglin/ros2_ws/install/dingo_control/share/dingo_control/cmake/dingo_controlConfig.cmake
[2.342s] -- Up-to-date: /home/ehoaglin/ros2_ws/install/dingo_control/share/dingo_control/cmake/dingo_controlConfig-version.cmake
[2.343s] -- Up-to-date: /home/ehoaglin/ros2_ws/install/dingo_control/share/dingo_control/package.xml
[2.345s] Invoked command in '/home/ehoaglin/ros2_ws/build/dingo_control' returned '0': CMAKE_PREFIX_PATH=/home/ehoaglin/ros2_ws/install/dingo_servo_interfacing:/home/ehoaglin/ros2_ws/install/dingo_peripheral_interfacing_msg:/home/ehoaglin/ros2_ws/install/dingo_peripheral_interfacing:/home/ehoaglin/ros2_ws/install/dingo_hardware_config:/home/ehoaglin/ros2_ws/install/dingo_control_msg:/home/ehoaglin/ros2_ws/install/ros2_fundamentals_examples:/home/ehoaglin/ros2_ws/install/dingo:/home/ehoaglin/ros2_ws/install/dingo_control:/home/ehoaglin/ros2_ws/install/dingo_pybullet:/home/ehoaglin/ros2_ws/install/dingo_input_interfacing:/home/ehoaglin/ros2_ws/install/dingo_description:/opt/ros/jazzy/opt/gz_sim_vendor:/opt/ros/jazzy/opt/gz_sensors_vendor:/opt/ros/jazzy/opt/gz_physics_vendor:/opt/ros/jazzy/opt/sdformat_vendor:/opt/ros/jazzy/opt/gz_gui_vendor:/opt/ros/jazzy/opt/gz_transport_vendor:/opt/ros/jazzy/opt/gz_rendering_vendor:/opt/ros/jazzy/opt/gz_plugin_vendor:/opt/ros/jazzy/opt/gz_fuel_tools_vendor:/opt/ros/jazzy/opt/gz_msgs_vendor:/opt/ros/jazzy/opt/gz_common_vendor:/opt/ros/jazzy/opt/gz_math_vendor:/opt/ros/jazzy/opt/gz_utils_vendor:/opt/ros/jazzy/opt/gz_tools_vendor:/opt/ros/jazzy/opt/gz_ogre_next_vendor:/opt/ros/jazzy/opt/gz_dartsim_vendor:/opt/ros/jazzy/opt/gz_cmake_vendor:/home/ehoaglin/ros2_ws/install/dualsense_interface:/opt/ros/jazzy PYTHONPATH=/home/ehoaglin/ros2_ws/install/dingo_servo_interfacing/lib/python3.12/site-packages:/home/ehoaglin/ros2_ws/install/dingo_peripheral_interfacing_msg/lib/python3.12/site-packages:/home/ehoaglin/ros2_ws/install/dingo_peripheral_interfacing/lib/python3.12/site-packages:/home/ehoaglin/ros2_ws/install/dingo_hardware_config/lib/python3.12/site-packages:/home/ehoaglin/ros2_ws/install/dingo_control_msg/lib/python3.12/site-packages:/home/ehoaglin/ros2_ws/install/ros2_fundamentals_examples/lib/python3.12/site-packages:/home/ehoaglin/ros2_ws/install/dualsense_interface/lib/python3.12/site-packages:/home/ehoaglin/ros2_ws/install/dingo/lib/python3.12/site-packages:/home/ehoaglin/ros2_ws/install/dingo_control/lib/python3.12/site-packages:/home/ehoaglin/ros2_ws/install/dingo_pybullet/lib/python3.12/site-packages:/home/ehoaglin/ros2_ws/install/dingo_input_interfacing/lib/python3.12/site-packages:/opt/ros/jazzy/lib/python3.12/site-packages /usr/bin/cmake --install /home/ehoaglin/ros2_ws/build/dingo_control
