[0.054s] Invoking command in '/home/ehoaglin/ros2_ws/build/dingo_pybullet': CMAKE_PREFIX_PATH=${CMAKE_PREFIX_PATH}:/opt/ros/jazzy /usr/bin/cmake --build /home/ehoaglin/ros2_ws/build/dingo_pybullet -- -j12 -l12
[0.134s] Built target ament_cmake_python_copy_dingo_pybullet
[0.543s] running egg_info
[0.591s] writing dingo_pybullet.egg-info/PKG-INFO
[0.591s] writing dependency_links to dingo_pybullet.egg-info/dependency_links.txt
[0.591s] writing top-level names to dingo_pybullet.egg-info/top_level.txt
[0.706s] reading manifest file 'dingo_pybullet.egg-info/SOURCES.txt'
[0.706s] writing manifest file 'dingo_pybullet.egg-info/SOURCES.txt'
[0.783s] Built target ament_cmake_python_build_dingo_pybullet_egg
[0.817s] Invoked command in '/home/ehoaglin/ros2_ws/build/dingo_pybullet' returned '0': CMAKE_PREFIX_PATH=${CMAKE_PREFIX_PATH}:/opt/ros/jazzy /usr/bin/cmake --build /home/ehoaglin/ros2_ws/build/dingo_pybullet -- -j12 -l12
[0.819s] Invoking command in '/home/ehoaglin/ros2_ws/build/dingo_pybullet': CMAKE_PREFIX_PATH=${CMAKE_PREFIX_PATH}:/opt/ros/jazzy /usr/bin/cmake --install /home/ehoaglin/ros2_ws/build/dingo_pybullet
[0.836s] -- Install configuration: ""
[0.836s] -- Installing: /home/ehoaglin/ros2_ws/install/dingo_pybullet/lib/dingo_pybullet/launch_robot.py
[0.836s] -- Up-to-date: /home/ehoaglin/ros2_ws/install/dingo_pybullet/lib/dingo_pybullet/pybullet_simulation.py
[0.836s] -- Up-to-date: /home/ehoaglin/ros2_ws/install/dingo_pybullet/share/dingo_pybullet/launch
[0.837s] -- Up-to-date: /home/ehoaglin/ros2_ws/install/dingo_pybullet/share/dingo_pybullet/launch/launch_simulation.py
[0.837s] -- Up-to-date: /home/ehoaglin/ros2_ws/install/dingo_pybullet/share/dingo_pybullet/launch/simulation.launch.py
[0.837s] -- Up-to-date: /home/ehoaglin/ros2_ws/install/dingo_pybullet/share/dingo_pybullet/environment/pythonpath.sh
[0.838s] -- Up-to-date: /home/ehoaglin/ros2_ws/install/dingo_pybullet/share/dingo_pybullet/environment/pythonpath.dsv
[0.838s] -- Up-to-date: /home/ehoaglin/ros2_ws/install/dingo_pybullet/lib/python3.12/site-packages/dingo_pybullet-1.0.0-py3.12.egg-info
[0.838s] -- Installing: /home/ehoaglin/ros2_ws/install/dingo_pybullet/lib/python3.12/site-packages/dingo_pybullet-1.0.0-py3.12.egg-info/top_level.txt
[0.838s] -- Installing: /home/ehoaglin/ros2_ws/install/dingo_pybullet/lib/python3.12/site-packages/dingo_pybullet-1.0.0-py3.12.egg-info/dependency_links.txt
[0.838s] -- Installing: /home/ehoaglin/ros2_ws/install/dingo_pybullet/lib/python3.12/site-packages/dingo_pybullet-1.0.0-py3.12.egg-info/SOURCES.txt
[0.839s] -- Installing: /home/ehoaglin/ros2_ws/install/dingo_pybullet/lib/python3.12/site-packages/dingo_pybullet-1.0.0-py3.12.egg-info/PKG-INFO
[0.839s] -- Up-to-date: /home/ehoaglin/ros2_ws/install/dingo_pybullet/lib/python3.12/site-packages/dingo_pybullet
[0.840s] -- Up-to-date: /home/ehoaglin/ros2_ws/install/dingo_pybullet/lib/python3.12/site-packages/dingo_pybullet/__init__.py
[0.840s] -- Up-to-date: /home/ehoaglin/ros2_ws/install/dingo_pybullet/lib/python3.12/site-packages/dingo_pybullet/scripts
[0.913s] Listing '/home/ehoaglin/ros2_ws/install/dingo_pybullet/lib/python3.12/site-packages/dingo_pybullet'...
[0.916s] -- Up-to-date: /home/ehoaglin/ros2_ws/install/dingo_pybullet/share/ament_index/resource_index/package_run_dependencies/dingo_pybullet
[0.916s] -- Up-to-date: /home/ehoaglin/ros2_ws/install/dingo_pybullet/share/ament_index/resource_index/parent_prefix_path/dingo_pybullet
[0.916s] -- Up-to-date: /home/ehoaglin/ros2_ws/install/dingo_pybullet/share/dingo_pybullet/environment/ament_prefix_path.sh
[0.917s] -- Up-to-date: /home/ehoaglin/ros2_ws/install/dingo_pybullet/share/dingo_pybullet/environment/ament_prefix_path.dsv
[0.917s] -- Up-to-date: /home/ehoaglin/ros2_ws/install/dingo_pybullet/share/dingo_pybullet/environment/path.sh
[0.917s] -- Up-to-date: /home/ehoaglin/ros2_ws/install/dingo_pybullet/share/dingo_pybullet/environment/path.dsv
[0.918s] -- Up-to-date: /home/ehoaglin/ros2_ws/install/dingo_pybullet/share/dingo_pybullet/local_setup.bash
[0.918s] -- Up-to-date: /home/ehoaglin/ros2_ws/install/dingo_pybullet/share/dingo_pybullet/local_setup.sh
[0.918s] -- Up-to-date: /home/ehoaglin/ros2_ws/install/dingo_pybullet/share/dingo_pybullet/local_setup.zsh
[0.919s] -- Up-to-date: /home/ehoaglin/ros2_ws/install/dingo_pybullet/share/dingo_pybullet/local_setup.dsv
[0.920s] -- Installing: /home/ehoaglin/ros2_ws/install/dingo_pybullet/share/dingo_pybullet/package.dsv
[0.920s] -- Up-to-date: /home/ehoaglin/ros2_ws/install/dingo_pybullet/share/ament_index/resource_index/packages/dingo_pybullet
[0.920s] -- Up-to-date: /home/ehoaglin/ros2_ws/install/dingo_pybullet/share/dingo_pybullet/cmake/dingo_pybulletConfig.cmake
[0.921s] -- Up-to-date: /home/ehoaglin/ros2_ws/install/dingo_pybullet/share/dingo_pybullet/cmake/dingo_pybulletConfig-version.cmake
[0.921s] -- Up-to-date: /home/ehoaglin/ros2_ws/install/dingo_pybullet/share/dingo_pybullet/package.xml
[0.936s] Invoked command in '/home/ehoaglin/ros2_ws/build/dingo_pybullet' returned '0': CMAKE_PREFIX_PATH=${CMAKE_PREFIX_PATH}:/opt/ros/jazzy /usr/bin/cmake --install /home/ehoaglin/ros2_ws/build/dingo_pybullet
