[0.053s] Invoking command in '/home/ehoaglin/ros2_ws/build/dingo_servo_interfacing': CMAKE_PREFIX_PATH=${CMAKE_PREFIX_PATH}:/opt/ros/jazzy /usr/bin/cmake --build /home/ehoaglin/ros2_ws/build/dingo_servo_interfacing -- -j12 -l12
[0.148s] Built target ament_cmake_python_copy_dingo_servo_interfacing
[0.617s] running egg_info
[0.663s] writing dingo_servo_interfacing.egg-info/PKG-INFO
[0.663s] writing dependency_links to dingo_servo_interfacing.egg-info/dependency_links.txt
[0.664s] writing top-level names to dingo_servo_interfacing.egg-info/top_level.txt
[0.786s] reading manifest file 'dingo_servo_interfacing.egg-info/SOURCES.txt'
[0.787s] writing manifest file 'dingo_servo_interfacing.egg-info/SOURCES.txt'
[0.859s] Built target ament_cmake_python_build_dingo_servo_interfacing_egg
[0.879s] Invoked command in '/home/ehoaglin/ros2_ws/build/dingo_servo_interfacing' returned '0': CMAKE_PREFIX_PATH=${CMAKE_PREFIX_PATH}:/opt/ros/jazzy /usr/bin/cmake --build /home/ehoaglin/ros2_ws/build/dingo_servo_interfacing -- -j12 -l12
[0.880s] Invoking command in '/home/ehoaglin/ros2_ws/build/dingo_servo_interfacing': CMAKE_PREFIX_PATH=${CMAKE_PREFIX_PATH}:/opt/ros/jazzy /usr/bin/cmake --install /home/ehoaglin/ros2_ws/build/dingo_servo_interfacing
[0.892s] -- Install configuration: ""
[0.893s] -- Up-to-date: /home/ehoaglin/ros2_ws/install/dingo_servo_interfacing/share/dingo_servo_interfacing/environment/pythonpath.sh
[0.893s] -- Up-to-date: /home/ehoaglin/ros2_ws/install/dingo_servo_interfacing/share/dingo_servo_interfacing/environment/pythonpath.dsv
[0.893s] -- Up-to-date: /home/ehoaglin/ros2_ws/install/dingo_servo_interfacing/lib/python3.12/site-packages/dingo_servo_interfacing-0.0.0-py3.12.egg-info
[0.893s] -- Installing: /home/ehoaglin/ros2_ws/install/dingo_servo_interfacing/lib/python3.12/site-packages/dingo_servo_interfacing-0.0.0-py3.12.egg-info/top_level.txt
[0.893s] -- Installing: /home/ehoaglin/ros2_ws/install/dingo_servo_interfacing/lib/python3.12/site-packages/dingo_servo_interfacing-0.0.0-py3.12.egg-info/dependency_links.txt
[0.893s] -- Installing: /home/ehoaglin/ros2_ws/install/dingo_servo_interfacing/lib/python3.12/site-packages/dingo_servo_interfacing-0.0.0-py3.12.egg-info/SOURCES.txt
[0.894s] -- Installing: /home/ehoaglin/ros2_ws/install/dingo_servo_interfacing/lib/python3.12/site-packages/dingo_servo_interfacing-0.0.0-py3.12.egg-info/PKG-INFO
[0.894s] -- Up-to-date: /home/ehoaglin/ros2_ws/install/dingo_servo_interfacing/lib/python3.12/site-packages/dingo_servo_interfacing
[0.894s] -- Up-to-date: /home/ehoaglin/ros2_ws/install/dingo_servo_interfacing/lib/python3.12/site-packages/dingo_servo_interfacing/CalibrateServos.py
[0.895s] -- Up-to-date: /home/ehoaglin/ros2_ws/install/dingo_servo_interfacing/lib/python3.12/site-packages/dingo_servo_interfacing/__init__.py
[0.895s] -- Up-to-date: /home/ehoaglin/ros2_ws/install/dingo_servo_interfacing/lib/python3.12/site-packages/dingo_servo_interfacing/ServoCalibrationDefinition.py
[0.895s] -- Up-to-date: /home/ehoaglin/ros2_ws/install/dingo_servo_interfacing/lib/python3.12/site-packages/dingo_servo_interfacing/HardwareInterface.py
[0.972s] Listing '/home/ehoaglin/ros2_ws/install/dingo_servo_interfacing/lib/python3.12/site-packages/dingo_servo_interfacing'...
[0.979s] -- Up-to-date: /home/ehoaglin/ros2_ws/install/dingo_servo_interfacing/share/ament_index/resource_index/package_run_dependencies/dingo_servo_interfacing
[0.980s] -- Up-to-date: /home/ehoaglin/ros2_ws/install/dingo_servo_interfacing/share/ament_index/resource_index/parent_prefix_path/dingo_servo_interfacing
[0.981s] -- Up-to-date: /home/ehoaglin/ros2_ws/install/dingo_servo_interfacing/share/dingo_servo_interfacing/environment/ament_prefix_path.sh
[0.981s] -- Up-to-date: /home/ehoaglin/ros2_ws/install/dingo_servo_interfacing/share/dingo_servo_interfacing/environment/ament_prefix_path.dsv
[0.982s] -- Up-to-date: /home/ehoaglin/ros2_ws/install/dingo_servo_interfacing/share/dingo_servo_interfacing/environment/path.sh
[0.982s] -- Up-to-date: /home/ehoaglin/ros2_ws/install/dingo_servo_interfacing/share/dingo_servo_interfacing/environment/path.dsv
[0.982s] -- Up-to-date: /home/ehoaglin/ros2_ws/install/dingo_servo_interfacing/share/dingo_servo_interfacing/local_setup.bash
[0.982s] -- Up-to-date: /home/ehoaglin/ros2_ws/install/dingo_servo_interfacing/share/dingo_servo_interfacing/local_setup.sh
[0.983s] -- Up-to-date: /home/ehoaglin/ros2_ws/install/dingo_servo_interfacing/share/dingo_servo_interfacing/local_setup.zsh
[0.983s] -- Up-to-date: /home/ehoaglin/ros2_ws/install/dingo_servo_interfacing/share/dingo_servo_interfacing/local_setup.dsv
[0.983s] -- Installing: /home/ehoaglin/ros2_ws/install/dingo_servo_interfacing/share/dingo_servo_interfacing/package.dsv
[0.983s] -- Up-to-date: /home/ehoaglin/ros2_ws/install/dingo_servo_interfacing/share/ament_index/resource_index/packages/dingo_servo_interfacing
[0.983s] -- Up-to-date: /home/ehoaglin/ros2_ws/install/dingo_servo_interfacing/share/dingo_servo_interfacing/cmake/dingo_servo_interfacingConfig.cmake
[0.984s] -- Up-to-date: /home/ehoaglin/ros2_ws/install/dingo_servo_interfacing/share/dingo_servo_interfacing/cmake/dingo_servo_interfacingConfig-version.cmake
[0.984s] -- Up-to-date: /home/ehoaglin/ros2_ws/install/dingo_servo_interfacing/share/dingo_servo_interfacing/package.xml
[1.089s] Invoked command in '/home/ehoaglin/ros2_ws/build/dingo_servo_interfacing' returned '0': CMAKE_PREFIX_PATH=${CMAKE_PREFIX_PATH}:/opt/ros/jazzy /usr/bin/cmake --install /home/ehoaglin/ros2_ws/build/dingo_servo_interfacing
