[0.877s] Invoking command in '/home/ehoaglin/ros2_ws/build/dingo': CMAKE_PREFIX_PATH=/home/ehoaglin/ros2_ws/install/dingo_input_interfacing:/home/ehoaglin/ros2_ws/install/dingo_control:/home/ehoaglin/ros2_ws/install/dingo_servo_interfacing:/home/ehoaglin/ros2_ws/install/dingo_peripheral_interfacing_msg:/home/ehoaglin/ros2_ws/install/dingo_peripheral_interfacing:/home/ehoaglin/ros2_ws/install/dingo_hardware_config:/home/ehoaglin/ros2_ws/install/dingo_control_msg:/home/ehoaglin/ros2_ws/install/ros2_fundamentals_examples:/home/ehoaglin/ros2_ws/install/dingo:/home/ehoaglin/ros2_ws/install/dingo_pybullet:/opt/ros/jazzy:/home/ehoaglin/ros2_ws/install/dingo_description:/opt/ros/jazzy/opt/gz_sim_vendor:/opt/ros/jazzy/opt/gz_sensors_vendor:/opt/ros/jazzy/opt/gz_physics_vendor:/opt/ros/jazzy/opt/sdformat_vendor:/opt/ros/jazzy/opt/gz_gui_vendor:/opt/ros/jazzy/opt/gz_transport_vendor:/opt/ros/jazzy/opt/gz_rendering_vendor:/opt/ros/jazzy/opt/gz_plugin_vendor:/opt/ros/jazzy/opt/gz_fuel_tools_vendor:/opt/ros/jazzy/opt/gz_msgs_vendor:/opt/ros/jazzy/opt/gz_common_vendor:/opt/ros/jazzy/opt/gz_math_vendor:/opt/ros/jazzy/opt/gz_utils_vendor:/opt/ros/jazzy/opt/gz_tools_vendor:/opt/ros/jazzy/opt/gz_ogre_next_vendor:/opt/ros/jazzy/opt/gz_dartsim_vendor:/opt/ros/jazzy/opt/gz_cmake_vendor PYTHONPATH=/home/ehoaglin/ros2_ws/install/dingo_input_interfacing/lib/python3.12/site-packages:/home/ehoaglin/ros2_ws/install/dingo_control/lib/python3.12/site-packages:/home/ehoaglin/ros2_ws/install/dingo_servo_interfacing/lib/python3.12/site-packages:/home/ehoaglin/ros2_ws/install/dingo_peripheral_interfacing_msg/lib/python3.12/site-packages:/home/ehoaglin/ros2_ws/install/dingo_peripheral_interfacing/lib/python3.12/site-packages:/home/ehoaglin/ros2_ws/install/dingo_hardware_config/lib/python3.12/site-packages:/home/ehoaglin/ros2_ws/install/dingo_control_msg/lib/python3.12/site-packages:/home/ehoaglin/ros2_ws/install/ros2_fundamentals_examples/lib/python3.12/site-packages:/home/ehoaglin/ros2_ws/install/dingo/lib/python3.12/site-packages:/home/ehoaglin/ros2_ws/install/dingo_pybullet/lib/python3.12/site-packages:/opt/ros/jazzy/lib/python3.12/site-packages VIRTUAL_ENV_PROMPT=(myenv) /usr/bin/cmake --build /home/ehoaglin/ros2_ws/build/dingo -- -j12 -l12
[0.936s] Built target ament_cmake_python_copy_dingo
[1.186s] running egg_info
[1.207s] writing dingo.egg-info/PKG-INFO
[1.208s] writing dependency_links to dingo.egg-info/dependency_links.txt
[1.208s] writing top-level names to dingo.egg-info/top_level.txt
[1.269s] reading manifest file 'dingo.egg-info/SOURCES.txt'
[1.270s] writing manifest file 'dingo.egg-info/SOURCES.txt'
[1.294s] Built target ament_cmake_python_build_dingo_egg
[1.302s] Invoked command in '/home/ehoaglin/ros2_ws/build/dingo' returned '0': CMAKE_PREFIX_PATH=/home/ehoaglin/ros2_ws/install/dingo_input_interfacing:/home/ehoaglin/ros2_ws/install/dingo_control:/home/ehoaglin/ros2_ws/install/dingo_servo_interfacing:/home/ehoaglin/ros2_ws/install/dingo_peripheral_interfacing_msg:/home/ehoaglin/ros2_ws/install/dingo_peripheral_interfacing:/home/ehoaglin/ros2_ws/install/dingo_hardware_config:/home/ehoaglin/ros2_ws/install/dingo_control_msg:/home/ehoaglin/ros2_ws/install/ros2_fundamentals_examples:/home/ehoaglin/ros2_ws/install/dingo:/home/ehoaglin/ros2_ws/install/dingo_pybullet:/opt/ros/jazzy:/home/ehoaglin/ros2_ws/install/dingo_description:/opt/ros/jazzy/opt/gz_sim_vendor:/opt/ros/jazzy/opt/gz_sensors_vendor:/opt/ros/jazzy/opt/gz_physics_vendor:/opt/ros/jazzy/opt/sdformat_vendor:/opt/ros/jazzy/opt/gz_gui_vendor:/opt/ros/jazzy/opt/gz_transport_vendor:/opt/ros/jazzy/opt/gz_rendering_vendor:/opt/ros/jazzy/opt/gz_plugin_vendor:/opt/ros/jazzy/opt/gz_fuel_tools_vendor:/opt/ros/jazzy/opt/gz_msgs_vendor:/opt/ros/jazzy/opt/gz_common_vendor:/opt/ros/jazzy/opt/gz_math_vendor:/opt/ros/jazzy/opt/gz_utils_vendor:/opt/ros/jazzy/opt/gz_tools_vendor:/opt/ros/jazzy/opt/gz_ogre_next_vendor:/opt/ros/jazzy/opt/gz_dartsim_vendor:/opt/ros/jazzy/opt/gz_cmake_vendor PYTHONPATH=/home/ehoaglin/ros2_ws/install/dingo_input_interfacing/lib/python3.12/site-packages:/home/ehoaglin/ros2_ws/install/dingo_control/lib/python3.12/site-packages:/home/ehoaglin/ros2_ws/install/dingo_servo_interfacing/lib/python3.12/site-packages:/home/ehoaglin/ros2_ws/install/dingo_peripheral_interfacing_msg/lib/python3.12/site-packages:/home/ehoaglin/ros2_ws/install/dingo_peripheral_interfacing/lib/python3.12/site-packages:/home/ehoaglin/ros2_ws/install/dingo_hardware_config/lib/python3.12/site-packages:/home/ehoaglin/ros2_ws/install/dingo_control_msg/lib/python3.12/site-packages:/home/ehoaglin/ros2_ws/install/ros2_fundamentals_examples/lib/python3.12/site-packages:/home/ehoaglin/ros2_ws/install/dingo/lib/python3.12/site-packages:/home/ehoaglin/ros2_ws/install/dingo_pybullet/lib/python3.12/site-packages:/opt/ros/jazzy/lib/python3.12/site-packages VIRTUAL_ENV_PROMPT=(myenv) /usr/bin/cmake --build /home/ehoaglin/ros2_ws/build/dingo -- -j12 -l12
[1.303s] Invoking command in '/home/ehoaglin/ros2_ws/build/dingo': CMAKE_PREFIX_PATH=/home/ehoaglin/ros2_ws/install/dingo_input_interfacing:/home/ehoaglin/ros2_ws/install/dingo_control:/home/ehoaglin/ros2_ws/install/dingo_servo_interfacing:/home/ehoaglin/ros2_ws/install/dingo_peripheral_interfacing_msg:/home/ehoaglin/ros2_ws/install/dingo_peripheral_interfacing:/home/ehoaglin/ros2_ws/install/dingo_hardware_config:/home/ehoaglin/ros2_ws/install/dingo_control_msg:/home/ehoaglin/ros2_ws/install/ros2_fundamentals_examples:/home/ehoaglin/ros2_ws/install/dingo:/home/ehoaglin/ros2_ws/install/dingo_pybullet:/opt/ros/jazzy:/home/ehoaglin/ros2_ws/install/dingo_description:/opt/ros/jazzy/opt/gz_sim_vendor:/opt/ros/jazzy/opt/gz_sensors_vendor:/opt/ros/jazzy/opt/gz_physics_vendor:/opt/ros/jazzy/opt/sdformat_vendor:/opt/ros/jazzy/opt/gz_gui_vendor:/opt/ros/jazzy/opt/gz_transport_vendor:/opt/ros/jazzy/opt/gz_rendering_vendor:/opt/ros/jazzy/opt/gz_plugin_vendor:/opt/ros/jazzy/opt/gz_fuel_tools_vendor:/opt/ros/jazzy/opt/gz_msgs_vendor:/opt/ros/jazzy/opt/gz_common_vendor:/opt/ros/jazzy/opt/gz_math_vendor:/opt/ros/jazzy/opt/gz_utils_vendor:/opt/ros/jazzy/opt/gz_tools_vendor:/opt/ros/jazzy/opt/gz_ogre_next_vendor:/opt/ros/jazzy/opt/gz_dartsim_vendor:/opt/ros/jazzy/opt/gz_cmake_vendor PYTHONPATH=/home/ehoaglin/ros2_ws/install/dingo_input_interfacing/lib/python3.12/site-packages:/home/ehoaglin/ros2_ws/install/dingo_control/lib/python3.12/site-packages:/home/ehoaglin/ros2_ws/install/dingo_servo_interfacing/lib/python3.12/site-packages:/home/ehoaglin/ros2_ws/install/dingo_peripheral_interfacing_msg/lib/python3.12/site-packages:/home/ehoaglin/ros2_ws/install/dingo_peripheral_interfacing/lib/python3.12/site-packages:/home/ehoaglin/ros2_ws/install/dingo_hardware_config/lib/python3.12/site-packages:/home/ehoaglin/ros2_ws/install/dingo_control_msg/lib/python3.12/site-packages:/home/ehoaglin/ros2_ws/install/ros2_fundamentals_examples/lib/python3.12/site-packages:/home/ehoaglin/ros2_ws/install/dingo/lib/python3.12/site-packages:/home/ehoaglin/ros2_ws/install/dingo_pybullet/lib/python3.12/site-packages:/opt/ros/jazzy/lib/python3.12/site-packages VIRTUAL_ENV_PROMPT=(myenv) /usr/bin/cmake --install /home/ehoaglin/ros2_ws/build/dingo
[1.310s] -- Install configuration: ""
[1.311s] -- Up-to-date: /home/ehoaglin/ros2_ws/install/dingo/share/dingo/environment/pythonpath.sh
[1.311s] -- Up-to-date: /home/ehoaglin/ros2_ws/install/dingo/share/dingo/environment/pythonpath.dsv
[1.311s] -- Up-to-date: /home/ehoaglin/ros2_ws/install/dingo/lib/python3.12/site-packages/dingo-0.0.0-py3.12.egg-info
[1.311s] -- Installing: /home/ehoaglin/ros2_ws/install/dingo/lib/python3.12/site-packages/dingo-0.0.0-py3.12.egg-info/top_level.txt
[1.311s] -- Installing: /home/ehoaglin/ros2_ws/install/dingo/lib/python3.12/site-packages/dingo-0.0.0-py3.12.egg-info/dependency_links.txt
[1.312s] -- Installing: /home/ehoaglin/ros2_ws/install/dingo/lib/python3.12/site-packages/dingo-0.0.0-py3.12.egg-info/SOURCES.txt
[1.312s] -- Installing: /home/ehoaglin/ros2_ws/install/dingo/lib/python3.12/site-packages/dingo-0.0.0-py3.12.egg-info/PKG-INFO
[1.312s] -- Up-to-date: /home/ehoaglin/ros2_ws/install/dingo/lib/python3.12/site-packages/dingo
[1.312s] -- Up-to-date: /home/ehoaglin/ros2_ws/install/dingo/lib/python3.12/site-packages/dingo/__init__.py
[1.312s] -- Up-to-date: /home/ehoaglin/ros2_ws/install/dingo/lib/python3.12/site-packages/dingo/status_publisher.py
[1.347s] Listing '/home/ehoaglin/ros2_ws/install/dingo/lib/python3.12/site-packages/dingo'...
[1.353s] -- Up-to-date: /home/ehoaglin/ros2_ws/install/dingo/lib/dingo/dingo_driver.py
[1.354s] -- Up-to-date: /home/ehoaglin/ros2_ws/install/dingo/lib/dingo/run_robot.py
[1.354s] -- Up-to-date: /home/ehoaglin/ros2_ws/install/dingo/share/dingo/launch
[1.354s] -- Up-to-date: /home/ehoaglin/ros2_ws/install/dingo/share/dingo/launch/dingo_simulator.launch
[1.354s] -- Up-to-date: /home/ehoaglin/ros2_ws/install/dingo/share/dingo/launch/dingo.launch
[1.354s] -- Up-to-date: /home/ehoaglin/ros2_ws/install/dingo/share/dingo/launch/dingo_simulator.launch.py
[1.354s] -- Up-to-date: /home/ehoaglin/ros2_ws/install/dingo/share/dingo/launch/dingo.launch.py
[1.354s] -- Up-to-date: /home/ehoaglin/ros2_ws/install/dingo/share/ament_index/resource_index/package_run_dependencies/dingo
[1.354s] -- Up-to-date: /home/ehoaglin/ros2_ws/install/dingo/share/ament_index/resource_index/parent_prefix_path/dingo
[1.354s] -- Up-to-date: /home/ehoaglin/ros2_ws/install/dingo/share/dingo/environment/ament_prefix_path.sh
[1.355s] -- Up-to-date: /home/ehoaglin/ros2_ws/install/dingo/share/dingo/environment/ament_prefix_path.dsv
[1.355s] -- Up-to-date: /home/ehoaglin/ros2_ws/install/dingo/share/dingo/environment/path.sh
[1.355s] -- Up-to-date: /home/ehoaglin/ros2_ws/install/dingo/share/dingo/environment/path.dsv
[1.355s] -- Up-to-date: /home/ehoaglin/ros2_ws/install/dingo/share/dingo/local_setup.bash
[1.355s] -- Up-to-date: /home/ehoaglin/ros2_ws/install/dingo/share/dingo/local_setup.sh
[1.356s] -- Up-to-date: /home/ehoaglin/ros2_ws/install/dingo/share/dingo/local_setup.zsh
[1.356s] -- Up-to-date: /home/ehoaglin/ros2_ws/install/dingo/share/dingo/local_setup.dsv
[1.356s] -- Installing: /home/ehoaglin/ros2_ws/install/dingo/share/dingo/package.dsv
[1.356s] -- Up-to-date: /home/ehoaglin/ros2_ws/install/dingo/share/ament_index/resource_index/packages/dingo
[1.357s] -- Up-to-date: /home/ehoaglin/ros2_ws/install/dingo/share/dingo/cmake/dingoConfig.cmake
[1.357s] -- Up-to-date: /home/ehoaglin/ros2_ws/install/dingo/share/dingo/cmake/dingoConfig-version.cmake
[1.357s] -- Up-to-date: /home/ehoaglin/ros2_ws/install/dingo/share/dingo/package.xml
[1.358s] Invoked command in '/home/ehoaglin/ros2_ws/build/dingo' returned '0': CMAKE_PREFIX_PATH=/home/ehoaglin/ros2_ws/install/dingo_input_interfacing:/home/ehoaglin/ros2_ws/install/dingo_control:/home/ehoaglin/ros2_ws/install/dingo_servo_interfacing:/home/ehoaglin/ros2_ws/install/dingo_peripheral_interfacing_msg:/home/ehoaglin/ros2_ws/install/dingo_peripheral_interfacing:/home/ehoaglin/ros2_ws/install/dingo_hardware_config:/home/ehoaglin/ros2_ws/install/dingo_control_msg:/home/ehoaglin/ros2_ws/install/ros2_fundamentals_examples:/home/ehoaglin/ros2_ws/install/dingo:/home/ehoaglin/ros2_ws/install/dingo_pybullet:/opt/ros/jazzy:/home/ehoaglin/ros2_ws/install/dingo_description:/opt/ros/jazzy/opt/gz_sim_vendor:/opt/ros/jazzy/opt/gz_sensors_vendor:/opt/ros/jazzy/opt/gz_physics_vendor:/opt/ros/jazzy/opt/sdformat_vendor:/opt/ros/jazzy/opt/gz_gui_vendor:/opt/ros/jazzy/opt/gz_transport_vendor:/opt/ros/jazzy/opt/gz_rendering_vendor:/opt/ros/jazzy/opt/gz_plugin_vendor:/opt/ros/jazzy/opt/gz_fuel_tools_vendor:/opt/ros/jazzy/opt/gz_msgs_vendor:/opt/ros/jazzy/opt/gz_common_vendor:/opt/ros/jazzy/opt/gz_math_vendor:/opt/ros/jazzy/opt/gz_utils_vendor:/opt/ros/jazzy/opt/gz_tools_vendor:/opt/ros/jazzy/opt/gz_ogre_next_vendor:/opt/ros/jazzy/opt/gz_dartsim_vendor:/opt/ros/jazzy/opt/gz_cmake_vendor PYTHONPATH=/home/ehoaglin/ros2_ws/install/dingo_input_interfacing/lib/python3.12/site-packages:/home/ehoaglin/ros2_ws/install/dingo_control/lib/python3.12/site-packages:/home/ehoaglin/ros2_ws/install/dingo_servo_interfacing/lib/python3.12/site-packages:/home/ehoaglin/ros2_ws/install/dingo_peripheral_interfacing_msg/lib/python3.12/site-packages:/home/ehoaglin/ros2_ws/install/dingo_peripheral_interfacing/lib/python3.12/site-packages:/home/ehoaglin/ros2_ws/install/dingo_hardware_config/lib/python3.12/site-packages:/home/ehoaglin/ros2_ws/install/dingo_control_msg/lib/python3.12/site-packages:/home/ehoaglin/ros2_ws/install/ros2_fundamentals_examples/lib/python3.12/site-packages:/home/ehoaglin/ros2_ws/install/dingo/lib/python3.12/site-packages:/home/ehoaglin/ros2_ws/install/dingo_pybullet/lib/python3.12/site-packages:/opt/ros/jazzy/lib/python3.12/site-packages VIRTUAL_ENV_PROMPT=(myenv) /usr/bin/cmake --install /home/ehoaglin/ros2_ws/build/dingo
