[0.068s] Invoking command in '/home/ehoaglin/ros2_ws/build/dingo_peripheral_interfacing_msg': CMAKE_PREFIX_PATH=${CMAKE_PREFIX_PATH}:/home/ehoaglin/ros2_ws/install/dualsense_interface:/opt/ros/jazzy /usr/bin/cmake --build /home/ehoaglin/ros2_ws/build/dingo_peripheral_interfacing_msg -- -j12 -l12
[0.501s] [  2%] Built target dingo_peripheral_interfacing_msg__rosidl_generator_type_description
[0.501s] [  2%] Built target ament_cmake_python_copy_dingo_peripheral_interfacing_msg
[0.501s] [ 17%] Built target dingo_peripheral_interfacing_msg__rosidl_generator_c
[0.501s] [ 20%] Built target dingo_peripheral_interfacing_msg__cpp
[0.501s] [ 29%] Built target dingo_peripheral_interfacing_msg__rosidl_typesupport_fastrtps_c
[0.501s] [ 38%] Built target dingo_peripheral_interfacing_msg__rosidl_typesupport_introspection_c
[0.501s] [ 47%] Built target dingo_peripheral_interfacing_msg__rosidl_typesupport_cpp
[0.501s] [ 55%] Built target dingo_peripheral_interfacing_msg__rosidl_typesupport_c
[0.501s] [ 64%] Built target dingo_peripheral_interfacing_msg__rosidl_typesupport_fastrtps_cpp
[0.501s] [ 73%] Built target dingo_peripheral_interfacing_msg__rosidl_typesupport_introspection_cpp
[0.501s] [ 73%] Built target dingo_peripheral_interfacing_msg
[0.501s] [ 76%] Built target dingo_peripheral_interfacing_msg__py
[0.502s] [ 82%] Built target dingo_peripheral_interfacing_msg__rosidl_generator_py
[0.502s] [ 88%] Built target dingo_peripheral_interfacing_msg_s__rosidl_typesupport_fastrtps_c
[0.502s] [ 94%] Built target dingo_peripheral_interfacing_msg_s__rosidl_typesupport_introspection_c
[0.502s] [100%] Built target dingo_peripheral_interfacing_msg_s__rosidl_typesupport_c
[0.588s] running egg_info
[0.640s] writing dingo_peripheral_interfacing_msg.egg-info/PKG-INFO
[0.640s] writing dependency_links to dingo_peripheral_interfacing_msg.egg-info/dependency_links.txt
[0.641s] writing top-level names to dingo_peripheral_interfacing_msg.egg-info/top_level.txt
[0.774s] reading manifest file 'dingo_peripheral_interfacing_msg.egg-info/SOURCES.txt'
[0.775s] writing manifest file 'dingo_peripheral_interfacing_msg.egg-info/SOURCES.txt'
[0.836s] [100%] Built target ament_cmake_python_build_dingo_peripheral_interfacing_msg_egg
[0.853s] Invoked command in '/home/ehoaglin/ros2_ws/build/dingo_peripheral_interfacing_msg' returned '0': CMAKE_PREFIX_PATH=${CMAKE_PREFIX_PATH}:/home/ehoaglin/ros2_ws/install/dualsense_interface:/opt/ros/jazzy /usr/bin/cmake --build /home/ehoaglin/ros2_ws/build/dingo_peripheral_interfacing_msg -- -j12 -l12
[0.853s] Invoking command in '/home/ehoaglin/ros2_ws/build/dingo_peripheral_interfacing_msg': CMAKE_PREFIX_PATH=${CMAKE_PREFIX_PATH}:/home/ehoaglin/ros2_ws/install/dualsense_interface:/opt/ros/jazzy /usr/bin/cmake --install /home/ehoaglin/ros2_ws/build/dingo_peripheral_interfacing_msg
[0.867s] -- Install configuration: ""
[0.867s] -- Up-to-date: /home/ehoaglin/ros2_ws/install/dingo_peripheral_interfacing_msg/share/ament_index/resource_index/rosidl_interfaces/dingo_peripheral_interfacing_msg
[0.868s] -- Up-to-date: /home/ehoaglin/ros2_ws/install/dingo_peripheral_interfacing_msg/share/dingo_peripheral_interfacing_msg/msg/ElectricalMeasurements.json
[0.868s] -- Up-to-date: /home/ehoaglin/ros2_ws/install/dingo_peripheral_interfacing_msg/include/dingo_peripheral_interfacing_msg/dingo_peripheral_interfacing_msg
[0.868s] -- Up-to-date: /home/ehoaglin/ros2_ws/install/dingo_peripheral_interfacing_msg/include/dingo_peripheral_interfacing_msg/dingo_peripheral_interfacing_msg/msg
[0.868s] -- Up-to-date: /home/ehoaglin/ros2_ws/install/dingo_peripheral_interfacing_msg/include/dingo_peripheral_interfacing_msg/dingo_peripheral_interfacing_msg/msg/detail
[0.869s] -- Up-to-date: /home/ehoaglin/ros2_ws/install/dingo_peripheral_interfacing_msg/include/dingo_peripheral_interfacing_msg/dingo_peripheral_interfacing_msg/msg/detail/electrical_measurements__type_support.h
[0.870s] -- Up-to-date: /home/ehoaglin/ros2_ws/install/dingo_peripheral_interfacing_msg/include/dingo_peripheral_interfacing_msg/dingo_peripheral_interfacing_msg/msg/detail/electrical_measurements__type_support.c
[0.871s] -- Up-to-date: /home/ehoaglin/ros2_ws/install/dingo_peripheral_interfacing_msg/include/dingo_peripheral_interfacing_msg/dingo_peripheral_interfacing_msg/msg/detail/electrical_measurements__description.c
[0.872s] -- Up-to-date: /home/ehoaglin/ros2_ws/install/dingo_peripheral_interfacing_msg/include/dingo_peripheral_interfacing_msg/dingo_peripheral_interfacing_msg/msg/detail/electrical_measurements__functions.c
[0.874s] -- Up-to-date: /home/ehoaglin/ros2_ws/install/dingo_peripheral_interfacing_msg/include/dingo_peripheral_interfacing_msg/dingo_peripheral_interfacing_msg/msg/detail/electrical_measurements__struct.h
[0.874s] -- Up-to-date: /home/ehoaglin/ros2_ws/install/dingo_peripheral_interfacing_msg/include/dingo_peripheral_interfacing_msg/dingo_peripheral_interfacing_msg/msg/detail/electrical_measurements__functions.h
[0.875s] -- Up-to-date: /home/ehoaglin/ros2_ws/install/dingo_peripheral_interfacing_msg/include/dingo_peripheral_interfacing_msg/dingo_peripheral_interfacing_msg/msg/electrical_measurements.h
[0.886s] -- Up-to-date: /home/ehoaglin/ros2_ws/install/dingo_peripheral_interfacing_msg/include/dingo_peripheral_interfacing_msg/dingo_peripheral_interfacing_msg/msg/rosidl_generator_c__visibility_control.h
[0.886s] -- Up-to-date: /home/ehoaglin/ros2_ws/install/dingo_peripheral_interfacing_msg/share/dingo_peripheral_interfacing_msg/environment/library_path.sh
[0.886s] -- Up-to-date: /home/ehoaglin/ros2_ws/install/dingo_peripheral_interfacing_msg/share/dingo_peripheral_interfacing_msg/environment/library_path.dsv
[0.886s] -- Up-to-date: /home/ehoaglin/ros2_ws/install/dingo_peripheral_interfacing_msg/lib/libdingo_peripheral_interfacing_msg__rosidl_generator_c.so
[0.887s] -- Up-to-date: /home/ehoaglin/ros2_ws/install/dingo_peripheral_interfacing_msg/include/dingo_peripheral_interfacing_msg/dingo_peripheral_interfacing_msg
[0.887s] -- Up-to-date: /home/ehoaglin/ros2_ws/install/dingo_peripheral_interfacing_msg/include/dingo_peripheral_interfacing_msg/dingo_peripheral_interfacing_msg/msg
[0.887s] -- Up-to-date: /home/ehoaglin/ros2_ws/install/dingo_peripheral_interfacing_msg/include/dingo_peripheral_interfacing_msg/dingo_peripheral_interfacing_msg/msg/detail
[0.888s] -- Up-to-date: /home/ehoaglin/ros2_ws/install/dingo_peripheral_interfacing_msg/include/dingo_peripheral_interfacing_msg/dingo_peripheral_interfacing_msg/msg/detail/electrical_measurements__rosidl_typesupport_fastrtps_c.h
[0.888s] -- Up-to-date: /home/ehoaglin/ros2_ws/install/dingo_peripheral_interfacing_msg/include/dingo_peripheral_interfacing_msg/dingo_peripheral_interfacing_msg/msg/rosidl_typesupport_fastrtps_c__visibility_control.h
[0.888s] -- Up-to-date: /home/ehoaglin/ros2_ws/install/dingo_peripheral_interfacing_msg/lib/libdingo_peripheral_interfacing_msg__rosidl_typesupport_fastrtps_c.so
[0.889s] -- Up-to-date: /home/ehoaglin/ros2_ws/install/dingo_peripheral_interfacing_msg/include/dingo_peripheral_interfacing_msg/dingo_peripheral_interfacing_msg
[0.889s] -- Up-to-date: /home/ehoaglin/ros2_ws/install/dingo_peripheral_interfacing_msg/include/dingo_peripheral_interfacing_msg/dingo_peripheral_interfacing_msg/msg
[0.889s] -- Up-to-date: /home/ehoaglin/ros2_ws/install/dingo_peripheral_interfacing_msg/include/dingo_peripheral_interfacing_msg/dingo_peripheral_interfacing_msg/msg/detail
[0.890s] -- Up-to-date: /home/ehoaglin/ros2_ws/install/dingo_peripheral_interfacing_msg/include/dingo_peripheral_interfacing_msg/dingo_peripheral_interfacing_msg/msg/detail/electrical_measurements__struct.hpp
[0.891s] -- Up-to-date: /home/ehoaglin/ros2_ws/install/dingo_peripheral_interfacing_msg/include/dingo_peripheral_interfacing_msg/dingo_peripheral_interfacing_msg/msg/detail/electrical_measurements__builder.hpp
[0.891s] -- Up-to-date: /home/ehoaglin/ros2_ws/install/dingo_peripheral_interfacing_msg/include/dingo_peripheral_interfacing_msg/dingo_peripheral_interfacing_msg/msg/detail/electrical_measurements__type_support.hpp
[0.892s] -- Up-to-date: /home/ehoaglin/ros2_ws/install/dingo_peripheral_interfacing_msg/include/dingo_peripheral_interfacing_msg/dingo_peripheral_interfacing_msg/msg/detail/electrical_measurements__traits.hpp
[0.892s] -- Up-to-date: /home/ehoaglin/ros2_ws/install/dingo_peripheral_interfacing_msg/include/dingo_peripheral_interfacing_msg/dingo_peripheral_interfacing_msg/msg/electrical_measurements.hpp
[0.892s] -- Up-to-date: /home/ehoaglin/ros2_ws/install/dingo_peripheral_interfacing_msg/include/dingo_peripheral_interfacing_msg/dingo_peripheral_interfacing_msg/msg/rosidl_generator_cpp__visibility_control.hpp
[0.893s] -- Up-to-date: /home/ehoaglin/ros2_ws/install/dingo_peripheral_interfacing_msg/include/dingo_peripheral_interfacing_msg/dingo_peripheral_interfacing_msg
[0.893s] -- Up-to-date: /home/ehoaglin/ros2_ws/install/dingo_peripheral_interfacing_msg/include/dingo_peripheral_interfacing_msg/dingo_peripheral_interfacing_msg/msg
[0.893s] -- Up-to-date: /home/ehoaglin/ros2_ws/install/dingo_peripheral_interfacing_msg/include/dingo_peripheral_interfacing_msg/dingo_peripheral_interfacing_msg/msg/detail
[0.893s] -- Up-to-date: /home/ehoaglin/ros2_ws/install/dingo_peripheral_interfacing_msg/include/dingo_peripheral_interfacing_msg/dingo_peripheral_interfacing_msg/msg/detail/dds_fastrtps
[0.894s] -- Up-to-date: /home/ehoaglin/ros2_ws/install/dingo_peripheral_interfacing_msg/include/dingo_peripheral_interfacing_msg/dingo_peripheral_interfacing_msg/msg/detail/electrical_measurements__rosidl_typesupport_fastrtps_cpp.hpp
[0.894s] -- Up-to-date: /home/ehoaglin/ros2_ws/install/dingo_peripheral_interfacing_msg/include/dingo_peripheral_interfacing_msg/dingo_peripheral_interfacing_msg/msg/rosidl_typesupport_fastrtps_cpp__visibility_control.h
[0.895s] -- Up-to-date: /home/ehoaglin/ros2_ws/install/dingo_peripheral_interfacing_msg/lib/libdingo_peripheral_interfacing_msg__rosidl_typesupport_fastrtps_cpp.so
[0.895s] -- Up-to-date: /home/ehoaglin/ros2_ws/install/dingo_peripheral_interfacing_msg/include/dingo_peripheral_interfacing_msg/dingo_peripheral_interfacing_msg
[0.899s] -- Up-to-date: /home/ehoaglin/ros2_ws/install/dingo_peripheral_interfacing_msg/include/dingo_peripheral_interfacing_msg/dingo_peripheral_interfacing_msg/msg
[0.899s] -- Up-to-date: /home/ehoaglin/ros2_ws/install/dingo_peripheral_interfacing_msg/include/dingo_peripheral_interfacing_msg/dingo_peripheral_interfacing_msg/msg/detail
[0.899s] -- Up-to-date: /home/ehoaglin/ros2_ws/install/dingo_peripheral_interfacing_msg/include/dingo_peripheral_interfacing_msg/dingo_peripheral_interfacing_msg/msg/detail/electrical_measurements__type_support.c
[0.899s] -- Up-to-date: /home/ehoaglin/ros2_ws/install/dingo_peripheral_interfacing_msg/include/dingo_peripheral_interfacing_msg/dingo_peripheral_interfacing_msg/msg/detail/electrical_measurements__rosidl_typesupport_introspection_c.h
[0.900s] -- Up-to-date: /home/ehoaglin/ros2_ws/install/dingo_peripheral_interfacing_msg/include/dingo_peripheral_interfacing_msg/dingo_peripheral_interfacing_msg/msg/rosidl_typesupport_introspection_c__visibility_control.h
[0.900s] -- Up-to-date: /home/ehoaglin/ros2_ws/install/dingo_peripheral_interfacing_msg/lib/libdingo_peripheral_interfacing_msg__rosidl_typesupport_introspection_c.so
[0.900s] -- Up-to-date: /home/ehoaglin/ros2_ws/install/dingo_peripheral_interfacing_msg/lib/libdingo_peripheral_interfacing_msg__rosidl_typesupport_c.so
[0.900s] -- Up-to-date: /home/ehoaglin/ros2_ws/install/dingo_peripheral_interfacing_msg/include/dingo_peripheral_interfacing_msg/dingo_peripheral_interfacing_msg
[0.901s] -- Up-to-date: /home/ehoaglin/ros2_ws/install/dingo_peripheral_interfacing_msg/include/dingo_peripheral_interfacing_msg/dingo_peripheral_interfacing_msg/msg
[0.901s] -- Up-to-date: /home/ehoaglin/ros2_ws/install/dingo_peripheral_interfacing_msg/include/dingo_peripheral_interfacing_msg/dingo_peripheral_interfacing_msg/msg/detail
[0.901s] -- Up-to-date: /home/ehoaglin/ros2_ws/install/dingo_peripheral_interfacing_msg/include/dingo_peripheral_interfacing_msg/dingo_peripheral_interfacing_msg/msg/detail/electrical_measurements__type_support.cpp
[0.901s] -- Up-to-date: /home/ehoaglin/ros2_ws/install/dingo_peripheral_interfacing_msg/include/dingo_peripheral_interfacing_msg/dingo_peripheral_interfacing_msg/msg/detail/electrical_measurements__rosidl_typesupport_introspection_cpp.hpp
[0.908s] -- Up-to-date: /home/ehoaglin/ros2_ws/install/dingo_peripheral_interfacing_msg/lib/libdingo_peripheral_interfacing_msg__rosidl_typesupport_introspection_cpp.so
[0.908s] -- Up-to-date: /home/ehoaglin/ros2_ws/install/dingo_peripheral_interfacing_msg/lib/libdingo_peripheral_interfacing_msg__rosidl_typesupport_cpp.so
[0.908s] -- Up-to-date: /home/ehoaglin/ros2_ws/install/dingo_peripheral_interfacing_msg/share/dingo_peripheral_interfacing_msg/environment/pythonpath.sh
[0.909s] -- Up-to-date: /home/ehoaglin/ros2_ws/install/dingo_peripheral_interfacing_msg/share/dingo_peripheral_interfacing_msg/environment/pythonpath.dsv
[0.909s] -- Up-to-date: /home/ehoaglin/ros2_ws/install/dingo_peripheral_interfacing_msg/lib/python3.12/site-packages/dingo_peripheral_interfacing_msg-0.0.0-py3.12.egg-info
[0.909s] -- Installing: /home/ehoaglin/ros2_ws/install/dingo_peripheral_interfacing_msg/lib/python3.12/site-packages/dingo_peripheral_interfacing_msg-0.0.0-py3.12.egg-info/top_level.txt
[0.909s] -- Installing: /home/ehoaglin/ros2_ws/install/dingo_peripheral_interfacing_msg/lib/python3.12/site-packages/dingo_peripheral_interfacing_msg-0.0.0-py3.12.egg-info/dependency_links.txt
[0.910s] -- Installing: /home/ehoaglin/ros2_ws/install/dingo_peripheral_interfacing_msg/lib/python3.12/site-packages/dingo_peripheral_interfacing_msg-0.0.0-py3.12.egg-info/SOURCES.txt
[0.910s] -- Installing: /home/ehoaglin/ros2_ws/install/dingo_peripheral_interfacing_msg/lib/python3.12/site-packages/dingo_peripheral_interfacing_msg-0.0.0-py3.12.egg-info/PKG-INFO
[0.911s] -- Up-to-date: /home/ehoaglin/ros2_ws/install/dingo_peripheral_interfacing_msg/lib/python3.12/site-packages/dingo_peripheral_interfacing_msg
[0.911s] -- Up-to-date: /home/ehoaglin/ros2_ws/install/dingo_peripheral_interfacing_msg/lib/python3.12/site-packages/dingo_peripheral_interfacing_msg/__init__.py
[0.911s] -- Up-to-date: /home/ehoaglin/ros2_ws/install/dingo_peripheral_interfacing_msg/lib/python3.12/site-packages/dingo_peripheral_interfacing_msg/_dingo_peripheral_interfacing_msg_s.ep.rosidl_typesupport_fastrtps_c.c
[0.911s] -- Up-to-date: /home/ehoaglin/ros2_ws/install/dingo_peripheral_interfacing_msg/lib/python3.12/site-packages/dingo_peripheral_interfacing_msg/_dingo_peripheral_interfacing_msg_s.ep.rosidl_typesupport_c.c
[0.912s] -- Up-to-date: /home/ehoaglin/ros2_ws/install/dingo_peripheral_interfacing_msg/lib/python3.12/site-packages/dingo_peripheral_interfacing_msg/dingo_peripheral_interfacing_msg_s__rosidl_typesupport_c.so
[0.912s] -- Up-to-date: /home/ehoaglin/ros2_ws/install/dingo_peripheral_interfacing_msg/lib/python3.12/site-packages/dingo_peripheral_interfacing_msg/dingo_peripheral_interfacing_msg_s__rosidl_typesupport_introspection_c.so
[0.912s] -- Up-to-date: /home/ehoaglin/ros2_ws/install/dingo_peripheral_interfacing_msg/lib/python3.12/site-packages/dingo_peripheral_interfacing_msg/_dingo_peripheral_interfacing_msg_s.ep.rosidl_typesupport_introspection_c.c
[0.912s] -- Up-to-date: /home/ehoaglin/ros2_ws/install/dingo_peripheral_interfacing_msg/lib/python3.12/site-packages/dingo_peripheral_interfacing_msg/msg
[0.913s] -- Up-to-date: /home/ehoaglin/ros2_ws/install/dingo_peripheral_interfacing_msg/lib/python3.12/site-packages/dingo_peripheral_interfacing_msg/msg/__init__.py
[0.913s] -- Up-to-date: /home/ehoaglin/ros2_ws/install/dingo_peripheral_interfacing_msg/lib/python3.12/site-packages/dingo_peripheral_interfacing_msg/msg/_electrical_measurements_s.c
[0.913s] -- Up-to-date: /home/ehoaglin/ros2_ws/install/dingo_peripheral_interfacing_msg/lib/python3.12/site-packages/dingo_peripheral_interfacing_msg/msg/_electrical_measurements.py
[0.914s] -- Up-to-date: /home/ehoaglin/ros2_ws/install/dingo_peripheral_interfacing_msg/lib/python3.12/site-packages/dingo_peripheral_interfacing_msg/dingo_peripheral_interfacing_msg_s__rosidl_typesupport_fastrtps_c.so
[0.944s] Listing '/home/ehoaglin/ros2_ws/install/dingo_peripheral_interfacing_msg/lib/python3.12/site-packages/dingo_peripheral_interfacing_msg'...
[0.945s] Listing '/home/ehoaglin/ros2_ws/install/dingo_peripheral_interfacing_msg/lib/python3.12/site-packages/dingo_peripheral_interfacing_msg/msg'...
[0.955s] -- Up-to-date: /home/ehoaglin/ros2_ws/install/dingo_peripheral_interfacing_msg/lib/python3.12/site-packages/dingo_peripheral_interfacing_msg/dingo_peripheral_interfacing_msg_s__rosidl_typesupport_fastrtps_c.so
[0.956s] -- Up-to-date: /home/ehoaglin/ros2_ws/install/dingo_peripheral_interfacing_msg/lib/python3.12/site-packages/dingo_peripheral_interfacing_msg/dingo_peripheral_interfacing_msg_s__rosidl_typesupport_introspection_c.so
[0.957s] -- Up-to-date: /home/ehoaglin/ros2_ws/install/dingo_peripheral_interfacing_msg/lib/python3.12/site-packages/dingo_peripheral_interfacing_msg/dingo_peripheral_interfacing_msg_s__rosidl_typesupport_c.so
[0.957s] -- Up-to-date: /home/ehoaglin/ros2_ws/install/dingo_peripheral_interfacing_msg/lib/libdingo_peripheral_interfacing_msg__rosidl_generator_py.so
[0.957s] -- Up-to-date: /home/ehoaglin/ros2_ws/install/dingo_peripheral_interfacing_msg/share/dingo_peripheral_interfacing_msg/msg/ElectricalMeasurements.idl
[0.957s] -- Up-to-date: /home/ehoaglin/ros2_ws/install/dingo_peripheral_interfacing_msg/share/dingo_peripheral_interfacing_msg/msg/ElectricalMeasurements.msg
[0.957s] -- Up-to-date: /home/ehoaglin/ros2_ws/install/dingo_peripheral_interfacing_msg/share/ament_index/resource_index/package_run_dependencies/dingo_peripheral_interfacing_msg
[0.958s] -- Up-to-date: /home/ehoaglin/ros2_ws/install/dingo_peripheral_interfacing_msg/share/ament_index/resource_index/parent_prefix_path/dingo_peripheral_interfacing_msg
[0.958s] -- Up-to-date: /home/ehoaglin/ros2_ws/install/dingo_peripheral_interfacing_msg/share/dingo_peripheral_interfacing_msg/environment/ament_prefix_path.sh
[0.958s] -- Up-to-date: /home/ehoaglin/ros2_ws/install/dingo_peripheral_interfacing_msg/share/dingo_peripheral_interfacing_msg/environment/ament_prefix_path.dsv
[0.958s] -- Up-to-date: /home/ehoaglin/ros2_ws/install/dingo_peripheral_interfacing_msg/share/dingo_peripheral_interfacing_msg/environment/path.sh
[0.959s] -- Up-to-date: /home/ehoaglin/ros2_ws/install/dingo_peripheral_interfacing_msg/share/dingo_peripheral_interfacing_msg/environment/path.dsv
[0.959s] -- Up-to-date: /home/ehoaglin/ros2_ws/install/dingo_peripheral_interfacing_msg/share/dingo_peripheral_interfacing_msg/local_setup.bash
[0.959s] -- Up-to-date: /home/ehoaglin/ros2_ws/install/dingo_peripheral_interfacing_msg/share/dingo_peripheral_interfacing_msg/local_setup.sh
[0.960s] -- Up-to-date: /home/ehoaglin/ros2_ws/install/dingo_peripheral_interfacing_msg/share/dingo_peripheral_interfacing_msg/local_setup.zsh
[0.960s] -- Up-to-date: /home/ehoaglin/ros2_ws/install/dingo_peripheral_interfacing_msg/share/dingo_peripheral_interfacing_msg/local_setup.dsv
[0.960s] -- Installing: /home/ehoaglin/ros2_ws/install/dingo_peripheral_interfacing_msg/share/dingo_peripheral_interfacing_msg/package.dsv
[0.960s] -- Up-to-date: /home/ehoaglin/ros2_ws/install/dingo_peripheral_interfacing_msg/share/ament_index/resource_index/packages/dingo_peripheral_interfacing_msg
[0.960s] -- Up-to-date: /home/ehoaglin/ros2_ws/install/dingo_peripheral_interfacing_msg/share/dingo_peripheral_interfacing_msg/cmake/export_dingo_peripheral_interfacing_msg__rosidl_generator_cExport.cmake
[0.961s] -- Up-to-date: /home/ehoaglin/ros2_ws/install/dingo_peripheral_interfacing_msg/share/dingo_peripheral_interfacing_msg/cmake/export_dingo_peripheral_interfacing_msg__rosidl_generator_cExport-noconfig.cmake
[0.961s] -- Up-to-date: /home/ehoaglin/ros2_ws/install/dingo_peripheral_interfacing_msg/share/dingo_peripheral_interfacing_msg/cmake/export_dingo_peripheral_interfacing_msg__rosidl_typesupport_fastrtps_cExport.cmake
[0.961s] -- Up-to-date: /home/ehoaglin/ros2_ws/install/dingo_peripheral_interfacing_msg/share/dingo_peripheral_interfacing_msg/cmake/export_dingo_peripheral_interfacing_msg__rosidl_typesupport_fastrtps_cExport-noconfig.cmake
[0.961s] -- Up-to-date: /home/ehoaglin/ros2_ws/install/dingo_peripheral_interfacing_msg/share/dingo_peripheral_interfacing_msg/cmake/export_dingo_peripheral_interfacing_msg__rosidl_generator_cppExport.cmake
[0.962s] -- Up-to-date: /home/ehoaglin/ros2_ws/install/dingo_peripheral_interfacing_msg/share/dingo_peripheral_interfacing_msg/cmake/export_dingo_peripheral_interfacing_msg__rosidl_typesupport_fastrtps_cppExport.cmake
[0.962s] -- Up-to-date: /home/ehoaglin/ros2_ws/install/dingo_peripheral_interfacing_msg/share/dingo_peripheral_interfacing_msg/cmake/export_dingo_peripheral_interfacing_msg__rosidl_typesupport_fastrtps_cppExport-noconfig.cmake
[0.962s] -- Up-to-date: /home/ehoaglin/ros2_ws/install/dingo_peripheral_interfacing_msg/share/dingo_peripheral_interfacing_msg/cmake/dingo_peripheral_interfacing_msg__rosidl_typesupport_introspection_cExport.cmake
[0.962s] -- Up-to-date: /home/ehoaglin/ros2_ws/install/dingo_peripheral_interfacing_msg/share/dingo_peripheral_interfacing_msg/cmake/dingo_peripheral_interfacing_msg__rosidl_typesupport_introspection_cExport-noconfig.cmake
[0.963s] -- Up-to-date: /home/ehoaglin/ros2_ws/install/dingo_peripheral_interfacing_msg/share/dingo_peripheral_interfacing_msg/cmake/dingo_peripheral_interfacing_msg__rosidl_typesupport_cExport.cmake
[0.963s] -- Up-to-date: /home/ehoaglin/ros2_ws/install/dingo_peripheral_interfacing_msg/share/dingo_peripheral_interfacing_msg/cmake/dingo_peripheral_interfacing_msg__rosidl_typesupport_cExport-noconfig.cmake
[0.963s] -- Up-to-date: /home/ehoaglin/ros2_ws/install/dingo_peripheral_interfacing_msg/share/dingo_peripheral_interfacing_msg/cmake/dingo_peripheral_interfacing_msg__rosidl_typesupport_introspection_cppExport.cmake
[0.963s] -- Up-to-date: /home/ehoaglin/ros2_ws/install/dingo_peripheral_interfacing_msg/share/dingo_peripheral_interfacing_msg/cmake/dingo_peripheral_interfacing_msg__rosidl_typesupport_introspection_cppExport-noconfig.cmake
[0.963s] -- Up-to-date: /home/ehoaglin/ros2_ws/install/dingo_peripheral_interfacing_msg/share/dingo_peripheral_interfacing_msg/cmake/dingo_peripheral_interfacing_msg__rosidl_typesupport_cppExport.cmake
[0.964s] -- Up-to-date: /home/ehoaglin/ros2_ws/install/dingo_peripheral_interfacing_msg/share/dingo_peripheral_interfacing_msg/cmake/dingo_peripheral_interfacing_msg__rosidl_typesupport_cppExport-noconfig.cmake
[0.964s] -- Up-to-date: /home/ehoaglin/ros2_ws/install/dingo_peripheral_interfacing_msg/share/dingo_peripheral_interfacing_msg/cmake/export_dingo_peripheral_interfacing_msg__rosidl_generator_pyExport.cmake
[0.964s] -- Up-to-date: /home/ehoaglin/ros2_ws/install/dingo_peripheral_interfacing_msg/share/dingo_peripheral_interfacing_msg/cmake/export_dingo_peripheral_interfacing_msg__rosidl_generator_pyExport-noconfig.cmake
[0.964s] -- Up-to-date: /home/ehoaglin/ros2_ws/install/dingo_peripheral_interfacing_msg/share/dingo_peripheral_interfacing_msg/cmake/rosidl_cmake-extras.cmake
[0.964s] -- Up-to-date: /home/ehoaglin/ros2_ws/install/dingo_peripheral_interfacing_msg/share/dingo_peripheral_interfacing_msg/cmake/ament_cmake_export_dependencies-extras.cmake
[0.965s] -- Up-to-date: /home/ehoaglin/ros2_ws/install/dingo_peripheral_interfacing_msg/share/dingo_peripheral_interfacing_msg/cmake/ament_cmake_export_include_directories-extras.cmake
[0.965s] -- Up-to-date: /home/ehoaglin/ros2_ws/install/dingo_peripheral_interfacing_msg/share/dingo_peripheral_interfacing_msg/cmake/ament_cmake_export_libraries-extras.cmake
[0.965s] -- Up-to-date: /home/ehoaglin/ros2_ws/install/dingo_peripheral_interfacing_msg/share/dingo_peripheral_interfacing_msg/cmake/ament_cmake_export_targets-extras.cmake
[0.966s] -- Up-to-date: /home/ehoaglin/ros2_ws/install/dingo_peripheral_interfacing_msg/share/dingo_peripheral_interfacing_msg/cmake/rosidl_cmake_export_typesupport_targets-extras.cmake
[0.966s] -- Up-to-date: /home/ehoaglin/ros2_ws/install/dingo_peripheral_interfacing_msg/share/dingo_peripheral_interfacing_msg/cmake/rosidl_cmake_export_typesupport_libraries-extras.cmake
[0.966s] -- Up-to-date: /home/ehoaglin/ros2_ws/install/dingo_peripheral_interfacing_msg/share/dingo_peripheral_interfacing_msg/cmake/dingo_peripheral_interfacing_msgConfig.cmake
[0.966s] -- Up-to-date: /home/ehoaglin/ros2_ws/install/dingo_peripheral_interfacing_msg/share/dingo_peripheral_interfacing_msg/cmake/dingo_peripheral_interfacing_msgConfig-version.cmake
[0.967s] -- Up-to-date: /home/ehoaglin/ros2_ws/install/dingo_peripheral_interfacing_msg/share/dingo_peripheral_interfacing_msg/package.xml
[0.979s] Invoked command in '/home/ehoaglin/ros2_ws/build/dingo_peripheral_interfacing_msg' returned '0': CMAKE_PREFIX_PATH=${CMAKE_PREFIX_PATH}:/home/ehoaglin/ros2_ws/install/dualsense_interface:/opt/ros/jazzy /usr/bin/cmake --install /home/ehoaglin/ros2_ws/build/dingo_peripheral_interfacing_msg
