-- Found ament_cmake: 2.5.3 (/opt/ros/jazzy/share/ament_cmake/cmake)
-- Found ament_lint_auto: 0.17.1 (/opt/ros/jazzy/share/ament_lint_auto/cmake)
-- Found rclpy: 7.1.3 (/opt/ros/jazzy/share/rclpy/cmake)
-- Found std_msgs: 5.3.5 (/opt/ros/jazzy/share/std_msgs/cmake)
-- Found rosidl_generator_c: 4.6.5 (/opt/ros/jazzy/share/rosidl_generator_c/cmake)
-- Found rosidl_generator_cpp: 4.6.5 (/opt/ros/jazzy/share/rosidl_generator_cpp/cmake)
-- Using all available rosidl_typesupport_c: rosidl_typesupport_fastrtps_c;rosidl_typesupport_introspection_c
-- Using all available rosidl_typesupport_cpp: rosidl_typesupport_fastrtps_cpp;rosidl_typesupport_introspection_cpp
-- Found geometry_msgs: 5.3.5 (/opt/ros/jazzy/share/geometry_msgs/cmake)
-- Found dingo_control_msg: 0.0.0 (/home/ehoaglin/ros2_ws/install/dingo_control_msg/share/dingo_control_msg/cmake)
-- Found dingo_servo_interfacing: 0.0.0 (/home/ehoaglin/ros2_ws/install/dingo_servo_interfacing/share/dingo_servo_interfacing/cmake)
-- Found dingo_peripheral_interfacing: 0.0.0 (/home/ehoaglin/ros2_ws/install/dingo_peripheral_interfacing/share/dingo_peripheral_interfacing/cmake)
-- Found dingo_peripheral_interfacing_msg: 0.0.0 (/home/ehoaglin/ros2_ws/install/dingo_peripheral_interfacing_msg/share/dingo_peripheral_interfacing_msg/cmake)
-- Found dingo_hardware_config: 0.0.0 (/home/ehoaglin/ros2_ws/install/dingo_hardware_config/share/dingo_hardware_config/cmake)
-- Added test 'cppcheck' to perform static code analysis on C / C++ code
-- Configured cppcheck include dirs: 
-- Configured cppcheck exclude dirs and/or files: 
-- Added test 'flake8' to check Python code syntax and style conventions
-- Configured 'flake8' exclude dirs and/or files: 
-- Added test 'lint_cmake' to check CMake code style
-- Added test 'pep257' to check Python code against some of the docstring style conventions in PEP 257
-- Added test 'uncrustify' to check C / C++ code style
-- Configured uncrustify additional arguments: 
-- Added test 'xmllint' to check XML markup files
-- Configuring done (0.8s)
-- Generating done (0.0s)
-- Build files have been written to: /home/ehoaglin/ros2_ws/build/dingo_control
Built target ament_cmake_python_copy_dingo_control
running egg_info
writing dingo_control.egg-info/PKG-INFO
writing dependency_links to dingo_control.egg-info/dependency_links.txt
writing top-level names to dingo_control.egg-info/top_level.txt
reading manifest file 'dingo_control.egg-info/SOURCES.txt'
writing manifest file 'dingo_control.egg-info/SOURCES.txt'
Built target ament_cmake_python_build_dingo_control_egg
-- Install configuration: ""
-- Up-to-date: /home/ehoaglin/ros2_ws/install/dingo_control/share/dingo_control/environment/pythonpath.sh
-- Up-to-date: /home/ehoaglin/ros2_ws/install/dingo_control/share/dingo_control/environment/pythonpath.dsv
-- Up-to-date: /home/ehoaglin/ros2_ws/install/dingo_control/lib/python3.12/site-packages/dingo_control-0.0.0-py3.12.egg-info
-- Installing: /home/ehoaglin/ros2_ws/install/dingo_control/lib/python3.12/site-packages/dingo_control-0.0.0-py3.12.egg-info/top_level.txt
-- Installing: /home/ehoaglin/ros2_ws/install/dingo_control/lib/python3.12/site-packages/dingo_control-0.0.0-py3.12.egg-info/dependency_links.txt
-- Installing: /home/ehoaglin/ros2_ws/install/dingo_control/lib/python3.12/site-packages/dingo_control-0.0.0-py3.12.egg-info/SOURCES.txt
-- Installing: /home/ehoaglin/ros2_ws/install/dingo_control/lib/python3.12/site-packages/dingo_control-0.0.0-py3.12.egg-info/PKG-INFO
-- Up-to-date: /home/ehoaglin/ros2_ws/install/dingo_control/lib/python3.12/site-packages/dingo_control
-- Up-to-date: /home/ehoaglin/ros2_ws/install/dingo_control/lib/python3.12/site-packages/dingo_control/util.py
-- Up-to-date: /home/ehoaglin/ros2_ws/install/dingo_control/lib/python3.12/site-packages/dingo_control/__init__.py
-- Up-to-date: /home/ehoaglin/ros2_ws/install/dingo_control/lib/python3.12/site-packages/dingo_control/State.py
-- Up-to-date: /home/ehoaglin/ros2_ws/install/dingo_control/lib/python3.12/site-packages/dingo_control/Kinematics.py
-- Up-to-date: /home/ehoaglin/ros2_ws/install/dingo_control/lib/python3.12/site-packages/dingo_control/dingo_utilities
-- Up-to-date: /home/ehoaglin/ros2_ws/install/dingo_control/lib/python3.12/site-packages/dingo_control/dingo_utilities/CMakeLists.txt
-- Up-to-date: /home/ehoaglin/ros2_ws/install/dingo_control/lib/python3.12/site-packages/dingo_control/dingo_utilities/package.xml
-- Up-to-date: /home/ehoaglin/ros2_ws/install/dingo_control/lib/python3.12/site-packages/dingo_control/dingo_utilities/Open Notebook.onetoc2
-- Up-to-date: /home/ehoaglin/ros2_ws/install/dingo_control/lib/python3.12/site-packages/dingo_control/dingo_utilities/src
-- Up-to-date: /home/ehoaglin/ros2_ws/install/dingo_control/lib/python3.12/site-packages/dingo_control/dingo_utilities/src/dingo_utilities
-- Up-to-date: /home/ehoaglin/ros2_ws/install/dingo_control/lib/python3.12/site-packages/dingo_control/dingo_utilities/src/dingo_utilities/__init__.py
-- Up-to-date: /home/ehoaglin/ros2_ws/install/dingo_control/lib/python3.12/site-packages/dingo_control/dingo_utilities/src/dingo_utilities/Tests.py
-- Up-to-date: /home/ehoaglin/ros2_ws/install/dingo_control/lib/python3.12/site-packages/dingo_control/dingo_utilities/src/dingo_utilities/Utilities.py
-- Up-to-date: /home/ehoaglin/ros2_ws/install/dingo_control/lib/python3.12/site-packages/dingo_control/dingo_utilities/src/dingo_utilities/Open Notebook.onetoc2
-- Up-to-date: /home/ehoaglin/ros2_ws/install/dingo_control/lib/python3.12/site-packages/dingo_control/dingo_utilities/src/Open Notebook.onetoc2
-- Up-to-date: /home/ehoaglin/ros2_ws/install/dingo_control/lib/python3.12/site-packages/dingo_control/dingo_utilities/setup.py
-- Installing: /home/ehoaglin/ros2_ws/install/dingo_control/lib/python3.12/site-packages/dingo_control/Controller.py
-- Up-to-date: /home/ehoaglin/ros2_ws/install/dingo_control/lib/python3.12/site-packages/dingo_control/Gaits.py
-- Up-to-date: /home/ehoaglin/ros2_ws/install/dingo_control/lib/python3.12/site-packages/dingo_control/StanceController.py
-- Up-to-date: /home/ehoaglin/ros2_ws/install/dingo_control/lib/python3.12/site-packages/dingo_control/SwingLegController.py
-- Up-to-date: /home/ehoaglin/ros2_ws/install/dingo_control/lib/python3.12/site-packages/dingo_control/Config.py
-- Up-to-date: /home/ehoaglin/ros2_ws/install/dingo_control/lib/python3.12/site-packages/dingo_control/Command.py
Listing '/home/ehoaglin/ros2_ws/install/dingo_control/lib/python3.12/site-packages/dingo_control'...
Compiling '/home/ehoaglin/ros2_ws/install/dingo_control/lib/python3.12/site-packages/dingo_control/Controller.py'...
Listing '/home/ehoaglin/ros2_ws/install/dingo_control/lib/python3.12/site-packages/dingo_control/dingo_utilities'...
Listing '/home/ehoaglin/ros2_ws/install/dingo_control/lib/python3.12/site-packages/dingo_control/dingo_utilities/src'...
Listing '/home/ehoaglin/ros2_ws/install/dingo_control/lib/python3.12/site-packages/dingo_control/dingo_utilities/src/dingo_utilities'...
-- Up-to-date: /home/ehoaglin/ros2_ws/install/dingo_control/share/ament_index/resource_index/package_run_dependencies/dingo_control
-- Up-to-date: /home/ehoaglin/ros2_ws/install/dingo_control/share/ament_index/resource_index/parent_prefix_path/dingo_control
-- Up-to-date: /home/ehoaglin/ros2_ws/install/dingo_control/share/dingo_control/environment/ament_prefix_path.sh
-- Up-to-date: /home/ehoaglin/ros2_ws/install/dingo_control/share/dingo_control/environment/ament_prefix_path.dsv
-- Up-to-date: /home/ehoaglin/ros2_ws/install/dingo_control/share/dingo_control/environment/path.sh
-- Up-to-date: /home/ehoaglin/ros2_ws/install/dingo_control/share/dingo_control/environment/path.dsv
-- Up-to-date: /home/ehoaglin/ros2_ws/install/dingo_control/share/dingo_control/local_setup.bash
-- Up-to-date: /home/ehoaglin/ros2_ws/install/dingo_control/share/dingo_control/local_setup.sh
-- Up-to-date: /home/ehoaglin/ros2_ws/install/dingo_control/share/dingo_control/local_setup.zsh
-- Up-to-date: /home/ehoaglin/ros2_ws/install/dingo_control/share/dingo_control/local_setup.dsv
-- Installing: /home/ehoaglin/ros2_ws/install/dingo_control/share/dingo_control/package.dsv
-- Up-to-date: /home/ehoaglin/ros2_ws/install/dingo_control/share/ament_index/resource_index/packages/dingo_control
-- Up-to-date: /home/ehoaglin/ros2_ws/install/dingo_control/share/dingo_control/cmake/dingo_controlConfig.cmake
-- Up-to-date: /home/ehoaglin/ros2_ws/install/dingo_control/share/dingo_control/cmake/dingo_controlConfig-version.cmake
-- Up-to-date: /home/ehoaglin/ros2_ws/install/dingo_control/share/dingo_control/package.xml
