[4.654s] Invoking command in '/home/ehoaglin/ros2_ws/src/dualsense_interface': PYTHONPATH=/home/ehoaglin/ros2_ws/build/dualsense_interface/prefix_override:/usr/lib/python3/dist-packages/colcon_core/task/python/colcon_distutils_commands:/home/ehoaglin/ros2_ws/install/dualsense_interface/lib/python3.12/site-packages:${PYTHONPATH} /usr/bin/python3 -W ignore:setup.py install is deprecated -W ignore:easy_install command is deprecated setup.py egg_info --egg-base ../../build/dualsense_interface build --build-base /home/ehoaglin/ros2_ws/build/dualsense_interface/build install --record /home/ehoaglin/ros2_ws/build/dualsense_interface/install.log --single-version-externally-managed install_data
[5.697s] running egg_info
[5.768s] writing ../../build/dualsense_interface/dualsense_interface.egg-info/PKG-INFO
[5.768s] writing dependency_links to ../../build/dualsense_interface/dualsense_interface.egg-info/dependency_links.txt
[5.769s] writing entry points to ../../build/dualsense_interface/dualsense_interface.egg-info/entry_points.txt
[5.770s] writing requirements to ../../build/dualsense_interface/dualsense_interface.egg-info/requires.txt
[5.770s] writing top-level names to ../../build/dualsense_interface/dualsense_interface.egg-info/top_level.txt
[5.923s] reading manifest file '../../build/dualsense_interface/dualsense_interface.egg-info/SOURCES.txt'
[5.925s] writing manifest file '../../build/dualsense_interface/dualsense_interface.egg-info/SOURCES.txt'
[5.926s] running build
[5.926s] running build_py
[5.927s] running install
[5.952s] running install_lib
[6.066s] running install_data
[6.067s] running install_egg_info
[6.164s] removing '/home/ehoaglin/ros2_ws/install/dualsense_interface/lib/python3.12/site-packages/dualsense_interface-0.0.0-py3.12.egg-info' (and everything under it)
[6.165s] Copying ../../build/dualsense_interface/dualsense_interface.egg-info to /home/ehoaglin/ros2_ws/install/dualsense_interface/lib/python3.12/site-packages/dualsense_interface-0.0.0-py3.12.egg-info
[6.173s] running install_scripts
[6.714s] Installing hidraw_to_joy script to /home/ehoaglin/ros2_ws/install/dualsense_interface/lib/dualsense_interface
[6.716s] writing list of installed files to '/home/ehoaglin/ros2_ws/build/dualsense_interface/install.log'
[6.826s] Invoked command in '/home/ehoaglin/ros2_ws/src/dualsense_interface' returned '0': PYTHONPATH=/home/ehoaglin/ros2_ws/build/dualsense_interface/prefix_override:/usr/lib/python3/dist-packages/colcon_core/task/python/colcon_distutils_commands:/home/ehoaglin/ros2_ws/install/dualsense_interface/lib/python3.12/site-packages:${PYTHONPATH} /usr/bin/python3 -W ignore:setup.py install is deprecated -W ignore:easy_install command is deprecated setup.py egg_info --egg-base ../../build/dualsense_interface build --build-base /home/ehoaglin/ros2_ws/build/dualsense_interface/build install --record /home/ehoaglin/ros2_ws/build/dualsense_interface/install.log --single-version-externally-managed install_data
