[0.056s] Invoking command in '/home/ehoaglin/ros2_ws/build/dingo_description': CMAKE_PREFIX_PATH=${CMAKE_PREFIX_PATH}:/home/ehoaglin/ros2_ws/install/dualsense_interface:/opt/ros/jazzy /usr/bin/cmake --build /home/ehoaglin/ros2_ws/build/dingo_description -- -j12 -l12
[0.892s] Invoked command in '/home/ehoaglin/ros2_ws/build/dingo_description' returned '0': CMAKE_PREFIX_PATH=${CMAKE_PREFIX_PATH}:/home/ehoaglin/ros2_ws/install/dualsense_interface:/opt/ros/jazzy /usr/bin/cmake --build /home/ehoaglin/ros2_ws/build/dingo_description -- -j12 -l12
[0.923s] Invoking command in '/home/ehoaglin/ros2_ws/build/dingo_description': CMAKE_PREFIX_PATH=${CMAKE_PREFIX_PATH}:/home/ehoaglin/ros2_ws/install/dualsense_interface:/opt/ros/jazzy /usr/bin/cmake --install /home/ehoaglin/ros2_ws/build/dingo_description
[0.953s] -- Install configuration: ""
[0.954s] -- Up-to-date: /home/ehoaglin/ros2_ws/install/dingo_description/share/dingo_description/urdf
[0.954s] -- Installing: /home/ehoaglin/ros2_ws/install/dingo_description/share/dingo_description/urdf/dingo_copy.urdf
[0.955s] -- Up-to-date: /home/ehoaglin/ros2_ws/install/dingo_description/share/dingo_description/urdf/urdf of dingo + arm not connected.urdf
[0.955s] -- Up-to-date: /home/ehoaglin/ros2_ws/install/dingo_description/share/dingo_description/urdf/dingo.urdf
[0.956s] -- Up-to-date: /home/ehoaglin/ros2_ws/install/dingo_description/share/dingo_description/urdf/Open Notebook.onetoc2
[0.956s] -- Up-to-date: /home/ehoaglin/ros2_ws/install/dingo_description/share/dingo_description/urdf/dingo_description.csv
[0.957s] -- Up-to-date: /home/ehoaglin/ros2_ws/install/dingo_description/share/dingo_description/meshes
[0.958s] -- Up-to-date: /home/ehoaglin/ros2_ws/install/dingo_description/share/dingo_description/meshes/body_obj.obj
[0.958s] -- Up-to-date: /home/ehoaglin/ros2_ws/install/dingo_description/share/dingo_description/meshes/L3_obj.obj
[0.960s] -- Up-to-date: /home/ehoaglin/ros2_ws/install/dingo_description/share/dingo_description/meshes/FL_link3.STL
[0.960s] -- Up-to-date: /home/ehoaglin/ros2_ws/install/dingo_description/share/dingo_description/meshes/R_link1_collision.STL
[0.961s] -- Up-to-date: /home/ehoaglin/ros2_ws/install/dingo_description/share/dingo_description/meshes/RL_link3.STL
[0.962s] -- Up-to-date: /home/ehoaglin/ros2_ws/install/dingo_description/share/dingo_description/meshes/base_link.STL
[0.962s] -- Up-to-date: /home/ehoaglin/ros2_ws/install/dingo_description/share/dingo_description/meshes/FR_link1.dae
[0.963s] -- Up-to-date: /home/ehoaglin/ros2_ws/install/dingo_description/share/dingo_description/meshes/FL_link1.dae
[0.963s] -- Up-to-date: /home/ehoaglin/ros2_ws/install/dingo_description/share/dingo_description/meshes/R_link3.dae
[0.964s] -- Up-to-date: /home/ehoaglin/ros2_ws/install/dingo_description/share/dingo_description/meshes/RR_link1.STL
[0.964s] -- Up-to-date: /home/ehoaglin/ros2_ws/install/dingo_description/share/dingo_description/meshes/R2_obj.mtl
[0.965s] -- Up-to-date: /home/ehoaglin/ros2_ws/install/dingo_description/share/dingo_description/meshes/arm_base.STL
[0.965s] -- Up-to-date: /home/ehoaglin/ros2_ws/install/dingo_description/share/dingo_description/meshes/link4_collision.STL
[0.966s] -- Up-to-date: /home/ehoaglin/ros2_ws/install/dingo_description/share/dingo_description/meshes/L_link3_collision.STL
[0.967s] -- Up-to-date: /home/ehoaglin/ros2_ws/install/dingo_description/share/dingo_description/meshes/RR1_obj.obj
[0.967s] -- Up-to-date: /home/ehoaglin/ros2_ws/install/dingo_description/share/dingo_description/meshes/main.py
[0.971s] -- Up-to-date: /home/ehoaglin/ros2_ws/install/dingo_description/share/dingo_description/meshes/R3_obj.obj
[0.972s] -- Up-to-date: /home/ehoaglin/ros2_ws/install/dingo_description/share/dingo_description/meshes/base_link.dae
[0.972s] -- Up-to-date: /home/ehoaglin/ros2_ws/install/dingo_description/share/dingo_description/meshes/RL1_obj.obj
[0.973s] -- Up-to-date: /home/ehoaglin/ros2_ws/install/dingo_description/share/dingo_description/meshes/FR1_obj.mtl
[0.973s] -- Up-to-date: /home/ehoaglin/ros2_ws/install/dingo_description/share/dingo_description/meshes/arm_link1.STL
[0.974s] -- Up-to-date: /home/ehoaglin/ros2_ws/install/dingo_description/share/dingo_description/meshes/L_link1_collision.STL
[0.974s] -- Up-to-date: /home/ehoaglin/ros2_ws/install/dingo_description/share/dingo_description/meshes/R2_obj.obj
[0.974s] -- Up-to-date: /home/ehoaglin/ros2_ws/install/dingo_description/share/dingo_description/meshes/R_link3_collision.STL
[0.975s] -- Up-to-date: /home/ehoaglin/ros2_ws/install/dingo_description/share/dingo_description/meshes/L2_obj.mtl
[0.975s] -- Up-to-date: /home/ehoaglin/ros2_ws/install/dingo_description/share/dingo_description/meshes/thread.jpg
[0.976s] -- Up-to-date: /home/ehoaglin/ros2_ws/install/dingo_description/share/dingo_description/meshes/arm_link2.STL
[0.976s] -- Up-to-date: /home/ehoaglin/ros2_ws/install/dingo_description/share/dingo_description/meshes/RR_link1.dae
[0.977s] -- Up-to-date: /home/ehoaglin/ros2_ws/install/dingo_description/share/dingo_description/meshes/RR1_obj.mtl
[0.977s] -- Up-to-date: /home/ehoaglin/ros2_ws/install/dingo_description/share/dingo_description/meshes/FL1_obj.mtl
[0.978s] -- Up-to-date: /home/ehoaglin/ros2_ws/install/dingo_description/share/dingo_description/meshes/FR_link1.STL
[0.978s] -- Up-to-date: /home/ehoaglin/ros2_ws/install/dingo_description/share/dingo_description/meshes/L2_obj.obj
[0.985s] -- Up-to-date: /home/ehoaglin/ros2_ws/install/dingo_description/share/dingo_description/meshes/FR_link2.STL
[0.988s] -- Up-to-date: /home/ehoaglin/ros2_ws/install/dingo_description/share/dingo_description/meshes/R3_obj.mtl
[0.989s] -- Up-to-date: /home/ehoaglin/ros2_ws/install/dingo_description/share/dingo_description/meshes/link4.dae
[0.990s] -- Up-to-date: /home/ehoaglin/ros2_ws/install/dingo_description/share/dingo_description/meshes/FR1_obj.obj
[0.990s] -- Up-to-date: /home/ehoaglin/ros2_ws/install/dingo_description/share/dingo_description/meshes/L3_obj.mtl
[0.991s] -- Up-to-date: /home/ehoaglin/ros2_ws/install/dingo_description/share/dingo_description/meshes/RL_link1.STL
[0.992s] -- Up-to-date: /home/ehoaglin/ros2_ws/install/dingo_description/share/dingo_description/meshes/R_link2_collision.STL
[0.992s] -- Up-to-date: /home/ehoaglin/ros2_ws/install/dingo_description/share/dingo_description/meshes/body_obj.mtl
[0.993s] -- Up-to-date: /home/ehoaglin/ros2_ws/install/dingo_description/share/dingo_description/meshes/Open Notebook.onetoc2
[0.993s] -- Up-to-date: /home/ehoaglin/ros2_ws/install/dingo_description/share/dingo_description/meshes/RL1_obj.mtl
[0.995s] -- Up-to-date: /home/ehoaglin/ros2_ws/install/dingo_description/share/dingo_description/meshes/L_link2.dae
[0.996s] -- Up-to-date: /home/ehoaglin/ros2_ws/install/dingo_description/share/dingo_description/meshes/FL_link4.STL
[1.001s] -- Up-to-date: /home/ehoaglin/ros2_ws/install/dingo_description/share/dingo_description/meshes/L_link2_collision.STL
[1.005s] -- Up-to-date: /home/ehoaglin/ros2_ws/install/dingo_description/share/dingo_description/meshes/RL_link1.dae
[1.005s] -- Up-to-date: /home/ehoaglin/ros2_ws/install/dingo_description/share/dingo_description/meshes/RL_link2.STL
[1.006s] -- Up-to-date: /home/ehoaglin/ros2_ws/install/dingo_description/share/dingo_description/meshes/arm_link3.STL
[1.006s] -- Up-to-date: /home/ehoaglin/ros2_ws/install/dingo_description/share/dingo_description/meshes/FL_link1.STL
[1.006s] -- Up-to-date: /home/ehoaglin/ros2_ws/install/dingo_description/share/dingo_description/meshes/FR_link4.STL
[1.007s] -- Up-to-date: /home/ehoaglin/ros2_ws/install/dingo_description/share/dingo_description/meshes/base_collision.STL
[1.007s] -- Up-to-date: /home/ehoaglin/ros2_ws/install/dingo_description/share/dingo_description/meshes/FR_link3.STL
[1.007s] -- Up-to-date: /home/ehoaglin/ros2_ws/install/dingo_description/share/dingo_description/meshes/RR_link2.STL
[1.008s] -- Up-to-date: /home/ehoaglin/ros2_ws/install/dingo_description/share/dingo_description/meshes/RR_link3.STL
[1.008s] -- Up-to-date: /home/ehoaglin/ros2_ws/install/dingo_description/share/dingo_description/meshes/RL_link4.STL
[1.008s] -- Up-to-date: /home/ehoaglin/ros2_ws/install/dingo_description/share/dingo_description/meshes/arm_link4.STL
[1.009s] -- Up-to-date: /home/ehoaglin/ros2_ws/install/dingo_description/share/dingo_description/meshes/FL_link2.STL
[1.009s] -- Up-to-date: /home/ehoaglin/ros2_ws/install/dingo_description/share/dingo_description/meshes/FL1_obj.obj
[1.009s] -- Up-to-date: /home/ehoaglin/ros2_ws/install/dingo_description/share/dingo_description/meshes/RR_link4.STL
[1.010s] -- Up-to-date: /home/ehoaglin/ros2_ws/install/dingo_description/share/dingo_description/meshes/L_link3.dae
[1.011s] -- Up-to-date: /home/ehoaglin/ros2_ws/install/dingo_description/share/dingo_description/meshes/R_link2.dae
[1.011s] -- Up-to-date: /home/ehoaglin/ros2_ws/install/dingo_description/share/dingo_description/launch
[1.011s] -- Up-to-date: /home/ehoaglin/ros2_ws/install/dingo_description/share/dingo_description/launch/dingo_rviz.launch
[1.012s] -- Up-to-date: /home/ehoaglin/ros2_ws/install/dingo_description/share/dingo_description/launch/dingo_state_publisher.launch
[1.012s] -- Up-to-date: /home/ehoaglin/ros2_ws/install/dingo_description/share/dingo_description/launch/dingo_rviz.rviz
[1.013s] -- Up-to-date: /home/ehoaglin/ros2_ws/install/dingo_description/share/dingo_description/launch/Open Notebook.onetoc2
[1.016s] -- Up-to-date: /home/ehoaglin/ros2_ws/install/dingo_description/share/ament_index/resource_index/package_run_dependencies/dingo_description
[1.017s] -- Up-to-date: /home/ehoaglin/ros2_ws/install/dingo_description/share/ament_index/resource_index/parent_prefix_path/dingo_description
[1.017s] -- Up-to-date: /home/ehoaglin/ros2_ws/install/dingo_description/share/dingo_description/environment/ament_prefix_path.sh
[1.017s] -- Up-to-date: /home/ehoaglin/ros2_ws/install/dingo_description/share/dingo_description/environment/ament_prefix_path.dsv
[1.018s] -- Up-to-date: /home/ehoaglin/ros2_ws/install/dingo_description/share/dingo_description/environment/path.sh
[1.018s] -- Up-to-date: /home/ehoaglin/ros2_ws/install/dingo_description/share/dingo_description/environment/path.dsv
[1.018s] -- Up-to-date: /home/ehoaglin/ros2_ws/install/dingo_description/share/dingo_description/local_setup.bash
[1.019s] -- Up-to-date: /home/ehoaglin/ros2_ws/install/dingo_description/share/dingo_description/local_setup.sh
[1.019s] -- Up-to-date: /home/ehoaglin/ros2_ws/install/dingo_description/share/dingo_description/local_setup.zsh
[1.019s] -- Up-to-date: /home/ehoaglin/ros2_ws/install/dingo_description/share/dingo_description/local_setup.dsv
[1.019s] -- Installing: /home/ehoaglin/ros2_ws/install/dingo_description/share/dingo_description/package.dsv
[1.020s] -- Up-to-date: /home/ehoaglin/ros2_ws/install/dingo_description/share/ament_index/resource_index/packages/dingo_description
[1.020s] -- Up-to-date: /home/ehoaglin/ros2_ws/install/dingo_description/share/dingo_description/cmake/dingo_descriptionConfig.cmake
[1.021s] -- Up-to-date: /home/ehoaglin/ros2_ws/install/dingo_description/share/dingo_description/cmake/dingo_descriptionConfig-version.cmake
[1.021s] -- Up-to-date: /home/ehoaglin/ros2_ws/install/dingo_description/share/dingo_description/package.xml
[1.021s] Invoked command in '/home/ehoaglin/ros2_ws/build/dingo_description' returned '0': CMAKE_PREFIX_PATH=${CMAKE_PREFIX_PATH}:/home/ehoaglin/ros2_ws/install/dualsense_interface:/opt/ros/jazzy /usr/bin/cmake --install /home/ehoaglin/ros2_ws/build/dingo_description
