[0.084s] Invoking command in '/home/ehoaglin/ros2_ws/build/dingo_peripheral_interfacing_msg': CMAKE_PREFIX_PATH=/home/ehoaglin/ros2_ws/install/ros2_fundamentals_examples:/home/ehoaglin/ros2_ws/install/dingo:/home/ehoaglin/ros2_ws/install/dingo_input_interfacing:/home/ehoaglin/ros2_ws/install/dingo_control:/home/ehoaglin/ros2_ws/install/dingo_servo_interfacing:/home/ehoaglin/ros2_ws/install/dingo_pybullet:/home/ehoaglin/ros2_ws/install/dingo_peripheral_interfacing_msg:/home/ehoaglin/ros2_ws/install/dingo_peripheral_interfacing:/home/ehoaglin/ros2_ws/install/dingo_hardware_config:/home/ehoaglin/ros2_ws/install/dualsense_interface:/opt/ros/jazzy:/home/ehoaglin/ros2_ws/install/dingo_description:/home/ehoaglin/ros2_ws/install/dingo_control_msg:/opt/ros/jazzy/opt/gz_sim_vendor:/opt/ros/jazzy/opt/gz_sensors_vendor:/opt/ros/jazzy/opt/gz_physics_vendor:/opt/ros/jazzy/opt/sdformat_vendor:/opt/ros/jazzy/opt/gz_gui_vendor:/opt/ros/jazzy/opt/gz_transport_vendor:/opt/ros/jazzy/opt/gz_rendering_vendor:/opt/ros/jazzy/opt/gz_plugin_vendor:/opt/ros/jazzy/opt/gz_fuel_tools_vendor:/opt/ros/jazzy/opt/gz_msgs_vendor:/opt/ros/jazzy/opt/gz_common_vendor:/opt/ros/jazzy/opt/gz_math_vendor:/opt/ros/jazzy/opt/gz_utils_vendor:/opt/ros/jazzy/opt/gz_tools_vendor:/opt/ros/jazzy/opt/gz_ogre_next_vendor:/opt/ros/jazzy/opt/gz_dartsim_vendor:/opt/ros/jazzy/opt/gz_cmake_vendor /usr/bin/cmake --build /home/ehoaglin/ros2_ws/build/dingo_peripheral_interfacing_msg -- -j12 -l12
[0.898s] [  2%] Built target dingo_peripheral_interfacing_msg__rosidl_generator_type_description
[0.898s] [  2%] Built target ament_cmake_python_copy_dingo_peripheral_interfacing_msg
[0.899s] [ 20%] Built target dingo_peripheral_interfacing_msg__rosidl_generator_c
[0.899s] [ 20%] Built target dingo_peripheral_interfacing_msg__cpp
[0.900s] [ 29%] Built target dingo_peripheral_interfacing_msg__rosidl_typesupport_fastrtps_c
[0.900s] [ 38%] Built target dingo_peripheral_interfacing_msg__rosidl_typesupport_introspection_cpp
[0.900s] [ 47%] Built target dingo_peripheral_interfacing_msg__rosidl_typesupport_c
[0.901s] [ 55%] Built target dingo_peripheral_interfacing_msg__rosidl_typesupport_introspection_c
[0.901s] [ 64%] Built target dingo_peripheral_interfacing_msg__rosidl_typesupport_cpp
[0.902s] [ 73%] Built target dingo_peripheral_interfacing_msg__rosidl_typesupport_fastrtps_cpp
[0.902s] [ 73%] Built target dingo_peripheral_interfacing_msg
[0.902s] [ 76%] Built target dingo_peripheral_interfacing_msg__py
[0.903s] [ 82%] Built target dingo_peripheral_interfacing_msg__rosidl_generator_py
[0.903s] [ 88%] Built target dingo_peripheral_interfacing_msg_s__rosidl_typesupport_c
[0.903s] [ 94%] Built target dingo_peripheral_interfacing_msg_s__rosidl_typesupport_fastrtps_c
[0.903s] [100%] Built target dingo_peripheral_interfacing_msg_s__rosidl_typesupport_introspection_c
[1.164s] running egg_info
[1.252s] writing dingo_peripheral_interfacing_msg.egg-info/PKG-INFO
[1.252s] writing dependency_links to dingo_peripheral_interfacing_msg.egg-info/dependency_links.txt
[1.252s] writing top-level names to dingo_peripheral_interfacing_msg.egg-info/top_level.txt
[1.509s] reading manifest file 'dingo_peripheral_interfacing_msg.egg-info/SOURCES.txt'
[1.510s] writing manifest file 'dingo_peripheral_interfacing_msg.egg-info/SOURCES.txt'
[1.654s] [100%] Built target ament_cmake_python_build_dingo_peripheral_interfacing_msg_egg
[1.695s] Invoked command in '/home/ehoaglin/ros2_ws/build/dingo_peripheral_interfacing_msg' returned '0': CMAKE_PREFIX_PATH=/home/ehoaglin/ros2_ws/install/ros2_fundamentals_examples:/home/ehoaglin/ros2_ws/install/dingo:/home/ehoaglin/ros2_ws/install/dingo_input_interfacing:/home/ehoaglin/ros2_ws/install/dingo_control:/home/ehoaglin/ros2_ws/install/dingo_servo_interfacing:/home/ehoaglin/ros2_ws/install/dingo_pybullet:/home/ehoaglin/ros2_ws/install/dingo_peripheral_interfacing_msg:/home/ehoaglin/ros2_ws/install/dingo_peripheral_interfacing:/home/ehoaglin/ros2_ws/install/dingo_hardware_config:/home/ehoaglin/ros2_ws/install/dualsense_interface:/opt/ros/jazzy:/home/ehoaglin/ros2_ws/install/dingo_description:/home/ehoaglin/ros2_ws/install/dingo_control_msg:/opt/ros/jazzy/opt/gz_sim_vendor:/opt/ros/jazzy/opt/gz_sensors_vendor:/opt/ros/jazzy/opt/gz_physics_vendor:/opt/ros/jazzy/opt/sdformat_vendor:/opt/ros/jazzy/opt/gz_gui_vendor:/opt/ros/jazzy/opt/gz_transport_vendor:/opt/ros/jazzy/opt/gz_rendering_vendor:/opt/ros/jazzy/opt/gz_plugin_vendor:/opt/ros/jazzy/opt/gz_fuel_tools_vendor:/opt/ros/jazzy/opt/gz_msgs_vendor:/opt/ros/jazzy/opt/gz_common_vendor:/opt/ros/jazzy/opt/gz_math_vendor:/opt/ros/jazzy/opt/gz_utils_vendor:/opt/ros/jazzy/opt/gz_tools_vendor:/opt/ros/jazzy/opt/gz_ogre_next_vendor:/opt/ros/jazzy/opt/gz_dartsim_vendor:/opt/ros/jazzy/opt/gz_cmake_vendor /usr/bin/cmake --build /home/ehoaglin/ros2_ws/build/dingo_peripheral_interfacing_msg -- -j12 -l12
[1.698s] Invoking command in '/home/ehoaglin/ros2_ws/build/dingo_peripheral_interfacing_msg': CMAKE_PREFIX_PATH=/home/ehoaglin/ros2_ws/install/ros2_fundamentals_examples:/home/ehoaglin/ros2_ws/install/dingo:/home/ehoaglin/ros2_ws/install/dingo_input_interfacing:/home/ehoaglin/ros2_ws/install/dingo_control:/home/ehoaglin/ros2_ws/install/dingo_servo_interfacing:/home/ehoaglin/ros2_ws/install/dingo_pybullet:/home/ehoaglin/ros2_ws/install/dingo_peripheral_interfacing_msg:/home/ehoaglin/ros2_ws/install/dingo_peripheral_interfacing:/home/ehoaglin/ros2_ws/install/dingo_hardware_config:/home/ehoaglin/ros2_ws/install/dualsense_interface:/opt/ros/jazzy:/home/ehoaglin/ros2_ws/install/dingo_description:/home/ehoaglin/ros2_ws/install/dingo_control_msg:/opt/ros/jazzy/opt/gz_sim_vendor:/opt/ros/jazzy/opt/gz_sensors_vendor:/opt/ros/jazzy/opt/gz_physics_vendor:/opt/ros/jazzy/opt/sdformat_vendor:/opt/ros/jazzy/opt/gz_gui_vendor:/opt/ros/jazzy/opt/gz_transport_vendor:/opt/ros/jazzy/opt/gz_rendering_vendor:/opt/ros/jazzy/opt/gz_plugin_vendor:/opt/ros/jazzy/opt/gz_fuel_tools_vendor:/opt/ros/jazzy/opt/gz_msgs_vendor:/opt/ros/jazzy/opt/gz_common_vendor:/opt/ros/jazzy/opt/gz_math_vendor:/opt/ros/jazzy/opt/gz_utils_vendor:/opt/ros/jazzy/opt/gz_tools_vendor:/opt/ros/jazzy/opt/gz_ogre_next_vendor:/opt/ros/jazzy/opt/gz_dartsim_vendor:/opt/ros/jazzy/opt/gz_cmake_vendor /usr/bin/cmake --install /home/ehoaglin/ros2_ws/build/dingo_peripheral_interfacing_msg
[1.812s] -- Install configuration: ""
[1.812s] -- Up-to-date: /home/ehoaglin/ros2_ws/install/dingo_peripheral_interfacing_msg/share/ament_index/resource_index/rosidl_interfaces/dingo_peripheral_interfacing_msg
[1.812s] -- Up-to-date: /home/ehoaglin/ros2_ws/install/dingo_peripheral_interfacing_msg/share/dingo_peripheral_interfacing_msg/msg/ElectricalMeasurements.json
[1.812s] -- Up-to-date: /home/ehoaglin/ros2_ws/install/dingo_peripheral_interfacing_msg/include/dingo_peripheral_interfacing_msg/dingo_peripheral_interfacing_msg
[1.814s] -- Up-to-date: /home/ehoaglin/ros2_ws/install/dingo_peripheral_interfacing_msg/include/dingo_peripheral_interfacing_msg/dingo_peripheral_interfacing_msg/msg
[1.815s] -- Up-to-date: /home/ehoaglin/ros2_ws/install/dingo_peripheral_interfacing_msg/include/dingo_peripheral_interfacing_msg/dingo_peripheral_interfacing_msg/msg/detail
[1.816s] -- Up-to-date: /home/ehoaglin/ros2_ws/install/dingo_peripheral_interfacing_msg/include/dingo_peripheral_interfacing_msg/dingo_peripheral_interfacing_msg/msg/detail/electrical_measurements__type_support.h
[1.816s] -- Up-to-date: /home/ehoaglin/ros2_ws/install/dingo_peripheral_interfacing_msg/include/dingo_peripheral_interfacing_msg/dingo_peripheral_interfacing_msg/msg/detail/electrical_measurements__type_support.c
[1.816s] -- Up-to-date: /home/ehoaglin/ros2_ws/install/dingo_peripheral_interfacing_msg/include/dingo_peripheral_interfacing_msg/dingo_peripheral_interfacing_msg/msg/detail/electrical_measurements__description.c
[1.816s] -- Up-to-date: /home/ehoaglin/ros2_ws/install/dingo_peripheral_interfacing_msg/include/dingo_peripheral_interfacing_msg/dingo_peripheral_interfacing_msg/msg/detail/electrical_measurements__functions.c
[1.817s] -- Up-to-date: /home/ehoaglin/ros2_ws/install/dingo_peripheral_interfacing_msg/include/dingo_peripheral_interfacing_msg/dingo_peripheral_interfacing_msg/msg/detail/electrical_measurements__struct.h
[1.817s] -- Up-to-date: /home/ehoaglin/ros2_ws/install/dingo_peripheral_interfacing_msg/include/dingo_peripheral_interfacing_msg/dingo_peripheral_interfacing_msg/msg/detail/electrical_measurements__functions.h
[1.817s] -- Up-to-date: /home/ehoaglin/ros2_ws/install/dingo_peripheral_interfacing_msg/include/dingo_peripheral_interfacing_msg/dingo_peripheral_interfacing_msg/msg/electrical_measurements.h
[1.819s] -- Up-to-date: /home/ehoaglin/ros2_ws/install/dingo_peripheral_interfacing_msg/include/dingo_peripheral_interfacing_msg/dingo_peripheral_interfacing_msg/msg/rosidl_generator_c__visibility_control.h
[1.819s] -- Up-to-date: /home/ehoaglin/ros2_ws/install/dingo_peripheral_interfacing_msg/share/dingo_peripheral_interfacing_msg/environment/library_path.sh
[1.819s] -- Up-to-date: /home/ehoaglin/ros2_ws/install/dingo_peripheral_interfacing_msg/share/dingo_peripheral_interfacing_msg/environment/library_path.dsv
[1.820s] -- Up-to-date: /home/ehoaglin/ros2_ws/install/dingo_peripheral_interfacing_msg/lib/libdingo_peripheral_interfacing_msg__rosidl_generator_c.so
[1.828s] -- Up-to-date: /home/ehoaglin/ros2_ws/install/dingo_peripheral_interfacing_msg/include/dingo_peripheral_interfacing_msg/dingo_peripheral_interfacing_msg
[1.828s] -- Up-to-date: /home/ehoaglin/ros2_ws/install/dingo_peripheral_interfacing_msg/include/dingo_peripheral_interfacing_msg/dingo_peripheral_interfacing_msg/msg
[1.828s] -- Up-to-date: /home/ehoaglin/ros2_ws/install/dingo_peripheral_interfacing_msg/include/dingo_peripheral_interfacing_msg/dingo_peripheral_interfacing_msg/msg/detail
[1.829s] -- Up-to-date: /home/ehoaglin/ros2_ws/install/dingo_peripheral_interfacing_msg/include/dingo_peripheral_interfacing_msg/dingo_peripheral_interfacing_msg/msg/detail/electrical_measurements__rosidl_typesupport_fastrtps_c.h
[1.829s] -- Up-to-date: /home/ehoaglin/ros2_ws/install/dingo_peripheral_interfacing_msg/include/dingo_peripheral_interfacing_msg/dingo_peripheral_interfacing_msg/msg/rosidl_typesupport_fastrtps_c__visibility_control.h
[1.829s] -- Up-to-date: /home/ehoaglin/ros2_ws/install/dingo_peripheral_interfacing_msg/lib/libdingo_peripheral_interfacing_msg__rosidl_typesupport_fastrtps_c.so
[1.830s] -- Up-to-date: /home/ehoaglin/ros2_ws/install/dingo_peripheral_interfacing_msg/include/dingo_peripheral_interfacing_msg/dingo_peripheral_interfacing_msg
[1.830s] -- Up-to-date: /home/ehoaglin/ros2_ws/install/dingo_peripheral_interfacing_msg/include/dingo_peripheral_interfacing_msg/dingo_peripheral_interfacing_msg/msg
[1.830s] -- Up-to-date: /home/ehoaglin/ros2_ws/install/dingo_peripheral_interfacing_msg/include/dingo_peripheral_interfacing_msg/dingo_peripheral_interfacing_msg/msg/detail
[1.830s] -- Up-to-date: /home/ehoaglin/ros2_ws/install/dingo_peripheral_interfacing_msg/include/dingo_peripheral_interfacing_msg/dingo_peripheral_interfacing_msg/msg/detail/electrical_measurements__struct.hpp
[1.834s] -- Up-to-date: /home/ehoaglin/ros2_ws/install/dingo_peripheral_interfacing_msg/include/dingo_peripheral_interfacing_msg/dingo_peripheral_interfacing_msg/msg/detail/electrical_measurements__builder.hpp
[1.835s] -- Up-to-date: /home/ehoaglin/ros2_ws/install/dingo_peripheral_interfacing_msg/include/dingo_peripheral_interfacing_msg/dingo_peripheral_interfacing_msg/msg/detail/electrical_measurements__type_support.hpp
[1.835s] -- Up-to-date: /home/ehoaglin/ros2_ws/install/dingo_peripheral_interfacing_msg/include/dingo_peripheral_interfacing_msg/dingo_peripheral_interfacing_msg/msg/detail/electrical_measurements__traits.hpp
[1.835s] -- Up-to-date: /home/ehoaglin/ros2_ws/install/dingo_peripheral_interfacing_msg/include/dingo_peripheral_interfacing_msg/dingo_peripheral_interfacing_msg/msg/electrical_measurements.hpp
[1.835s] -- Up-to-date: /home/ehoaglin/ros2_ws/install/dingo_peripheral_interfacing_msg/include/dingo_peripheral_interfacing_msg/dingo_peripheral_interfacing_msg/msg/rosidl_generator_cpp__visibility_control.hpp
[1.835s] -- Up-to-date: /home/ehoaglin/ros2_ws/install/dingo_peripheral_interfacing_msg/include/dingo_peripheral_interfacing_msg/dingo_peripheral_interfacing_msg
[1.836s] -- Up-to-date: /home/ehoaglin/ros2_ws/install/dingo_peripheral_interfacing_msg/include/dingo_peripheral_interfacing_msg/dingo_peripheral_interfacing_msg/msg
[1.836s] -- Up-to-date: /home/ehoaglin/ros2_ws/install/dingo_peripheral_interfacing_msg/include/dingo_peripheral_interfacing_msg/dingo_peripheral_interfacing_msg/msg/detail
[1.836s] -- Up-to-date: /home/ehoaglin/ros2_ws/install/dingo_peripheral_interfacing_msg/include/dingo_peripheral_interfacing_msg/dingo_peripheral_interfacing_msg/msg/detail/dds_fastrtps
[1.836s] -- Up-to-date: /home/ehoaglin/ros2_ws/install/dingo_peripheral_interfacing_msg/include/dingo_peripheral_interfacing_msg/dingo_peripheral_interfacing_msg/msg/detail/electrical_measurements__rosidl_typesupport_fastrtps_cpp.hpp
[1.836s] -- Up-to-date: /home/ehoaglin/ros2_ws/install/dingo_peripheral_interfacing_msg/include/dingo_peripheral_interfacing_msg/dingo_peripheral_interfacing_msg/msg/rosidl_typesupport_fastrtps_cpp__visibility_control.h
[1.837s] -- Up-to-date: /home/ehoaglin/ros2_ws/install/dingo_peripheral_interfacing_msg/lib/libdingo_peripheral_interfacing_msg__rosidl_typesupport_fastrtps_cpp.so
[1.837s] -- Up-to-date: /home/ehoaglin/ros2_ws/install/dingo_peripheral_interfacing_msg/include/dingo_peripheral_interfacing_msg/dingo_peripheral_interfacing_msg
[1.838s] -- Up-to-date: /home/ehoaglin/ros2_ws/install/dingo_peripheral_interfacing_msg/include/dingo_peripheral_interfacing_msg/dingo_peripheral_interfacing_msg/msg
[1.838s] -- Up-to-date: /home/ehoaglin/ros2_ws/install/dingo_peripheral_interfacing_msg/include/dingo_peripheral_interfacing_msg/dingo_peripheral_interfacing_msg/msg/detail
[1.838s] -- Up-to-date: /home/ehoaglin/ros2_ws/install/dingo_peripheral_interfacing_msg/include/dingo_peripheral_interfacing_msg/dingo_peripheral_interfacing_msg/msg/detail/electrical_measurements__type_support.c
[1.838s] -- Up-to-date: /home/ehoaglin/ros2_ws/install/dingo_peripheral_interfacing_msg/include/dingo_peripheral_interfacing_msg/dingo_peripheral_interfacing_msg/msg/detail/electrical_measurements__rosidl_typesupport_introspection_c.h
[1.838s] -- Up-to-date: /home/ehoaglin/ros2_ws/install/dingo_peripheral_interfacing_msg/include/dingo_peripheral_interfacing_msg/dingo_peripheral_interfacing_msg/msg/rosidl_typesupport_introspection_c__visibility_control.h
[1.839s] -- Up-to-date: /home/ehoaglin/ros2_ws/install/dingo_peripheral_interfacing_msg/lib/libdingo_peripheral_interfacing_msg__rosidl_typesupport_introspection_c.so
[1.839s] -- Up-to-date: /home/ehoaglin/ros2_ws/install/dingo_peripheral_interfacing_msg/lib/libdingo_peripheral_interfacing_msg__rosidl_typesupport_c.so
[1.843s] -- Up-to-date: /home/ehoaglin/ros2_ws/install/dingo_peripheral_interfacing_msg/include/dingo_peripheral_interfacing_msg/dingo_peripheral_interfacing_msg
[1.843s] -- Up-to-date: /home/ehoaglin/ros2_ws/install/dingo_peripheral_interfacing_msg/include/dingo_peripheral_interfacing_msg/dingo_peripheral_interfacing_msg/msg
[1.844s] -- Up-to-date: /home/ehoaglin/ros2_ws/install/dingo_peripheral_interfacing_msg/include/dingo_peripheral_interfacing_msg/dingo_peripheral_interfacing_msg/msg/detail
[1.844s] -- Up-to-date: /home/ehoaglin/ros2_ws/install/dingo_peripheral_interfacing_msg/include/dingo_peripheral_interfacing_msg/dingo_peripheral_interfacing_msg/msg/detail/electrical_measurements__type_support.cpp
[1.844s] -- Up-to-date: /home/ehoaglin/ros2_ws/install/dingo_peripheral_interfacing_msg/include/dingo_peripheral_interfacing_msg/dingo_peripheral_interfacing_msg/msg/detail/electrical_measurements__rosidl_typesupport_introspection_cpp.hpp
[1.844s] -- Up-to-date: /home/ehoaglin/ros2_ws/install/dingo_peripheral_interfacing_msg/lib/libdingo_peripheral_interfacing_msg__rosidl_typesupport_introspection_cpp.so
[1.844s] -- Up-to-date: /home/ehoaglin/ros2_ws/install/dingo_peripheral_interfacing_msg/lib/libdingo_peripheral_interfacing_msg__rosidl_typesupport_cpp.so
[1.845s] -- Up-to-date: /home/ehoaglin/ros2_ws/install/dingo_peripheral_interfacing_msg/share/dingo_peripheral_interfacing_msg/environment/pythonpath.sh
[1.845s] -- Up-to-date: /home/ehoaglin/ros2_ws/install/dingo_peripheral_interfacing_msg/share/dingo_peripheral_interfacing_msg/environment/pythonpath.dsv
[1.845s] -- Up-to-date: /home/ehoaglin/ros2_ws/install/dingo_peripheral_interfacing_msg/lib/python3.12/site-packages/dingo_peripheral_interfacing_msg-0.0.0-py3.12.egg-info
[1.845s] -- Installing: /home/ehoaglin/ros2_ws/install/dingo_peripheral_interfacing_msg/lib/python3.12/site-packages/dingo_peripheral_interfacing_msg-0.0.0-py3.12.egg-info/top_level.txt
[1.846s] -- Installing: /home/ehoaglin/ros2_ws/install/dingo_peripheral_interfacing_msg/lib/python3.12/site-packages/dingo_peripheral_interfacing_msg-0.0.0-py3.12.egg-info/dependency_links.txt
[1.846s] -- Installing: /home/ehoaglin/ros2_ws/install/dingo_peripheral_interfacing_msg/lib/python3.12/site-packages/dingo_peripheral_interfacing_msg-0.0.0-py3.12.egg-info/SOURCES.txt
[1.847s] -- Installing: /home/ehoaglin/ros2_ws/install/dingo_peripheral_interfacing_msg/lib/python3.12/site-packages/dingo_peripheral_interfacing_msg-0.0.0-py3.12.egg-info/PKG-INFO
[1.847s] -- Up-to-date: /home/ehoaglin/ros2_ws/install/dingo_peripheral_interfacing_msg/lib/python3.12/site-packages/dingo_peripheral_interfacing_msg
[1.847s] -- Up-to-date: /home/ehoaglin/ros2_ws/install/dingo_peripheral_interfacing_msg/lib/python3.12/site-packages/dingo_peripheral_interfacing_msg/__init__.py
[1.847s] -- Up-to-date: /home/ehoaglin/ros2_ws/install/dingo_peripheral_interfacing_msg/lib/python3.12/site-packages/dingo_peripheral_interfacing_msg/_dingo_peripheral_interfacing_msg_s.ep.rosidl_typesupport_fastrtps_c.c
[1.848s] -- Up-to-date: /home/ehoaglin/ros2_ws/install/dingo_peripheral_interfacing_msg/lib/python3.12/site-packages/dingo_peripheral_interfacing_msg/_dingo_peripheral_interfacing_msg_s.ep.rosidl_typesupport_c.c
[1.848s] -- Up-to-date: /home/ehoaglin/ros2_ws/install/dingo_peripheral_interfacing_msg/lib/python3.12/site-packages/dingo_peripheral_interfacing_msg/dingo_peripheral_interfacing_msg_s__rosidl_typesupport_c.so
[1.848s] -- Up-to-date: /home/ehoaglin/ros2_ws/install/dingo_peripheral_interfacing_msg/lib/python3.12/site-packages/dingo_peripheral_interfacing_msg/dingo_peripheral_interfacing_msg_s__rosidl_typesupport_introspection_c.so
[1.848s] -- Up-to-date: /home/ehoaglin/ros2_ws/install/dingo_peripheral_interfacing_msg/lib/python3.12/site-packages/dingo_peripheral_interfacing_msg/_dingo_peripheral_interfacing_msg_s.ep.rosidl_typesupport_introspection_c.c
[1.848s] -- Up-to-date: /home/ehoaglin/ros2_ws/install/dingo_peripheral_interfacing_msg/lib/python3.12/site-packages/dingo_peripheral_interfacing_msg/msg
[1.849s] -- Up-to-date: /home/ehoaglin/ros2_ws/install/dingo_peripheral_interfacing_msg/lib/python3.12/site-packages/dingo_peripheral_interfacing_msg/msg/__init__.py
[1.849s] -- Up-to-date: /home/ehoaglin/ros2_ws/install/dingo_peripheral_interfacing_msg/lib/python3.12/site-packages/dingo_peripheral_interfacing_msg/msg/_electrical_measurements_s.c
[1.849s] -- Up-to-date: /home/ehoaglin/ros2_ws/install/dingo_peripheral_interfacing_msg/lib/python3.12/site-packages/dingo_peripheral_interfacing_msg/msg/_electrical_measurements.py
[1.849s] -- Up-to-date: /home/ehoaglin/ros2_ws/install/dingo_peripheral_interfacing_msg/lib/python3.12/site-packages/dingo_peripheral_interfacing_msg/dingo_peripheral_interfacing_msg_s__rosidl_typesupport_fastrtps_c.so
[1.929s] Listing '/home/ehoaglin/ros2_ws/install/dingo_peripheral_interfacing_msg/lib/python3.12/site-packages/dingo_peripheral_interfacing_msg'...
[1.929s] Listing '/home/ehoaglin/ros2_ws/install/dingo_peripheral_interfacing_msg/lib/python3.12/site-packages/dingo_peripheral_interfacing_msg/msg'...
[1.972s] -- Up-to-date: /home/ehoaglin/ros2_ws/install/dingo_peripheral_interfacing_msg/lib/python3.12/site-packages/dingo_peripheral_interfacing_msg/dingo_peripheral_interfacing_msg_s__rosidl_typesupport_fastrtps_c.so
[1.972s] -- Up-to-date: /home/ehoaglin/ros2_ws/install/dingo_peripheral_interfacing_msg/lib/python3.12/site-packages/dingo_peripheral_interfacing_msg/dingo_peripheral_interfacing_msg_s__rosidl_typesupport_introspection_c.so
[1.972s] -- Up-to-date: /home/ehoaglin/ros2_ws/install/dingo_peripheral_interfacing_msg/lib/python3.12/site-packages/dingo_peripheral_interfacing_msg/dingo_peripheral_interfacing_msg_s__rosidl_typesupport_c.so
[1.972s] -- Up-to-date: /home/ehoaglin/ros2_ws/install/dingo_peripheral_interfacing_msg/lib/libdingo_peripheral_interfacing_msg__rosidl_generator_py.so
[1.973s] -- Up-to-date: /home/ehoaglin/ros2_ws/install/dingo_peripheral_interfacing_msg/share/dingo_peripheral_interfacing_msg/msg/ElectricalMeasurements.idl
[1.973s] -- Up-to-date: /home/ehoaglin/ros2_ws/install/dingo_peripheral_interfacing_msg/share/dingo_peripheral_interfacing_msg/msg/ElectricalMeasurements.msg
[1.973s] -- Up-to-date: /home/ehoaglin/ros2_ws/install/dingo_peripheral_interfacing_msg/share/ament_index/resource_index/package_run_dependencies/dingo_peripheral_interfacing_msg
[1.973s] -- Up-to-date: /home/ehoaglin/ros2_ws/install/dingo_peripheral_interfacing_msg/share/ament_index/resource_index/parent_prefix_path/dingo_peripheral_interfacing_msg
[1.973s] -- Up-to-date: /home/ehoaglin/ros2_ws/install/dingo_peripheral_interfacing_msg/share/dingo_peripheral_interfacing_msg/environment/ament_prefix_path.sh
[1.974s] -- Up-to-date: /home/ehoaglin/ros2_ws/install/dingo_peripheral_interfacing_msg/share/dingo_peripheral_interfacing_msg/environment/ament_prefix_path.dsv
[1.974s] -- Up-to-date: /home/ehoaglin/ros2_ws/install/dingo_peripheral_interfacing_msg/share/dingo_peripheral_interfacing_msg/environment/path.sh
[1.974s] -- Up-to-date: /home/ehoaglin/ros2_ws/install/dingo_peripheral_interfacing_msg/share/dingo_peripheral_interfacing_msg/environment/path.dsv
[1.974s] -- Up-to-date: /home/ehoaglin/ros2_ws/install/dingo_peripheral_interfacing_msg/share/dingo_peripheral_interfacing_msg/local_setup.bash
[1.974s] -- Up-to-date: /home/ehoaglin/ros2_ws/install/dingo_peripheral_interfacing_msg/share/dingo_peripheral_interfacing_msg/local_setup.sh
[1.975s] -- Up-to-date: /home/ehoaglin/ros2_ws/install/dingo_peripheral_interfacing_msg/share/dingo_peripheral_interfacing_msg/local_setup.zsh
[1.975s] -- Up-to-date: /home/ehoaglin/ros2_ws/install/dingo_peripheral_interfacing_msg/share/dingo_peripheral_interfacing_msg/local_setup.dsv
[1.975s] -- Installing: /home/ehoaglin/ros2_ws/install/dingo_peripheral_interfacing_msg/share/dingo_peripheral_interfacing_msg/package.dsv
[1.975s] -- Up-to-date: /home/ehoaglin/ros2_ws/install/dingo_peripheral_interfacing_msg/share/ament_index/resource_index/packages/dingo_peripheral_interfacing_msg
[1.975s] -- Up-to-date: /home/ehoaglin/ros2_ws/install/dingo_peripheral_interfacing_msg/share/dingo_peripheral_interfacing_msg/cmake/export_dingo_peripheral_interfacing_msg__rosidl_generator_cExport.cmake
[1.976s] -- Up-to-date: /home/ehoaglin/ros2_ws/install/dingo_peripheral_interfacing_msg/share/dingo_peripheral_interfacing_msg/cmake/export_dingo_peripheral_interfacing_msg__rosidl_generator_cExport-noconfig.cmake
[1.989s] -- Up-to-date: /home/ehoaglin/ros2_ws/install/dingo_peripheral_interfacing_msg/share/dingo_peripheral_interfacing_msg/cmake/export_dingo_peripheral_interfacing_msg__rosidl_typesupport_fastrtps_cExport.cmake
[1.990s] -- Up-to-date: /home/ehoaglin/ros2_ws/install/dingo_peripheral_interfacing_msg/share/dingo_peripheral_interfacing_msg/cmake/export_dingo_peripheral_interfacing_msg__rosidl_typesupport_fastrtps_cExport-noconfig.cmake
[1.993s] -- Up-to-date: /home/ehoaglin/ros2_ws/install/dingo_peripheral_interfacing_msg/share/dingo_peripheral_interfacing_msg/cmake/export_dingo_peripheral_interfacing_msg__rosidl_generator_cppExport.cmake
[1.994s] -- Up-to-date: /home/ehoaglin/ros2_ws/install/dingo_peripheral_interfacing_msg/share/dingo_peripheral_interfacing_msg/cmake/export_dingo_peripheral_interfacing_msg__rosidl_typesupport_fastrtps_cppExport.cmake
[1.994s] -- Up-to-date: /home/ehoaglin/ros2_ws/install/dingo_peripheral_interfacing_msg/share/dingo_peripheral_interfacing_msg/cmake/export_dingo_peripheral_interfacing_msg__rosidl_typesupport_fastrtps_cppExport-noconfig.cmake
[1.995s] -- Up-to-date: /home/ehoaglin/ros2_ws/install/dingo_peripheral_interfacing_msg/share/dingo_peripheral_interfacing_msg/cmake/dingo_peripheral_interfacing_msg__rosidl_typesupport_introspection_cExport.cmake
[2.005s] -- Up-to-date: /home/ehoaglin/ros2_ws/install/dingo_peripheral_interfacing_msg/share/dingo_peripheral_interfacing_msg/cmake/dingo_peripheral_interfacing_msg__rosidl_typesupport_introspection_cExport-noconfig.cmake
[2.005s] -- Up-to-date: /home/ehoaglin/ros2_ws/install/dingo_peripheral_interfacing_msg/share/dingo_peripheral_interfacing_msg/cmake/dingo_peripheral_interfacing_msg__rosidl_typesupport_cExport.cmake
[2.006s] -- Up-to-date: /home/ehoaglin/ros2_ws/install/dingo_peripheral_interfacing_msg/share/dingo_peripheral_interfacing_msg/cmake/dingo_peripheral_interfacing_msg__rosidl_typesupport_cExport-noconfig.cmake
[2.006s] -- Up-to-date: /home/ehoaglin/ros2_ws/install/dingo_peripheral_interfacing_msg/share/dingo_peripheral_interfacing_msg/cmake/dingo_peripheral_interfacing_msg__rosidl_typesupport_introspection_cppExport.cmake
[2.007s] -- Up-to-date: /home/ehoaglin/ros2_ws/install/dingo_peripheral_interfacing_msg/share/dingo_peripheral_interfacing_msg/cmake/dingo_peripheral_interfacing_msg__rosidl_typesupport_introspection_cppExport-noconfig.cmake
[2.007s] -- Up-to-date: /home/ehoaglin/ros2_ws/install/dingo_peripheral_interfacing_msg/share/dingo_peripheral_interfacing_msg/cmake/dingo_peripheral_interfacing_msg__rosidl_typesupport_cppExport.cmake
[2.008s] -- Up-to-date: /home/ehoaglin/ros2_ws/install/dingo_peripheral_interfacing_msg/share/dingo_peripheral_interfacing_msg/cmake/dingo_peripheral_interfacing_msg__rosidl_typesupport_cppExport-noconfig.cmake
[2.008s] -- Up-to-date: /home/ehoaglin/ros2_ws/install/dingo_peripheral_interfacing_msg/share/dingo_peripheral_interfacing_msg/cmake/export_dingo_peripheral_interfacing_msg__rosidl_generator_pyExport.cmake
[2.009s] -- Up-to-date: /home/ehoaglin/ros2_ws/install/dingo_peripheral_interfacing_msg/share/dingo_peripheral_interfacing_msg/cmake/export_dingo_peripheral_interfacing_msg__rosidl_generator_pyExport-noconfig.cmake
[2.009s] -- Up-to-date: /home/ehoaglin/ros2_ws/install/dingo_peripheral_interfacing_msg/share/dingo_peripheral_interfacing_msg/cmake/rosidl_cmake-extras.cmake
[2.010s] -- Up-to-date: /home/ehoaglin/ros2_ws/install/dingo_peripheral_interfacing_msg/share/dingo_peripheral_interfacing_msg/cmake/ament_cmake_export_dependencies-extras.cmake
[2.011s] -- Up-to-date: /home/ehoaglin/ros2_ws/install/dingo_peripheral_interfacing_msg/share/dingo_peripheral_interfacing_msg/cmake/ament_cmake_export_include_directories-extras.cmake
[2.012s] -- Up-to-date: /home/ehoaglin/ros2_ws/install/dingo_peripheral_interfacing_msg/share/dingo_peripheral_interfacing_msg/cmake/ament_cmake_export_libraries-extras.cmake
[2.013s] -- Up-to-date: /home/ehoaglin/ros2_ws/install/dingo_peripheral_interfacing_msg/share/dingo_peripheral_interfacing_msg/cmake/ament_cmake_export_targets-extras.cmake
[2.013s] -- Up-to-date: /home/ehoaglin/ros2_ws/install/dingo_peripheral_interfacing_msg/share/dingo_peripheral_interfacing_msg/cmake/rosidl_cmake_export_typesupport_targets-extras.cmake
[2.014s] -- Up-to-date: /home/ehoaglin/ros2_ws/install/dingo_peripheral_interfacing_msg/share/dingo_peripheral_interfacing_msg/cmake/rosidl_cmake_export_typesupport_libraries-extras.cmake
[2.015s] -- Up-to-date: /home/ehoaglin/ros2_ws/install/dingo_peripheral_interfacing_msg/share/dingo_peripheral_interfacing_msg/cmake/dingo_peripheral_interfacing_msgConfig.cmake
[2.015s] -- Up-to-date: /home/ehoaglin/ros2_ws/install/dingo_peripheral_interfacing_msg/share/dingo_peripheral_interfacing_msg/cmake/dingo_peripheral_interfacing_msgConfig-version.cmake
[2.016s] -- Up-to-date: /home/ehoaglin/ros2_ws/install/dingo_peripheral_interfacing_msg/share/dingo_peripheral_interfacing_msg/package.xml
[2.101s] Invoked command in '/home/ehoaglin/ros2_ws/build/dingo_peripheral_interfacing_msg' returned '0': CMAKE_PREFIX_PATH=/home/ehoaglin/ros2_ws/install/ros2_fundamentals_examples:/home/ehoaglin/ros2_ws/install/dingo:/home/ehoaglin/ros2_ws/install/dingo_input_interfacing:/home/ehoaglin/ros2_ws/install/dingo_control:/home/ehoaglin/ros2_ws/install/dingo_servo_interfacing:/home/ehoaglin/ros2_ws/install/dingo_pybullet:/home/ehoaglin/ros2_ws/install/dingo_peripheral_interfacing_msg:/home/ehoaglin/ros2_ws/install/dingo_peripheral_interfacing:/home/ehoaglin/ros2_ws/install/dingo_hardware_config:/home/ehoaglin/ros2_ws/install/dualsense_interface:/opt/ros/jazzy:/home/ehoaglin/ros2_ws/install/dingo_description:/home/ehoaglin/ros2_ws/install/dingo_control_msg:/opt/ros/jazzy/opt/gz_sim_vendor:/opt/ros/jazzy/opt/gz_sensors_vendor:/opt/ros/jazzy/opt/gz_physics_vendor:/opt/ros/jazzy/opt/sdformat_vendor:/opt/ros/jazzy/opt/gz_gui_vendor:/opt/ros/jazzy/opt/gz_transport_vendor:/opt/ros/jazzy/opt/gz_rendering_vendor:/opt/ros/jazzy/opt/gz_plugin_vendor:/opt/ros/jazzy/opt/gz_fuel_tools_vendor:/opt/ros/jazzy/opt/gz_msgs_vendor:/opt/ros/jazzy/opt/gz_common_vendor:/opt/ros/jazzy/opt/gz_math_vendor:/opt/ros/jazzy/opt/gz_utils_vendor:/opt/ros/jazzy/opt/gz_tools_vendor:/opt/ros/jazzy/opt/gz_ogre_next_vendor:/opt/ros/jazzy/opt/gz_dartsim_vendor:/opt/ros/jazzy/opt/gz_cmake_vendor /usr/bin/cmake --install /home/ehoaglin/ros2_ws/build/dingo_peripheral_interfacing_msg
