[0.098s] Invoking command in '/home/ehoaglin/ros2_ws/build/dingo_servo_interfacing': CMAKE_PREFIX_PATH=${CMAKE_PREFIX_PATH}:/home/ehoaglin/ros2_ws/install/dualsense_interface:/opt/ros/jazzy /usr/bin/cmake --build /home/ehoaglin/ros2_ws/build/dingo_servo_interfacing -- -j12 -l12
[1.179s] Built target ament_cmake_python_copy_dingo_servo_interfacing
[1.235s] running egg_info
[1.421s] writing dingo_servo_interfacing.egg-info/PKG-INFO
[1.421s] writing dependency_links to dingo_servo_interfacing.egg-info/dependency_links.txt
[1.421s] writing top-level names to dingo_servo_interfacing.egg-info/top_level.txt
[1.687s] reading manifest file 'dingo_servo_interfacing.egg-info/SOURCES.txt'
[1.690s] writing manifest file 'dingo_servo_interfacing.egg-info/SOURCES.txt'
[1.806s] Built target ament_cmake_python_build_dingo_servo_interfacing_egg
[1.925s] Invoked command in '/home/ehoaglin/ros2_ws/build/dingo_servo_interfacing' returned '0': CMAKE_PREFIX_PATH=${CMAKE_PREFIX_PATH}:/home/ehoaglin/ros2_ws/install/dualsense_interface:/opt/ros/jazzy /usr/bin/cmake --build /home/ehoaglin/ros2_ws/build/dingo_servo_interfacing -- -j12 -l12
[1.926s] Invoking command in '/home/ehoaglin/ros2_ws/build/dingo_servo_interfacing': CMAKE_PREFIX_PATH=${CMAKE_PREFIX_PATH}:/home/ehoaglin/ros2_ws/install/dualsense_interface:/opt/ros/jazzy /usr/bin/cmake --install /home/ehoaglin/ros2_ws/build/dingo_servo_interfacing
[1.927s] -- Install configuration: ""
[1.927s] -- Up-to-date: /home/ehoaglin/ros2_ws/install/dingo_servo_interfacing/share/dingo_servo_interfacing/environment/pythonpath.sh
[1.928s] -- Up-to-date: /home/ehoaglin/ros2_ws/install/dingo_servo_interfacing/share/dingo_servo_interfacing/environment/pythonpath.dsv
[1.928s] -- Up-to-date: /home/ehoaglin/ros2_ws/install/dingo_servo_interfacing/lib/python3.12/site-packages/dingo_servo_interfacing-0.0.0-py3.12.egg-info
[1.928s] -- Installing: /home/ehoaglin/ros2_ws/install/dingo_servo_interfacing/lib/python3.12/site-packages/dingo_servo_interfacing-0.0.0-py3.12.egg-info/top_level.txt
[1.928s] -- Installing: /home/ehoaglin/ros2_ws/install/dingo_servo_interfacing/lib/python3.12/site-packages/dingo_servo_interfacing-0.0.0-py3.12.egg-info/dependency_links.txt
[1.929s] -- Installing: /home/ehoaglin/ros2_ws/install/dingo_servo_interfacing/lib/python3.12/site-packages/dingo_servo_interfacing-0.0.0-py3.12.egg-info/SOURCES.txt
[1.929s] -- Installing: /home/ehoaglin/ros2_ws/install/dingo_servo_interfacing/lib/python3.12/site-packages/dingo_servo_interfacing-0.0.0-py3.12.egg-info/PKG-INFO
[1.929s] -- Up-to-date: /home/ehoaglin/ros2_ws/install/dingo_servo_interfacing/lib/python3.12/site-packages/dingo_servo_interfacing
[1.930s] -- Up-to-date: /home/ehoaglin/ros2_ws/install/dingo_servo_interfacing/lib/python3.12/site-packages/dingo_servo_interfacing/CalibrateServos.py
[1.930s] -- Up-to-date: /home/ehoaglin/ros2_ws/install/dingo_servo_interfacing/lib/python3.12/site-packages/dingo_servo_interfacing/__init__.py
[1.930s] -- Up-to-date: /home/ehoaglin/ros2_ws/install/dingo_servo_interfacing/lib/python3.12/site-packages/dingo_servo_interfacing/ServoCalibrationDefinition.py
[1.930s] -- Up-to-date: /home/ehoaglin/ros2_ws/install/dingo_servo_interfacing/lib/python3.12/site-packages/dingo_servo_interfacing/HardwareInterface.py
[2.058s] Listing '/home/ehoaglin/ros2_ws/install/dingo_servo_interfacing/lib/python3.12/site-packages/dingo_servo_interfacing'...
[2.059s] -- Up-to-date: /home/ehoaglin/ros2_ws/install/dingo_servo_interfacing/share/ament_index/resource_index/package_run_dependencies/dingo_servo_interfacing
[2.059s] -- Up-to-date: /home/ehoaglin/ros2_ws/install/dingo_servo_interfacing/share/ament_index/resource_index/parent_prefix_path/dingo_servo_interfacing
[2.060s] -- Up-to-date: /home/ehoaglin/ros2_ws/install/dingo_servo_interfacing/share/dingo_servo_interfacing/environment/ament_prefix_path.sh
[2.060s] -- Up-to-date: /home/ehoaglin/ros2_ws/install/dingo_servo_interfacing/share/dingo_servo_interfacing/environment/ament_prefix_path.dsv
[2.061s] -- Up-to-date: /home/ehoaglin/ros2_ws/install/dingo_servo_interfacing/share/dingo_servo_interfacing/environment/path.sh
[2.062s] -- Up-to-date: /home/ehoaglin/ros2_ws/install/dingo_servo_interfacing/share/dingo_servo_interfacing/environment/path.dsv
[2.062s] -- Up-to-date: /home/ehoaglin/ros2_ws/install/dingo_servo_interfacing/share/dingo_servo_interfacing/local_setup.bash
[2.063s] -- Up-to-date: /home/ehoaglin/ros2_ws/install/dingo_servo_interfacing/share/dingo_servo_interfacing/local_setup.sh
[2.064s] -- Up-to-date: /home/ehoaglin/ros2_ws/install/dingo_servo_interfacing/share/dingo_servo_interfacing/local_setup.zsh
[2.064s] -- Up-to-date: /home/ehoaglin/ros2_ws/install/dingo_servo_interfacing/share/dingo_servo_interfacing/local_setup.dsv
[2.064s] -- Installing: /home/ehoaglin/ros2_ws/install/dingo_servo_interfacing/share/dingo_servo_interfacing/package.dsv
[2.066s] -- Up-to-date: /home/ehoaglin/ros2_ws/install/dingo_servo_interfacing/share/ament_index/resource_index/packages/dingo_servo_interfacing
[2.066s] -- Up-to-date: /home/ehoaglin/ros2_ws/install/dingo_servo_interfacing/share/dingo_servo_interfacing/cmake/dingo_servo_interfacingConfig.cmake
[2.068s] -- Up-to-date: /home/ehoaglin/ros2_ws/install/dingo_servo_interfacing/share/dingo_servo_interfacing/cmake/dingo_servo_interfacingConfig-version.cmake
[2.068s] -- Up-to-date: /home/ehoaglin/ros2_ws/install/dingo_servo_interfacing/share/dingo_servo_interfacing/package.xml
[2.202s] Invoked command in '/home/ehoaglin/ros2_ws/build/dingo_servo_interfacing' returned '0': CMAKE_PREFIX_PATH=${CMAKE_PREFIX_PATH}:/home/ehoaglin/ros2_ws/install/dualsense_interface:/opt/ros/jazzy /usr/bin/cmake --install /home/ehoaglin/ros2_ws/build/dingo_servo_interfacing
