[0.041s] Invoking command in '/home/ehoaglin/ros2_ws/src/build/dingo_input_interfacing': /usr/bin/cmake --build /home/ehoaglin/ros2_ws/src/build/dingo_input_interfacing -- -j12 -l12
[0.102s] Invoked command in '/home/ehoaglin/ros2_ws/src/build/dingo_input_interfacing' returned '0': /usr/bin/cmake --build /home/ehoaglin/ros2_ws/src/build/dingo_input_interfacing -- -j12 -l12
[0.104s] Invoking command in '/home/ehoaglin/ros2_ws/src/build/dingo_input_interfacing': /usr/bin/cmake --install /home/ehoaglin/ros2_ws/src/build/dingo_input_interfacing
[0.119s] -- Install configuration: ""
[0.119s] -- Up-to-date: /home/ehoaglin/ros2_ws/src/install/dingo_input_interfacing/share/ament_index/resource_index/package_run_dependencies/dingo_input_interfacing
[0.119s] -- Up-to-date: /home/ehoaglin/ros2_ws/src/install/dingo_input_interfacing/share/ament_index/resource_index/parent_prefix_path/dingo_input_interfacing
[0.120s] -- Up-to-date: /home/ehoaglin/ros2_ws/src/install/dingo_input_interfacing/share/dingo_input_interfacing/environment/ament_prefix_path.sh
[0.120s] -- Up-to-date: /home/ehoaglin/ros2_ws/src/install/dingo_input_interfacing/share/dingo_input_interfacing/environment/ament_prefix_path.dsv
[0.120s] -- Up-to-date: /home/ehoaglin/ros2_ws/src/install/dingo_input_interfacing/share/dingo_input_interfacing/environment/path.sh
[0.120s] -- Up-to-date: /home/ehoaglin/ros2_ws/src/install/dingo_input_interfacing/share/dingo_input_interfacing/environment/path.dsv
[0.120s] -- Up-to-date: /home/ehoaglin/ros2_ws/src/install/dingo_input_interfacing/share/dingo_input_interfacing/local_setup.bash
[0.121s] -- Up-to-date: /home/ehoaglin/ros2_ws/src/install/dingo_input_interfacing/share/dingo_input_interfacing/local_setup.sh
[0.121s] -- Up-to-date: /home/ehoaglin/ros2_ws/src/install/dingo_input_interfacing/share/dingo_input_interfacing/local_setup.zsh
[0.121s] -- Up-to-date: /home/ehoaglin/ros2_ws/src/install/dingo_input_interfacing/share/dingo_input_interfacing/local_setup.dsv
[0.121s] -- Installing: /home/ehoaglin/ros2_ws/src/install/dingo_input_interfacing/share/dingo_input_interfacing/package.dsv
[0.121s] -- Up-to-date: /home/ehoaglin/ros2_ws/src/install/dingo_input_interfacing/share/ament_index/resource_index/packages/dingo_input_interfacing
[0.121s] -- Up-to-date: /home/ehoaglin/ros2_ws/src/install/dingo_input_interfacing/share/dingo_input_interfacing/cmake/dingo_input_interfacingConfig.cmake
[0.121s] -- Up-to-date: /home/ehoaglin/ros2_ws/src/install/dingo_input_interfacing/share/dingo_input_interfacing/cmake/dingo_input_interfacingConfig-version.cmake
[0.122s] -- Up-to-date: /home/ehoaglin/ros2_ws/src/install/dingo_input_interfacing/share/dingo_input_interfacing/package.xml
[0.172s] Invoked command in '/home/ehoaglin/ros2_ws/src/build/dingo_input_interfacing' returned '0': /usr/bin/cmake --install /home/ehoaglin/ros2_ws/src/build/dingo_input_interfacing
