[0.600s] Invoking command in '/home/ehoaglin/ros2_ws/src/build/dingo': AMENT_PREFIX_PATH=/home/ehoaglin/ros2_ws/src/install/dingo_control:${AMENT_PREFIX_PATH} CMAKE_PREFIX_PATH=/home/ehoaglin/ros2_ws/install/ros2_fundamentals_examples:/opt/ros/jazzy:/home/ehoaglin/ros2_ws/src/install/dingo_servo_interfacing:/home/ehoaglin/ros2_ws/src/install/dingo_peripheral_interfacing:/home/ehoaglin/ros2_ws/src/install/dingo_input_interfacing:/home/ehoaglin/ros2_ws/src/install/dingo_control:${CMAKE_PREFIX_PATH} PKG_CONFIG_PATH=/home/ehoaglin/ros2_ws/src/install/dingo_servo_interfacing/lib/x86_64-linux-gnu/pkgconfig:/home/ehoaglin/ros2_ws/src/install/dingo_servo_interfacing/lib/pkgconfig:/home/ehoaglin/ros2_ws/src/install/dingo_peripheral_interfacing/lib/x86_64-linux-gnu/pkgconfig:/home/ehoaglin/ros2_ws/src/install/dingo_peripheral_interfacing/lib/pkgconfig:/home/ehoaglin/ros2_ws/src/install/dingo_input_interfacing/lib/x86_64-linux-gnu/pkgconfig:/home/ehoaglin/ros2_ws/src/install/dingo_input_interfacing/lib/pkgconfig ROS_PACKAGE_PATH=/home/ehoaglin/ros2_ws/src/install/dingo_servo_interfacing/share:/home/ehoaglin/ros2_ws/src/install/dingo_peripheral_interfacing/share:/home/ehoaglin/ros2_ws/src/install/dingo_input_interfacing/share /usr/bin/cmake /home/ehoaglin/ros2_ws/src/dingo -DCMAKE_INSTALL_PREFIX=/home/ehoaglin/ros2_ws/src/install/dingo
[0.611s] -- Found ament_cmake: 2.5.3 (/opt/ros/jazzy/share/ament_cmake/cmake)
[0.802s] -- Found rclpy: 7.1.3 (/opt/ros/jazzy/share/rclpy/cmake)
[0.802s] -- Found std_msgs: 5.3.5 (/opt/ros/jazzy/share/std_msgs/cmake)
[0.953s] -- Found rosidl_generator_c: 4.6.5 (/opt/ros/jazzy/share/rosidl_generator_c/cmake)
[0.961s] -- Found rosidl_generator_cpp: 4.6.5 (/opt/ros/jazzy/share/rosidl_generator_cpp/cmake)
[0.972s] -- Using all available rosidl_typesupport_c: rosidl_typesupport_fastrtps_c;rosidl_typesupport_introspection_c
[0.985s] -- Using all available rosidl_typesupport_cpp: rosidl_typesupport_fastrtps_cpp;rosidl_typesupport_introspection_cpp
[1.011s] -- Found dingo_peripheral_interfacing: 0.0.0 (/home/ehoaglin/ros2_ws/src/install/dingo_peripheral_interfacing/share/dingo_peripheral_interfacing/cmake)
[1.012s] -- Found dingo_control: 0.0.0 (/home/ehoaglin/ros2_ws/src/install/dingo_control/share/dingo_control/cmake)
[1.012s] -- Found dingo_input_interfacing: 0.0.0 (/home/ehoaglin/ros2_ws/src/install/dingo_input_interfacing/share/dingo_input_interfacing/cmake)
[1.012s] -- Found dingo_servo_interfacing: 0.0.0 (/home/ehoaglin/ros2_ws/src/install/dingo_servo_interfacing/share/dingo_servo_interfacing/cmake)
[1.178s] [31mCMake Error at /opt/ros/jazzy/share/ament_cmake_target_dependencies/cmake/ament_target_dependencies.cmake:42 (message):
[1.178s]   ament_target_dependencies() the first argument must be a valid target name
[1.178s] Call Stack (most recent call first):
[1.178s]   CMakeLists.txt:22 (ament_target_dependencies)
[1.178s] 
[1.178s] [0m
[1.179s] -- Configuring incomplete, errors occurred!
[1.183s] Invoked command in '/home/ehoaglin/ros2_ws/src/build/dingo' returned '1': AMENT_PREFIX_PATH=/home/ehoaglin/ros2_ws/src/install/dingo_control:${AMENT_PREFIX_PATH} CMAKE_PREFIX_PATH=/home/ehoaglin/ros2_ws/install/ros2_fundamentals_examples:/opt/ros/jazzy:/home/ehoaglin/ros2_ws/src/install/dingo_servo_interfacing:/home/ehoaglin/ros2_ws/src/install/dingo_peripheral_interfacing:/home/ehoaglin/ros2_ws/src/install/dingo_input_interfacing:/home/ehoaglin/ros2_ws/src/install/dingo_control:${CMAKE_PREFIX_PATH} PKG_CONFIG_PATH=/home/ehoaglin/ros2_ws/src/install/dingo_servo_interfacing/lib/x86_64-linux-gnu/pkgconfig:/home/ehoaglin/ros2_ws/src/install/dingo_servo_interfacing/lib/pkgconfig:/home/ehoaglin/ros2_ws/src/install/dingo_peripheral_interfacing/lib/x86_64-linux-gnu/pkgconfig:/home/ehoaglin/ros2_ws/src/install/dingo_peripheral_interfacing/lib/pkgconfig:/home/ehoaglin/ros2_ws/src/install/dingo_input_interfacing/lib/x86_64-linux-gnu/pkgconfig:/home/ehoaglin/ros2_ws/src/install/dingo_input_interfacing/lib/pkgconfig ROS_PACKAGE_PATH=/home/ehoaglin/ros2_ws/src/install/dingo_servo_interfacing/share:/home/ehoaglin/ros2_ws/src/install/dingo_peripheral_interfacing/share:/home/ehoaglin/ros2_ws/src/install/dingo_input_interfacing/share /usr/bin/cmake /home/ehoaglin/ros2_ws/src/dingo -DCMAKE_INSTALL_PREFIX=/home/ehoaglin/ros2_ws/src/install/dingo
