[1.443s] Invoking command in '/home/ehoaglin/ros2_ws/src/dingo_hardware_interfacing/dingo_input_interfacing': PYTHONPATH=/home/ehoaglin/ros2_ws/build/dingo_input_interfacing/prefix_override:/usr/lib/python3/dist-packages/colcon_core/task/python/colcon_distutils_commands:/home/ehoaglin/ros2_ws/install/dingo_input_interfacing/lib/python3.12/site-packages:${PYTHONPATH} /usr/bin/python3 -W ignore:setup.py install is deprecated -W ignore:easy_install command is deprecated setup.py egg_info --egg-base ../../../build/dingo_input_interfacing build --build-base /home/ehoaglin/ros2_ws/build/dingo_input_interfacing/build install --record /home/ehoaglin/ros2_ws/build/dingo_input_interfacing/install.log --single-version-externally-managed
[1.908s] running egg_info
[1.945s] writing ../../../build/dingo_input_interfacing/dingo_input_interfacing.egg-info/PKG-INFO
[1.945s] writing dependency_links to ../../../build/dingo_input_interfacing/dingo_input_interfacing.egg-info/dependency_links.txt
[1.946s] writing entry points to ../../../build/dingo_input_interfacing/dingo_input_interfacing.egg-info/entry_points.txt
[1.946s] writing requirements to ../../../build/dingo_input_interfacing/dingo_input_interfacing.egg-info/requires.txt
[1.946s] writing top-level names to ../../../build/dingo_input_interfacing/dingo_input_interfacing.egg-info/top_level.txt
[2.012s] reading manifest file '../../../build/dingo_input_interfacing/dingo_input_interfacing.egg-info/SOURCES.txt'
[2.014s] writing manifest file '../../../build/dingo_input_interfacing/dingo_input_interfacing.egg-info/SOURCES.txt'
[2.014s] running build
[2.014s] running build_py
[2.014s] running install
[2.023s] running install_lib
[2.057s] running install_egg_info
[2.106s] removing '/home/ehoaglin/ros2_ws/install/dingo_input_interfacing/lib/python3.12/site-packages/dingo_input_interfacing-0.0.0-py3.12.egg-info' (and everything under it)
[2.106s] Copying ../../../build/dingo_input_interfacing/dingo_input_interfacing.egg-info to /home/ehoaglin/ros2_ws/install/dingo_input_interfacing/lib/python3.12/site-packages/dingo_input_interfacing-0.0.0-py3.12.egg-info
[2.109s] running install_scripts
[2.367s] Installing InputInterface script to /home/ehoaglin/ros2_ws/install/dingo_input_interfacing/bin
[2.368s] writing list of installed files to '/home/ehoaglin/ros2_ws/build/dingo_input_interfacing/install.log'
[2.405s] Invoked command in '/home/ehoaglin/ros2_ws/src/dingo_hardware_interfacing/dingo_input_interfacing' returned '0': PYTHONPATH=/home/ehoaglin/ros2_ws/build/dingo_input_interfacing/prefix_override:/usr/lib/python3/dist-packages/colcon_core/task/python/colcon_distutils_commands:/home/ehoaglin/ros2_ws/install/dingo_input_interfacing/lib/python3.12/site-packages:${PYTHONPATH} /usr/bin/python3 -W ignore:setup.py install is deprecated -W ignore:easy_install command is deprecated setup.py egg_info --egg-base ../../../build/dingo_input_interfacing build --build-base /home/ehoaglin/ros2_ws/build/dingo_input_interfacing/build install --record /home/ehoaglin/ros2_ws/build/dingo_input_interfacing/install.log --single-version-externally-managed
