[0.058s] Invoking command in '/home/ehoaglin/ros2_ws/build/dingo_pybullet': CMAKE_PREFIX_PATH=${CMAKE_PREFIX_PATH}:/opt/ros/jazzy /usr/bin/cmake --build /home/ehoaglin/ros2_ws/build/dingo_pybullet -- -j12 -l12
[0.186s] Built target ament_cmake_python_copy_dingo_pybullet
[1.143s] running egg_info
[1.219s] writing dingo_pybullet.egg-info/PKG-INFO
[1.220s] writing dependency_links to dingo_pybullet.egg-info/dependency_links.txt
[1.220s] writing top-level names to dingo_pybullet.egg-info/top_level.txt
[1.450s] reading manifest file 'dingo_pybullet.egg-info/SOURCES.txt'
[1.451s] writing manifest file 'dingo_pybullet.egg-info/SOURCES.txt'
[1.532s] Built target ament_cmake_python_build_dingo_pybullet_egg
[1.648s] Invoked command in '/home/ehoaglin/ros2_ws/build/dingo_pybullet' returned '0': CMAKE_PREFIX_PATH=${CMAKE_PREFIX_PATH}:/opt/ros/jazzy /usr/bin/cmake --build /home/ehoaglin/ros2_ws/build/dingo_pybullet -- -j12 -l12
[1.654s] Invoking command in '/home/ehoaglin/ros2_ws/build/dingo_pybullet': CMAKE_PREFIX_PATH=${CMAKE_PREFIX_PATH}:/opt/ros/jazzy /usr/bin/cmake --install /home/ehoaglin/ros2_ws/build/dingo_pybullet
[1.666s] -- Install configuration: ""
[1.666s] -- Up-to-date: /home/ehoaglin/ros2_ws/install/dingo_pybullet/lib/dingo_pybullet/launch_robot.py
[1.666s] -- Up-to-date: /home/ehoaglin/ros2_ws/install/dingo_pybullet/lib/dingo_pybullet/pybullet_simulation.py
[1.667s] -- Up-to-date: /home/ehoaglin/ros2_ws/install/dingo_pybullet/share/dingo_pybullet/launch
[1.667s] -- Up-to-date: /home/ehoaglin/ros2_ws/install/dingo_pybullet/share/dingo_pybullet/launch/launch_simulation.py
[1.667s] -- Up-to-date: /home/ehoaglin/ros2_ws/install/dingo_pybullet/share/dingo_pybullet/launch/simulation.launch.py
[1.668s] -- Up-to-date: /home/ehoaglin/ros2_ws/install/dingo_pybullet/share/dingo_pybullet/environment/pythonpath.sh
[1.668s] -- Up-to-date: /home/ehoaglin/ros2_ws/install/dingo_pybullet/share/dingo_pybullet/environment/pythonpath.dsv
[1.668s] -- Up-to-date: /home/ehoaglin/ros2_ws/install/dingo_pybullet/lib/python3.12/site-packages/dingo_pybullet-1.0.0-py3.12.egg-info
[1.668s] -- Installing: /home/ehoaglin/ros2_ws/install/dingo_pybullet/lib/python3.12/site-packages/dingo_pybullet-1.0.0-py3.12.egg-info/top_level.txt
[1.669s] -- Installing: /home/ehoaglin/ros2_ws/install/dingo_pybullet/lib/python3.12/site-packages/dingo_pybullet-1.0.0-py3.12.egg-info/dependency_links.txt
[1.669s] -- Installing: /home/ehoaglin/ros2_ws/install/dingo_pybullet/lib/python3.12/site-packages/dingo_pybullet-1.0.0-py3.12.egg-info/SOURCES.txt
[1.669s] -- Installing: /home/ehoaglin/ros2_ws/install/dingo_pybullet/lib/python3.12/site-packages/dingo_pybullet-1.0.0-py3.12.egg-info/PKG-INFO
[1.670s] -- Up-to-date: /home/ehoaglin/ros2_ws/install/dingo_pybullet/lib/python3.12/site-packages/dingo_pybullet
[1.670s] -- Up-to-date: /home/ehoaglin/ros2_ws/install/dingo_pybullet/lib/python3.12/site-packages/dingo_pybullet/__init__.py
[1.670s] -- Up-to-date: /home/ehoaglin/ros2_ws/install/dingo_pybullet/lib/python3.12/site-packages/dingo_pybullet/scripts
[1.805s] Listing '/home/ehoaglin/ros2_ws/install/dingo_pybullet/lib/python3.12/site-packages/dingo_pybullet'...
[1.805s] -- Up-to-date: /home/ehoaglin/ros2_ws/install/dingo_pybullet/share/ament_index/resource_index/package_run_dependencies/dingo_pybullet
[1.806s] -- Up-to-date: /home/ehoaglin/ros2_ws/install/dingo_pybullet/share/ament_index/resource_index/parent_prefix_path/dingo_pybullet
[1.807s] -- Up-to-date: /home/ehoaglin/ros2_ws/install/dingo_pybullet/share/dingo_pybullet/environment/ament_prefix_path.sh
[1.807s] -- Up-to-date: /home/ehoaglin/ros2_ws/install/dingo_pybullet/share/dingo_pybullet/environment/ament_prefix_path.dsv
[1.808s] -- Up-to-date: /home/ehoaglin/ros2_ws/install/dingo_pybullet/share/dingo_pybullet/environment/path.sh
[1.808s] -- Up-to-date: /home/ehoaglin/ros2_ws/install/dingo_pybullet/share/dingo_pybullet/environment/path.dsv
[1.809s] -- Up-to-date: /home/ehoaglin/ros2_ws/install/dingo_pybullet/share/dingo_pybullet/local_setup.bash
[1.809s] -- Up-to-date: /home/ehoaglin/ros2_ws/install/dingo_pybullet/share/dingo_pybullet/local_setup.sh
[1.809s] -- Up-to-date: /home/ehoaglin/ros2_ws/install/dingo_pybullet/share/dingo_pybullet/local_setup.zsh
[1.810s] -- Up-to-date: /home/ehoaglin/ros2_ws/install/dingo_pybullet/share/dingo_pybullet/local_setup.dsv
[1.810s] -- Installing: /home/ehoaglin/ros2_ws/install/dingo_pybullet/share/dingo_pybullet/package.dsv
[1.811s] -- Up-to-date: /home/ehoaglin/ros2_ws/install/dingo_pybullet/share/ament_index/resource_index/packages/dingo_pybullet
[1.811s] -- Up-to-date: /home/ehoaglin/ros2_ws/install/dingo_pybullet/share/dingo_pybullet/cmake/dingo_pybulletConfig.cmake
[1.811s] -- Up-to-date: /home/ehoaglin/ros2_ws/install/dingo_pybullet/share/dingo_pybullet/cmake/dingo_pybulletConfig-version.cmake
[1.812s] -- Up-to-date: /home/ehoaglin/ros2_ws/install/dingo_pybullet/share/dingo_pybullet/package.xml
[2.017s] Invoked command in '/home/ehoaglin/ros2_ws/build/dingo_pybullet' returned '0': CMAKE_PREFIX_PATH=${CMAKE_PREFIX_PATH}:/opt/ros/jazzy /usr/bin/cmake --install /home/ehoaglin/ros2_ws/build/dingo_pybullet
