[0.082s] Invoking command in '/home/ehoaglin/ros2_ws/build/dingo_hardware_config': CMAKE_PREFIX_PATH=${CMAKE_PREFIX_PATH}:/home/ehoaglin/ros2_ws/install/dualsense_interface:/opt/ros/jazzy /usr/bin/cmake --build /home/ehoaglin/ros2_ws/build/dingo_hardware_config -- -j12 -l12
[0.657s] Built target ament_cmake_python_copy_dingo_hardware_config
[0.736s] running egg_info
[0.830s] writing dingo_hardware_config.egg-info/PKG-INFO
[0.831s] writing dependency_links to dingo_hardware_config.egg-info/dependency_links.txt
[0.831s] writing top-level names to dingo_hardware_config.egg-info/top_level.txt
[0.990s] reading manifest file 'dingo_hardware_config.egg-info/SOURCES.txt'
[0.994s] writing manifest file 'dingo_hardware_config.egg-info/SOURCES.txt'
[1.126s] Built target ament_cmake_python_build_dingo_hardware_config_egg
[1.184s] Invoked command in '/home/ehoaglin/ros2_ws/build/dingo_hardware_config' returned '0': CMAKE_PREFIX_PATH=${CMAKE_PREFIX_PATH}:/home/ehoaglin/ros2_ws/install/dualsense_interface:/opt/ros/jazzy /usr/bin/cmake --build /home/ehoaglin/ros2_ws/build/dingo_hardware_config -- -j12 -l12
[1.185s] Invoking command in '/home/ehoaglin/ros2_ws/build/dingo_hardware_config': CMAKE_PREFIX_PATH=${CMAKE_PREFIX_PATH}:/home/ehoaglin/ros2_ws/install/dualsense_interface:/opt/ros/jazzy /usr/bin/cmake --install /home/ehoaglin/ros2_ws/build/dingo_hardware_config
[1.201s] -- Install configuration: ""
[1.201s] -- Up-to-date: /home/ehoaglin/ros2_ws/install/dingo_hardware_config/share/dingo_hardware_config/environment/pythonpath.sh
[1.201s] -- Up-to-date: /home/ehoaglin/ros2_ws/install/dingo_hardware_config/share/dingo_hardware_config/environment/pythonpath.dsv
[1.201s] -- Up-to-date: /home/ehoaglin/ros2_ws/install/dingo_hardware_config/lib/python3.12/site-packages/dingo_hardware_config-0.0.0-py3.12.egg-info
[1.201s] -- Installing: /home/ehoaglin/ros2_ws/install/dingo_hardware_config/lib/python3.12/site-packages/dingo_hardware_config-0.0.0-py3.12.egg-info/top_level.txt
[1.201s] -- Installing: /home/ehoaglin/ros2_ws/install/dingo_hardware_config/lib/python3.12/site-packages/dingo_hardware_config-0.0.0-py3.12.egg-info/dependency_links.txt
[1.202s] -- Installing: /home/ehoaglin/ros2_ws/install/dingo_hardware_config/lib/python3.12/site-packages/dingo_hardware_config-0.0.0-py3.12.egg-info/SOURCES.txt
[1.202s] -- Installing: /home/ehoaglin/ros2_ws/install/dingo_hardware_config/lib/python3.12/site-packages/dingo_hardware_config-0.0.0-py3.12.egg-info/PKG-INFO
[1.202s] -- Up-to-date: /home/ehoaglin/ros2_ws/install/dingo_hardware_config/lib/python3.12/site-packages/dingo_hardware_config
[1.202s] -- Up-to-date: /home/ehoaglin/ros2_ws/install/dingo_hardware_config/lib/python3.12/site-packages/dingo_hardware_config/__init__.py
[1.202s] -- Up-to-date: /home/ehoaglin/ros2_ws/install/dingo_hardware_config/lib/python3.12/site-packages/dingo_hardware_config/build
[1.204s] -- Up-to-date: /home/ehoaglin/ros2_ws/install/dingo_hardware_config/lib/python3.12/site-packages/dingo_hardware_config/build/COLCON_IGNORE
[1.204s] -- Up-to-date: /home/ehoaglin/ros2_ws/install/dingo_hardware_config/lib/python3.12/site-packages/dingo_hardware_config/build/.built_by
[1.205s] -- Up-to-date: /home/ehoaglin/ros2_ws/install/dingo_hardware_config/lib/python3.12/site-packages/dingo_hardware_config/log
[1.209s] -- Up-to-date: /home/ehoaglin/ros2_ws/install/dingo_hardware_config/lib/python3.12/site-packages/dingo_hardware_config/log/latest_build
[1.210s] -- Up-to-date: /home/ehoaglin/ros2_ws/install/dingo_hardware_config/lib/python3.12/site-packages/dingo_hardware_config/log/latest
[1.211s] -- Up-to-date: /home/ehoaglin/ros2_ws/install/dingo_hardware_config/lib/python3.12/site-packages/dingo_hardware_config/log/COLCON_IGNORE
[1.212s] -- Up-to-date: /home/ehoaglin/ros2_ws/install/dingo_hardware_config/lib/python3.12/site-packages/dingo_hardware_config/log/build_2025-02-19_13-10-06
[1.217s] -- Up-to-date: /home/ehoaglin/ros2_ws/install/dingo_hardware_config/lib/python3.12/site-packages/dingo_hardware_config/log/build_2025-02-19_13-10-06/logger_all.log
[1.217s] -- Up-to-date: /home/ehoaglin/ros2_ws/install/dingo_hardware_config/lib/python3.12/site-packages/dingo_hardware_config/log/build_2025-02-19_13-10-06/events.log
[1.217s] -- Up-to-date: /home/ehoaglin/ros2_ws/install/dingo_hardware_config/lib/python3.12/site-packages/dingo_hardware_config/HardwareConfig.py
[1.217s] -- Up-to-date: /home/ehoaglin/ros2_ws/install/dingo_hardware_config/lib/python3.12/site-packages/dingo_hardware_config/install
[1.217s] -- Up-to-date: /home/ehoaglin/ros2_ws/install/dingo_hardware_config/lib/python3.12/site-packages/dingo_hardware_config/install/_local_setup_util_sh.py
[1.218s] -- Up-to-date: /home/ehoaglin/ros2_ws/install/dingo_hardware_config/lib/python3.12/site-packages/dingo_hardware_config/install/local_setup.ps1
[1.218s] -- Up-to-date: /home/ehoaglin/ros2_ws/install/dingo_hardware_config/lib/python3.12/site-packages/dingo_hardware_config/install/setup.bash
[1.218s] -- Up-to-date: /home/ehoaglin/ros2_ws/install/dingo_hardware_config/lib/python3.12/site-packages/dingo_hardware_config/install/_local_setup_util_ps1.py
[1.218s] -- Up-to-date: /home/ehoaglin/ros2_ws/install/dingo_hardware_config/lib/python3.12/site-packages/dingo_hardware_config/install/setup.sh
[1.218s] -- Up-to-date: /home/ehoaglin/ros2_ws/install/dingo_hardware_config/lib/python3.12/site-packages/dingo_hardware_config/install/.colcon_install_layout
[1.218s] -- Up-to-date: /home/ehoaglin/ros2_ws/install/dingo_hardware_config/lib/python3.12/site-packages/dingo_hardware_config/install/local_setup.zsh
[1.218s] -- Up-to-date: /home/ehoaglin/ros2_ws/install/dingo_hardware_config/lib/python3.12/site-packages/dingo_hardware_config/install/COLCON_IGNORE
[1.219s] -- Up-to-date: /home/ehoaglin/ros2_ws/install/dingo_hardware_config/lib/python3.12/site-packages/dingo_hardware_config/install/local_setup.sh
[1.219s] -- Up-to-date: /home/ehoaglin/ros2_ws/install/dingo_hardware_config/lib/python3.12/site-packages/dingo_hardware_config/install/local_setup.bash
[1.219s] -- Up-to-date: /home/ehoaglin/ros2_ws/install/dingo_hardware_config/lib/python3.12/site-packages/dingo_hardware_config/install/setup.ps1
[1.219s] -- Up-to-date: /home/ehoaglin/ros2_ws/install/dingo_hardware_config/lib/python3.12/site-packages/dingo_hardware_config/install/setup.zsh
[1.322s] Listing '/home/ehoaglin/ros2_ws/install/dingo_hardware_config/lib/python3.12/site-packages/dingo_hardware_config'...
[1.323s] Listing '/home/ehoaglin/ros2_ws/install/dingo_hardware_config/lib/python3.12/site-packages/dingo_hardware_config/build'...
[1.323s] Listing '/home/ehoaglin/ros2_ws/install/dingo_hardware_config/lib/python3.12/site-packages/dingo_hardware_config/install'...
[1.323s] Listing '/home/ehoaglin/ros2_ws/install/dingo_hardware_config/lib/python3.12/site-packages/dingo_hardware_config/log'...
[1.323s] Listing '/home/ehoaglin/ros2_ws/install/dingo_hardware_config/lib/python3.12/site-packages/dingo_hardware_config/log/build_2025-02-19_13-10-06'...
[1.334s] -- Up-to-date: /home/ehoaglin/ros2_ws/install/dingo_hardware_config/share/ament_index/resource_index/package_run_dependencies/dingo_hardware_config
[1.335s] -- Up-to-date: /home/ehoaglin/ros2_ws/install/dingo_hardware_config/share/ament_index/resource_index/parent_prefix_path/dingo_hardware_config
[1.335s] -- Up-to-date: /home/ehoaglin/ros2_ws/install/dingo_hardware_config/share/dingo_hardware_config/environment/ament_prefix_path.sh
[1.335s] -- Up-to-date: /home/ehoaglin/ros2_ws/install/dingo_hardware_config/share/dingo_hardware_config/environment/ament_prefix_path.dsv
[1.335s] -- Up-to-date: /home/ehoaglin/ros2_ws/install/dingo_hardware_config/share/dingo_hardware_config/environment/path.sh
[1.335s] -- Up-to-date: /home/ehoaglin/ros2_ws/install/dingo_hardware_config/share/dingo_hardware_config/environment/path.dsv
[1.336s] -- Up-to-date: /home/ehoaglin/ros2_ws/install/dingo_hardware_config/share/dingo_hardware_config/local_setup.bash
[1.336s] -- Up-to-date: /home/ehoaglin/ros2_ws/install/dingo_hardware_config/share/dingo_hardware_config/local_setup.sh
[1.336s] -- Up-to-date: /home/ehoaglin/ros2_ws/install/dingo_hardware_config/share/dingo_hardware_config/local_setup.zsh
[1.336s] -- Up-to-date: /home/ehoaglin/ros2_ws/install/dingo_hardware_config/share/dingo_hardware_config/local_setup.dsv
[1.337s] -- Installing: /home/ehoaglin/ros2_ws/install/dingo_hardware_config/share/dingo_hardware_config/package.dsv
[1.337s] -- Up-to-date: /home/ehoaglin/ros2_ws/install/dingo_hardware_config/share/ament_index/resource_index/packages/dingo_hardware_config
[1.338s] -- Up-to-date: /home/ehoaglin/ros2_ws/install/dingo_hardware_config/share/dingo_hardware_config/cmake/dingo_hardware_configConfig.cmake
[1.338s] -- Up-to-date: /home/ehoaglin/ros2_ws/install/dingo_hardware_config/share/dingo_hardware_config/cmake/dingo_hardware_configConfig-version.cmake
[1.338s] -- Up-to-date: /home/ehoaglin/ros2_ws/install/dingo_hardware_config/share/dingo_hardware_config/package.xml
[1.457s] Invoked command in '/home/ehoaglin/ros2_ws/build/dingo_hardware_config' returned '0': CMAKE_PREFIX_PATH=${CMAKE_PREFIX_PATH}:/home/ehoaglin/ros2_ws/install/dualsense_interface:/opt/ros/jazzy /usr/bin/cmake --install /home/ehoaglin/ros2_ws/build/dingo_hardware_config
