[0.067s] Invoking command in '/home/ehoaglin/ros2_ws/build/dingo_input_interfacing': CMAKE_PREFIX_PATH=${CMAKE_PREFIX_PATH}:/home/ehoaglin/ros2_ws/install/dualsense_interface:/opt/ros/jazzy /usr/bin/cmake --build /home/ehoaglin/ros2_ws/build/dingo_input_interfacing -- -j12 -l12
[0.510s] -- Found ament_cmake: 2.5.3 (/opt/ros/jazzy/share/ament_cmake/cmake)
[0.510s] -- Found rclpy: 7.1.3 (/opt/ros/jazzy/share/rclpy/cmake)
[0.511s] -- Found std_msgs: 5.3.5 (/opt/ros/jazzy/share/std_msgs/cmake)
[0.820s] -- Found rosidl_generator_c: 4.6.5 (/opt/ros/jazzy/share/rosidl_generator_c/cmake)
[0.838s] -- Found rosidl_generator_cpp: 4.6.5 (/opt/ros/jazzy/share/rosidl_generator_cpp/cmake)
[0.892s] -- Using all available rosidl_typesupport_c: rosidl_typesupport_fastrtps_c;rosidl_typesupport_introspection_c
[0.964s] -- Using all available rosidl_typesupport_cpp: rosidl_typesupport_fastrtps_cpp;rosidl_typesupport_introspection_cpp
[1.234s] -- Configuring done (1.1s)
[1.238s] -- Generating done (0.0s)
[1.241s] -- Build files have been written to: /home/ehoaglin/ros2_ws/build/dingo_input_interfacing
[1.289s] Built target ament_cmake_python_copy_dingo_input_interfacing
[1.657s] running egg_info
[1.702s] writing dingo_input_interfacing.egg-info/PKG-INFO
[1.702s] writing dependency_links to dingo_input_interfacing.egg-info/dependency_links.txt
[1.703s] writing top-level names to dingo_input_interfacing.egg-info/top_level.txt
[1.846s] reading manifest file 'dingo_input_interfacing.egg-info/SOURCES.txt'
[1.848s] writing manifest file 'dingo_input_interfacing.egg-info/SOURCES.txt'
[1.907s] Built target ament_cmake_python_build_dingo_input_interfacing_egg
[1.930s] Invoked command in '/home/ehoaglin/ros2_ws/build/dingo_input_interfacing' returned '0': CMAKE_PREFIX_PATH=${CMAKE_PREFIX_PATH}:/home/ehoaglin/ros2_ws/install/dualsense_interface:/opt/ros/jazzy /usr/bin/cmake --build /home/ehoaglin/ros2_ws/build/dingo_input_interfacing -- -j12 -l12
[1.933s] Invoking command in '/home/ehoaglin/ros2_ws/build/dingo_input_interfacing': CMAKE_PREFIX_PATH=${CMAKE_PREFIX_PATH}:/home/ehoaglin/ros2_ws/install/dualsense_interface:/opt/ros/jazzy /usr/bin/cmake --install /home/ehoaglin/ros2_ws/build/dingo_input_interfacing
[1.946s] -- Install configuration: ""
[1.946s] -- Up-to-date: /home/ehoaglin/ros2_ws/install/dingo_input_interfacing/share/dingo_input_interfacing/environment/pythonpath.sh
[1.947s] -- Up-to-date: /home/ehoaglin/ros2_ws/install/dingo_input_interfacing/share/dingo_input_interfacing/environment/pythonpath.dsv
[1.948s] -- Up-to-date: /home/ehoaglin/ros2_ws/install/dingo_input_interfacing/lib/python3.12/site-packages/dingo_input_interfacing-0.0.0-py3.12.egg-info
[1.948s] -- Installing: /home/ehoaglin/ros2_ws/install/dingo_input_interfacing/lib/python3.12/site-packages/dingo_input_interfacing-0.0.0-py3.12.egg-info/top_level.txt
[1.948s] -- Installing: /home/ehoaglin/ros2_ws/install/dingo_input_interfacing/lib/python3.12/site-packages/dingo_input_interfacing-0.0.0-py3.12.egg-info/dependency_links.txt
[1.948s] -- Installing: /home/ehoaglin/ros2_ws/install/dingo_input_interfacing/lib/python3.12/site-packages/dingo_input_interfacing-0.0.0-py3.12.egg-info/SOURCES.txt
[1.948s] -- Installing: /home/ehoaglin/ros2_ws/install/dingo_input_interfacing/lib/python3.12/site-packages/dingo_input_interfacing-0.0.0-py3.12.egg-info/PKG-INFO
[1.949s] -- Up-to-date: /home/ehoaglin/ros2_ws/install/dingo_input_interfacing/lib/python3.12/site-packages/dingo_input_interfacing
[1.949s] -- Up-to-date: /home/ehoaglin/ros2_ws/install/dingo_input_interfacing/lib/python3.12/site-packages/dingo_input_interfacing/__init__.py
[1.949s] -- Up-to-date: /home/ehoaglin/ros2_ws/install/dingo_input_interfacing/lib/python3.12/site-packages/dingo_input_interfacing/HardwareConfig.py
[1.949s] -- Up-to-date: /home/ehoaglin/ros2_ws/install/dingo_input_interfacing/lib/python3.12/site-packages/dingo_input_interfacing/Open Notebook.onetoc2
[1.949s] -- Up-to-date: /home/ehoaglin/ros2_ws/install/dingo_input_interfacing/lib/python3.12/site-packages/dingo_input_interfacing/InputInterface.py
[2.022s] Listing '/home/ehoaglin/ros2_ws/install/dingo_input_interfacing/lib/python3.12/site-packages/dingo_input_interfacing'...
[2.035s] -- Up-to-date: /home/ehoaglin/ros2_ws/install/dingo_input_interfacing/share/ament_index/resource_index/package_run_dependencies/dingo_input_interfacing
[2.035s] -- Up-to-date: /home/ehoaglin/ros2_ws/install/dingo_input_interfacing/share/ament_index/resource_index/parent_prefix_path/dingo_input_interfacing
[2.036s] -- Up-to-date: /home/ehoaglin/ros2_ws/install/dingo_input_interfacing/share/dingo_input_interfacing/environment/ament_prefix_path.sh
[2.036s] -- Up-to-date: /home/ehoaglin/ros2_ws/install/dingo_input_interfacing/share/dingo_input_interfacing/environment/ament_prefix_path.dsv
[2.036s] -- Up-to-date: /home/ehoaglin/ros2_ws/install/dingo_input_interfacing/share/dingo_input_interfacing/environment/path.sh
[2.037s] -- Up-to-date: /home/ehoaglin/ros2_ws/install/dingo_input_interfacing/share/dingo_input_interfacing/environment/path.dsv
[2.037s] -- Up-to-date: /home/ehoaglin/ros2_ws/install/dingo_input_interfacing/share/dingo_input_interfacing/local_setup.bash
[2.038s] -- Up-to-date: /home/ehoaglin/ros2_ws/install/dingo_input_interfacing/share/dingo_input_interfacing/local_setup.sh
[2.038s] -- Up-to-date: /home/ehoaglin/ros2_ws/install/dingo_input_interfacing/share/dingo_input_interfacing/local_setup.zsh
[2.038s] -- Up-to-date: /home/ehoaglin/ros2_ws/install/dingo_input_interfacing/share/dingo_input_interfacing/local_setup.dsv
[2.038s] -- Installing: /home/ehoaglin/ros2_ws/install/dingo_input_interfacing/share/dingo_input_interfacing/package.dsv
[2.038s] -- Up-to-date: /home/ehoaglin/ros2_ws/install/dingo_input_interfacing/share/ament_index/resource_index/packages/dingo_input_interfacing
[2.039s] -- Up-to-date: /home/ehoaglin/ros2_ws/install/dingo_input_interfacing/share/dingo_input_interfacing/cmake/dingo_input_interfacingConfig.cmake
[2.039s] -- Up-to-date: /home/ehoaglin/ros2_ws/install/dingo_input_interfacing/share/dingo_input_interfacing/cmake/dingo_input_interfacingConfig-version.cmake
[2.039s] -- Up-to-date: /home/ehoaglin/ros2_ws/install/dingo_input_interfacing/share/dingo_input_interfacing/package.xml
[2.042s] Invoked command in '/home/ehoaglin/ros2_ws/build/dingo_input_interfacing' returned '0': CMAKE_PREFIX_PATH=${CMAKE_PREFIX_PATH}:/home/ehoaglin/ros2_ws/install/dualsense_interface:/opt/ros/jazzy /usr/bin/cmake --install /home/ehoaglin/ros2_ws/build/dingo_input_interfacing
