[0.236s] DEBUG:colcon:Command line arguments: ['/usr/bin/colcon', 'build', '--packages-select', 'dingo_input_interfacing']
[0.236s] DEBUG:colcon:Parsed command line arguments: Namespace(log_base=None, log_level=None, verb_name='build', build_base='build', install_base='install', merge_install=False, symlink_install=False, test_result_base=None, continue_on_error=False, executor='parallel', parallel_workers=12, event_handlers=None, ignore_user_meta=False, metas=['./colcon.meta'], base_paths=['.'], packages_ignore=None, packages_ignore_regex=None, paths=None, packages_up_to=None, packages_up_to_regex=None, packages_above=None, packages_above_and_dependencies=None, packages_above_depth=None, packages_select_by_dep=None, packages_skip_by_dep=None, packages_skip_up_to=None, packages_select_build_failed=False, packages_skip_build_finished=False, packages_select_test_failures=False, packages_skip_test_passed=False, packages_select=['dingo_input_interfacing'], packages_skip=None, packages_select_regex=None, packages_skip_regex=None, packages_start=None, packages_end=None, allow_overriding=[], cmake_args=None, cmake_target=None, cmake_target_skip_unavailable=False, cmake_clean_cache=False, cmake_clean_first=False, cmake_force_configure=False, ament_cmake_args=None, catkin_cmake_args=None, catkin_skip_building_tests=False, verb_parser=<colcon_defaults.argument_parser.defaults.DefaultArgumentsDecorator object at 0x7f6aedccee40>, verb_extension=<colcon_core.verb.build.BuildVerb object at 0x7f6aedcceb70>, main=<bound method BuildVerb.main of <colcon_core.verb.build.BuildVerb object at 0x7f6aedcceb70>>)
[0.272s] Level 1:colcon.colcon_core.package_discovery:discover_packages(colcon_meta) check parameters
[0.273s] Level 1:colcon.colcon_core.package_discovery:discover_packages(recursive) check parameters
[0.273s] Level 1:colcon.colcon_core.package_discovery:discover_packages(ignore) check parameters
[0.273s] Level 1:colcon.colcon_core.package_discovery:discover_packages(path) check parameters
[0.273s] Level 1:colcon.colcon_core.package_discovery:discover_packages(colcon_meta) discover
[0.273s] Level 1:colcon.colcon_core.package_discovery:discover_packages(recursive) discover
[0.273s] INFO:colcon.colcon_core.package_discovery:Crawling recursively for packages in '/home/ehoaglin/ros2_ws'
[0.273s] Level 1:colcon.colcon_core.package_identification:_identify(.) by extensions ['ignore', 'ignore_ament_install']
[0.273s] Level 1:colcon.colcon_core.package_identification:_identify(.) by extension 'ignore'
[0.273s] Level 1:colcon.colcon_core.package_identification:_identify(.) by extension 'ignore_ament_install'
[0.273s] Level 1:colcon.colcon_core.package_identification:_identify(.) by extensions ['colcon_pkg']
[0.273s] Level 1:colcon.colcon_core.package_identification:_identify(.) by extension 'colcon_pkg'
[0.274s] Level 1:colcon.colcon_core.package_identification:_identify(.) by extensions ['colcon_meta']
[0.274s] Level 1:colcon.colcon_core.package_identification:_identify(.) by extension 'colcon_meta'
[0.274s] Level 1:colcon.colcon_core.package_identification:_identify(.) by extensions ['ros']
[0.274s] Level 1:colcon.colcon_core.package_identification:_identify(.) by extension 'ros'
[0.295s] Level 1:colcon.colcon_core.package_identification:_identify(.) by extensions ['cmake', 'python']
[0.295s] Level 1:colcon.colcon_core.package_identification:_identify(.) by extension 'cmake'
[0.296s] Level 1:colcon.colcon_core.package_identification:_identify(.) by extension 'python'
[0.296s] Level 1:colcon.colcon_core.package_identification:_identify(.) by extensions ['python_setup_py']
[0.296s] Level 1:colcon.colcon_core.package_identification:_identify(.) by extension 'python_setup_py'
[0.296s] Level 1:colcon.colcon_core.package_identification:_identify(build) by extensions ['ignore', 'ignore_ament_install']
[0.296s] Level 1:colcon.colcon_core.package_identification:_identify(build) by extension 'ignore'
[0.296s] Level 1:colcon.colcon_core.package_identification:_identify(build) ignored
[0.296s] Level 1:colcon.colcon_core.package_identification:_identify(install) by extensions ['ignore', 'ignore_ament_install']
[0.296s] Level 1:colcon.colcon_core.package_identification:_identify(install) by extension 'ignore'
[0.296s] Level 1:colcon.colcon_core.package_identification:_identify(install) ignored
[0.296s] Level 1:colcon.colcon_core.package_identification:_identify(log) by extensions ['ignore', 'ignore_ament_install']
[0.296s] Level 1:colcon.colcon_core.package_identification:_identify(log) by extension 'ignore'
[0.296s] Level 1:colcon.colcon_core.package_identification:_identify(log) ignored
[0.296s] Level 1:colcon.colcon_core.package_identification:_identify(obsolete) by extensions ['ignore', 'ignore_ament_install']
[0.297s] Level 1:colcon.colcon_core.package_identification:_identify(obsolete) by extension 'ignore'
[0.297s] Level 1:colcon.colcon_core.package_identification:_identify(obsolete) by extension 'ignore_ament_install'
[0.297s] Level 1:colcon.colcon_core.package_identification:_identify(obsolete) by extensions ['colcon_pkg']
[0.297s] Level 1:colcon.colcon_core.package_identification:_identify(obsolete) by extension 'colcon_pkg'
[0.297s] Level 1:colcon.colcon_core.package_identification:_identify(obsolete) by extensions ['colcon_meta']
[0.297s] Level 1:colcon.colcon_core.package_identification:_identify(obsolete) by extension 'colcon_meta'
[0.297s] Level 1:colcon.colcon_core.package_identification:_identify(obsolete) by extensions ['ros']
[0.297s] Level 1:colcon.colcon_core.package_identification:_identify(obsolete) by extension 'ros'
[0.297s] Level 1:colcon.colcon_core.package_identification:_identify(obsolete) by extensions ['cmake', 'python']
[0.297s] Level 1:colcon.colcon_core.package_identification:_identify(obsolete) by extension 'cmake'
[0.297s] Level 1:colcon.colcon_core.package_identification:_identify(obsolete) by extension 'python'
[0.297s] Level 1:colcon.colcon_core.package_identification:_identify(obsolete) by extensions ['python_setup_py']
[0.297s] Level 1:colcon.colcon_core.package_identification:_identify(obsolete) by extension 'python_setup_py'
[0.297s] Level 1:colcon.colcon_core.package_identification:_identify(obsolete/ros2_fundamentals_examples) by extensions ['ignore', 'ignore_ament_install']
[0.297s] Level 1:colcon.colcon_core.package_identification:_identify(obsolete/ros2_fundamentals_examples) by extension 'ignore'
[0.297s] Level 1:colcon.colcon_core.package_identification:_identify(obsolete/ros2_fundamentals_examples) by extension 'ignore_ament_install'
[0.297s] Level 1:colcon.colcon_core.package_identification:_identify(obsolete/ros2_fundamentals_examples) by extensions ['colcon_pkg']
[0.297s] Level 1:colcon.colcon_core.package_identification:_identify(obsolete/ros2_fundamentals_examples) by extension 'colcon_pkg'
[0.297s] Level 1:colcon.colcon_core.package_identification:_identify(obsolete/ros2_fundamentals_examples) by extensions ['colcon_meta']
[0.297s] Level 1:colcon.colcon_core.package_identification:_identify(obsolete/ros2_fundamentals_examples) by extension 'colcon_meta'
[0.297s] Level 1:colcon.colcon_core.package_identification:_identify(obsolete/ros2_fundamentals_examples) by extensions ['ros']
[0.298s] Level 1:colcon.colcon_core.package_identification:_identify(obsolete/ros2_fundamentals_examples) by extension 'ros'
[0.300s] DEBUG:colcon.colcon_core.package_identification:Package 'obsolete/ros2_fundamentals_examples' with type 'ros.ament_cmake' and name 'ros2_fundamentals_examples'
[0.300s] Level 1:colcon.colcon_core.package_identification:_identify(src) by extensions ['ignore', 'ignore_ament_install']
[0.300s] Level 1:colcon.colcon_core.package_identification:_identify(src) by extension 'ignore'
[0.300s] Level 1:colcon.colcon_core.package_identification:_identify(src) by extension 'ignore_ament_install'
[0.300s] Level 1:colcon.colcon_core.package_identification:_identify(src) by extensions ['colcon_pkg']
[0.300s] Level 1:colcon.colcon_core.package_identification:_identify(src) by extension 'colcon_pkg'
[0.300s] Level 1:colcon.colcon_core.package_identification:_identify(src) by extensions ['colcon_meta']
[0.300s] Level 1:colcon.colcon_core.package_identification:_identify(src) by extension 'colcon_meta'
[0.300s] Level 1:colcon.colcon_core.package_identification:_identify(src) by extensions ['ros']
[0.300s] Level 1:colcon.colcon_core.package_identification:_identify(src) by extension 'ros'
[0.300s] Level 1:colcon.colcon_core.package_identification:_identify(src) by extensions ['cmake', 'python']
[0.300s] Level 1:colcon.colcon_core.package_identification:_identify(src) by extension 'cmake'
[0.300s] Level 1:colcon.colcon_core.package_identification:_identify(src) by extension 'python'
[0.300s] Level 1:colcon.colcon_core.package_identification:_identify(src) by extensions ['python_setup_py']
[0.300s] Level 1:colcon.colcon_core.package_identification:_identify(src) by extension 'python_setup_py'
[0.300s] Level 1:colcon.colcon_core.package_identification:_identify(src/build) by extensions ['ignore', 'ignore_ament_install']
[0.300s] Level 1:colcon.colcon_core.package_identification:_identify(src/build) by extension 'ignore'
[0.300s] Level 1:colcon.colcon_core.package_identification:_identify(src/build) ignored
[0.300s] Level 1:colcon.colcon_core.package_identification:_identify(src/dingo) by extensions ['ignore', 'ignore_ament_install']
[0.301s] Level 1:colcon.colcon_core.package_identification:_identify(src/dingo) by extension 'ignore'
[0.301s] Level 1:colcon.colcon_core.package_identification:_identify(src/dingo) by extension 'ignore_ament_install'
[0.301s] Level 1:colcon.colcon_core.package_identification:_identify(src/dingo) by extensions ['colcon_pkg']
[0.301s] Level 1:colcon.colcon_core.package_identification:_identify(src/dingo) by extension 'colcon_pkg'
[0.301s] Level 1:colcon.colcon_core.package_identification:_identify(src/dingo) by extensions ['colcon_meta']
[0.301s] Level 1:colcon.colcon_core.package_identification:_identify(src/dingo) by extension 'colcon_meta'
[0.301s] Level 1:colcon.colcon_core.package_identification:_identify(src/dingo) by extensions ['ros']
[0.301s] Level 1:colcon.colcon_core.package_identification:_identify(src/dingo) by extension 'ros'
[0.301s] DEBUG:colcon.colcon_core.package_identification:Package 'src/dingo' with type 'ros.ament_cmake' and name 'dingo'
[0.301s] Level 1:colcon.colcon_core.package_identification:_identify(src/dingo_control) by extensions ['ignore', 'ignore_ament_install']
[0.302s] Level 1:colcon.colcon_core.package_identification:_identify(src/dingo_control) by extension 'ignore'
[0.302s] Level 1:colcon.colcon_core.package_identification:_identify(src/dingo_control) by extension 'ignore_ament_install'
[0.302s] Level 1:colcon.colcon_core.package_identification:_identify(src/dingo_control) by extensions ['colcon_pkg']
[0.302s] Level 1:colcon.colcon_core.package_identification:_identify(src/dingo_control) by extension 'colcon_pkg'
[0.302s] Level 1:colcon.colcon_core.package_identification:_identify(src/dingo_control) by extensions ['colcon_meta']
[0.302s] Level 1:colcon.colcon_core.package_identification:_identify(src/dingo_control) by extension 'colcon_meta'
[0.302s] Level 1:colcon.colcon_core.package_identification:_identify(src/dingo_control) by extensions ['ros']
[0.302s] Level 1:colcon.colcon_core.package_identification:_identify(src/dingo_control) by extension 'ros'
[0.302s] DEBUG:colcon.colcon_core.package_identification:Package 'src/dingo_control' with type 'ros.ament_cmake' and name 'dingo_control'
[0.302s] Level 1:colcon.colcon_core.package_identification:_identify(src/dingo_control_msg) by extensions ['ignore', 'ignore_ament_install']
[0.302s] Level 1:colcon.colcon_core.package_identification:_identify(src/dingo_control_msg) by extension 'ignore'
[0.303s] Level 1:colcon.colcon_core.package_identification:_identify(src/dingo_control_msg) by extension 'ignore_ament_install'
[0.303s] Level 1:colcon.colcon_core.package_identification:_identify(src/dingo_control_msg) by extensions ['colcon_pkg']
[0.303s] Level 1:colcon.colcon_core.package_identification:_identify(src/dingo_control_msg) by extension 'colcon_pkg'
[0.303s] Level 1:colcon.colcon_core.package_identification:_identify(src/dingo_control_msg) by extensions ['colcon_meta']
[0.303s] Level 1:colcon.colcon_core.package_identification:_identify(src/dingo_control_msg) by extension 'colcon_meta'
[0.303s] Level 1:colcon.colcon_core.package_identification:_identify(src/dingo_control_msg) by extensions ['ros']
[0.303s] Level 1:colcon.colcon_core.package_identification:_identify(src/dingo_control_msg) by extension 'ros'
[0.303s] DEBUG:colcon.colcon_core.package_identification:Package 'src/dingo_control_msg' with type 'ros.ament_cmake' and name 'dingo_control_msg'
[0.303s] Level 1:colcon.colcon_core.package_identification:_identify(src/dingo_description) by extensions ['ignore', 'ignore_ament_install']
[0.303s] Level 1:colcon.colcon_core.package_identification:_identify(src/dingo_description) by extension 'ignore'
[0.304s] Level 1:colcon.colcon_core.package_identification:_identify(src/dingo_description) by extension 'ignore_ament_install'
[0.304s] Level 1:colcon.colcon_core.package_identification:_identify(src/dingo_description) by extensions ['colcon_pkg']
[0.304s] Level 1:colcon.colcon_core.package_identification:_identify(src/dingo_description) by extension 'colcon_pkg'
[0.304s] Level 1:colcon.colcon_core.package_identification:_identify(src/dingo_description) by extensions ['colcon_meta']
[0.304s] Level 1:colcon.colcon_core.package_identification:_identify(src/dingo_description) by extension 'colcon_meta'
[0.304s] Level 1:colcon.colcon_core.package_identification:_identify(src/dingo_description) by extensions ['ros']
[0.304s] Level 1:colcon.colcon_core.package_identification:_identify(src/dingo_description) by extension 'ros'
[0.304s] DEBUG:colcon.colcon_core.package_identification:Package 'src/dingo_description' with type 'ros.ament_cmake' and name 'dingo_description'
[0.304s] Level 1:colcon.colcon_core.package_identification:_identify(src/dingo_gazebo) by extensions ['ignore', 'ignore_ament_install']
[0.305s] Level 1:colcon.colcon_core.package_identification:_identify(src/dingo_gazebo) by extension 'ignore'
[0.305s] Level 1:colcon.colcon_core.package_identification:_identify(src/dingo_gazebo) by extension 'ignore_ament_install'
[0.305s] Level 1:colcon.colcon_core.package_identification:_identify(src/dingo_gazebo) by extensions ['colcon_pkg']
[0.305s] Level 1:colcon.colcon_core.package_identification:_identify(src/dingo_gazebo) by extension 'colcon_pkg'
[0.305s] Level 1:colcon.colcon_core.package_identification:_identify(src/dingo_gazebo) by extensions ['colcon_meta']
[0.305s] Level 1:colcon.colcon_core.package_identification:_identify(src/dingo_gazebo) by extension 'colcon_meta'
[0.305s] Level 1:colcon.colcon_core.package_identification:_identify(src/dingo_gazebo) by extensions ['ros']
[0.305s] Level 1:colcon.colcon_core.package_identification:_identify(src/dingo_gazebo) by extension 'ros'
[0.305s] DEBUG:colcon.colcon_core.package_identification:Package 'src/dingo_gazebo' with type 'ros.catkin' and name 'dingo_gazebo'
[0.305s] Level 1:colcon.colcon_core.package_identification:_identify(src/dingo_hardware_interfacing) by extensions ['ignore', 'ignore_ament_install']
[0.305s] Level 1:colcon.colcon_core.package_identification:_identify(src/dingo_hardware_interfacing) by extension 'ignore'
[0.305s] Level 1:colcon.colcon_core.package_identification:_identify(src/dingo_hardware_interfacing) by extension 'ignore_ament_install'
[0.305s] Level 1:colcon.colcon_core.package_identification:_identify(src/dingo_hardware_interfacing) by extensions ['colcon_pkg']
[0.305s] Level 1:colcon.colcon_core.package_identification:_identify(src/dingo_hardware_interfacing) by extension 'colcon_pkg'
[0.305s] Level 1:colcon.colcon_core.package_identification:_identify(src/dingo_hardware_interfacing) by extensions ['colcon_meta']
[0.305s] Level 1:colcon.colcon_core.package_identification:_identify(src/dingo_hardware_interfacing) by extension 'colcon_meta'
[0.306s] Level 1:colcon.colcon_core.package_identification:_identify(src/dingo_hardware_interfacing) by extensions ['ros']
[0.306s] Level 1:colcon.colcon_core.package_identification:_identify(src/dingo_hardware_interfacing) by extension 'ros'
[0.306s] Level 1:colcon.colcon_core.package_identification:_identify(src/dingo_hardware_interfacing) by extensions ['cmake', 'python']
[0.306s] Level 1:colcon.colcon_core.package_identification:_identify(src/dingo_hardware_interfacing) by extension 'cmake'
[0.306s] Level 1:colcon.colcon_core.package_identification:_identify(src/dingo_hardware_interfacing) by extension 'python'
[0.306s] Level 1:colcon.colcon_core.package_identification:_identify(src/dingo_hardware_interfacing) by extensions ['python_setup_py']
[0.306s] Level 1:colcon.colcon_core.package_identification:_identify(src/dingo_hardware_interfacing) by extension 'python_setup_py'
[0.306s] Level 1:colcon.colcon_core.package_identification:_identify(src/dingo_hardware_interfacing/dingo_hardware_config) by extensions ['ignore', 'ignore_ament_install']
[0.306s] Level 1:colcon.colcon_core.package_identification:_identify(src/dingo_hardware_interfacing/dingo_hardware_config) by extension 'ignore'
[0.306s] Level 1:colcon.colcon_core.package_identification:_identify(src/dingo_hardware_interfacing/dingo_hardware_config) by extension 'ignore_ament_install'
[0.306s] Level 1:colcon.colcon_core.package_identification:_identify(src/dingo_hardware_interfacing/dingo_hardware_config) by extensions ['colcon_pkg']
[0.306s] Level 1:colcon.colcon_core.package_identification:_identify(src/dingo_hardware_interfacing/dingo_hardware_config) by extension 'colcon_pkg'
[0.306s] Level 1:colcon.colcon_core.package_identification:_identify(src/dingo_hardware_interfacing/dingo_hardware_config) by extensions ['colcon_meta']
[0.306s] Level 1:colcon.colcon_core.package_identification:_identify(src/dingo_hardware_interfacing/dingo_hardware_config) by extension 'colcon_meta'
[0.306s] Level 1:colcon.colcon_core.package_identification:_identify(src/dingo_hardware_interfacing/dingo_hardware_config) by extensions ['ros']
[0.306s] Level 1:colcon.colcon_core.package_identification:_identify(src/dingo_hardware_interfacing/dingo_hardware_config) by extension 'ros'
[0.307s] DEBUG:colcon.colcon_core.package_identification:Package 'src/dingo_hardware_interfacing/dingo_hardware_config' with type 'ros.ament_cmake' and name 'dingo_hardware_config'
[0.307s] Level 1:colcon.colcon_core.package_identification:_identify(src/dingo_hardware_interfacing/dingo_input_interfacing) by extensions ['ignore', 'ignore_ament_install']
[0.307s] Level 1:colcon.colcon_core.package_identification:_identify(src/dingo_hardware_interfacing/dingo_input_interfacing) by extension 'ignore'
[0.307s] Level 1:colcon.colcon_core.package_identification:_identify(src/dingo_hardware_interfacing/dingo_input_interfacing) by extension 'ignore_ament_install'
[0.307s] Level 1:colcon.colcon_core.package_identification:_identify(src/dingo_hardware_interfacing/dingo_input_interfacing) by extensions ['colcon_pkg']
[0.307s] Level 1:colcon.colcon_core.package_identification:_identify(src/dingo_hardware_interfacing/dingo_input_interfacing) by extension 'colcon_pkg'
[0.307s] Level 1:colcon.colcon_core.package_identification:_identify(src/dingo_hardware_interfacing/dingo_input_interfacing) by extensions ['colcon_meta']
[0.307s] Level 1:colcon.colcon_core.package_identification:_identify(src/dingo_hardware_interfacing/dingo_input_interfacing) by extension 'colcon_meta'
[0.307s] Level 1:colcon.colcon_core.package_identification:_identify(src/dingo_hardware_interfacing/dingo_input_interfacing) by extensions ['ros']
[0.307s] Level 1:colcon.colcon_core.package_identification:_identify(src/dingo_hardware_interfacing/dingo_input_interfacing) by extension 'ros'
[0.308s] DEBUG:colcon.colcon_core.package_identification:Package 'src/dingo_hardware_interfacing/dingo_input_interfacing' with type 'ros.ament_cmake' and name 'dingo_input_interfacing'
[0.308s] Level 1:colcon.colcon_core.package_identification:_identify(src/dingo_hardware_interfacing/dingo_peripheral_interfacing) by extensions ['ignore', 'ignore_ament_install']
[0.308s] Level 1:colcon.colcon_core.package_identification:_identify(src/dingo_hardware_interfacing/dingo_peripheral_interfacing) by extension 'ignore'
[0.309s] Level 1:colcon.colcon_core.package_identification:_identify(src/dingo_hardware_interfacing/dingo_peripheral_interfacing) by extension 'ignore_ament_install'
[0.309s] Level 1:colcon.colcon_core.package_identification:_identify(src/dingo_hardware_interfacing/dingo_peripheral_interfacing) by extensions ['colcon_pkg']
[0.309s] Level 1:colcon.colcon_core.package_identification:_identify(src/dingo_hardware_interfacing/dingo_peripheral_interfacing) by extension 'colcon_pkg'
[0.309s] Level 1:colcon.colcon_core.package_identification:_identify(src/dingo_hardware_interfacing/dingo_peripheral_interfacing) by extensions ['colcon_meta']
[0.309s] Level 1:colcon.colcon_core.package_identification:_identify(src/dingo_hardware_interfacing/dingo_peripheral_interfacing) by extension 'colcon_meta'
[0.309s] Level 1:colcon.colcon_core.package_identification:_identify(src/dingo_hardware_interfacing/dingo_peripheral_interfacing) by extensions ['ros']
[0.309s] Level 1:colcon.colcon_core.package_identification:_identify(src/dingo_hardware_interfacing/dingo_peripheral_interfacing) by extension 'ros'
[0.310s] DEBUG:colcon.colcon_core.package_identification:Package 'src/dingo_hardware_interfacing/dingo_peripheral_interfacing' with type 'ros.ament_cmake' and name 'dingo_peripheral_interfacing'
[0.310s] Level 1:colcon.colcon_core.package_identification:_identify(src/dingo_hardware_interfacing/dingo_peripheral_interfacing_msg) by extensions ['ignore', 'ignore_ament_install']
[0.310s] Level 1:colcon.colcon_core.package_identification:_identify(src/dingo_hardware_interfacing/dingo_peripheral_interfacing_msg) by extension 'ignore'
[0.310s] Level 1:colcon.colcon_core.package_identification:_identify(src/dingo_hardware_interfacing/dingo_peripheral_interfacing_msg) by extension 'ignore_ament_install'
[0.310s] Level 1:colcon.colcon_core.package_identification:_identify(src/dingo_hardware_interfacing/dingo_peripheral_interfacing_msg) by extensions ['colcon_pkg']
[0.310s] Level 1:colcon.colcon_core.package_identification:_identify(src/dingo_hardware_interfacing/dingo_peripheral_interfacing_msg) by extension 'colcon_pkg'
[0.310s] Level 1:colcon.colcon_core.package_identification:_identify(src/dingo_hardware_interfacing/dingo_peripheral_interfacing_msg) by extensions ['colcon_meta']
[0.310s] Level 1:colcon.colcon_core.package_identification:_identify(src/dingo_hardware_interfacing/dingo_peripheral_interfacing_msg) by extension 'colcon_meta'
[0.310s] Level 1:colcon.colcon_core.package_identification:_identify(src/dingo_hardware_interfacing/dingo_peripheral_interfacing_msg) by extensions ['ros']
[0.310s] Level 1:colcon.colcon_core.package_identification:_identify(src/dingo_hardware_interfacing/dingo_peripheral_interfacing_msg) by extension 'ros'
[0.311s] DEBUG:colcon.colcon_core.package_identification:Package 'src/dingo_hardware_interfacing/dingo_peripheral_interfacing_msg' with type 'ros.ament_cmake' and name 'dingo_peripheral_interfacing_msg'
[0.311s] Level 1:colcon.colcon_core.package_identification:_identify(src/dingo_hardware_interfacing/dingo_servo_interfacing) by extensions ['ignore', 'ignore_ament_install']
[0.311s] Level 1:colcon.colcon_core.package_identification:_identify(src/dingo_hardware_interfacing/dingo_servo_interfacing) by extension 'ignore'
[0.311s] Level 1:colcon.colcon_core.package_identification:_identify(src/dingo_hardware_interfacing/dingo_servo_interfacing) by extension 'ignore_ament_install'
[0.311s] Level 1:colcon.colcon_core.package_identification:_identify(src/dingo_hardware_interfacing/dingo_servo_interfacing) by extensions ['colcon_pkg']
[0.311s] Level 1:colcon.colcon_core.package_identification:_identify(src/dingo_hardware_interfacing/dingo_servo_interfacing) by extension 'colcon_pkg'
[0.311s] Level 1:colcon.colcon_core.package_identification:_identify(src/dingo_hardware_interfacing/dingo_servo_interfacing) by extensions ['colcon_meta']
[0.311s] Level 1:colcon.colcon_core.package_identification:_identify(src/dingo_hardware_interfacing/dingo_servo_interfacing) by extension 'colcon_meta'
[0.311s] Level 1:colcon.colcon_core.package_identification:_identify(src/dingo_hardware_interfacing/dingo_servo_interfacing) by extensions ['ros']
[0.311s] Level 1:colcon.colcon_core.package_identification:_identify(src/dingo_hardware_interfacing/dingo_servo_interfacing) by extension 'ros'
[0.312s] DEBUG:colcon.colcon_core.package_identification:Package 'src/dingo_hardware_interfacing/dingo_servo_interfacing' with type 'ros.ament_cmake' and name 'dingo_servo_interfacing'
[0.312s] Level 1:colcon.colcon_core.package_identification:_identify(src/dingo_pybullet) by extensions ['ignore', 'ignore_ament_install']
[0.312s] Level 1:colcon.colcon_core.package_identification:_identify(src/dingo_pybullet) by extension 'ignore'
[0.312s] Level 1:colcon.colcon_core.package_identification:_identify(src/dingo_pybullet) by extension 'ignore_ament_install'
[0.312s] Level 1:colcon.colcon_core.package_identification:_identify(src/dingo_pybullet) by extensions ['colcon_pkg']
[0.312s] Level 1:colcon.colcon_core.package_identification:_identify(src/dingo_pybullet) by extension 'colcon_pkg'
[0.312s] Level 1:colcon.colcon_core.package_identification:_identify(src/dingo_pybullet) by extensions ['colcon_meta']
[0.312s] Level 1:colcon.colcon_core.package_identification:_identify(src/dingo_pybullet) by extension 'colcon_meta'
[0.312s] Level 1:colcon.colcon_core.package_identification:_identify(src/dingo_pybullet) by extensions ['ros']
[0.312s] Level 1:colcon.colcon_core.package_identification:_identify(src/dingo_pybullet) by extension 'ros'
[0.313s] DEBUG:colcon.colcon_core.package_identification:Package 'src/dingo_pybullet' with type 'ros.ament_cmake' and name 'dingo_pybullet'
[0.313s] Level 1:colcon.colcon_core.package_identification:_identify(src/dualsense_interface) by extensions ['ignore', 'ignore_ament_install']
[0.313s] Level 1:colcon.colcon_core.package_identification:_identify(src/dualsense_interface) by extension 'ignore'
[0.313s] Level 1:colcon.colcon_core.package_identification:_identify(src/dualsense_interface) by extension 'ignore_ament_install'
[0.313s] Level 1:colcon.colcon_core.package_identification:_identify(src/dualsense_interface) by extensions ['colcon_pkg']
[0.313s] Level 1:colcon.colcon_core.package_identification:_identify(src/dualsense_interface) by extension 'colcon_pkg'
[0.313s] Level 1:colcon.colcon_core.package_identification:_identify(src/dualsense_interface) by extensions ['colcon_meta']
[0.313s] Level 1:colcon.colcon_core.package_identification:_identify(src/dualsense_interface) by extension 'colcon_meta'
[0.313s] Level 1:colcon.colcon_core.package_identification:_identify(src/dualsense_interface) by extensions ['ros']
[0.313s] Level 1:colcon.colcon_core.package_identification:_identify(src/dualsense_interface) by extension 'ros'
[0.314s] DEBUG:colcon.colcon_core.package_identification:Package 'src/dualsense_interface' with type 'ros.ament_python' and name 'dualsense_interface'
[0.314s] Level 1:colcon.colcon_core.package_identification:_identify(src/install) by extensions ['ignore', 'ignore_ament_install']
[0.314s] Level 1:colcon.colcon_core.package_identification:_identify(src/install) by extension 'ignore'
[0.314s] Level 1:colcon.colcon_core.package_identification:_identify(src/install) ignored
[0.314s] Level 1:colcon.colcon_core.package_identification:_identify(src/log) by extensions ['ignore', 'ignore_ament_install']
[0.315s] Level 1:colcon.colcon_core.package_identification:_identify(src/log) by extension 'ignore'
[0.315s] Level 1:colcon.colcon_core.package_identification:_identify(src/log) ignored
[0.315s] Level 1:colcon.colcon_core.package_discovery:discover_packages(recursive) using defaults
[0.315s] Level 1:colcon.colcon_core.package_discovery:discover_packages(ignore) discover
[0.315s] Level 1:colcon.colcon_core.package_discovery:discover_packages(ignore) using defaults
[0.315s] Level 1:colcon.colcon_core.package_discovery:discover_packages(path) discover
[0.315s] Level 1:colcon.colcon_core.package_discovery:discover_packages(path) using defaults
[0.334s] INFO:colcon.colcon_core.package_selection:Skipping not selected package 'dingo_control_msg' in 'src/dingo_control_msg'
[0.334s] INFO:colcon.colcon_core.package_selection:Skipping not selected package 'dingo_description' in 'src/dingo_description'
[0.334s] INFO:colcon.colcon_core.package_selection:Skipping not selected package 'dingo_gazebo' in 'src/dingo_gazebo'
[0.334s] INFO:colcon.colcon_core.package_selection:Skipping not selected package 'dingo_hardware_config' in 'src/dingo_hardware_interfacing/dingo_hardware_config'
[0.334s] INFO:colcon.colcon_core.package_selection:Skipping not selected package 'dingo_peripheral_interfacing' in 'src/dingo_hardware_interfacing/dingo_peripheral_interfacing'
[0.334s] INFO:colcon.colcon_core.package_selection:Skipping not selected package 'dingo_peripheral_interfacing_msg' in 'src/dingo_hardware_interfacing/dingo_peripheral_interfacing_msg'
[0.334s] INFO:colcon.colcon_core.package_selection:Skipping not selected package 'dingo_servo_interfacing' in 'src/dingo_hardware_interfacing/dingo_servo_interfacing'
[0.334s] INFO:colcon.colcon_core.package_selection:Skipping not selected package 'dualsense_interface' in 'src/dualsense_interface'
[0.334s] INFO:colcon.colcon_core.package_selection:Skipping not selected package 'ros2_fundamentals_examples' in 'obsolete/ros2_fundamentals_examples'
[0.334s] INFO:colcon.colcon_core.package_selection:Skipping not selected package 'dingo_control' in 'src/dingo_control'
[0.334s] INFO:colcon.colcon_core.package_selection:Skipping not selected package 'dingo_pybullet' in 'src/dingo_pybullet'
[0.334s] INFO:colcon.colcon_core.package_selection:Skipping not selected package 'dingo' in 'src/dingo'
[0.335s] Level 1:colcon.colcon_core.package_discovery:discover_packages(prefix_path) check parameters
[0.335s] Level 1:colcon.colcon_core.package_discovery:discover_packages(prefix_path) discover
[0.336s] DEBUG:colcon.colcon_installed_package_information.package_discovery:Found 13 installed packages in /home/ehoaglin/ros2_ws/install
[0.338s] DEBUG:colcon.colcon_installed_package_information.package_discovery:Found 404 installed packages in /opt/ros/jazzy
[0.339s] Level 1:colcon.colcon_core.package_discovery:discover_packages(prefix_path) using defaults
[0.399s] WARNING:colcon.colcon_core.package_selection:Some selected packages are already built in one or more underlay workspaces:
	'dingo_input_interfacing' is in: /home/ehoaglin/ros2_ws/install/dingo_input_interfacing
If a package in a merged underlay workspace is overridden and it installs headers, then all packages in the overlay must sort their include directories by workspace order. Failure to do so may result in build failures or undefined behavior at run time.
If the overridden package is used by another package in any underlay, then the overriding package in the overlay must be API and ABI compatible or undefined behavior at run time may occur.

If you understand the risks and want to override a package anyways, add the following to the command line:
	--allow-overriding dingo_input_interfacing

This may be promoted to an error in a future release of colcon-override-check.
[0.400s] Level 5:colcon.colcon_core.verb:set package 'dingo_input_interfacing' build argument 'cmake_args' from command line to 'None'
[0.400s] Level 5:colcon.colcon_core.verb:set package 'dingo_input_interfacing' build argument 'cmake_target' from command line to 'None'
[0.400s] Level 5:colcon.colcon_core.verb:set package 'dingo_input_interfacing' build argument 'cmake_target_skip_unavailable' from command line to 'False'
[0.400s] Level 5:colcon.colcon_core.verb:set package 'dingo_input_interfacing' build argument 'cmake_clean_cache' from command line to 'False'
[0.400s] Level 5:colcon.colcon_core.verb:set package 'dingo_input_interfacing' build argument 'cmake_clean_first' from command line to 'False'
[0.400s] Level 5:colcon.colcon_core.verb:set package 'dingo_input_interfacing' build argument 'cmake_force_configure' from command line to 'False'
[0.400s] Level 5:colcon.colcon_core.verb:set package 'dingo_input_interfacing' build argument 'ament_cmake_args' from command line to 'None'
[0.400s] Level 5:colcon.colcon_core.verb:set package 'dingo_input_interfacing' build argument 'catkin_cmake_args' from command line to 'None'
[0.400s] Level 5:colcon.colcon_core.verb:set package 'dingo_input_interfacing' build argument 'catkin_skip_building_tests' from command line to 'False'
[0.400s] DEBUG:colcon.colcon_core.verb:Building package 'dingo_input_interfacing' with the following arguments: {'ament_cmake_args': None, 'build_base': '/home/ehoaglin/ros2_ws/build/dingo_input_interfacing', 'catkin_cmake_args': None, 'catkin_skip_building_tests': False, 'cmake_args': None, 'cmake_clean_cache': False, 'cmake_clean_first': False, 'cmake_force_configure': False, 'cmake_target': None, 'cmake_target_skip_unavailable': False, 'install_base': '/home/ehoaglin/ros2_ws/install/dingo_input_interfacing', 'merge_install': False, 'path': '/home/ehoaglin/ros2_ws/src/dingo_hardware_interfacing/dingo_input_interfacing', 'symlink_install': False, 'test_result_base': None}
[0.401s] INFO:colcon.colcon_core.executor:Executing jobs using 'parallel' executor
[0.401s] DEBUG:colcon.colcon_parallel_executor.executor.parallel:run_until_complete
[0.401s] INFO:colcon.colcon_ros.task.ament_cmake.build:Building ROS package in '/home/ehoaglin/ros2_ws/src/dingo_hardware_interfacing/dingo_input_interfacing' with build type 'ament_cmake'
[0.402s] INFO:colcon.colcon_cmake.task.cmake.build:Building CMake package in '/home/ehoaglin/ros2_ws/src/dingo_hardware_interfacing/dingo_input_interfacing'
[0.404s] INFO:colcon.colcon_core.plugin_system:Skipping extension 'colcon_core.shell.bat': Not used on non-Windows systems
[0.404s] INFO:colcon.colcon_core.shell:Skip shell extension 'powershell' for command environment: Not usable outside of PowerShell
[0.404s] DEBUG:colcon.colcon_core.shell:Skip shell extension 'dsv' for command environment
[1.219s] DEBUG:colcon.colcon_core.event_handler.log_command:Invoking command in '/home/ehoaglin/ros2_ws/build/dingo_input_interfacing': CMAKE_PREFIX_PATH=/home/ehoaglin/ros2_ws/install/dingo_control:/home/ehoaglin/ros2_ws/install/dingo_servo_interfacing:/home/ehoaglin/ros2_ws/install/dingo_peripheral_interfacing_msg:/home/ehoaglin/ros2_ws/install/dingo_peripheral_interfacing:/home/ehoaglin/ros2_ws/install/dingo_hardware_config:/home/ehoaglin/ros2_ws/install/dingo_control_msg:/home/ehoaglin/ros2_ws/install/ros2_fundamentals_examples:/home/ehoaglin/ros2_ws/install/dingo:/home/ehoaglin/ros2_ws/install/dingo_input_interfacing:/home/ehoaglin/ros2_ws/install/dingo_pybullet:/home/ehoaglin/ros2_ws/install/dualsense_interface:/opt/ros/jazzy:/home/ehoaglin/ros2_ws/install/dingo_description:/opt/ros/jazzy/opt/gz_sim_vendor:/opt/ros/jazzy/opt/gz_sensors_vendor:/opt/ros/jazzy/opt/gz_physics_vendor:/opt/ros/jazzy/opt/sdformat_vendor:/opt/ros/jazzy/opt/gz_gui_vendor:/opt/ros/jazzy/opt/gz_transport_vendor:/opt/ros/jazzy/opt/gz_rendering_vendor:/opt/ros/jazzy/opt/gz_plugin_vendor:/opt/ros/jazzy/opt/gz_fuel_tools_vendor:/opt/ros/jazzy/opt/gz_msgs_vendor:/opt/ros/jazzy/opt/gz_common_vendor:/opt/ros/jazzy/opt/gz_math_vendor:/opt/ros/jazzy/opt/gz_utils_vendor:/opt/ros/jazzy/opt/gz_tools_vendor:/opt/ros/jazzy/opt/gz_ogre_next_vendor:/opt/ros/jazzy/opt/gz_dartsim_vendor:/opt/ros/jazzy/opt/gz_cmake_vendor PYTHONPATH=/home/ehoaglin/ros2_ws/install/dingo_control/lib/python3.12/site-packages:/home/ehoaglin/ros2_ws/install/dingo_servo_interfacing/lib/python3.12/site-packages:/home/ehoaglin/ros2_ws/install/dingo_peripheral_interfacing_msg/lib/python3.12/site-packages:/home/ehoaglin/ros2_ws/install/dingo_peripheral_interfacing/lib/python3.12/site-packages:/home/ehoaglin/ros2_ws/install/dingo_hardware_config/lib/python3.12/site-packages:/home/ehoaglin/ros2_ws/install/dingo_control_msg/lib/python3.12/site-packages:/home/ehoaglin/ros2_ws/install/ros2_fundamentals_examples/lib/python3.12/site-packages:/home/ehoaglin/ros2_ws/install/dualsense_interface/lib/python3.12/site-packages:/home/ehoaglin/ros2_ws/install/dingo/lib/python3.12/site-packages:/home/ehoaglin/ros2_ws/install/dingo_input_interfacing/lib/python3.12/site-packages:/home/ehoaglin/ros2_ws/install/dingo_pybullet/lib/python3.12/site-packages:/opt/ros/jazzy/lib/python3.12/site-packages /usr/bin/cmake --build /home/ehoaglin/ros2_ws/build/dingo_input_interfacing -- -j12 -l12
[1.600s] DEBUG:colcon.colcon_core.event_handler.log_command:Invoked command in '/home/ehoaglin/ros2_ws/build/dingo_input_interfacing' returned '0': CMAKE_PREFIX_PATH=/home/ehoaglin/ros2_ws/install/dingo_control:/home/ehoaglin/ros2_ws/install/dingo_servo_interfacing:/home/ehoaglin/ros2_ws/install/dingo_peripheral_interfacing_msg:/home/ehoaglin/ros2_ws/install/dingo_peripheral_interfacing:/home/ehoaglin/ros2_ws/install/dingo_hardware_config:/home/ehoaglin/ros2_ws/install/dingo_control_msg:/home/ehoaglin/ros2_ws/install/ros2_fundamentals_examples:/home/ehoaglin/ros2_ws/install/dingo:/home/ehoaglin/ros2_ws/install/dingo_input_interfacing:/home/ehoaglin/ros2_ws/install/dingo_pybullet:/home/ehoaglin/ros2_ws/install/dualsense_interface:/opt/ros/jazzy:/home/ehoaglin/ros2_ws/install/dingo_description:/opt/ros/jazzy/opt/gz_sim_vendor:/opt/ros/jazzy/opt/gz_sensors_vendor:/opt/ros/jazzy/opt/gz_physics_vendor:/opt/ros/jazzy/opt/sdformat_vendor:/opt/ros/jazzy/opt/gz_gui_vendor:/opt/ros/jazzy/opt/gz_transport_vendor:/opt/ros/jazzy/opt/gz_rendering_vendor:/opt/ros/jazzy/opt/gz_plugin_vendor:/opt/ros/jazzy/opt/gz_fuel_tools_vendor:/opt/ros/jazzy/opt/gz_msgs_vendor:/opt/ros/jazzy/opt/gz_common_vendor:/opt/ros/jazzy/opt/gz_math_vendor:/opt/ros/jazzy/opt/gz_utils_vendor:/opt/ros/jazzy/opt/gz_tools_vendor:/opt/ros/jazzy/opt/gz_ogre_next_vendor:/opt/ros/jazzy/opt/gz_dartsim_vendor:/opt/ros/jazzy/opt/gz_cmake_vendor PYTHONPATH=/home/ehoaglin/ros2_ws/install/dingo_control/lib/python3.12/site-packages:/home/ehoaglin/ros2_ws/install/dingo_servo_interfacing/lib/python3.12/site-packages:/home/ehoaglin/ros2_ws/install/dingo_peripheral_interfacing_msg/lib/python3.12/site-packages:/home/ehoaglin/ros2_ws/install/dingo_peripheral_interfacing/lib/python3.12/site-packages:/home/ehoaglin/ros2_ws/install/dingo_hardware_config/lib/python3.12/site-packages:/home/ehoaglin/ros2_ws/install/dingo_control_msg/lib/python3.12/site-packages:/home/ehoaglin/ros2_ws/install/ros2_fundamentals_examples/lib/python3.12/site-packages:/home/ehoaglin/ros2_ws/install/dualsense_interface/lib/python3.12/site-packages:/home/ehoaglin/ros2_ws/install/dingo/lib/python3.12/site-packages:/home/ehoaglin/ros2_ws/install/dingo_input_interfacing/lib/python3.12/site-packages:/home/ehoaglin/ros2_ws/install/dingo_pybullet/lib/python3.12/site-packages:/opt/ros/jazzy/lib/python3.12/site-packages /usr/bin/cmake --build /home/ehoaglin/ros2_ws/build/dingo_input_interfacing -- -j12 -l12
[1.608s] DEBUG:colcon.colcon_core.event_handler.log_command:Invoking command in '/home/ehoaglin/ros2_ws/build/dingo_input_interfacing': CMAKE_PREFIX_PATH=/home/ehoaglin/ros2_ws/install/dingo_control:/home/ehoaglin/ros2_ws/install/dingo_servo_interfacing:/home/ehoaglin/ros2_ws/install/dingo_peripheral_interfacing_msg:/home/ehoaglin/ros2_ws/install/dingo_peripheral_interfacing:/home/ehoaglin/ros2_ws/install/dingo_hardware_config:/home/ehoaglin/ros2_ws/install/dingo_control_msg:/home/ehoaglin/ros2_ws/install/ros2_fundamentals_examples:/home/ehoaglin/ros2_ws/install/dingo:/home/ehoaglin/ros2_ws/install/dingo_input_interfacing:/home/ehoaglin/ros2_ws/install/dingo_pybullet:/home/ehoaglin/ros2_ws/install/dualsense_interface:/opt/ros/jazzy:/home/ehoaglin/ros2_ws/install/dingo_description:/opt/ros/jazzy/opt/gz_sim_vendor:/opt/ros/jazzy/opt/gz_sensors_vendor:/opt/ros/jazzy/opt/gz_physics_vendor:/opt/ros/jazzy/opt/sdformat_vendor:/opt/ros/jazzy/opt/gz_gui_vendor:/opt/ros/jazzy/opt/gz_transport_vendor:/opt/ros/jazzy/opt/gz_rendering_vendor:/opt/ros/jazzy/opt/gz_plugin_vendor:/opt/ros/jazzy/opt/gz_fuel_tools_vendor:/opt/ros/jazzy/opt/gz_msgs_vendor:/opt/ros/jazzy/opt/gz_common_vendor:/opt/ros/jazzy/opt/gz_math_vendor:/opt/ros/jazzy/opt/gz_utils_vendor:/opt/ros/jazzy/opt/gz_tools_vendor:/opt/ros/jazzy/opt/gz_ogre_next_vendor:/opt/ros/jazzy/opt/gz_dartsim_vendor:/opt/ros/jazzy/opt/gz_cmake_vendor PYTHONPATH=/home/ehoaglin/ros2_ws/install/dingo_control/lib/python3.12/site-packages:/home/ehoaglin/ros2_ws/install/dingo_servo_interfacing/lib/python3.12/site-packages:/home/ehoaglin/ros2_ws/install/dingo_peripheral_interfacing_msg/lib/python3.12/site-packages:/home/ehoaglin/ros2_ws/install/dingo_peripheral_interfacing/lib/python3.12/site-packages:/home/ehoaglin/ros2_ws/install/dingo_hardware_config/lib/python3.12/site-packages:/home/ehoaglin/ros2_ws/install/dingo_control_msg/lib/python3.12/site-packages:/home/ehoaglin/ros2_ws/install/ros2_fundamentals_examples/lib/python3.12/site-packages:/home/ehoaglin/ros2_ws/install/dualsense_interface/lib/python3.12/site-packages:/home/ehoaglin/ros2_ws/install/dingo/lib/python3.12/site-packages:/home/ehoaglin/ros2_ws/install/dingo_input_interfacing/lib/python3.12/site-packages:/home/ehoaglin/ros2_ws/install/dingo_pybullet/lib/python3.12/site-packages:/opt/ros/jazzy/lib/python3.12/site-packages /usr/bin/cmake --install /home/ehoaglin/ros2_ws/build/dingo_input_interfacing
[1.661s] Level 1:colcon.colcon_core.environment:create_environment_scripts_only(dingo_input_interfacing)
[1.662s] DEBUG:colcon.colcon_core.event_handler.log_command:Invoked command in '/home/ehoaglin/ros2_ws/build/dingo_input_interfacing' returned '0': CMAKE_PREFIX_PATH=/home/ehoaglin/ros2_ws/install/dingo_control:/home/ehoaglin/ros2_ws/install/dingo_servo_interfacing:/home/ehoaglin/ros2_ws/install/dingo_peripheral_interfacing_msg:/home/ehoaglin/ros2_ws/install/dingo_peripheral_interfacing:/home/ehoaglin/ros2_ws/install/dingo_hardware_config:/home/ehoaglin/ros2_ws/install/dingo_control_msg:/home/ehoaglin/ros2_ws/install/ros2_fundamentals_examples:/home/ehoaglin/ros2_ws/install/dingo:/home/ehoaglin/ros2_ws/install/dingo_input_interfacing:/home/ehoaglin/ros2_ws/install/dingo_pybullet:/home/ehoaglin/ros2_ws/install/dualsense_interface:/opt/ros/jazzy:/home/ehoaglin/ros2_ws/install/dingo_description:/opt/ros/jazzy/opt/gz_sim_vendor:/opt/ros/jazzy/opt/gz_sensors_vendor:/opt/ros/jazzy/opt/gz_physics_vendor:/opt/ros/jazzy/opt/sdformat_vendor:/opt/ros/jazzy/opt/gz_gui_vendor:/opt/ros/jazzy/opt/gz_transport_vendor:/opt/ros/jazzy/opt/gz_rendering_vendor:/opt/ros/jazzy/opt/gz_plugin_vendor:/opt/ros/jazzy/opt/gz_fuel_tools_vendor:/opt/ros/jazzy/opt/gz_msgs_vendor:/opt/ros/jazzy/opt/gz_common_vendor:/opt/ros/jazzy/opt/gz_math_vendor:/opt/ros/jazzy/opt/gz_utils_vendor:/opt/ros/jazzy/opt/gz_tools_vendor:/opt/ros/jazzy/opt/gz_ogre_next_vendor:/opt/ros/jazzy/opt/gz_dartsim_vendor:/opt/ros/jazzy/opt/gz_cmake_vendor PYTHONPATH=/home/ehoaglin/ros2_ws/install/dingo_control/lib/python3.12/site-packages:/home/ehoaglin/ros2_ws/install/dingo_servo_interfacing/lib/python3.12/site-packages:/home/ehoaglin/ros2_ws/install/dingo_peripheral_interfacing_msg/lib/python3.12/site-packages:/home/ehoaglin/ros2_ws/install/dingo_peripheral_interfacing/lib/python3.12/site-packages:/home/ehoaglin/ros2_ws/install/dingo_hardware_config/lib/python3.12/site-packages:/home/ehoaglin/ros2_ws/install/dingo_control_msg/lib/python3.12/site-packages:/home/ehoaglin/ros2_ws/install/ros2_fundamentals_examples/lib/python3.12/site-packages:/home/ehoaglin/ros2_ws/install/dualsense_interface/lib/python3.12/site-packages:/home/ehoaglin/ros2_ws/install/dingo/lib/python3.12/site-packages:/home/ehoaglin/ros2_ws/install/dingo_input_interfacing/lib/python3.12/site-packages:/home/ehoaglin/ros2_ws/install/dingo_pybullet/lib/python3.12/site-packages:/opt/ros/jazzy/lib/python3.12/site-packages /usr/bin/cmake --install /home/ehoaglin/ros2_ws/build/dingo_input_interfacing
[1.664s] Level 1:colcon.colcon_core.environment:checking '/home/ehoaglin/ros2_ws/install/dingo_input_interfacing' for CMake module files
[1.664s] Level 1:colcon.colcon_core.environment:checking '/home/ehoaglin/ros2_ws/install/dingo_input_interfacing' for CMake config files
[1.664s] Level 1:colcon.colcon_core.shell:create_environment_hook('dingo_input_interfacing', 'cmake_prefix_path')
[1.665s] INFO:colcon.colcon_core.shell:Creating environment hook '/home/ehoaglin/ros2_ws/install/dingo_input_interfacing/share/dingo_input_interfacing/hook/cmake_prefix_path.ps1'
[1.665s] INFO:colcon.colcon_core.shell:Creating environment descriptor '/home/ehoaglin/ros2_ws/install/dingo_input_interfacing/share/dingo_input_interfacing/hook/cmake_prefix_path.dsv'
[1.666s] INFO:colcon.colcon_core.shell:Creating environment hook '/home/ehoaglin/ros2_ws/install/dingo_input_interfacing/share/dingo_input_interfacing/hook/cmake_prefix_path.sh'
[1.666s] Level 1:colcon.colcon_core.environment:checking '/home/ehoaglin/ros2_ws/install/dingo_input_interfacing/lib'
[1.667s] Level 1:colcon.colcon_core.environment:checking '/home/ehoaglin/ros2_ws/install/dingo_input_interfacing/bin'
[1.667s] Level 1:colcon.colcon_core.environment:checking '/home/ehoaglin/ros2_ws/install/dingo_input_interfacing/lib/pkgconfig/dingo_input_interfacing.pc'
[1.667s] Level 1:colcon.colcon_core.environment:checking '/home/ehoaglin/ros2_ws/install/dingo_input_interfacing/lib/python3.12/site-packages'
[1.667s] Level 1:colcon.colcon_core.shell:create_environment_hook('dingo_input_interfacing', 'pythonpath')
[1.667s] INFO:colcon.colcon_core.shell:Creating environment hook '/home/ehoaglin/ros2_ws/install/dingo_input_interfacing/share/dingo_input_interfacing/hook/pythonpath.ps1'
[1.668s] INFO:colcon.colcon_core.shell:Creating environment descriptor '/home/ehoaglin/ros2_ws/install/dingo_input_interfacing/share/dingo_input_interfacing/hook/pythonpath.dsv'
[1.668s] INFO:colcon.colcon_core.shell:Creating environment hook '/home/ehoaglin/ros2_ws/install/dingo_input_interfacing/share/dingo_input_interfacing/hook/pythonpath.sh'
[1.669s] Level 1:colcon.colcon_core.environment:checking '/home/ehoaglin/ros2_ws/install/dingo_input_interfacing/bin'
[1.669s] INFO:colcon.colcon_core.shell:Creating package script '/home/ehoaglin/ros2_ws/install/dingo_input_interfacing/share/dingo_input_interfacing/package.ps1'
[1.670s] INFO:colcon.colcon_core.shell:Creating package descriptor '/home/ehoaglin/ros2_ws/install/dingo_input_interfacing/share/dingo_input_interfacing/package.dsv'
[1.671s] INFO:colcon.colcon_core.shell:Creating package script '/home/ehoaglin/ros2_ws/install/dingo_input_interfacing/share/dingo_input_interfacing/package.sh'
[1.672s] INFO:colcon.colcon_core.shell:Creating package script '/home/ehoaglin/ros2_ws/install/dingo_input_interfacing/share/dingo_input_interfacing/package.bash'
[1.673s] INFO:colcon.colcon_core.shell:Creating package script '/home/ehoaglin/ros2_ws/install/dingo_input_interfacing/share/dingo_input_interfacing/package.zsh'
[1.673s] Level 1:colcon.colcon_core.environment:create_file_with_runtime_dependencies(/home/ehoaglin/ros2_ws/install/dingo_input_interfacing/share/colcon-core/packages/dingo_input_interfacing)
[1.674s] Level 1:colcon.colcon_core.environment:create_environment_scripts_only(dingo_input_interfacing)
[1.674s] Level 1:colcon.colcon_core.environment:checking '/home/ehoaglin/ros2_ws/install/dingo_input_interfacing' for CMake module files
[1.674s] Level 1:colcon.colcon_core.environment:checking '/home/ehoaglin/ros2_ws/install/dingo_input_interfacing' for CMake config files
[1.675s] Level 1:colcon.colcon_core.shell:create_environment_hook('dingo_input_interfacing', 'cmake_prefix_path')
[1.675s] INFO:colcon.colcon_core.shell:Creating environment hook '/home/ehoaglin/ros2_ws/install/dingo_input_interfacing/share/dingo_input_interfacing/hook/cmake_prefix_path.ps1'
[1.675s] INFO:colcon.colcon_core.shell:Creating environment descriptor '/home/ehoaglin/ros2_ws/install/dingo_input_interfacing/share/dingo_input_interfacing/hook/cmake_prefix_path.dsv'
[1.675s] INFO:colcon.colcon_core.shell:Creating environment hook '/home/ehoaglin/ros2_ws/install/dingo_input_interfacing/share/dingo_input_interfacing/hook/cmake_prefix_path.sh'
[1.676s] Level 1:colcon.colcon_core.environment:checking '/home/ehoaglin/ros2_ws/install/dingo_input_interfacing/lib'
[1.676s] Level 1:colcon.colcon_core.environment:checking '/home/ehoaglin/ros2_ws/install/dingo_input_interfacing/bin'
[1.676s] Level 1:colcon.colcon_core.environment:checking '/home/ehoaglin/ros2_ws/install/dingo_input_interfacing/lib/pkgconfig/dingo_input_interfacing.pc'
[1.676s] Level 1:colcon.colcon_core.environment:checking '/home/ehoaglin/ros2_ws/install/dingo_input_interfacing/lib/python3.12/site-packages'
[1.676s] Level 1:colcon.colcon_core.shell:create_environment_hook('dingo_input_interfacing', 'pythonpath')
[1.677s] INFO:colcon.colcon_core.shell:Creating environment hook '/home/ehoaglin/ros2_ws/install/dingo_input_interfacing/share/dingo_input_interfacing/hook/pythonpath.ps1'
[1.677s] INFO:colcon.colcon_core.shell:Creating environment descriptor '/home/ehoaglin/ros2_ws/install/dingo_input_interfacing/share/dingo_input_interfacing/hook/pythonpath.dsv'
[1.677s] INFO:colcon.colcon_core.shell:Creating environment hook '/home/ehoaglin/ros2_ws/install/dingo_input_interfacing/share/dingo_input_interfacing/hook/pythonpath.sh'
[1.678s] Level 1:colcon.colcon_core.environment:checking '/home/ehoaglin/ros2_ws/install/dingo_input_interfacing/bin'
[1.678s] INFO:colcon.colcon_core.shell:Creating package script '/home/ehoaglin/ros2_ws/install/dingo_input_interfacing/share/dingo_input_interfacing/package.ps1'
[1.679s] INFO:colcon.colcon_core.shell:Creating package descriptor '/home/ehoaglin/ros2_ws/install/dingo_input_interfacing/share/dingo_input_interfacing/package.dsv'
[1.679s] INFO:colcon.colcon_core.shell:Creating package script '/home/ehoaglin/ros2_ws/install/dingo_input_interfacing/share/dingo_input_interfacing/package.sh'
[1.679s] INFO:colcon.colcon_core.shell:Creating package script '/home/ehoaglin/ros2_ws/install/dingo_input_interfacing/share/dingo_input_interfacing/package.bash'
[1.680s] INFO:colcon.colcon_core.shell:Creating package script '/home/ehoaglin/ros2_ws/install/dingo_input_interfacing/share/dingo_input_interfacing/package.zsh'
[1.680s] Level 1:colcon.colcon_core.environment:create_file_with_runtime_dependencies(/home/ehoaglin/ros2_ws/install/dingo_input_interfacing/share/colcon-core/packages/dingo_input_interfacing)
[1.680s] DEBUG:colcon.colcon_parallel_executor.executor.parallel:closing loop
[1.681s] DEBUG:colcon.colcon_parallel_executor.executor.parallel:loop closed
[1.681s] DEBUG:colcon.colcon_parallel_executor.executor.parallel:run_until_complete finished with '0'
[1.681s] DEBUG:colcon.colcon_core.event_reactor:joining thread
[1.686s] INFO:colcon.colcon_core.plugin_system:Skipping extension 'colcon_notification.desktop_notification.terminal_notifier': Not used on non-Darwin systems
[1.686s] INFO:colcon.colcon_core.plugin_system:Skipping extension 'colcon_notification.desktop_notification.win32': Not used on non-Windows systems
[1.686s] INFO:colcon.colcon_notification.desktop_notification:Sending desktop notification using 'notify2'
[1.687s] DEBUG:colcon.colcon_notification.desktop_notification.notify2:Failed to initialize notify2: org.freedesktop.DBus.Error.ServiceUnknown: The name org.freedesktop.Notifications was not provided by any .service files
[1.688s] DEBUG:colcon.colcon_core.event_reactor:joined thread
[1.688s] INFO:colcon.colcon_core.shell:Creating prefix script '/home/ehoaglin/ros2_ws/install/local_setup.ps1'
[1.689s] INFO:colcon.colcon_core.shell:Creating prefix util module '/home/ehoaglin/ros2_ws/install/_local_setup_util_ps1.py'
[1.690s] INFO:colcon.colcon_core.shell:Creating prefix chain script '/home/ehoaglin/ros2_ws/install/setup.ps1'
[1.691s] INFO:colcon.colcon_core.shell:Creating prefix script '/home/ehoaglin/ros2_ws/install/local_setup.sh'
[1.692s] INFO:colcon.colcon_core.shell:Creating prefix util module '/home/ehoaglin/ros2_ws/install/_local_setup_util_sh.py'
[1.692s] INFO:colcon.colcon_core.shell:Creating prefix chain script '/home/ehoaglin/ros2_ws/install/setup.sh'
[1.694s] INFO:colcon.colcon_core.shell:Creating prefix script '/home/ehoaglin/ros2_ws/install/local_setup.bash'
[1.694s] INFO:colcon.colcon_core.shell:Creating prefix chain script '/home/ehoaglin/ros2_ws/install/setup.bash'
[1.697s] INFO:colcon.colcon_core.shell:Creating prefix script '/home/ehoaglin/ros2_ws/install/local_setup.zsh'
[1.698s] INFO:colcon.colcon_core.shell:Creating prefix chain script '/home/ehoaglin/ros2_ws/install/setup.zsh'
