[0.056s] Invoking command in '/home/ehoaglin/ros2_ws/build/dingo_peripheral_interfacing_msg': CMAKE_PREFIX_PATH=/opt/ros/jazzy:${CMAKE_PREFIX_PATH} /usr/bin/cmake --build /home/ehoaglin/ros2_ws/build/dingo_peripheral_interfacing_msg -- -j12 -l12
[0.182s] [  2%] Built target dingo_peripheral_interfacing_msg__rosidl_generator_type_description
[0.222s] [  2%] Built target ament_cmake_python_copy_dingo_peripheral_interfacing_msg
[0.235s] [  5%] Built target dingo_peripheral_interfacing_msg__cpp
[0.260s] [ 20%] Built target dingo_peripheral_interfacing_msg__rosidl_generator_c
[0.386s] [ 29%] Built target dingo_peripheral_interfacing_msg__rosidl_typesupport_fastrtps_cpp
[0.394s] [ 38%] Built target dingo_peripheral_interfacing_msg__rosidl_typesupport_introspection_c
[0.400s] [ 47%] Built target dingo_peripheral_interfacing_msg__rosidl_typesupport_introspection_cpp
[0.408s] [ 55%] Built target dingo_peripheral_interfacing_msg__rosidl_typesupport_fastrtps_c
[0.413s] [ 64%] Built target dingo_peripheral_interfacing_msg__rosidl_typesupport_c
[0.428s] [ 73%] Built target dingo_peripheral_interfacing_msg__rosidl_typesupport_cpp
[0.501s] [ 73%] Built target dingo_peripheral_interfacing_msg
[0.588s] [ 76%] Built target dingo_peripheral_interfacing_msg__py
[0.680s] [ 82%] Built target dingo_peripheral_interfacing_msg__rosidl_generator_py
[0.835s] [ 88%] Built target dingo_peripheral_interfacing_msg_s__rosidl_typesupport_introspection_c
[0.841s] [ 94%] Built target dingo_peripheral_interfacing_msg_s__rosidl_typesupport_fastrtps_c
[0.859s] [100%] Built target dingo_peripheral_interfacing_msg_s__rosidl_typesupport_c
[1.157s] running egg_info
[1.250s] writing dingo_peripheral_interfacing_msg.egg-info/PKG-INFO
[1.252s] writing dependency_links to dingo_peripheral_interfacing_msg.egg-info/dependency_links.txt
[1.253s] writing top-level names to dingo_peripheral_interfacing_msg.egg-info/top_level.txt
[1.538s] reading manifest file 'dingo_peripheral_interfacing_msg.egg-info/SOURCES.txt'
[1.542s] writing manifest file 'dingo_peripheral_interfacing_msg.egg-info/SOURCES.txt'
[1.670s] [100%] Built target ament_cmake_python_build_dingo_peripheral_interfacing_msg_egg
[1.745s] Invoked command in '/home/ehoaglin/ros2_ws/build/dingo_peripheral_interfacing_msg' returned '0': CMAKE_PREFIX_PATH=/opt/ros/jazzy:${CMAKE_PREFIX_PATH} /usr/bin/cmake --build /home/ehoaglin/ros2_ws/build/dingo_peripheral_interfacing_msg -- -j12 -l12
[1.747s] Invoking command in '/home/ehoaglin/ros2_ws/build/dingo_peripheral_interfacing_msg': CMAKE_PREFIX_PATH=/opt/ros/jazzy:${CMAKE_PREFIX_PATH} /usr/bin/cmake --install /home/ehoaglin/ros2_ws/build/dingo_peripheral_interfacing_msg
[1.801s] -- Install configuration: ""
[1.801s] -- Up-to-date: /home/ehoaglin/ros2_ws/install/dingo_peripheral_interfacing_msg/share/ament_index/resource_index/rosidl_interfaces/dingo_peripheral_interfacing_msg
[1.802s] -- Up-to-date: /home/ehoaglin/ros2_ws/install/dingo_peripheral_interfacing_msg/share/dingo_peripheral_interfacing_msg/msg/ElectricalMeasurements.json
[1.802s] -- Up-to-date: /home/ehoaglin/ros2_ws/install/dingo_peripheral_interfacing_msg/include/dingo_peripheral_interfacing_msg/dingo_peripheral_interfacing_msg
[1.802s] -- Up-to-date: /home/ehoaglin/ros2_ws/install/dingo_peripheral_interfacing_msg/include/dingo_peripheral_interfacing_msg/dingo_peripheral_interfacing_msg/msg
[1.803s] -- Up-to-date: /home/ehoaglin/ros2_ws/install/dingo_peripheral_interfacing_msg/include/dingo_peripheral_interfacing_msg/dingo_peripheral_interfacing_msg/msg/detail
[1.803s] -- Up-to-date: /home/ehoaglin/ros2_ws/install/dingo_peripheral_interfacing_msg/include/dingo_peripheral_interfacing_msg/dingo_peripheral_interfacing_msg/msg/detail/electrical_measurements__type_support.h
[1.803s] -- Up-to-date: /home/ehoaglin/ros2_ws/install/dingo_peripheral_interfacing_msg/include/dingo_peripheral_interfacing_msg/dingo_peripheral_interfacing_msg/msg/detail/electrical_measurements__type_support.c
[1.803s] -- Up-to-date: /home/ehoaglin/ros2_ws/install/dingo_peripheral_interfacing_msg/include/dingo_peripheral_interfacing_msg/dingo_peripheral_interfacing_msg/msg/detail/electrical_measurements__description.c
[1.804s] -- Up-to-date: /home/ehoaglin/ros2_ws/install/dingo_peripheral_interfacing_msg/include/dingo_peripheral_interfacing_msg/dingo_peripheral_interfacing_msg/msg/detail/electrical_measurements__functions.c
[1.804s] -- Up-to-date: /home/ehoaglin/ros2_ws/install/dingo_peripheral_interfacing_msg/include/dingo_peripheral_interfacing_msg/dingo_peripheral_interfacing_msg/msg/detail/electrical_measurements__struct.h
[1.804s] -- Up-to-date: /home/ehoaglin/ros2_ws/install/dingo_peripheral_interfacing_msg/include/dingo_peripheral_interfacing_msg/dingo_peripheral_interfacing_msg/msg/detail/electrical_measurements__functions.h
[1.804s] -- Up-to-date: /home/ehoaglin/ros2_ws/install/dingo_peripheral_interfacing_msg/include/dingo_peripheral_interfacing_msg/dingo_peripheral_interfacing_msg/msg/electrical_measurements.h
[1.805s] -- Up-to-date: /home/ehoaglin/ros2_ws/install/dingo_peripheral_interfacing_msg/include/dingo_peripheral_interfacing_msg/dingo_peripheral_interfacing_msg/msg/rosidl_generator_c__visibility_control.h
[1.805s] -- Up-to-date: /home/ehoaglin/ros2_ws/install/dingo_peripheral_interfacing_msg/share/dingo_peripheral_interfacing_msg/environment/library_path.sh
[1.805s] -- Up-to-date: /home/ehoaglin/ros2_ws/install/dingo_peripheral_interfacing_msg/share/dingo_peripheral_interfacing_msg/environment/library_path.dsv
[1.806s] -- Up-to-date: /home/ehoaglin/ros2_ws/install/dingo_peripheral_interfacing_msg/lib/libdingo_peripheral_interfacing_msg__rosidl_generator_c.so
[1.808s] -- Up-to-date: /home/ehoaglin/ros2_ws/install/dingo_peripheral_interfacing_msg/include/dingo_peripheral_interfacing_msg/dingo_peripheral_interfacing_msg
[1.809s] -- Up-to-date: /home/ehoaglin/ros2_ws/install/dingo_peripheral_interfacing_msg/include/dingo_peripheral_interfacing_msg/dingo_peripheral_interfacing_msg/msg
[1.810s] -- Up-to-date: /home/ehoaglin/ros2_ws/install/dingo_peripheral_interfacing_msg/include/dingo_peripheral_interfacing_msg/dingo_peripheral_interfacing_msg/msg/detail
[1.810s] -- Up-to-date: /home/ehoaglin/ros2_ws/install/dingo_peripheral_interfacing_msg/include/dingo_peripheral_interfacing_msg/dingo_peripheral_interfacing_msg/msg/detail/electrical_measurements__rosidl_typesupport_fastrtps_c.h
[1.811s] -- Up-to-date: /home/ehoaglin/ros2_ws/install/dingo_peripheral_interfacing_msg/include/dingo_peripheral_interfacing_msg/dingo_peripheral_interfacing_msg/msg/rosidl_typesupport_fastrtps_c__visibility_control.h
[1.812s] -- Up-to-date: /home/ehoaglin/ros2_ws/install/dingo_peripheral_interfacing_msg/lib/libdingo_peripheral_interfacing_msg__rosidl_typesupport_fastrtps_c.so
[1.813s] -- Up-to-date: /home/ehoaglin/ros2_ws/install/dingo_peripheral_interfacing_msg/include/dingo_peripheral_interfacing_msg/dingo_peripheral_interfacing_msg
[1.841s] -- Up-to-date: /home/ehoaglin/ros2_ws/install/dingo_peripheral_interfacing_msg/include/dingo_peripheral_interfacing_msg/dingo_peripheral_interfacing_msg/msg
[1.842s] -- Up-to-date: /home/ehoaglin/ros2_ws/install/dingo_peripheral_interfacing_msg/include/dingo_peripheral_interfacing_msg/dingo_peripheral_interfacing_msg/msg/detail
[1.842s] -- Up-to-date: /home/ehoaglin/ros2_ws/install/dingo_peripheral_interfacing_msg/include/dingo_peripheral_interfacing_msg/dingo_peripheral_interfacing_msg/msg/detail/electrical_measurements__struct.hpp
[1.845s] -- Up-to-date: /home/ehoaglin/ros2_ws/install/dingo_peripheral_interfacing_msg/include/dingo_peripheral_interfacing_msg/dingo_peripheral_interfacing_msg/msg/detail/electrical_measurements__builder.hpp
[1.845s] -- Up-to-date: /home/ehoaglin/ros2_ws/install/dingo_peripheral_interfacing_msg/include/dingo_peripheral_interfacing_msg/dingo_peripheral_interfacing_msg/msg/detail/electrical_measurements__type_support.hpp
[1.846s] -- Up-to-date: /home/ehoaglin/ros2_ws/install/dingo_peripheral_interfacing_msg/include/dingo_peripheral_interfacing_msg/dingo_peripheral_interfacing_msg/msg/detail/electrical_measurements__traits.hpp
[1.846s] -- Up-to-date: /home/ehoaglin/ros2_ws/install/dingo_peripheral_interfacing_msg/include/dingo_peripheral_interfacing_msg/dingo_peripheral_interfacing_msg/msg/electrical_measurements.hpp
[1.846s] -- Up-to-date: /home/ehoaglin/ros2_ws/install/dingo_peripheral_interfacing_msg/include/dingo_peripheral_interfacing_msg/dingo_peripheral_interfacing_msg/msg/rosidl_generator_cpp__visibility_control.hpp
[1.847s] -- Up-to-date: /home/ehoaglin/ros2_ws/install/dingo_peripheral_interfacing_msg/include/dingo_peripheral_interfacing_msg/dingo_peripheral_interfacing_msg
[1.847s] -- Up-to-date: /home/ehoaglin/ros2_ws/install/dingo_peripheral_interfacing_msg/include/dingo_peripheral_interfacing_msg/dingo_peripheral_interfacing_msg/msg
[1.847s] -- Up-to-date: /home/ehoaglin/ros2_ws/install/dingo_peripheral_interfacing_msg/include/dingo_peripheral_interfacing_msg/dingo_peripheral_interfacing_msg/msg/detail
[1.847s] -- Up-to-date: /home/ehoaglin/ros2_ws/install/dingo_peripheral_interfacing_msg/include/dingo_peripheral_interfacing_msg/dingo_peripheral_interfacing_msg/msg/detail/dds_fastrtps
[1.849s] -- Up-to-date: /home/ehoaglin/ros2_ws/install/dingo_peripheral_interfacing_msg/include/dingo_peripheral_interfacing_msg/dingo_peripheral_interfacing_msg/msg/detail/electrical_measurements__rosidl_typesupport_fastrtps_cpp.hpp
[1.849s] -- Up-to-date: /home/ehoaglin/ros2_ws/install/dingo_peripheral_interfacing_msg/include/dingo_peripheral_interfacing_msg/dingo_peripheral_interfacing_msg/msg/rosidl_typesupport_fastrtps_cpp__visibility_control.h
[1.850s] -- Up-to-date: /home/ehoaglin/ros2_ws/install/dingo_peripheral_interfacing_msg/lib/libdingo_peripheral_interfacing_msg__rosidl_typesupport_fastrtps_cpp.so
[1.850s] -- Up-to-date: /home/ehoaglin/ros2_ws/install/dingo_peripheral_interfacing_msg/include/dingo_peripheral_interfacing_msg/dingo_peripheral_interfacing_msg
[1.852s] -- Up-to-date: /home/ehoaglin/ros2_ws/install/dingo_peripheral_interfacing_msg/include/dingo_peripheral_interfacing_msg/dingo_peripheral_interfacing_msg/msg
[1.853s] -- Up-to-date: /home/ehoaglin/ros2_ws/install/dingo_peripheral_interfacing_msg/include/dingo_peripheral_interfacing_msg/dingo_peripheral_interfacing_msg/msg/detail
[1.853s] -- Up-to-date: /home/ehoaglin/ros2_ws/install/dingo_peripheral_interfacing_msg/include/dingo_peripheral_interfacing_msg/dingo_peripheral_interfacing_msg/msg/detail/electrical_measurements__type_support.c
[1.854s] -- Up-to-date: /home/ehoaglin/ros2_ws/install/dingo_peripheral_interfacing_msg/include/dingo_peripheral_interfacing_msg/dingo_peripheral_interfacing_msg/msg/detail/electrical_measurements__rosidl_typesupport_introspection_c.h
[1.854s] -- Up-to-date: /home/ehoaglin/ros2_ws/install/dingo_peripheral_interfacing_msg/include/dingo_peripheral_interfacing_msg/dingo_peripheral_interfacing_msg/msg/rosidl_typesupport_introspection_c__visibility_control.h
[1.854s] -- Up-to-date: /home/ehoaglin/ros2_ws/install/dingo_peripheral_interfacing_msg/lib/libdingo_peripheral_interfacing_msg__rosidl_typesupport_introspection_c.so
[1.855s] -- Up-to-date: /home/ehoaglin/ros2_ws/install/dingo_peripheral_interfacing_msg/lib/libdingo_peripheral_interfacing_msg__rosidl_typesupport_c.so
[1.855s] -- Up-to-date: /home/ehoaglin/ros2_ws/install/dingo_peripheral_interfacing_msg/include/dingo_peripheral_interfacing_msg/dingo_peripheral_interfacing_msg
[1.856s] -- Up-to-date: /home/ehoaglin/ros2_ws/install/dingo_peripheral_interfacing_msg/include/dingo_peripheral_interfacing_msg/dingo_peripheral_interfacing_msg/msg
[1.856s] -- Up-to-date: /home/ehoaglin/ros2_ws/install/dingo_peripheral_interfacing_msg/include/dingo_peripheral_interfacing_msg/dingo_peripheral_interfacing_msg/msg/detail
[1.862s] -- Up-to-date: /home/ehoaglin/ros2_ws/install/dingo_peripheral_interfacing_msg/include/dingo_peripheral_interfacing_msg/dingo_peripheral_interfacing_msg/msg/detail/electrical_measurements__type_support.cpp
[1.862s] -- Up-to-date: /home/ehoaglin/ros2_ws/install/dingo_peripheral_interfacing_msg/include/dingo_peripheral_interfacing_msg/dingo_peripheral_interfacing_msg/msg/detail/electrical_measurements__rosidl_typesupport_introspection_cpp.hpp
[1.862s] -- Up-to-date: /home/ehoaglin/ros2_ws/install/dingo_peripheral_interfacing_msg/lib/libdingo_peripheral_interfacing_msg__rosidl_typesupport_introspection_cpp.so
[1.863s] -- Up-to-date: /home/ehoaglin/ros2_ws/install/dingo_peripheral_interfacing_msg/lib/libdingo_peripheral_interfacing_msg__rosidl_typesupport_cpp.so
[1.863s] -- Up-to-date: /home/ehoaglin/ros2_ws/install/dingo_peripheral_interfacing_msg/share/dingo_peripheral_interfacing_msg/environment/pythonpath.sh
[1.863s] -- Up-to-date: /home/ehoaglin/ros2_ws/install/dingo_peripheral_interfacing_msg/share/dingo_peripheral_interfacing_msg/environment/pythonpath.dsv
[1.864s] -- Up-to-date: /home/ehoaglin/ros2_ws/install/dingo_peripheral_interfacing_msg/lib/python3.12/site-packages/dingo_peripheral_interfacing_msg-0.0.0-py3.12.egg-info
[1.864s] -- Installing: /home/ehoaglin/ros2_ws/install/dingo_peripheral_interfacing_msg/lib/python3.12/site-packages/dingo_peripheral_interfacing_msg-0.0.0-py3.12.egg-info/top_level.txt
[1.864s] -- Installing: /home/ehoaglin/ros2_ws/install/dingo_peripheral_interfacing_msg/lib/python3.12/site-packages/dingo_peripheral_interfacing_msg-0.0.0-py3.12.egg-info/dependency_links.txt
[1.864s] -- Installing: /home/ehoaglin/ros2_ws/install/dingo_peripheral_interfacing_msg/lib/python3.12/site-packages/dingo_peripheral_interfacing_msg-0.0.0-py3.12.egg-info/SOURCES.txt
[1.865s] -- Installing: /home/ehoaglin/ros2_ws/install/dingo_peripheral_interfacing_msg/lib/python3.12/site-packages/dingo_peripheral_interfacing_msg-0.0.0-py3.12.egg-info/PKG-INFO
[1.865s] -- Up-to-date: /home/ehoaglin/ros2_ws/install/dingo_peripheral_interfacing_msg/lib/python3.12/site-packages/dingo_peripheral_interfacing_msg
[1.865s] -- Up-to-date: /home/ehoaglin/ros2_ws/install/dingo_peripheral_interfacing_msg/lib/python3.12/site-packages/dingo_peripheral_interfacing_msg/__init__.py
[1.865s] -- Up-to-date: /home/ehoaglin/ros2_ws/install/dingo_peripheral_interfacing_msg/lib/python3.12/site-packages/dingo_peripheral_interfacing_msg/_dingo_peripheral_interfacing_msg_s.ep.rosidl_typesupport_fastrtps_c.c
[1.868s] -- Up-to-date: /home/ehoaglin/ros2_ws/install/dingo_peripheral_interfacing_msg/lib/python3.12/site-packages/dingo_peripheral_interfacing_msg/_dingo_peripheral_interfacing_msg_s.ep.rosidl_typesupport_c.c
[1.869s] -- Up-to-date: /home/ehoaglin/ros2_ws/install/dingo_peripheral_interfacing_msg/lib/python3.12/site-packages/dingo_peripheral_interfacing_msg/dingo_peripheral_interfacing_msg_s__rosidl_typesupport_c.so
[1.869s] -- Up-to-date: /home/ehoaglin/ros2_ws/install/dingo_peripheral_interfacing_msg/lib/python3.12/site-packages/dingo_peripheral_interfacing_msg/dingo_peripheral_interfacing_msg_s__rosidl_typesupport_introspection_c.so
[1.869s] -- Up-to-date: /home/ehoaglin/ros2_ws/install/dingo_peripheral_interfacing_msg/lib/python3.12/site-packages/dingo_peripheral_interfacing_msg/_dingo_peripheral_interfacing_msg_s.ep.rosidl_typesupport_introspection_c.c
[1.870s] -- Up-to-date: /home/ehoaglin/ros2_ws/install/dingo_peripheral_interfacing_msg/lib/python3.12/site-packages/dingo_peripheral_interfacing_msg/msg
[1.870s] -- Up-to-date: /home/ehoaglin/ros2_ws/install/dingo_peripheral_interfacing_msg/lib/python3.12/site-packages/dingo_peripheral_interfacing_msg/msg/__init__.py
[1.870s] -- Up-to-date: /home/ehoaglin/ros2_ws/install/dingo_peripheral_interfacing_msg/lib/python3.12/site-packages/dingo_peripheral_interfacing_msg/msg/_electrical_measurements_s.c
[1.871s] -- Up-to-date: /home/ehoaglin/ros2_ws/install/dingo_peripheral_interfacing_msg/lib/python3.12/site-packages/dingo_peripheral_interfacing_msg/msg/_electrical_measurements.py
[1.871s] -- Up-to-date: /home/ehoaglin/ros2_ws/install/dingo_peripheral_interfacing_msg/lib/python3.12/site-packages/dingo_peripheral_interfacing_msg/dingo_peripheral_interfacing_msg_s__rosidl_typesupport_fastrtps_c.so
[2.053s] Listing '/home/ehoaglin/ros2_ws/install/dingo_peripheral_interfacing_msg/lib/python3.12/site-packages/dingo_peripheral_interfacing_msg'...
[2.054s] Listing '/home/ehoaglin/ros2_ws/install/dingo_peripheral_interfacing_msg/lib/python3.12/site-packages/dingo_peripheral_interfacing_msg/msg'...
[2.109s] -- Up-to-date: /home/ehoaglin/ros2_ws/install/dingo_peripheral_interfacing_msg/lib/python3.12/site-packages/dingo_peripheral_interfacing_msg/dingo_peripheral_interfacing_msg_s__rosidl_typesupport_fastrtps_c.so
[2.109s] -- Up-to-date: /home/ehoaglin/ros2_ws/install/dingo_peripheral_interfacing_msg/lib/python3.12/site-packages/dingo_peripheral_interfacing_msg/dingo_peripheral_interfacing_msg_s__rosidl_typesupport_introspection_c.so
[2.110s] -- Up-to-date: /home/ehoaglin/ros2_ws/install/dingo_peripheral_interfacing_msg/lib/python3.12/site-packages/dingo_peripheral_interfacing_msg/dingo_peripheral_interfacing_msg_s__rosidl_typesupport_c.so
[2.110s] -- Up-to-date: /home/ehoaglin/ros2_ws/install/dingo_peripheral_interfacing_msg/lib/libdingo_peripheral_interfacing_msg__rosidl_generator_py.so
[2.111s] -- Up-to-date: /home/ehoaglin/ros2_ws/install/dingo_peripheral_interfacing_msg/share/dingo_peripheral_interfacing_msg/msg/ElectricalMeasurements.idl
[2.111s] -- Up-to-date: /home/ehoaglin/ros2_ws/install/dingo_peripheral_interfacing_msg/share/dingo_peripheral_interfacing_msg/msg/ElectricalMeasurements.msg
[2.112s] -- Up-to-date: /home/ehoaglin/ros2_ws/install/dingo_peripheral_interfacing_msg/share/ament_index/resource_index/package_run_dependencies/dingo_peripheral_interfacing_msg
[2.112s] -- Up-to-date: /home/ehoaglin/ros2_ws/install/dingo_peripheral_interfacing_msg/share/ament_index/resource_index/parent_prefix_path/dingo_peripheral_interfacing_msg
[2.113s] -- Up-to-date: /home/ehoaglin/ros2_ws/install/dingo_peripheral_interfacing_msg/share/dingo_peripheral_interfacing_msg/environment/ament_prefix_path.sh
[2.113s] -- Up-to-date: /home/ehoaglin/ros2_ws/install/dingo_peripheral_interfacing_msg/share/dingo_peripheral_interfacing_msg/environment/ament_prefix_path.dsv
[2.185s] -- Up-to-date: /home/ehoaglin/ros2_ws/install/dingo_peripheral_interfacing_msg/share/dingo_peripheral_interfacing_msg/environment/path.sh
[2.185s] -- Up-to-date: /home/ehoaglin/ros2_ws/install/dingo_peripheral_interfacing_msg/share/dingo_peripheral_interfacing_msg/environment/path.dsv
[2.186s] -- Up-to-date: /home/ehoaglin/ros2_ws/install/dingo_peripheral_interfacing_msg/share/dingo_peripheral_interfacing_msg/local_setup.bash
[2.186s] -- Up-to-date: /home/ehoaglin/ros2_ws/install/dingo_peripheral_interfacing_msg/share/dingo_peripheral_interfacing_msg/local_setup.sh
[2.186s] -- Up-to-date: /home/ehoaglin/ros2_ws/install/dingo_peripheral_interfacing_msg/share/dingo_peripheral_interfacing_msg/local_setup.zsh
[2.187s] -- Up-to-date: /home/ehoaglin/ros2_ws/install/dingo_peripheral_interfacing_msg/share/dingo_peripheral_interfacing_msg/local_setup.dsv
[2.187s] -- Installing: /home/ehoaglin/ros2_ws/install/dingo_peripheral_interfacing_msg/share/dingo_peripheral_interfacing_msg/package.dsv
[2.187s] -- Up-to-date: /home/ehoaglin/ros2_ws/install/dingo_peripheral_interfacing_msg/share/ament_index/resource_index/packages/dingo_peripheral_interfacing_msg
[2.188s] -- Up-to-date: /home/ehoaglin/ros2_ws/install/dingo_peripheral_interfacing_msg/share/dingo_peripheral_interfacing_msg/cmake/export_dingo_peripheral_interfacing_msg__rosidl_generator_cExport.cmake
[2.191s] -- Up-to-date: /home/ehoaglin/ros2_ws/install/dingo_peripheral_interfacing_msg/share/dingo_peripheral_interfacing_msg/cmake/export_dingo_peripheral_interfacing_msg__rosidl_generator_cExport-noconfig.cmake
[2.192s] -- Up-to-date: /home/ehoaglin/ros2_ws/install/dingo_peripheral_interfacing_msg/share/dingo_peripheral_interfacing_msg/cmake/export_dingo_peripheral_interfacing_msg__rosidl_typesupport_fastrtps_cExport.cmake
[2.192s] -- Up-to-date: /home/ehoaglin/ros2_ws/install/dingo_peripheral_interfacing_msg/share/dingo_peripheral_interfacing_msg/cmake/export_dingo_peripheral_interfacing_msg__rosidl_typesupport_fastrtps_cExport-noconfig.cmake
[2.197s] -- Up-to-date: /home/ehoaglin/ros2_ws/install/dingo_peripheral_interfacing_msg/share/dingo_peripheral_interfacing_msg/cmake/export_dingo_peripheral_interfacing_msg__rosidl_generator_cppExport.cmake
[2.197s] -- Up-to-date: /home/ehoaglin/ros2_ws/install/dingo_peripheral_interfacing_msg/share/dingo_peripheral_interfacing_msg/cmake/export_dingo_peripheral_interfacing_msg__rosidl_typesupport_fastrtps_cppExport.cmake
[2.198s] -- Up-to-date: /home/ehoaglin/ros2_ws/install/dingo_peripheral_interfacing_msg/share/dingo_peripheral_interfacing_msg/cmake/export_dingo_peripheral_interfacing_msg__rosidl_typesupport_fastrtps_cppExport-noconfig.cmake
[2.198s] -- Up-to-date: /home/ehoaglin/ros2_ws/install/dingo_peripheral_interfacing_msg/share/dingo_peripheral_interfacing_msg/cmake/dingo_peripheral_interfacing_msg__rosidl_typesupport_introspection_cExport.cmake
[2.198s] -- Up-to-date: /home/ehoaglin/ros2_ws/install/dingo_peripheral_interfacing_msg/share/dingo_peripheral_interfacing_msg/cmake/dingo_peripheral_interfacing_msg__rosidl_typesupport_introspection_cExport-noconfig.cmake
[2.199s] -- Up-to-date: /home/ehoaglin/ros2_ws/install/dingo_peripheral_interfacing_msg/share/dingo_peripheral_interfacing_msg/cmake/dingo_peripheral_interfacing_msg__rosidl_typesupport_cExport.cmake
[2.199s] -- Up-to-date: /home/ehoaglin/ros2_ws/install/dingo_peripheral_interfacing_msg/share/dingo_peripheral_interfacing_msg/cmake/dingo_peripheral_interfacing_msg__rosidl_typesupport_cExport-noconfig.cmake
[2.199s] -- Up-to-date: /home/ehoaglin/ros2_ws/install/dingo_peripheral_interfacing_msg/share/dingo_peripheral_interfacing_msg/cmake/dingo_peripheral_interfacing_msg__rosidl_typesupport_introspection_cppExport.cmake
[2.199s] -- Up-to-date: /home/ehoaglin/ros2_ws/install/dingo_peripheral_interfacing_msg/share/dingo_peripheral_interfacing_msg/cmake/dingo_peripheral_interfacing_msg__rosidl_typesupport_introspection_cppExport-noconfig.cmake
[2.200s] -- Up-to-date: /home/ehoaglin/ros2_ws/install/dingo_peripheral_interfacing_msg/share/dingo_peripheral_interfacing_msg/cmake/dingo_peripheral_interfacing_msg__rosidl_typesupport_cppExport.cmake
[2.200s] -- Up-to-date: /home/ehoaglin/ros2_ws/install/dingo_peripheral_interfacing_msg/share/dingo_peripheral_interfacing_msg/cmake/dingo_peripheral_interfacing_msg__rosidl_typesupport_cppExport-noconfig.cmake
[2.201s] -- Up-to-date: /home/ehoaglin/ros2_ws/install/dingo_peripheral_interfacing_msg/share/dingo_peripheral_interfacing_msg/cmake/export_dingo_peripheral_interfacing_msg__rosidl_generator_pyExport.cmake
[2.201s] -- Up-to-date: /home/ehoaglin/ros2_ws/install/dingo_peripheral_interfacing_msg/share/dingo_peripheral_interfacing_msg/cmake/export_dingo_peripheral_interfacing_msg__rosidl_generator_pyExport-noconfig.cmake
[2.202s] -- Up-to-date: /home/ehoaglin/ros2_ws/install/dingo_peripheral_interfacing_msg/share/dingo_peripheral_interfacing_msg/cmake/rosidl_cmake-extras.cmake
[2.202s] -- Up-to-date: /home/ehoaglin/ros2_ws/install/dingo_peripheral_interfacing_msg/share/dingo_peripheral_interfacing_msg/cmake/ament_cmake_export_dependencies-extras.cmake
[2.202s] -- Up-to-date: /home/ehoaglin/ros2_ws/install/dingo_peripheral_interfacing_msg/share/dingo_peripheral_interfacing_msg/cmake/ament_cmake_export_include_directories-extras.cmake
[2.202s] -- Up-to-date: /home/ehoaglin/ros2_ws/install/dingo_peripheral_interfacing_msg/share/dingo_peripheral_interfacing_msg/cmake/ament_cmake_export_libraries-extras.cmake
[2.203s] -- Up-to-date: /home/ehoaglin/ros2_ws/install/dingo_peripheral_interfacing_msg/share/dingo_peripheral_interfacing_msg/cmake/ament_cmake_export_targets-extras.cmake
[2.203s] -- Up-to-date: /home/ehoaglin/ros2_ws/install/dingo_peripheral_interfacing_msg/share/dingo_peripheral_interfacing_msg/cmake/rosidl_cmake_export_typesupport_targets-extras.cmake
[2.203s] -- Up-to-date: /home/ehoaglin/ros2_ws/install/dingo_peripheral_interfacing_msg/share/dingo_peripheral_interfacing_msg/cmake/rosidl_cmake_export_typesupport_libraries-extras.cmake
[2.203s] -- Up-to-date: /home/ehoaglin/ros2_ws/install/dingo_peripheral_interfacing_msg/share/dingo_peripheral_interfacing_msg/cmake/dingo_peripheral_interfacing_msgConfig.cmake
[2.204s] -- Up-to-date: /home/ehoaglin/ros2_ws/install/dingo_peripheral_interfacing_msg/share/dingo_peripheral_interfacing_msg/cmake/dingo_peripheral_interfacing_msgConfig-version.cmake
[2.204s] -- Up-to-date: /home/ehoaglin/ros2_ws/install/dingo_peripheral_interfacing_msg/share/dingo_peripheral_interfacing_msg/package.xml
[2.500s] Invoked command in '/home/ehoaglin/ros2_ws/build/dingo_peripheral_interfacing_msg' returned '0': CMAKE_PREFIX_PATH=/opt/ros/jazzy:${CMAKE_PREFIX_PATH} /usr/bin/cmake --install /home/ehoaglin/ros2_ws/build/dingo_peripheral_interfacing_msg
