[0.025s] Invoking command in '/home/ehoaglin/ros2_ws/src/build/dingo_input_interfacing': /usr/bin/cmake --build /home/ehoaglin/ros2_ws/src/build/dingo_input_interfacing -- -j12 -l12
[0.083s] Invoked command in '/home/ehoaglin/ros2_ws/src/build/dingo_input_interfacing' returned '0': /usr/bin/cmake --build /home/ehoaglin/ros2_ws/src/build/dingo_input_interfacing -- -j12 -l12
[0.085s] Invoking command in '/home/ehoaglin/ros2_ws/src/build/dingo_input_interfacing': /usr/bin/cmake --install /home/ehoaglin/ros2_ws/src/build/dingo_input_interfacing
[0.099s] -- Install configuration: ""
[0.099s] -- Up-to-date: /home/ehoaglin/ros2_ws/src/install/dingo_input_interfacing/share/ament_index/resource_index/package_run_dependencies/dingo_input_interfacing
[0.099s] -- Up-to-date: /home/ehoaglin/ros2_ws/src/install/dingo_input_interfacing/share/ament_index/resource_index/parent_prefix_path/dingo_input_interfacing
[0.100s] -- Up-to-date: /home/ehoaglin/ros2_ws/src/install/dingo_input_interfacing/share/dingo_input_interfacing/environment/ament_prefix_path.sh
[0.100s] -- Up-to-date: /home/ehoaglin/ros2_ws/src/install/dingo_input_interfacing/share/dingo_input_interfacing/environment/ament_prefix_path.dsv
[0.101s] -- Up-to-date: /home/ehoaglin/ros2_ws/src/install/dingo_input_interfacing/share/dingo_input_interfacing/environment/path.sh
[0.102s] -- Up-to-date: /home/ehoaglin/ros2_ws/src/install/dingo_input_interfacing/share/dingo_input_interfacing/environment/path.dsv
[0.102s] -- Up-to-date: /home/ehoaglin/ros2_ws/src/install/dingo_input_interfacing/share/dingo_input_interfacing/local_setup.bash
[0.102s] -- Up-to-date: /home/ehoaglin/ros2_ws/src/install/dingo_input_interfacing/share/dingo_input_interfacing/local_setup.sh
[0.103s] -- Up-to-date: /home/ehoaglin/ros2_ws/src/install/dingo_input_interfacing/share/dingo_input_interfacing/local_setup.zsh
[0.103s] -- Up-to-date: /home/ehoaglin/ros2_ws/src/install/dingo_input_interfacing/share/dingo_input_interfacing/local_setup.dsv
[0.103s] -- Installing: /home/ehoaglin/ros2_ws/src/install/dingo_input_interfacing/share/dingo_input_interfacing/package.dsv
[0.104s] -- Up-to-date: /home/ehoaglin/ros2_ws/src/install/dingo_input_interfacing/share/ament_index/resource_index/packages/dingo_input_interfacing
[0.105s] -- Up-to-date: /home/ehoaglin/ros2_ws/src/install/dingo_input_interfacing/share/dingo_input_interfacing/cmake/dingo_input_interfacingConfig.cmake
[0.105s] -- Up-to-date: /home/ehoaglin/ros2_ws/src/install/dingo_input_interfacing/share/dingo_input_interfacing/cmake/dingo_input_interfacingConfig-version.cmake
[0.105s] -- Up-to-date: /home/ehoaglin/ros2_ws/src/install/dingo_input_interfacing/share/dingo_input_interfacing/package.xml
[0.122s] Invoked command in '/home/ehoaglin/ros2_ws/src/build/dingo_input_interfacing' returned '0': /usr/bin/cmake --install /home/ehoaglin/ros2_ws/src/build/dingo_input_interfacing
