[3.333s] Invoking command in '/home/ehoaglin/ros2_ws/src/dualsense_interface': PYTHONPATH=/home/ehoaglin/ros2_ws/build/dualsense_interface/prefix_override:/usr/lib/python3/dist-packages/colcon_core/task/python/colcon_distutils_commands:/home/ehoaglin/ros2_ws/install/dualsense_interface/lib/python3.12/site-packages:${PYTHONPATH} /usr/bin/python3 -W ignore:setup.py install is deprecated -W ignore:easy_install command is deprecated setup.py egg_info --egg-base ../../build/dualsense_interface build --build-base /home/ehoaglin/ros2_ws/build/dualsense_interface/build install --record /home/ehoaglin/ros2_ws/build/dualsense_interface/install.log --single-version-externally-managed install_data
[4.276s] running egg_info
[4.349s] writing ../../build/dualsense_interface/dualsense_interface.egg-info/PKG-INFO
[4.350s] writing dependency_links to ../../build/dualsense_interface/dualsense_interface.egg-info/dependency_links.txt
[4.351s] writing entry points to ../../build/dualsense_interface/dualsense_interface.egg-info/entry_points.txt
[4.352s] writing requirements to ../../build/dualsense_interface/dualsense_interface.egg-info/requires.txt
[4.352s] writing top-level names to ../../build/dualsense_interface/dualsense_interface.egg-info/top_level.txt
[4.501s] reading manifest file '../../build/dualsense_interface/dualsense_interface.egg-info/SOURCES.txt'
[4.505s] writing manifest file '../../build/dualsense_interface/dualsense_interface.egg-info/SOURCES.txt'
[4.505s] running build
[4.507s] running build_py
[4.507s] running install
[4.524s] running install_lib
[4.648s] running install_data
[4.649s] running install_egg_info
[4.767s] removing '/home/ehoaglin/ros2_ws/install/dualsense_interface/lib/python3.12/site-packages/dualsense_interface-0.0.0-py3.12.egg-info' (and everything under it)
[4.769s] Copying ../../build/dualsense_interface/dualsense_interface.egg-info to /home/ehoaglin/ros2_ws/install/dualsense_interface/lib/python3.12/site-packages/dualsense_interface-0.0.0-py3.12.egg-info
[4.774s] running install_scripts
[5.407s] Installing hidraw_to_joy script to /home/ehoaglin/ros2_ws/install/dualsense_interface/lib/dualsense_interface
[5.408s] writing list of installed files to '/home/ehoaglin/ros2_ws/build/dualsense_interface/install.log'
[5.535s] Invoked command in '/home/ehoaglin/ros2_ws/src/dualsense_interface' returned '0': PYTHONPATH=/home/ehoaglin/ros2_ws/build/dualsense_interface/prefix_override:/usr/lib/python3/dist-packages/colcon_core/task/python/colcon_distutils_commands:/home/ehoaglin/ros2_ws/install/dualsense_interface/lib/python3.12/site-packages:${PYTHONPATH} /usr/bin/python3 -W ignore:setup.py install is deprecated -W ignore:easy_install command is deprecated setup.py egg_info --egg-base ../../build/dualsense_interface build --build-base /home/ehoaglin/ros2_ws/build/dualsense_interface/build install --record /home/ehoaglin/ros2_ws/build/dualsense_interface/install.log --single-version-externally-managed install_data
