[1.152s] Invoking command in '/home/ehoaglin/ros2_ws/build/ros2_fundamentals_examples': CMAKE_PREFIX_PATH=/home/ehoaglin/ros2_ws/install/ros2_fundamentals_examples:/home/ehoaglin/ros2_ws/install/dingo:/home/ehoaglin/ros2_ws/install/dingo_input_interfacing:/home/ehoaglin/ros2_ws/install/dingo_control:/home/ehoaglin/ros2_ws/install/dingo_servo_interfacing:/home/ehoaglin/ros2_ws/install/dingo_pybullet:/home/ehoaglin/ros2_ws/install/dingo_peripheral_interfacing_msg:/home/ehoaglin/ros2_ws/install/dingo_peripheral_interfacing:/home/ehoaglin/ros2_ws/install/dingo_hardware_config:/home/ehoaglin/ros2_ws/install/dualsense_interface:/opt/ros/jazzy:/home/ehoaglin/ros2_ws/install/dingo_description:/home/ehoaglin/ros2_ws/install/dingo_control_msg:/opt/ros/jazzy/opt/gz_sim_vendor:/opt/ros/jazzy/opt/gz_sensors_vendor:/opt/ros/jazzy/opt/gz_physics_vendor:/opt/ros/jazzy/opt/sdformat_vendor:/opt/ros/jazzy/opt/gz_gui_vendor:/opt/ros/jazzy/opt/gz_transport_vendor:/opt/ros/jazzy/opt/gz_rendering_vendor:/opt/ros/jazzy/opt/gz_plugin_vendor:/opt/ros/jazzy/opt/gz_fuel_tools_vendor:/opt/ros/jazzy/opt/gz_msgs_vendor:/opt/ros/jazzy/opt/gz_common_vendor:/opt/ros/jazzy/opt/gz_math_vendor:/opt/ros/jazzy/opt/gz_utils_vendor:/opt/ros/jazzy/opt/gz_tools_vendor:/opt/ros/jazzy/opt/gz_ogre_next_vendor:/opt/ros/jazzy/opt/gz_dartsim_vendor:/opt/ros/jazzy/opt/gz_cmake_vendor /usr/bin/cmake --build /home/ehoaglin/ros2_ws/build/ros2_fundamentals_examples -- -j12 -l12
[1.402s] Built target ament_cmake_python_copy_ros2_fundamentals_examples
[2.526s] running egg_info
[2.632s] writing ros2_fundamentals_examples.egg-info/PKG-INFO
[2.633s] writing dependency_links to ros2_fundamentals_examples.egg-info/dependency_links.txt
[2.633s] writing top-level names to ros2_fundamentals_examples.egg-info/top_level.txt
[2.960s] reading manifest file 'ros2_fundamentals_examples.egg-info/SOURCES.txt'
[2.962s] writing manifest file 'ros2_fundamentals_examples.egg-info/SOURCES.txt'
[3.137s] Built target ament_cmake_python_build_ros2_fundamentals_examples_egg
[3.169s] Invoked command in '/home/ehoaglin/ros2_ws/build/ros2_fundamentals_examples' returned '0': CMAKE_PREFIX_PATH=/home/ehoaglin/ros2_ws/install/ros2_fundamentals_examples:/home/ehoaglin/ros2_ws/install/dingo:/home/ehoaglin/ros2_ws/install/dingo_input_interfacing:/home/ehoaglin/ros2_ws/install/dingo_control:/home/ehoaglin/ros2_ws/install/dingo_servo_interfacing:/home/ehoaglin/ros2_ws/install/dingo_pybullet:/home/ehoaglin/ros2_ws/install/dingo_peripheral_interfacing_msg:/home/ehoaglin/ros2_ws/install/dingo_peripheral_interfacing:/home/ehoaglin/ros2_ws/install/dingo_hardware_config:/home/ehoaglin/ros2_ws/install/dualsense_interface:/opt/ros/jazzy:/home/ehoaglin/ros2_ws/install/dingo_description:/home/ehoaglin/ros2_ws/install/dingo_control_msg:/opt/ros/jazzy/opt/gz_sim_vendor:/opt/ros/jazzy/opt/gz_sensors_vendor:/opt/ros/jazzy/opt/gz_physics_vendor:/opt/ros/jazzy/opt/sdformat_vendor:/opt/ros/jazzy/opt/gz_gui_vendor:/opt/ros/jazzy/opt/gz_transport_vendor:/opt/ros/jazzy/opt/gz_rendering_vendor:/opt/ros/jazzy/opt/gz_plugin_vendor:/opt/ros/jazzy/opt/gz_fuel_tools_vendor:/opt/ros/jazzy/opt/gz_msgs_vendor:/opt/ros/jazzy/opt/gz_common_vendor:/opt/ros/jazzy/opt/gz_math_vendor:/opt/ros/jazzy/opt/gz_utils_vendor:/opt/ros/jazzy/opt/gz_tools_vendor:/opt/ros/jazzy/opt/gz_ogre_next_vendor:/opt/ros/jazzy/opt/gz_dartsim_vendor:/opt/ros/jazzy/opt/gz_cmake_vendor /usr/bin/cmake --build /home/ehoaglin/ros2_ws/build/ros2_fundamentals_examples -- -j12 -l12
[3.170s] Invoking command in '/home/ehoaglin/ros2_ws/build/ros2_fundamentals_examples': CMAKE_PREFIX_PATH=/home/ehoaglin/ros2_ws/install/ros2_fundamentals_examples:/home/ehoaglin/ros2_ws/install/dingo:/home/ehoaglin/ros2_ws/install/dingo_input_interfacing:/home/ehoaglin/ros2_ws/install/dingo_control:/home/ehoaglin/ros2_ws/install/dingo_servo_interfacing:/home/ehoaglin/ros2_ws/install/dingo_pybullet:/home/ehoaglin/ros2_ws/install/dingo_peripheral_interfacing_msg:/home/ehoaglin/ros2_ws/install/dingo_peripheral_interfacing:/home/ehoaglin/ros2_ws/install/dingo_hardware_config:/home/ehoaglin/ros2_ws/install/dualsense_interface:/opt/ros/jazzy:/home/ehoaglin/ros2_ws/install/dingo_description:/home/ehoaglin/ros2_ws/install/dingo_control_msg:/opt/ros/jazzy/opt/gz_sim_vendor:/opt/ros/jazzy/opt/gz_sensors_vendor:/opt/ros/jazzy/opt/gz_physics_vendor:/opt/ros/jazzy/opt/sdformat_vendor:/opt/ros/jazzy/opt/gz_gui_vendor:/opt/ros/jazzy/opt/gz_transport_vendor:/opt/ros/jazzy/opt/gz_rendering_vendor:/opt/ros/jazzy/opt/gz_plugin_vendor:/opt/ros/jazzy/opt/gz_fuel_tools_vendor:/opt/ros/jazzy/opt/gz_msgs_vendor:/opt/ros/jazzy/opt/gz_common_vendor:/opt/ros/jazzy/opt/gz_math_vendor:/opt/ros/jazzy/opt/gz_utils_vendor:/opt/ros/jazzy/opt/gz_tools_vendor:/opt/ros/jazzy/opt/gz_ogre_next_vendor:/opt/ros/jazzy/opt/gz_dartsim_vendor:/opt/ros/jazzy/opt/gz_cmake_vendor /usr/bin/cmake --install /home/ehoaglin/ros2_ws/build/ros2_fundamentals_examples
[3.206s] -- Install configuration: ""
[3.207s] -- Up-to-date: /home/ehoaglin/ros2_ws/install/ros2_fundamentals_examples/share/ros2_fundamentals_examples/ros2_fundamentals_examples
[3.207s] -- Up-to-date: /home/ehoaglin/ros2_ws/install/ros2_fundamentals_examples/share/ros2_fundamentals_examples/ros2_fundamentals_examples/__init__.py
[3.208s] -- Up-to-date: /home/ehoaglin/ros2_ws/install/ros2_fundamentals_examples/share/ros2_fundamentals_examples/ros2_fundamentals_examples/py_minimal_publisher.py
[3.208s] -- Up-to-date: /home/ehoaglin/ros2_ws/install/ros2_fundamentals_examples/include
[3.209s] -- Up-to-date: /home/ehoaglin/ros2_ws/install/ros2_fundamentals_examples/include/ros2_fundamentals_examples
[3.209s] -- Up-to-date: /home/ehoaglin/ros2_ws/install/ros2_fundamentals_examples/share/ros2_fundamentals_examples/environment/pythonpath.sh
[3.209s] -- Up-to-date: /home/ehoaglin/ros2_ws/install/ros2_fundamentals_examples/share/ros2_fundamentals_examples/environment/pythonpath.dsv
[3.210s] -- Up-to-date: /home/ehoaglin/ros2_ws/install/ros2_fundamentals_examples/lib/python3.12/site-packages/ros2_fundamentals_examples-0.0.0-py3.12.egg-info
[3.210s] -- Installing: /home/ehoaglin/ros2_ws/install/ros2_fundamentals_examples/lib/python3.12/site-packages/ros2_fundamentals_examples-0.0.0-py3.12.egg-info/top_level.txt
[3.210s] -- Installing: /home/ehoaglin/ros2_ws/install/ros2_fundamentals_examples/lib/python3.12/site-packages/ros2_fundamentals_examples-0.0.0-py3.12.egg-info/dependency_links.txt
[3.211s] -- Installing: /home/ehoaglin/ros2_ws/install/ros2_fundamentals_examples/lib/python3.12/site-packages/ros2_fundamentals_examples-0.0.0-py3.12.egg-info/SOURCES.txt
[3.211s] -- Installing: /home/ehoaglin/ros2_ws/install/ros2_fundamentals_examples/lib/python3.12/site-packages/ros2_fundamentals_examples-0.0.0-py3.12.egg-info/PKG-INFO
[3.212s] -- Up-to-date: /home/ehoaglin/ros2_ws/install/ros2_fundamentals_examples/lib/python3.12/site-packages/ros2_fundamentals_examples
[3.212s] -- Up-to-date: /home/ehoaglin/ros2_ws/install/ros2_fundamentals_examples/lib/python3.12/site-packages/ros2_fundamentals_examples/__init__.py
[3.212s] -- Up-to-date: /home/ehoaglin/ros2_ws/install/ros2_fundamentals_examples/lib/python3.12/site-packages/ros2_fundamentals_examples/py_minimal_publisher.py
[3.349s] Listing '/home/ehoaglin/ros2_ws/install/ros2_fundamentals_examples/lib/python3.12/site-packages/ros2_fundamentals_examples'...
[3.377s] -- Up-to-date: /home/ehoaglin/ros2_ws/install/ros2_fundamentals_examples/lib/ros2_fundamentals_examples/py_minimal_publisher.py
[3.383s] -- Up-to-date: /home/ehoaglin/ros2_ws/install/ros2_fundamentals_examples/share/ament_index/resource_index/package_run_dependencies/ros2_fundamentals_examples
[3.387s] -- Up-to-date: /home/ehoaglin/ros2_ws/install/ros2_fundamentals_examples/share/ament_index/resource_index/parent_prefix_path/ros2_fundamentals_examples
[3.387s] -- Up-to-date: /home/ehoaglin/ros2_ws/install/ros2_fundamentals_examples/share/ros2_fundamentals_examples/environment/ament_prefix_path.sh
[3.388s] -- Up-to-date: /home/ehoaglin/ros2_ws/install/ros2_fundamentals_examples/share/ros2_fundamentals_examples/environment/ament_prefix_path.dsv
[3.388s] -- Up-to-date: /home/ehoaglin/ros2_ws/install/ros2_fundamentals_examples/share/ros2_fundamentals_examples/environment/path.sh
[3.422s] -- Up-to-date: /home/ehoaglin/ros2_ws/install/ros2_fundamentals_examples/share/ros2_fundamentals_examples/environment/path.dsv
[3.422s] -- Up-to-date: /home/ehoaglin/ros2_ws/install/ros2_fundamentals_examples/share/ros2_fundamentals_examples/local_setup.bash
[3.422s] -- Up-to-date: /home/ehoaglin/ros2_ws/install/ros2_fundamentals_examples/share/ros2_fundamentals_examples/local_setup.sh
[3.422s] -- Up-to-date: /home/ehoaglin/ros2_ws/install/ros2_fundamentals_examples/share/ros2_fundamentals_examples/local_setup.zsh
[3.423s] -- Up-to-date: /home/ehoaglin/ros2_ws/install/ros2_fundamentals_examples/share/ros2_fundamentals_examples/local_setup.dsv
[3.423s] -- Installing: /home/ehoaglin/ros2_ws/install/ros2_fundamentals_examples/share/ros2_fundamentals_examples/package.dsv
[3.423s] -- Up-to-date: /home/ehoaglin/ros2_ws/install/ros2_fundamentals_examples/share/ament_index/resource_index/packages/ros2_fundamentals_examples
[3.424s] -- Up-to-date: /home/ehoaglin/ros2_ws/install/ros2_fundamentals_examples/share/ros2_fundamentals_examples/cmake/ament_cmake_export_include_directories-extras.cmake
[3.424s] -- Up-to-date: /home/ehoaglin/ros2_ws/install/ros2_fundamentals_examples/share/ros2_fundamentals_examples/cmake/ros2_fundamentals_examplesConfig.cmake
[3.424s] -- Up-to-date: /home/ehoaglin/ros2_ws/install/ros2_fundamentals_examples/share/ros2_fundamentals_examples/cmake/ros2_fundamentals_examplesConfig-version.cmake
[3.424s] -- Up-to-date: /home/ehoaglin/ros2_ws/install/ros2_fundamentals_examples/share/ros2_fundamentals_examples/package.xml
[3.425s] Invoked command in '/home/ehoaglin/ros2_ws/build/ros2_fundamentals_examples' returned '0': CMAKE_PREFIX_PATH=/home/ehoaglin/ros2_ws/install/ros2_fundamentals_examples:/home/ehoaglin/ros2_ws/install/dingo:/home/ehoaglin/ros2_ws/install/dingo_input_interfacing:/home/ehoaglin/ros2_ws/install/dingo_control:/home/ehoaglin/ros2_ws/install/dingo_servo_interfacing:/home/ehoaglin/ros2_ws/install/dingo_pybullet:/home/ehoaglin/ros2_ws/install/dingo_peripheral_interfacing_msg:/home/ehoaglin/ros2_ws/install/dingo_peripheral_interfacing:/home/ehoaglin/ros2_ws/install/dingo_hardware_config:/home/ehoaglin/ros2_ws/install/dualsense_interface:/opt/ros/jazzy:/home/ehoaglin/ros2_ws/install/dingo_description:/home/ehoaglin/ros2_ws/install/dingo_control_msg:/opt/ros/jazzy/opt/gz_sim_vendor:/opt/ros/jazzy/opt/gz_sensors_vendor:/opt/ros/jazzy/opt/gz_physics_vendor:/opt/ros/jazzy/opt/sdformat_vendor:/opt/ros/jazzy/opt/gz_gui_vendor:/opt/ros/jazzy/opt/gz_transport_vendor:/opt/ros/jazzy/opt/gz_rendering_vendor:/opt/ros/jazzy/opt/gz_plugin_vendor:/opt/ros/jazzy/opt/gz_fuel_tools_vendor:/opt/ros/jazzy/opt/gz_msgs_vendor:/opt/ros/jazzy/opt/gz_common_vendor:/opt/ros/jazzy/opt/gz_math_vendor:/opt/ros/jazzy/opt/gz_utils_vendor:/opt/ros/jazzy/opt/gz_tools_vendor:/opt/ros/jazzy/opt/gz_ogre_next_vendor:/opt/ros/jazzy/opt/gz_dartsim_vendor:/opt/ros/jazzy/opt/gz_cmake_vendor /usr/bin/cmake --install /home/ehoaglin/ros2_ws/build/ros2_fundamentals_examples
