[0.053s] Invoking command in '/home/ehoaglin/ros2_ws/build/dingo_description': CMAKE_PREFIX_PATH=/home/ehoaglin/ros2_ws/install/ros2_fundamentals_examples:/home/ehoaglin/ros2_ws/install/dingo:/home/ehoaglin/ros2_ws/install/dingo_control:/home/ehoaglin/ros2_ws/install/dingo_servo_interfacing:/home/ehoaglin/ros2_ws/install/dingo_pybullet:/home/ehoaglin/ros2_ws/install/dingo_peripheral_interfacing_msg:/home/ehoaglin/ros2_ws/install/dingo_peripheral_interfacing:/home/ehoaglin/ros2_ws/install/dingo_input_interfacing:/home/ehoaglin/ros2_ws/install/dingo_hardware_config:/home/ehoaglin/ros2_ws/install/dualsense_interface:/opt/ros/jazzy:/home/ehoaglin/ros2_ws/install/dingo_description:/home/ehoaglin/ros2_ws/install/dingo_control_msg:/opt/ros/jazzy/opt/gz_sim_vendor:/opt/ros/jazzy/opt/gz_sensors_vendor:/opt/ros/jazzy/opt/gz_physics_vendor:/opt/ros/jazzy/opt/sdformat_vendor:/opt/ros/jazzy/opt/gz_gui_vendor:/opt/ros/jazzy/opt/gz_transport_vendor:/opt/ros/jazzy/opt/gz_rendering_vendor:/opt/ros/jazzy/opt/gz_plugin_vendor:/opt/ros/jazzy/opt/gz_fuel_tools_vendor:/opt/ros/jazzy/opt/gz_msgs_vendor:/opt/ros/jazzy/opt/gz_common_vendor:/opt/ros/jazzy/opt/gz_math_vendor:/opt/ros/jazzy/opt/gz_utils_vendor:/opt/ros/jazzy/opt/gz_tools_vendor:/opt/ros/jazzy/opt/gz_ogre_next_vendor:/opt/ros/jazzy/opt/gz_dartsim_vendor:/opt/ros/jazzy/opt/gz_cmake_vendor /usr/bin/cmake --build /home/ehoaglin/ros2_ws/build/dingo_description -- -j12 -l12
[1.000s] Invoked command in '/home/ehoaglin/ros2_ws/build/dingo_description' returned '0': CMAKE_PREFIX_PATH=/home/ehoaglin/ros2_ws/install/ros2_fundamentals_examples:/home/ehoaglin/ros2_ws/install/dingo:/home/ehoaglin/ros2_ws/install/dingo_control:/home/ehoaglin/ros2_ws/install/dingo_servo_interfacing:/home/ehoaglin/ros2_ws/install/dingo_pybullet:/home/ehoaglin/ros2_ws/install/dingo_peripheral_interfacing_msg:/home/ehoaglin/ros2_ws/install/dingo_peripheral_interfacing:/home/ehoaglin/ros2_ws/install/dingo_input_interfacing:/home/ehoaglin/ros2_ws/install/dingo_hardware_config:/home/ehoaglin/ros2_ws/install/dualsense_interface:/opt/ros/jazzy:/home/ehoaglin/ros2_ws/install/dingo_description:/home/ehoaglin/ros2_ws/install/dingo_control_msg:/opt/ros/jazzy/opt/gz_sim_vendor:/opt/ros/jazzy/opt/gz_sensors_vendor:/opt/ros/jazzy/opt/gz_physics_vendor:/opt/ros/jazzy/opt/sdformat_vendor:/opt/ros/jazzy/opt/gz_gui_vendor:/opt/ros/jazzy/opt/gz_transport_vendor:/opt/ros/jazzy/opt/gz_rendering_vendor:/opt/ros/jazzy/opt/gz_plugin_vendor:/opt/ros/jazzy/opt/gz_fuel_tools_vendor:/opt/ros/jazzy/opt/gz_msgs_vendor:/opt/ros/jazzy/opt/gz_common_vendor:/opt/ros/jazzy/opt/gz_math_vendor:/opt/ros/jazzy/opt/gz_utils_vendor:/opt/ros/jazzy/opt/gz_tools_vendor:/opt/ros/jazzy/opt/gz_ogre_next_vendor:/opt/ros/jazzy/opt/gz_dartsim_vendor:/opt/ros/jazzy/opt/gz_cmake_vendor /usr/bin/cmake --build /home/ehoaglin/ros2_ws/build/dingo_description -- -j12 -l12
[1.003s] Invoking command in '/home/ehoaglin/ros2_ws/build/dingo_description': CMAKE_PREFIX_PATH=/home/ehoaglin/ros2_ws/install/ros2_fundamentals_examples:/home/ehoaglin/ros2_ws/install/dingo:/home/ehoaglin/ros2_ws/install/dingo_control:/home/ehoaglin/ros2_ws/install/dingo_servo_interfacing:/home/ehoaglin/ros2_ws/install/dingo_pybullet:/home/ehoaglin/ros2_ws/install/dingo_peripheral_interfacing_msg:/home/ehoaglin/ros2_ws/install/dingo_peripheral_interfacing:/home/ehoaglin/ros2_ws/install/dingo_input_interfacing:/home/ehoaglin/ros2_ws/install/dingo_hardware_config:/home/ehoaglin/ros2_ws/install/dualsense_interface:/opt/ros/jazzy:/home/ehoaglin/ros2_ws/install/dingo_description:/home/ehoaglin/ros2_ws/install/dingo_control_msg:/opt/ros/jazzy/opt/gz_sim_vendor:/opt/ros/jazzy/opt/gz_sensors_vendor:/opt/ros/jazzy/opt/gz_physics_vendor:/opt/ros/jazzy/opt/sdformat_vendor:/opt/ros/jazzy/opt/gz_gui_vendor:/opt/ros/jazzy/opt/gz_transport_vendor:/opt/ros/jazzy/opt/gz_rendering_vendor:/opt/ros/jazzy/opt/gz_plugin_vendor:/opt/ros/jazzy/opt/gz_fuel_tools_vendor:/opt/ros/jazzy/opt/gz_msgs_vendor:/opt/ros/jazzy/opt/gz_common_vendor:/opt/ros/jazzy/opt/gz_math_vendor:/opt/ros/jazzy/opt/gz_utils_vendor:/opt/ros/jazzy/opt/gz_tools_vendor:/opt/ros/jazzy/opt/gz_ogre_next_vendor:/opt/ros/jazzy/opt/gz_dartsim_vendor:/opt/ros/jazzy/opt/gz_cmake_vendor /usr/bin/cmake --install /home/ehoaglin/ros2_ws/build/dingo_description
[1.155s] -- Install configuration: ""
[1.156s] -- Up-to-date: /home/ehoaglin/ros2_ws/install/dingo_description/share/dingo_description/urdf
[1.156s] -- Up-to-date: /home/ehoaglin/ros2_ws/install/dingo_description/share/dingo_description/urdf/dingo copy.urdf
[1.156s] -- Up-to-date: /home/ehoaglin/ros2_ws/install/dingo_description/share/dingo_description/urdf/dingo.urdf
[1.157s] -- Up-to-date: /home/ehoaglin/ros2_ws/install/dingo_description/share/dingo_description/urdf/Open Notebook.onetoc2
[1.157s] -- Up-to-date: /home/ehoaglin/ros2_ws/install/dingo_description/share/dingo_description/urdf/dingo_description.csv
[1.157s] -- Up-to-date: /home/ehoaglin/ros2_ws/install/dingo_description/share/dingo_description/meshes
[1.158s] -- Up-to-date: /home/ehoaglin/ros2_ws/install/dingo_description/share/dingo_description/meshes/body_obj.obj
[1.158s] -- Up-to-date: /home/ehoaglin/ros2_ws/install/dingo_description/share/dingo_description/meshes/L3_obj.obj
[1.159s] -- Up-to-date: /home/ehoaglin/ros2_ws/install/dingo_description/share/dingo_description/meshes/FL_link3.STL
[1.159s] -- Up-to-date: /home/ehoaglin/ros2_ws/install/dingo_description/share/dingo_description/meshes/R_link1_collision.STL
[1.159s] -- Up-to-date: /home/ehoaglin/ros2_ws/install/dingo_description/share/dingo_description/meshes/RL_link3.STL
[1.160s] -- Up-to-date: /home/ehoaglin/ros2_ws/install/dingo_description/share/dingo_description/meshes/base_link.STL
[1.160s] -- Up-to-date: /home/ehoaglin/ros2_ws/install/dingo_description/share/dingo_description/meshes/FR_link1.dae
[1.161s] -- Up-to-date: /home/ehoaglin/ros2_ws/install/dingo_description/share/dingo_description/meshes/FL_link1.dae
[1.161s] -- Up-to-date: /home/ehoaglin/ros2_ws/install/dingo_description/share/dingo_description/meshes/R_link3.dae
[1.161s] -- Up-to-date: /home/ehoaglin/ros2_ws/install/dingo_description/share/dingo_description/meshes/RR_link1.STL
[1.162s] -- Up-to-date: /home/ehoaglin/ros2_ws/install/dingo_description/share/dingo_description/meshes/R2_obj.mtl
[1.162s] -- Up-to-date: /home/ehoaglin/ros2_ws/install/dingo_description/share/dingo_description/meshes/link4_collision.STL
[1.162s] -- Up-to-date: /home/ehoaglin/ros2_ws/install/dingo_description/share/dingo_description/meshes/L_link3_collision.STL
[1.163s] -- Up-to-date: /home/ehoaglin/ros2_ws/install/dingo_description/share/dingo_description/meshes/RR1_obj.obj
[1.163s] -- Up-to-date: /home/ehoaglin/ros2_ws/install/dingo_description/share/dingo_description/meshes/main.py
[1.164s] -- Up-to-date: /home/ehoaglin/ros2_ws/install/dingo_description/share/dingo_description/meshes/R3_obj.obj
[1.164s] -- Up-to-date: /home/ehoaglin/ros2_ws/install/dingo_description/share/dingo_description/meshes/base_link.dae
[1.165s] -- Up-to-date: /home/ehoaglin/ros2_ws/install/dingo_description/share/dingo_description/meshes/RL1_obj.obj
[1.166s] -- Up-to-date: /home/ehoaglin/ros2_ws/install/dingo_description/share/dingo_description/meshes/FR1_obj.mtl
[1.166s] -- Up-to-date: /home/ehoaglin/ros2_ws/install/dingo_description/share/dingo_description/meshes/L_link1_collision.STL
[1.168s] -- Up-to-date: /home/ehoaglin/ros2_ws/install/dingo_description/share/dingo_description/meshes/R2_obj.obj
[1.168s] -- Up-to-date: /home/ehoaglin/ros2_ws/install/dingo_description/share/dingo_description/meshes/R_link3_collision.STL
[1.168s] -- Up-to-date: /home/ehoaglin/ros2_ws/install/dingo_description/share/dingo_description/meshes/L2_obj.mtl
[1.169s] -- Up-to-date: /home/ehoaglin/ros2_ws/install/dingo_description/share/dingo_description/meshes/thread.jpg
[1.169s] -- Up-to-date: /home/ehoaglin/ros2_ws/install/dingo_description/share/dingo_description/meshes/RR_link1.dae
[1.170s] -- Up-to-date: /home/ehoaglin/ros2_ws/install/dingo_description/share/dingo_description/meshes/RR1_obj.mtl
[1.170s] -- Up-to-date: /home/ehoaglin/ros2_ws/install/dingo_description/share/dingo_description/meshes/FL1_obj.mtl
[1.170s] -- Up-to-date: /home/ehoaglin/ros2_ws/install/dingo_description/share/dingo_description/meshes/FR_link1.STL
[1.171s] -- Up-to-date: /home/ehoaglin/ros2_ws/install/dingo_description/share/dingo_description/meshes/L2_obj.obj
[1.171s] -- Up-to-date: /home/ehoaglin/ros2_ws/install/dingo_description/share/dingo_description/meshes/FR_link2.STL
[1.171s] -- Up-to-date: /home/ehoaglin/ros2_ws/install/dingo_description/share/dingo_description/meshes/R3_obj.mtl
[1.173s] -- Up-to-date: /home/ehoaglin/ros2_ws/install/dingo_description/share/dingo_description/meshes/link4.dae
[1.173s] -- Up-to-date: /home/ehoaglin/ros2_ws/install/dingo_description/share/dingo_description/meshes/FR1_obj.obj
[1.173s] -- Up-to-date: /home/ehoaglin/ros2_ws/install/dingo_description/share/dingo_description/meshes/L3_obj.mtl
[1.174s] -- Up-to-date: /home/ehoaglin/ros2_ws/install/dingo_description/share/dingo_description/meshes/RL_link1.STL
[1.174s] -- Up-to-date: /home/ehoaglin/ros2_ws/install/dingo_description/share/dingo_description/meshes/R_link2_collision.STL
[1.174s] -- Up-to-date: /home/ehoaglin/ros2_ws/install/dingo_description/share/dingo_description/meshes/body_obj.mtl
[1.175s] -- Up-to-date: /home/ehoaglin/ros2_ws/install/dingo_description/share/dingo_description/meshes/Open Notebook.onetoc2
[1.175s] -- Up-to-date: /home/ehoaglin/ros2_ws/install/dingo_description/share/dingo_description/meshes/RL1_obj.mtl
[1.176s] -- Up-to-date: /home/ehoaglin/ros2_ws/install/dingo_description/share/dingo_description/meshes/L_link2.dae
[1.176s] -- Up-to-date: /home/ehoaglin/ros2_ws/install/dingo_description/share/dingo_description/meshes/FL_link4.STL
[1.176s] -- Up-to-date: /home/ehoaglin/ros2_ws/install/dingo_description/share/dingo_description/meshes/L_link2_collision.STL
[1.177s] -- Up-to-date: /home/ehoaglin/ros2_ws/install/dingo_description/share/dingo_description/meshes/RL_link1.dae
[1.177s] -- Up-to-date: /home/ehoaglin/ros2_ws/install/dingo_description/share/dingo_description/meshes/RL_link2.STL
[1.178s] -- Up-to-date: /home/ehoaglin/ros2_ws/install/dingo_description/share/dingo_description/meshes/FL_link1.STL
[1.178s] -- Up-to-date: /home/ehoaglin/ros2_ws/install/dingo_description/share/dingo_description/meshes/FR_link4.STL
[1.178s] -- Up-to-date: /home/ehoaglin/ros2_ws/install/dingo_description/share/dingo_description/meshes/base_collision.STL
[1.179s] -- Up-to-date: /home/ehoaglin/ros2_ws/install/dingo_description/share/dingo_description/meshes/FR_link3.STL
[1.179s] -- Up-to-date: /home/ehoaglin/ros2_ws/install/dingo_description/share/dingo_description/meshes/RR_link2.STL
[1.180s] -- Up-to-date: /home/ehoaglin/ros2_ws/install/dingo_description/share/dingo_description/meshes/RR_link3.STL
[1.180s] -- Up-to-date: /home/ehoaglin/ros2_ws/install/dingo_description/share/dingo_description/meshes/RL_link4.STL
[1.181s] -- Up-to-date: /home/ehoaglin/ros2_ws/install/dingo_description/share/dingo_description/meshes/FL_link2.STL
[1.181s] -- Up-to-date: /home/ehoaglin/ros2_ws/install/dingo_description/share/dingo_description/meshes/FL1_obj.obj
[1.182s] -- Up-to-date: /home/ehoaglin/ros2_ws/install/dingo_description/share/dingo_description/meshes/RR_link4.STL
[1.183s] -- Up-to-date: /home/ehoaglin/ros2_ws/install/dingo_description/share/dingo_description/meshes/L_link3.dae
[1.183s] -- Up-to-date: /home/ehoaglin/ros2_ws/install/dingo_description/share/dingo_description/meshes/R_link2.dae
[1.183s] -- Up-to-date: /home/ehoaglin/ros2_ws/install/dingo_description/share/dingo_description/launch
[1.184s] -- Up-to-date: /home/ehoaglin/ros2_ws/install/dingo_description/share/dingo_description/launch/dingo_rviz.launch
[1.184s] -- Up-to-date: /home/ehoaglin/ros2_ws/install/dingo_description/share/dingo_description/launch/dingo_state_publisher.launch
[1.185s] -- Up-to-date: /home/ehoaglin/ros2_ws/install/dingo_description/share/dingo_description/launch/dingo_rviz.rviz
[1.185s] -- Up-to-date: /home/ehoaglin/ros2_ws/install/dingo_description/share/dingo_description/launch/Open Notebook.onetoc2
[1.185s] -- Up-to-date: /home/ehoaglin/ros2_ws/install/dingo_description/share/ament_index/resource_index/package_run_dependencies/dingo_description
[1.186s] -- Up-to-date: /home/ehoaglin/ros2_ws/install/dingo_description/share/ament_index/resource_index/parent_prefix_path/dingo_description
[1.186s] -- Up-to-date: /home/ehoaglin/ros2_ws/install/dingo_description/share/dingo_description/environment/ament_prefix_path.sh
[1.186s] -- Up-to-date: /home/ehoaglin/ros2_ws/install/dingo_description/share/dingo_description/environment/ament_prefix_path.dsv
[1.187s] -- Up-to-date: /home/ehoaglin/ros2_ws/install/dingo_description/share/dingo_description/environment/path.sh
[1.187s] -- Up-to-date: /home/ehoaglin/ros2_ws/install/dingo_description/share/dingo_description/environment/path.dsv
[1.188s] -- Up-to-date: /home/ehoaglin/ros2_ws/install/dingo_description/share/dingo_description/local_setup.bash
[1.189s] -- Up-to-date: /home/ehoaglin/ros2_ws/install/dingo_description/share/dingo_description/local_setup.sh
[1.189s] -- Up-to-date: /home/ehoaglin/ros2_ws/install/dingo_description/share/dingo_description/local_setup.zsh
[1.191s] -- Up-to-date: /home/ehoaglin/ros2_ws/install/dingo_description/share/dingo_description/local_setup.dsv
[1.191s] -- Installing: /home/ehoaglin/ros2_ws/install/dingo_description/share/dingo_description/package.dsv
[1.192s] -- Up-to-date: /home/ehoaglin/ros2_ws/install/dingo_description/share/ament_index/resource_index/packages/dingo_description
[1.192s] -- Up-to-date: /home/ehoaglin/ros2_ws/install/dingo_description/share/dingo_description/cmake/dingo_descriptionConfig.cmake
[1.193s] -- Up-to-date: /home/ehoaglin/ros2_ws/install/dingo_description/share/dingo_description/cmake/dingo_descriptionConfig-version.cmake
[1.193s] -- Up-to-date: /home/ehoaglin/ros2_ws/install/dingo_description/share/dingo_description/package.xml
[1.203s] Invoked command in '/home/ehoaglin/ros2_ws/build/dingo_description' returned '0': CMAKE_PREFIX_PATH=/home/ehoaglin/ros2_ws/install/ros2_fundamentals_examples:/home/ehoaglin/ros2_ws/install/dingo:/home/ehoaglin/ros2_ws/install/dingo_control:/home/ehoaglin/ros2_ws/install/dingo_servo_interfacing:/home/ehoaglin/ros2_ws/install/dingo_pybullet:/home/ehoaglin/ros2_ws/install/dingo_peripheral_interfacing_msg:/home/ehoaglin/ros2_ws/install/dingo_peripheral_interfacing:/home/ehoaglin/ros2_ws/install/dingo_input_interfacing:/home/ehoaglin/ros2_ws/install/dingo_hardware_config:/home/ehoaglin/ros2_ws/install/dualsense_interface:/opt/ros/jazzy:/home/ehoaglin/ros2_ws/install/dingo_description:/home/ehoaglin/ros2_ws/install/dingo_control_msg:/opt/ros/jazzy/opt/gz_sim_vendor:/opt/ros/jazzy/opt/gz_sensors_vendor:/opt/ros/jazzy/opt/gz_physics_vendor:/opt/ros/jazzy/opt/sdformat_vendor:/opt/ros/jazzy/opt/gz_gui_vendor:/opt/ros/jazzy/opt/gz_transport_vendor:/opt/ros/jazzy/opt/gz_rendering_vendor:/opt/ros/jazzy/opt/gz_plugin_vendor:/opt/ros/jazzy/opt/gz_fuel_tools_vendor:/opt/ros/jazzy/opt/gz_msgs_vendor:/opt/ros/jazzy/opt/gz_common_vendor:/opt/ros/jazzy/opt/gz_math_vendor:/opt/ros/jazzy/opt/gz_utils_vendor:/opt/ros/jazzy/opt/gz_tools_vendor:/opt/ros/jazzy/opt/gz_ogre_next_vendor:/opt/ros/jazzy/opt/gz_dartsim_vendor:/opt/ros/jazzy/opt/gz_cmake_vendor /usr/bin/cmake --install /home/ehoaglin/ros2_ws/build/dingo_description
