[0.055s] Invoking command in '/home/ehoaglin/ros2_ws/build/dingo_hardware_config': CMAKE_PREFIX_PATH=${CMAKE_PREFIX_PATH}:/opt/ros/jazzy /usr/bin/cmake --build /home/ehoaglin/ros2_ws/build/dingo_hardware_config -- -j12 -l12
[0.167s] Built target ament_cmake_python_copy_dingo_hardware_config
[1.076s] running egg_info
[1.191s] writing dingo_hardware_config.egg-info/PKG-INFO
[1.191s] writing dependency_links to dingo_hardware_config.egg-info/dependency_links.txt
[1.192s] writing top-level names to dingo_hardware_config.egg-info/top_level.txt
[1.508s] reading manifest file 'dingo_hardware_config.egg-info/SOURCES.txt'
[1.511s] writing manifest file 'dingo_hardware_config.egg-info/SOURCES.txt'
[1.632s] Built target ament_cmake_python_build_dingo_hardware_config_egg
[1.674s] Invoked command in '/home/ehoaglin/ros2_ws/build/dingo_hardware_config' returned '0': CMAKE_PREFIX_PATH=${CMAKE_PREFIX_PATH}:/opt/ros/jazzy /usr/bin/cmake --build /home/ehoaglin/ros2_ws/build/dingo_hardware_config -- -j12 -l12
[1.677s] Invoking command in '/home/ehoaglin/ros2_ws/build/dingo_hardware_config': CMAKE_PREFIX_PATH=${CMAKE_PREFIX_PATH}:/opt/ros/jazzy /usr/bin/cmake --install /home/ehoaglin/ros2_ws/build/dingo_hardware_config
[1.725s] -- Install configuration: ""
[1.726s] -- Up-to-date: /home/ehoaglin/ros2_ws/install/dingo_hardware_config/share/dingo_hardware_config/environment/pythonpath.sh
[1.726s] -- Up-to-date: /home/ehoaglin/ros2_ws/install/dingo_hardware_config/share/dingo_hardware_config/environment/pythonpath.dsv
[1.726s] -- Up-to-date: /home/ehoaglin/ros2_ws/install/dingo_hardware_config/lib/python3.12/site-packages/dingo_hardware_config-0.0.0-py3.12.egg-info
[1.726s] -- Installing: /home/ehoaglin/ros2_ws/install/dingo_hardware_config/lib/python3.12/site-packages/dingo_hardware_config-0.0.0-py3.12.egg-info/top_level.txt
[1.727s] -- Installing: /home/ehoaglin/ros2_ws/install/dingo_hardware_config/lib/python3.12/site-packages/dingo_hardware_config-0.0.0-py3.12.egg-info/dependency_links.txt
[1.727s] -- Installing: /home/ehoaglin/ros2_ws/install/dingo_hardware_config/lib/python3.12/site-packages/dingo_hardware_config-0.0.0-py3.12.egg-info/SOURCES.txt
[1.727s] -- Installing: /home/ehoaglin/ros2_ws/install/dingo_hardware_config/lib/python3.12/site-packages/dingo_hardware_config-0.0.0-py3.12.egg-info/PKG-INFO
[1.727s] -- Up-to-date: /home/ehoaglin/ros2_ws/install/dingo_hardware_config/lib/python3.12/site-packages/dingo_hardware_config
[1.728s] -- Up-to-date: /home/ehoaglin/ros2_ws/install/dingo_hardware_config/lib/python3.12/site-packages/dingo_hardware_config/__init__.py
[1.728s] -- Up-to-date: /home/ehoaglin/ros2_ws/install/dingo_hardware_config/lib/python3.12/site-packages/dingo_hardware_config/build
[1.728s] -- Up-to-date: /home/ehoaglin/ros2_ws/install/dingo_hardware_config/lib/python3.12/site-packages/dingo_hardware_config/build/COLCON_IGNORE
[1.729s] -- Up-to-date: /home/ehoaglin/ros2_ws/install/dingo_hardware_config/lib/python3.12/site-packages/dingo_hardware_config/build/.built_by
[1.729s] -- Up-to-date: /home/ehoaglin/ros2_ws/install/dingo_hardware_config/lib/python3.12/site-packages/dingo_hardware_config/log
[1.730s] -- Up-to-date: /home/ehoaglin/ros2_ws/install/dingo_hardware_config/lib/python3.12/site-packages/dingo_hardware_config/log/latest_build
[1.730s] -- Up-to-date: /home/ehoaglin/ros2_ws/install/dingo_hardware_config/lib/python3.12/site-packages/dingo_hardware_config/log/latest
[1.731s] -- Up-to-date: /home/ehoaglin/ros2_ws/install/dingo_hardware_config/lib/python3.12/site-packages/dingo_hardware_config/log/COLCON_IGNORE
[1.731s] -- Up-to-date: /home/ehoaglin/ros2_ws/install/dingo_hardware_config/lib/python3.12/site-packages/dingo_hardware_config/log/build_2025-02-19_13-10-06
[1.731s] -- Up-to-date: /home/ehoaglin/ros2_ws/install/dingo_hardware_config/lib/python3.12/site-packages/dingo_hardware_config/log/build_2025-02-19_13-10-06/logger_all.log
[1.732s] -- Up-to-date: /home/ehoaglin/ros2_ws/install/dingo_hardware_config/lib/python3.12/site-packages/dingo_hardware_config/log/build_2025-02-19_13-10-06/events.log
[1.732s] -- Up-to-date: /home/ehoaglin/ros2_ws/install/dingo_hardware_config/lib/python3.12/site-packages/dingo_hardware_config/HardwareConfig.py
[1.732s] -- Up-to-date: /home/ehoaglin/ros2_ws/install/dingo_hardware_config/lib/python3.12/site-packages/dingo_hardware_config/install
[1.732s] -- Up-to-date: /home/ehoaglin/ros2_ws/install/dingo_hardware_config/lib/python3.12/site-packages/dingo_hardware_config/install/_local_setup_util_sh.py
[1.733s] -- Up-to-date: /home/ehoaglin/ros2_ws/install/dingo_hardware_config/lib/python3.12/site-packages/dingo_hardware_config/install/local_setup.ps1
[1.733s] -- Up-to-date: /home/ehoaglin/ros2_ws/install/dingo_hardware_config/lib/python3.12/site-packages/dingo_hardware_config/install/setup.bash
[1.733s] -- Up-to-date: /home/ehoaglin/ros2_ws/install/dingo_hardware_config/lib/python3.12/site-packages/dingo_hardware_config/install/_local_setup_util_ps1.py
[1.733s] -- Up-to-date: /home/ehoaglin/ros2_ws/install/dingo_hardware_config/lib/python3.12/site-packages/dingo_hardware_config/install/setup.sh
[1.734s] -- Up-to-date: /home/ehoaglin/ros2_ws/install/dingo_hardware_config/lib/python3.12/site-packages/dingo_hardware_config/install/.colcon_install_layout
[1.734s] -- Up-to-date: /home/ehoaglin/ros2_ws/install/dingo_hardware_config/lib/python3.12/site-packages/dingo_hardware_config/install/local_setup.zsh
[1.734s] -- Up-to-date: /home/ehoaglin/ros2_ws/install/dingo_hardware_config/lib/python3.12/site-packages/dingo_hardware_config/install/COLCON_IGNORE
[1.734s] -- Up-to-date: /home/ehoaglin/ros2_ws/install/dingo_hardware_config/lib/python3.12/site-packages/dingo_hardware_config/install/local_setup.sh
[1.735s] -- Up-to-date: /home/ehoaglin/ros2_ws/install/dingo_hardware_config/lib/python3.12/site-packages/dingo_hardware_config/install/local_setup.bash
[1.735s] -- Up-to-date: /home/ehoaglin/ros2_ws/install/dingo_hardware_config/lib/python3.12/site-packages/dingo_hardware_config/install/setup.ps1
[1.735s] -- Up-to-date: /home/ehoaglin/ros2_ws/install/dingo_hardware_config/lib/python3.12/site-packages/dingo_hardware_config/install/setup.zsh
[1.894s] Listing '/home/ehoaglin/ros2_ws/install/dingo_hardware_config/lib/python3.12/site-packages/dingo_hardware_config'...
[1.895s] Listing '/home/ehoaglin/ros2_ws/install/dingo_hardware_config/lib/python3.12/site-packages/dingo_hardware_config/build'...
[1.895s] Listing '/home/ehoaglin/ros2_ws/install/dingo_hardware_config/lib/python3.12/site-packages/dingo_hardware_config/install'...
[1.896s] Listing '/home/ehoaglin/ros2_ws/install/dingo_hardware_config/lib/python3.12/site-packages/dingo_hardware_config/log'...
[1.896s] Listing '/home/ehoaglin/ros2_ws/install/dingo_hardware_config/lib/python3.12/site-packages/dingo_hardware_config/log/build_2025-02-19_13-10-06'...
[1.965s] -- Up-to-date: /home/ehoaglin/ros2_ws/install/dingo_hardware_config/share/ament_index/resource_index/package_run_dependencies/dingo_hardware_config
[1.965s] -- Up-to-date: /home/ehoaglin/ros2_ws/install/dingo_hardware_config/share/ament_index/resource_index/parent_prefix_path/dingo_hardware_config
[1.965s] -- Up-to-date: /home/ehoaglin/ros2_ws/install/dingo_hardware_config/share/dingo_hardware_config/environment/ament_prefix_path.sh
[1.966s] -- Up-to-date: /home/ehoaglin/ros2_ws/install/dingo_hardware_config/share/dingo_hardware_config/environment/ament_prefix_path.dsv
[1.966s] -- Up-to-date: /home/ehoaglin/ros2_ws/install/dingo_hardware_config/share/dingo_hardware_config/environment/path.sh
[1.966s] -- Up-to-date: /home/ehoaglin/ros2_ws/install/dingo_hardware_config/share/dingo_hardware_config/environment/path.dsv
[1.966s] -- Up-to-date: /home/ehoaglin/ros2_ws/install/dingo_hardware_config/share/dingo_hardware_config/local_setup.bash
[1.968s] -- Up-to-date: /home/ehoaglin/ros2_ws/install/dingo_hardware_config/share/dingo_hardware_config/local_setup.sh
[1.969s] -- Up-to-date: /home/ehoaglin/ros2_ws/install/dingo_hardware_config/share/dingo_hardware_config/local_setup.zsh
[1.969s] -- Up-to-date: /home/ehoaglin/ros2_ws/install/dingo_hardware_config/share/dingo_hardware_config/local_setup.dsv
[1.970s] -- Installing: /home/ehoaglin/ros2_ws/install/dingo_hardware_config/share/dingo_hardware_config/package.dsv
[1.970s] -- Up-to-date: /home/ehoaglin/ros2_ws/install/dingo_hardware_config/share/ament_index/resource_index/packages/dingo_hardware_config
[1.971s] -- Up-to-date: /home/ehoaglin/ros2_ws/install/dingo_hardware_config/share/dingo_hardware_config/cmake/dingo_hardware_configConfig.cmake
[1.971s] -- Up-to-date: /home/ehoaglin/ros2_ws/install/dingo_hardware_config/share/dingo_hardware_config/cmake/dingo_hardware_configConfig-version.cmake
[1.984s] -- Up-to-date: /home/ehoaglin/ros2_ws/install/dingo_hardware_config/share/dingo_hardware_config/package.xml
[2.016s] Invoked command in '/home/ehoaglin/ros2_ws/build/dingo_hardware_config' returned '0': CMAKE_PREFIX_PATH=${CMAKE_PREFIX_PATH}:/opt/ros/jazzy /usr/bin/cmake --install /home/ehoaglin/ros2_ws/build/dingo_hardware_config
