[0.915s] Invoking command in '/home/ehoaglin/ros2_ws/build/dingo_control': CMAKE_PREFIX_PATH=/home/ehoaglin/ros2_ws/install/dingo_servo_interfacing:/home/ehoaglin/ros2_ws/install/dingo_peripheral_interfacing_msg:/home/ehoaglin/ros2_ws/install/dingo_peripheral_interfacing:/home/ehoaglin/ros2_ws/install/dingo_hardware_config:/home/ehoaglin/ros2_ws/install/dingo_control_msg:/home/ehoaglin/ros2_ws/install/ros2_fundamentals_examples:/home/ehoaglin/ros2_ws/install/dingo:/home/ehoaglin/ros2_ws/install/dingo_control:/home/ehoaglin/ros2_ws/install/dingo_pybullet:/home/ehoaglin/ros2_ws/install/dingo_input_interfacing:/home/ehoaglin/ros2_ws/install/dingo_description:/opt/ros/jazzy/opt/gz_sim_vendor:/opt/ros/jazzy/opt/gz_sensors_vendor:/opt/ros/jazzy/opt/gz_physics_vendor:/opt/ros/jazzy/opt/sdformat_vendor:/opt/ros/jazzy/opt/gz_gui_vendor:/opt/ros/jazzy/opt/gz_transport_vendor:/opt/ros/jazzy/opt/gz_rendering_vendor:/opt/ros/jazzy/opt/gz_plugin_vendor:/opt/ros/jazzy/opt/gz_fuel_tools_vendor:/opt/ros/jazzy/opt/gz_msgs_vendor:/opt/ros/jazzy/opt/gz_common_vendor:/opt/ros/jazzy/opt/gz_math_vendor:/opt/ros/jazzy/opt/gz_utils_vendor:/opt/ros/jazzy/opt/gz_tools_vendor:/opt/ros/jazzy/opt/gz_ogre_next_vendor:/opt/ros/jazzy/opt/gz_dartsim_vendor:/opt/ros/jazzy/opt/gz_cmake_vendor:/home/ehoaglin/ros2_ws/install/dualsense_interface:/opt/ros/jazzy PYTHONPATH=/home/ehoaglin/ros2_ws/install/dingo_servo_interfacing/lib/python3.12/site-packages:/home/ehoaglin/ros2_ws/install/dingo_peripheral_interfacing_msg/lib/python3.12/site-packages:/home/ehoaglin/ros2_ws/install/dingo_peripheral_interfacing/lib/python3.12/site-packages:/home/ehoaglin/ros2_ws/install/dingo_hardware_config/lib/python3.12/site-packages:/home/ehoaglin/ros2_ws/install/dingo_control_msg/lib/python3.12/site-packages:/home/ehoaglin/ros2_ws/install/ros2_fundamentals_examples/lib/python3.12/site-packages:/home/ehoaglin/ros2_ws/install/dualsense_interface/lib/python3.12/site-packages:/home/ehoaglin/ros2_ws/install/dingo/lib/python3.12/site-packages:/home/ehoaglin/ros2_ws/install/dingo_control/lib/python3.12/site-packages:/home/ehoaglin/ros2_ws/install/dingo_pybullet/lib/python3.12/site-packages:/home/ehoaglin/ros2_ws/install/dingo_input_interfacing/lib/python3.12/site-packages:/opt/ros/jazzy/lib/python3.12/site-packages /usr/bin/cmake --build /home/ehoaglin/ros2_ws/build/dingo_control -- -j12 -l12
[0.986s] Built target ament_cmake_python_copy_dingo_control
[1.335s] running egg_info
[1.369s] writing dingo_control.egg-info/PKG-INFO
[1.369s] writing dependency_links to dingo_control.egg-info/dependency_links.txt
[1.370s] writing top-level names to dingo_control.egg-info/top_level.txt
[1.461s] reading manifest file 'dingo_control.egg-info/SOURCES.txt'
[1.462s] writing manifest file 'dingo_control.egg-info/SOURCES.txt'
[1.506s] Built target ament_cmake_python_build_dingo_control_egg
[1.520s] Invoked command in '/home/ehoaglin/ros2_ws/build/dingo_control' returned '0': CMAKE_PREFIX_PATH=/home/ehoaglin/ros2_ws/install/dingo_servo_interfacing:/home/ehoaglin/ros2_ws/install/dingo_peripheral_interfacing_msg:/home/ehoaglin/ros2_ws/install/dingo_peripheral_interfacing:/home/ehoaglin/ros2_ws/install/dingo_hardware_config:/home/ehoaglin/ros2_ws/install/dingo_control_msg:/home/ehoaglin/ros2_ws/install/ros2_fundamentals_examples:/home/ehoaglin/ros2_ws/install/dingo:/home/ehoaglin/ros2_ws/install/dingo_control:/home/ehoaglin/ros2_ws/install/dingo_pybullet:/home/ehoaglin/ros2_ws/install/dingo_input_interfacing:/home/ehoaglin/ros2_ws/install/dingo_description:/opt/ros/jazzy/opt/gz_sim_vendor:/opt/ros/jazzy/opt/gz_sensors_vendor:/opt/ros/jazzy/opt/gz_physics_vendor:/opt/ros/jazzy/opt/sdformat_vendor:/opt/ros/jazzy/opt/gz_gui_vendor:/opt/ros/jazzy/opt/gz_transport_vendor:/opt/ros/jazzy/opt/gz_rendering_vendor:/opt/ros/jazzy/opt/gz_plugin_vendor:/opt/ros/jazzy/opt/gz_fuel_tools_vendor:/opt/ros/jazzy/opt/gz_msgs_vendor:/opt/ros/jazzy/opt/gz_common_vendor:/opt/ros/jazzy/opt/gz_math_vendor:/opt/ros/jazzy/opt/gz_utils_vendor:/opt/ros/jazzy/opt/gz_tools_vendor:/opt/ros/jazzy/opt/gz_ogre_next_vendor:/opt/ros/jazzy/opt/gz_dartsim_vendor:/opt/ros/jazzy/opt/gz_cmake_vendor:/home/ehoaglin/ros2_ws/install/dualsense_interface:/opt/ros/jazzy PYTHONPATH=/home/ehoaglin/ros2_ws/install/dingo_servo_interfacing/lib/python3.12/site-packages:/home/ehoaglin/ros2_ws/install/dingo_peripheral_interfacing_msg/lib/python3.12/site-packages:/home/ehoaglin/ros2_ws/install/dingo_peripheral_interfacing/lib/python3.12/site-packages:/home/ehoaglin/ros2_ws/install/dingo_hardware_config/lib/python3.12/site-packages:/home/ehoaglin/ros2_ws/install/dingo_control_msg/lib/python3.12/site-packages:/home/ehoaglin/ros2_ws/install/ros2_fundamentals_examples/lib/python3.12/site-packages:/home/ehoaglin/ros2_ws/install/dualsense_interface/lib/python3.12/site-packages:/home/ehoaglin/ros2_ws/install/dingo/lib/python3.12/site-packages:/home/ehoaglin/ros2_ws/install/dingo_control/lib/python3.12/site-packages:/home/ehoaglin/ros2_ws/install/dingo_pybullet/lib/python3.12/site-packages:/home/ehoaglin/ros2_ws/install/dingo_input_interfacing/lib/python3.12/site-packages:/opt/ros/jazzy/lib/python3.12/site-packages /usr/bin/cmake --build /home/ehoaglin/ros2_ws/build/dingo_control -- -j12 -l12
[1.522s] Invoking command in '/home/ehoaglin/ros2_ws/build/dingo_control': CMAKE_PREFIX_PATH=/home/ehoaglin/ros2_ws/install/dingo_servo_interfacing:/home/ehoaglin/ros2_ws/install/dingo_peripheral_interfacing_msg:/home/ehoaglin/ros2_ws/install/dingo_peripheral_interfacing:/home/ehoaglin/ros2_ws/install/dingo_hardware_config:/home/ehoaglin/ros2_ws/install/dingo_control_msg:/home/ehoaglin/ros2_ws/install/ros2_fundamentals_examples:/home/ehoaglin/ros2_ws/install/dingo:/home/ehoaglin/ros2_ws/install/dingo_control:/home/ehoaglin/ros2_ws/install/dingo_pybullet:/home/ehoaglin/ros2_ws/install/dingo_input_interfacing:/home/ehoaglin/ros2_ws/install/dingo_description:/opt/ros/jazzy/opt/gz_sim_vendor:/opt/ros/jazzy/opt/gz_sensors_vendor:/opt/ros/jazzy/opt/gz_physics_vendor:/opt/ros/jazzy/opt/sdformat_vendor:/opt/ros/jazzy/opt/gz_gui_vendor:/opt/ros/jazzy/opt/gz_transport_vendor:/opt/ros/jazzy/opt/gz_rendering_vendor:/opt/ros/jazzy/opt/gz_plugin_vendor:/opt/ros/jazzy/opt/gz_fuel_tools_vendor:/opt/ros/jazzy/opt/gz_msgs_vendor:/opt/ros/jazzy/opt/gz_common_vendor:/opt/ros/jazzy/opt/gz_math_vendor:/opt/ros/jazzy/opt/gz_utils_vendor:/opt/ros/jazzy/opt/gz_tools_vendor:/opt/ros/jazzy/opt/gz_ogre_next_vendor:/opt/ros/jazzy/opt/gz_dartsim_vendor:/opt/ros/jazzy/opt/gz_cmake_vendor:/home/ehoaglin/ros2_ws/install/dualsense_interface:/opt/ros/jazzy PYTHONPATH=/home/ehoaglin/ros2_ws/install/dingo_servo_interfacing/lib/python3.12/site-packages:/home/ehoaglin/ros2_ws/install/dingo_peripheral_interfacing_msg/lib/python3.12/site-packages:/home/ehoaglin/ros2_ws/install/dingo_peripheral_interfacing/lib/python3.12/site-packages:/home/ehoaglin/ros2_ws/install/dingo_hardware_config/lib/python3.12/site-packages:/home/ehoaglin/ros2_ws/install/dingo_control_msg/lib/python3.12/site-packages:/home/ehoaglin/ros2_ws/install/ros2_fundamentals_examples/lib/python3.12/site-packages:/home/ehoaglin/ros2_ws/install/dualsense_interface/lib/python3.12/site-packages:/home/ehoaglin/ros2_ws/install/dingo/lib/python3.12/site-packages:/home/ehoaglin/ros2_ws/install/dingo_control/lib/python3.12/site-packages:/home/ehoaglin/ros2_ws/install/dingo_pybullet/lib/python3.12/site-packages:/home/ehoaglin/ros2_ws/install/dingo_input_interfacing/lib/python3.12/site-packages:/opt/ros/jazzy/lib/python3.12/site-packages /usr/bin/cmake --install /home/ehoaglin/ros2_ws/build/dingo_control
[1.534s] -- Install configuration: ""
[1.534s] -- Up-to-date: /home/ehoaglin/ros2_ws/install/dingo_control/share/dingo_control/environment/pythonpath.sh
[1.534s] -- Up-to-date: /home/ehoaglin/ros2_ws/install/dingo_control/share/dingo_control/environment/pythonpath.dsv
[1.535s] -- Up-to-date: /home/ehoaglin/ros2_ws/install/dingo_control/lib/python3.12/site-packages/dingo_control-0.0.0-py3.12.egg-info
[1.535s] -- Installing: /home/ehoaglin/ros2_ws/install/dingo_control/lib/python3.12/site-packages/dingo_control-0.0.0-py3.12.egg-info/top_level.txt
[1.535s] -- Installing: /home/ehoaglin/ros2_ws/install/dingo_control/lib/python3.12/site-packages/dingo_control-0.0.0-py3.12.egg-info/dependency_links.txt
[1.536s] -- Installing: /home/ehoaglin/ros2_ws/install/dingo_control/lib/python3.12/site-packages/dingo_control-0.0.0-py3.12.egg-info/SOURCES.txt
[1.536s] -- Installing: /home/ehoaglin/ros2_ws/install/dingo_control/lib/python3.12/site-packages/dingo_control-0.0.0-py3.12.egg-info/PKG-INFO
[1.536s] -- Up-to-date: /home/ehoaglin/ros2_ws/install/dingo_control/lib/python3.12/site-packages/dingo_control
[1.536s] -- Up-to-date: /home/ehoaglin/ros2_ws/install/dingo_control/lib/python3.12/site-packages/dingo_control/util.py
[1.536s] -- Up-to-date: /home/ehoaglin/ros2_ws/install/dingo_control/lib/python3.12/site-packages/dingo_control/__init__.py
[1.537s] -- Up-to-date: /home/ehoaglin/ros2_ws/install/dingo_control/lib/python3.12/site-packages/dingo_control/State.py
[1.537s] -- Up-to-date: /home/ehoaglin/ros2_ws/install/dingo_control/lib/python3.12/site-packages/dingo_control/Kinematics.py
[1.537s] -- Up-to-date: /home/ehoaglin/ros2_ws/install/dingo_control/lib/python3.12/site-packages/dingo_control/dingo_utilities
[1.537s] -- Up-to-date: /home/ehoaglin/ros2_ws/install/dingo_control/lib/python3.12/site-packages/dingo_control/dingo_utilities/CMakeLists.txt
[1.538s] -- Up-to-date: /home/ehoaglin/ros2_ws/install/dingo_control/lib/python3.12/site-packages/dingo_control/dingo_utilities/package.xml
[1.538s] -- Up-to-date: /home/ehoaglin/ros2_ws/install/dingo_control/lib/python3.12/site-packages/dingo_control/dingo_utilities/Open Notebook.onetoc2
[1.538s] -- Up-to-date: /home/ehoaglin/ros2_ws/install/dingo_control/lib/python3.12/site-packages/dingo_control/dingo_utilities/src
[1.538s] -- Up-to-date: /home/ehoaglin/ros2_ws/install/dingo_control/lib/python3.12/site-packages/dingo_control/dingo_utilities/src/dingo_utilities
[1.538s] -- Up-to-date: /home/ehoaglin/ros2_ws/install/dingo_control/lib/python3.12/site-packages/dingo_control/dingo_utilities/src/dingo_utilities/__init__.py
[1.538s] -- Up-to-date: /home/ehoaglin/ros2_ws/install/dingo_control/lib/python3.12/site-packages/dingo_control/dingo_utilities/src/dingo_utilities/Tests.py
[1.538s] -- Up-to-date: /home/ehoaglin/ros2_ws/install/dingo_control/lib/python3.12/site-packages/dingo_control/dingo_utilities/src/dingo_utilities/Utilities.py
[1.539s] -- Up-to-date: /home/ehoaglin/ros2_ws/install/dingo_control/lib/python3.12/site-packages/dingo_control/dingo_utilities/src/dingo_utilities/Open Notebook.onetoc2
[1.539s] -- Up-to-date: /home/ehoaglin/ros2_ws/install/dingo_control/lib/python3.12/site-packages/dingo_control/dingo_utilities/src/Open Notebook.onetoc2
[1.539s] -- Up-to-date: /home/ehoaglin/ros2_ws/install/dingo_control/lib/python3.12/site-packages/dingo_control/dingo_utilities/setup.py
[1.539s] -- Installing: /home/ehoaglin/ros2_ws/install/dingo_control/lib/python3.12/site-packages/dingo_control/Controller.py
[1.539s] -- Up-to-date: /home/ehoaglin/ros2_ws/install/dingo_control/lib/python3.12/site-packages/dingo_control/Gaits.py
[1.539s] -- Up-to-date: /home/ehoaglin/ros2_ws/install/dingo_control/lib/python3.12/site-packages/dingo_control/StanceController.py
[1.539s] -- Up-to-date: /home/ehoaglin/ros2_ws/install/dingo_control/lib/python3.12/site-packages/dingo_control/SwingLegController.py
[1.539s] -- Up-to-date: /home/ehoaglin/ros2_ws/install/dingo_control/lib/python3.12/site-packages/dingo_control/Config.py
[1.540s] -- Up-to-date: /home/ehoaglin/ros2_ws/install/dingo_control/lib/python3.12/site-packages/dingo_control/Command.py
[1.601s] Listing '/home/ehoaglin/ros2_ws/install/dingo_control/lib/python3.12/site-packages/dingo_control'...
[1.601s] Compiling '/home/ehoaglin/ros2_ws/install/dingo_control/lib/python3.12/site-packages/dingo_control/Controller.py'...
[1.601s] Listing '/home/ehoaglin/ros2_ws/install/dingo_control/lib/python3.12/site-packages/dingo_control/dingo_utilities'...
[1.601s] Listing '/home/ehoaglin/ros2_ws/install/dingo_control/lib/python3.12/site-packages/dingo_control/dingo_utilities/src'...
[1.602s] Listing '/home/ehoaglin/ros2_ws/install/dingo_control/lib/python3.12/site-packages/dingo_control/dingo_utilities/src/dingo_utilities'...
[1.608s] -- Up-to-date: /home/ehoaglin/ros2_ws/install/dingo_control/share/ament_index/resource_index/package_run_dependencies/dingo_control
[1.608s] -- Up-to-date: /home/ehoaglin/ros2_ws/install/dingo_control/share/ament_index/resource_index/parent_prefix_path/dingo_control
[1.608s] -- Up-to-date: /home/ehoaglin/ros2_ws/install/dingo_control/share/dingo_control/environment/ament_prefix_path.sh
[1.608s] -- Up-to-date: /home/ehoaglin/ros2_ws/install/dingo_control/share/dingo_control/environment/ament_prefix_path.dsv
[1.608s] -- Up-to-date: /home/ehoaglin/ros2_ws/install/dingo_control/share/dingo_control/environment/path.sh
[1.609s] -- Up-to-date: /home/ehoaglin/ros2_ws/install/dingo_control/share/dingo_control/environment/path.dsv
[1.609s] -- Up-to-date: /home/ehoaglin/ros2_ws/install/dingo_control/share/dingo_control/local_setup.bash
[1.609s] -- Up-to-date: /home/ehoaglin/ros2_ws/install/dingo_control/share/dingo_control/local_setup.sh
[1.609s] -- Up-to-date: /home/ehoaglin/ros2_ws/install/dingo_control/share/dingo_control/local_setup.zsh
[1.609s] -- Up-to-date: /home/ehoaglin/ros2_ws/install/dingo_control/share/dingo_control/local_setup.dsv
[1.610s] -- Installing: /home/ehoaglin/ros2_ws/install/dingo_control/share/dingo_control/package.dsv
[1.610s] -- Up-to-date: /home/ehoaglin/ros2_ws/install/dingo_control/share/ament_index/resource_index/packages/dingo_control
[1.610s] -- Up-to-date: /home/ehoaglin/ros2_ws/install/dingo_control/share/dingo_control/cmake/dingo_controlConfig.cmake
[1.610s] -- Up-to-date: /home/ehoaglin/ros2_ws/install/dingo_control/share/dingo_control/cmake/dingo_controlConfig-version.cmake
[1.610s] -- Up-to-date: /home/ehoaglin/ros2_ws/install/dingo_control/share/dingo_control/package.xml
[1.612s] Invoked command in '/home/ehoaglin/ros2_ws/build/dingo_control' returned '0': CMAKE_PREFIX_PATH=/home/ehoaglin/ros2_ws/install/dingo_servo_interfacing:/home/ehoaglin/ros2_ws/install/dingo_peripheral_interfacing_msg:/home/ehoaglin/ros2_ws/install/dingo_peripheral_interfacing:/home/ehoaglin/ros2_ws/install/dingo_hardware_config:/home/ehoaglin/ros2_ws/install/dingo_control_msg:/home/ehoaglin/ros2_ws/install/ros2_fundamentals_examples:/home/ehoaglin/ros2_ws/install/dingo:/home/ehoaglin/ros2_ws/install/dingo_control:/home/ehoaglin/ros2_ws/install/dingo_pybullet:/home/ehoaglin/ros2_ws/install/dingo_input_interfacing:/home/ehoaglin/ros2_ws/install/dingo_description:/opt/ros/jazzy/opt/gz_sim_vendor:/opt/ros/jazzy/opt/gz_sensors_vendor:/opt/ros/jazzy/opt/gz_physics_vendor:/opt/ros/jazzy/opt/sdformat_vendor:/opt/ros/jazzy/opt/gz_gui_vendor:/opt/ros/jazzy/opt/gz_transport_vendor:/opt/ros/jazzy/opt/gz_rendering_vendor:/opt/ros/jazzy/opt/gz_plugin_vendor:/opt/ros/jazzy/opt/gz_fuel_tools_vendor:/opt/ros/jazzy/opt/gz_msgs_vendor:/opt/ros/jazzy/opt/gz_common_vendor:/opt/ros/jazzy/opt/gz_math_vendor:/opt/ros/jazzy/opt/gz_utils_vendor:/opt/ros/jazzy/opt/gz_tools_vendor:/opt/ros/jazzy/opt/gz_ogre_next_vendor:/opt/ros/jazzy/opt/gz_dartsim_vendor:/opt/ros/jazzy/opt/gz_cmake_vendor:/home/ehoaglin/ros2_ws/install/dualsense_interface:/opt/ros/jazzy PYTHONPATH=/home/ehoaglin/ros2_ws/install/dingo_servo_interfacing/lib/python3.12/site-packages:/home/ehoaglin/ros2_ws/install/dingo_peripheral_interfacing_msg/lib/python3.12/site-packages:/home/ehoaglin/ros2_ws/install/dingo_peripheral_interfacing/lib/python3.12/site-packages:/home/ehoaglin/ros2_ws/install/dingo_hardware_config/lib/python3.12/site-packages:/home/ehoaglin/ros2_ws/install/dingo_control_msg/lib/python3.12/site-packages:/home/ehoaglin/ros2_ws/install/ros2_fundamentals_examples/lib/python3.12/site-packages:/home/ehoaglin/ros2_ws/install/dualsense_interface/lib/python3.12/site-packages:/home/ehoaglin/ros2_ws/install/dingo/lib/python3.12/site-packages:/home/ehoaglin/ros2_ws/install/dingo_control/lib/python3.12/site-packages:/home/ehoaglin/ros2_ws/install/dingo_pybullet/lib/python3.12/site-packages:/home/ehoaglin/ros2_ws/install/dingo_input_interfacing/lib/python3.12/site-packages:/opt/ros/jazzy/lib/python3.12/site-packages /usr/bin/cmake --install /home/ehoaglin/ros2_ws/build/dingo_control
