[0.057s] Invoking command in '/home/ehoaglin/ros2_ws/build/dingo_control_msg': CMAKE_PREFIX_PATH=/home/ehoaglin/ros2_ws/install/ros2_fundamentals_examples:/home/ehoaglin/ros2_ws/install/dingo:/home/ehoaglin/ros2_ws/install/dingo_input_interfacing:/home/ehoaglin/ros2_ws/install/dingo_control:/home/ehoaglin/ros2_ws/install/dingo_servo_interfacing:/home/ehoaglin/ros2_ws/install/dingo_pybullet:/home/ehoaglin/ros2_ws/install/dingo_peripheral_interfacing_msg:/home/ehoaglin/ros2_ws/install/dingo_peripheral_interfacing:/home/ehoaglin/ros2_ws/install/dingo_hardware_config:/home/ehoaglin/ros2_ws/install/dualsense_interface:/opt/ros/jazzy:/home/ehoaglin/ros2_ws/install/dingo_description:/home/ehoaglin/ros2_ws/install/dingo_control_msg:/opt/ros/jazzy/opt/gz_sim_vendor:/opt/ros/jazzy/opt/gz_sensors_vendor:/opt/ros/jazzy/opt/gz_physics_vendor:/opt/ros/jazzy/opt/sdformat_vendor:/opt/ros/jazzy/opt/gz_gui_vendor:/opt/ros/jazzy/opt/gz_transport_vendor:/opt/ros/jazzy/opt/gz_rendering_vendor:/opt/ros/jazzy/opt/gz_plugin_vendor:/opt/ros/jazzy/opt/gz_fuel_tools_vendor:/opt/ros/jazzy/opt/gz_msgs_vendor:/opt/ros/jazzy/opt/gz_common_vendor:/opt/ros/jazzy/opt/gz_math_vendor:/opt/ros/jazzy/opt/gz_utils_vendor:/opt/ros/jazzy/opt/gz_tools_vendor:/opt/ros/jazzy/opt/gz_ogre_next_vendor:/opt/ros/jazzy/opt/gz_dartsim_vendor:/opt/ros/jazzy/opt/gz_cmake_vendor /usr/bin/cmake --build /home/ehoaglin/ros2_ws/build/dingo_control_msg -- -j12 -l12
[0.522s] [  1%] Built target dingo_control_msg__rosidl_generator_type_description
[0.526s] [  1%] Built target ament_cmake_python_copy_dingo_control_msg
[0.528s] [  3%] Built target dingo_control_msg__cpp
[0.529s] [ 24%] Built target dingo_control_msg__rosidl_generator_c
[0.530s] [ 33%] Built target dingo_control_msg__rosidl_typesupport_fastrtps_c
[0.530s] [ 42%] Built target dingo_control_msg__rosidl_typesupport_c
[0.531s] [ 51%] Built target dingo_control_msg__rosidl_typesupport_introspection_cpp
[0.531s] [ 66%] Built target dingo_control_msg__rosidl_typesupport_cpp
[0.532s] [ 70%] Built target dingo_control_msg__rosidl_typesupport_fastrtps_cpp
[0.532s] [ 79%] Built target dingo_control_msg__rosidl_typesupport_introspection_c
[0.537s] [ 79%] Built target dingo_control_msg
[0.537s] [ 81%] Built target dingo_control_msg__py
[0.538s] [ 88%] Built target dingo_control_msg__rosidl_generator_py
[0.538s] [ 92%] Built target dingo_control_msg_s__rosidl_typesupport_introspection_c
[0.539s] [ 96%] Built target dingo_control_msg_s__rosidl_typesupport_c
[0.539s] [100%] Built target dingo_control_msg_s__rosidl_typesupport_fastrtps_c
[0.573s] running egg_info
[0.636s] writing dingo_control_msg.egg-info/PKG-INFO
[0.636s] writing dependency_links to dingo_control_msg.egg-info/dependency_links.txt
[0.636s] writing top-level names to dingo_control_msg.egg-info/top_level.txt
[0.794s] reading manifest file 'dingo_control_msg.egg-info/SOURCES.txt'
[0.795s] writing manifest file 'dingo_control_msg.egg-info/SOURCES.txt'
[0.877s] [100%] Built target ament_cmake_python_build_dingo_control_msg_egg
[0.895s] Invoked command in '/home/ehoaglin/ros2_ws/build/dingo_control_msg' returned '0': CMAKE_PREFIX_PATH=/home/ehoaglin/ros2_ws/install/ros2_fundamentals_examples:/home/ehoaglin/ros2_ws/install/dingo:/home/ehoaglin/ros2_ws/install/dingo_input_interfacing:/home/ehoaglin/ros2_ws/install/dingo_control:/home/ehoaglin/ros2_ws/install/dingo_servo_interfacing:/home/ehoaglin/ros2_ws/install/dingo_pybullet:/home/ehoaglin/ros2_ws/install/dingo_peripheral_interfacing_msg:/home/ehoaglin/ros2_ws/install/dingo_peripheral_interfacing:/home/ehoaglin/ros2_ws/install/dingo_hardware_config:/home/ehoaglin/ros2_ws/install/dualsense_interface:/opt/ros/jazzy:/home/ehoaglin/ros2_ws/install/dingo_description:/home/ehoaglin/ros2_ws/install/dingo_control_msg:/opt/ros/jazzy/opt/gz_sim_vendor:/opt/ros/jazzy/opt/gz_sensors_vendor:/opt/ros/jazzy/opt/gz_physics_vendor:/opt/ros/jazzy/opt/sdformat_vendor:/opt/ros/jazzy/opt/gz_gui_vendor:/opt/ros/jazzy/opt/gz_transport_vendor:/opt/ros/jazzy/opt/gz_rendering_vendor:/opt/ros/jazzy/opt/gz_plugin_vendor:/opt/ros/jazzy/opt/gz_fuel_tools_vendor:/opt/ros/jazzy/opt/gz_msgs_vendor:/opt/ros/jazzy/opt/gz_common_vendor:/opt/ros/jazzy/opt/gz_math_vendor:/opt/ros/jazzy/opt/gz_utils_vendor:/opt/ros/jazzy/opt/gz_tools_vendor:/opt/ros/jazzy/opt/gz_ogre_next_vendor:/opt/ros/jazzy/opt/gz_dartsim_vendor:/opt/ros/jazzy/opt/gz_cmake_vendor /usr/bin/cmake --build /home/ehoaglin/ros2_ws/build/dingo_control_msg -- -j12 -l12
[0.897s] Invoking command in '/home/ehoaglin/ros2_ws/build/dingo_control_msg': CMAKE_PREFIX_PATH=/home/ehoaglin/ros2_ws/install/ros2_fundamentals_examples:/home/ehoaglin/ros2_ws/install/dingo:/home/ehoaglin/ros2_ws/install/dingo_input_interfacing:/home/ehoaglin/ros2_ws/install/dingo_control:/home/ehoaglin/ros2_ws/install/dingo_servo_interfacing:/home/ehoaglin/ros2_ws/install/dingo_pybullet:/home/ehoaglin/ros2_ws/install/dingo_peripheral_interfacing_msg:/home/ehoaglin/ros2_ws/install/dingo_peripheral_interfacing:/home/ehoaglin/ros2_ws/install/dingo_hardware_config:/home/ehoaglin/ros2_ws/install/dualsense_interface:/opt/ros/jazzy:/home/ehoaglin/ros2_ws/install/dingo_description:/home/ehoaglin/ros2_ws/install/dingo_control_msg:/opt/ros/jazzy/opt/gz_sim_vendor:/opt/ros/jazzy/opt/gz_sensors_vendor:/opt/ros/jazzy/opt/gz_physics_vendor:/opt/ros/jazzy/opt/sdformat_vendor:/opt/ros/jazzy/opt/gz_gui_vendor:/opt/ros/jazzy/opt/gz_transport_vendor:/opt/ros/jazzy/opt/gz_rendering_vendor:/opt/ros/jazzy/opt/gz_plugin_vendor:/opt/ros/jazzy/opt/gz_fuel_tools_vendor:/opt/ros/jazzy/opt/gz_msgs_vendor:/opt/ros/jazzy/opt/gz_common_vendor:/opt/ros/jazzy/opt/gz_math_vendor:/opt/ros/jazzy/opt/gz_utils_vendor:/opt/ros/jazzy/opt/gz_tools_vendor:/opt/ros/jazzy/opt/gz_ogre_next_vendor:/opt/ros/jazzy/opt/gz_dartsim_vendor:/opt/ros/jazzy/opt/gz_cmake_vendor /usr/bin/cmake --install /home/ehoaglin/ros2_ws/build/dingo_control_msg
[0.909s] -- Install configuration: ""
[0.909s] -- Up-to-date: /home/ehoaglin/ros2_ws/install/dingo_control_msg/share/ament_index/resource_index/rosidl_interfaces/dingo_control_msg
[0.910s] -- Up-to-date: /home/ehoaglin/ros2_ws/install/dingo_control_msg/share/dingo_control_msg/msg/Angle.json
[0.910s] -- Up-to-date: /home/ehoaglin/ros2_ws/install/dingo_control_msg/share/dingo_control_msg/msg/JointSpace.json
[0.910s] -- Up-to-date: /home/ehoaglin/ros2_ws/install/dingo_control_msg/share/dingo_control_msg/msg/TaskSpace.json
[0.911s] -- Up-to-date: /home/ehoaglin/ros2_ws/install/dingo_control_msg/include/dingo_control_msg/dingo_control_msg
[0.912s] -- Up-to-date: /home/ehoaglin/ros2_ws/install/dingo_control_msg/include/dingo_control_msg/dingo_control_msg/msg
[0.913s] -- Up-to-date: /home/ehoaglin/ros2_ws/install/dingo_control_msg/include/dingo_control_msg/dingo_control_msg/msg/detail
[0.915s] -- Installing: /home/ehoaglin/ros2_ws/install/dingo_control_msg/include/dingo_control_msg/dingo_control_msg/msg/detail/task_space__type_support.c
[0.916s] -- Up-to-date: /home/ehoaglin/ros2_ws/install/dingo_control_msg/include/dingo_control_msg/dingo_control_msg/msg/detail/task_space__functions.h
[0.917s] -- Up-to-date: /home/ehoaglin/ros2_ws/install/dingo_control_msg/include/dingo_control_msg/dingo_control_msg/msg/detail/joint_space__functions.h
[0.919s] -- Installing: /home/ehoaglin/ros2_ws/install/dingo_control_msg/include/dingo_control_msg/dingo_control_msg/msg/detail/joint_space__type_support.c
[0.920s] -- Up-to-date: /home/ehoaglin/ros2_ws/install/dingo_control_msg/include/dingo_control_msg/dingo_control_msg/msg/detail/angle__functions.h
[0.920s] -- Up-to-date: /home/ehoaglin/ros2_ws/install/dingo_control_msg/include/dingo_control_msg/dingo_control_msg/msg/detail/angle__type_support.h
[0.920s] -- Up-to-date: /home/ehoaglin/ros2_ws/install/dingo_control_msg/include/dingo_control_msg/dingo_control_msg/msg/detail/angle__struct.h
[0.920s] -- Up-to-date: /home/ehoaglin/ros2_ws/install/dingo_control_msg/include/dingo_control_msg/dingo_control_msg/msg/detail/joint_space__struct.h
[0.920s] -- Up-to-date: /home/ehoaglin/ros2_ws/install/dingo_control_msg/include/dingo_control_msg/dingo_control_msg/msg/detail/angle__description.c
[0.920s] -- Up-to-date: /home/ehoaglin/ros2_ws/install/dingo_control_msg/include/dingo_control_msg/dingo_control_msg/msg/detail/task_space__struct.h
[0.921s] -- Up-to-date: /home/ehoaglin/ros2_ws/install/dingo_control_msg/include/dingo_control_msg/dingo_control_msg/msg/detail/task_space__type_support.h
[0.922s] -- Up-to-date: /home/ehoaglin/ros2_ws/install/dingo_control_msg/include/dingo_control_msg/dingo_control_msg/msg/detail/task_space__functions.c
[0.923s] -- Installing: /home/ehoaglin/ros2_ws/install/dingo_control_msg/include/dingo_control_msg/dingo_control_msg/msg/detail/angle__type_support.c
[0.924s] -- Up-to-date: /home/ehoaglin/ros2_ws/install/dingo_control_msg/include/dingo_control_msg/dingo_control_msg/msg/detail/joint_space__type_support.h
[0.925s] -- Up-to-date: /home/ehoaglin/ros2_ws/install/dingo_control_msg/include/dingo_control_msg/dingo_control_msg/msg/detail/joint_space__functions.c
[0.925s] -- Up-to-date: /home/ehoaglin/ros2_ws/install/dingo_control_msg/include/dingo_control_msg/dingo_control_msg/msg/detail/task_space__description.c
[0.925s] -- Up-to-date: /home/ehoaglin/ros2_ws/install/dingo_control_msg/include/dingo_control_msg/dingo_control_msg/msg/detail/angle__functions.c
[0.925s] -- Up-to-date: /home/ehoaglin/ros2_ws/install/dingo_control_msg/include/dingo_control_msg/dingo_control_msg/msg/detail/joint_space__description.c
[0.926s] -- Up-to-date: /home/ehoaglin/ros2_ws/install/dingo_control_msg/include/dingo_control_msg/dingo_control_msg/msg/task_space.h
[0.926s] -- Up-to-date: /home/ehoaglin/ros2_ws/install/dingo_control_msg/include/dingo_control_msg/dingo_control_msg/msg/joint_space.h
[0.926s] -- Up-to-date: /home/ehoaglin/ros2_ws/install/dingo_control_msg/include/dingo_control_msg/dingo_control_msg/msg/angle.h
[0.927s] -- Up-to-date: /home/ehoaglin/ros2_ws/install/dingo_control_msg/include/dingo_control_msg/dingo_control_msg/msg/rosidl_generator_c__visibility_control.h
[0.927s] -- Up-to-date: /home/ehoaglin/ros2_ws/install/dingo_control_msg/share/dingo_control_msg/environment/library_path.sh
[0.934s] -- Up-to-date: /home/ehoaglin/ros2_ws/install/dingo_control_msg/share/dingo_control_msg/environment/library_path.dsv
[0.934s] -- Up-to-date: /home/ehoaglin/ros2_ws/install/dingo_control_msg/lib/libdingo_control_msg__rosidl_generator_c.so
[0.934s] -- Up-to-date: /home/ehoaglin/ros2_ws/install/dingo_control_msg/include/dingo_control_msg/dingo_control_msg
[0.934s] -- Up-to-date: /home/ehoaglin/ros2_ws/install/dingo_control_msg/include/dingo_control_msg/dingo_control_msg/msg
[0.935s] -- Up-to-date: /home/ehoaglin/ros2_ws/install/dingo_control_msg/include/dingo_control_msg/dingo_control_msg/msg/detail
[0.935s] -- Up-to-date: /home/ehoaglin/ros2_ws/install/dingo_control_msg/include/dingo_control_msg/dingo_control_msg/msg/detail/angle__rosidl_typesupport_fastrtps_c.h
[0.935s] -- Up-to-date: /home/ehoaglin/ros2_ws/install/dingo_control_msg/include/dingo_control_msg/dingo_control_msg/msg/detail/joint_space__rosidl_typesupport_fastrtps_c.h
[0.935s] -- Up-to-date: /home/ehoaglin/ros2_ws/install/dingo_control_msg/include/dingo_control_msg/dingo_control_msg/msg/detail/task_space__rosidl_typesupport_fastrtps_c.h
[0.935s] -- Up-to-date: /home/ehoaglin/ros2_ws/install/dingo_control_msg/include/dingo_control_msg/dingo_control_msg/msg/rosidl_typesupport_fastrtps_c__visibility_control.h
[0.935s] -- Up-to-date: /home/ehoaglin/ros2_ws/install/dingo_control_msg/lib/libdingo_control_msg__rosidl_typesupport_fastrtps_c.so
[0.936s] -- Up-to-date: /home/ehoaglin/ros2_ws/install/dingo_control_msg/include/dingo_control_msg/dingo_control_msg
[0.936s] -- Up-to-date: /home/ehoaglin/ros2_ws/install/dingo_control_msg/include/dingo_control_msg/dingo_control_msg/msg
[0.936s] -- Up-to-date: /home/ehoaglin/ros2_ws/install/dingo_control_msg/include/dingo_control_msg/dingo_control_msg/msg/detail
[0.936s] -- Up-to-date: /home/ehoaglin/ros2_ws/install/dingo_control_msg/include/dingo_control_msg/dingo_control_msg/msg/detail/joint_space__struct.hpp
[0.936s] -- Up-to-date: /home/ehoaglin/ros2_ws/install/dingo_control_msg/include/dingo_control_msg/dingo_control_msg/msg/detail/task_space__type_support.hpp
[0.936s] -- Up-to-date: /home/ehoaglin/ros2_ws/install/dingo_control_msg/include/dingo_control_msg/dingo_control_msg/msg/detail/angle__type_support.hpp
[0.936s] -- Up-to-date: /home/ehoaglin/ros2_ws/install/dingo_control_msg/include/dingo_control_msg/dingo_control_msg/msg/detail/task_space__struct.hpp
[0.937s] -- Up-to-date: /home/ehoaglin/ros2_ws/install/dingo_control_msg/include/dingo_control_msg/dingo_control_msg/msg/detail/task_space__traits.hpp
[0.937s] -- Up-to-date: /home/ehoaglin/ros2_ws/install/dingo_control_msg/include/dingo_control_msg/dingo_control_msg/msg/detail/angle__traits.hpp
[0.937s] -- Up-to-date: /home/ehoaglin/ros2_ws/install/dingo_control_msg/include/dingo_control_msg/dingo_control_msg/msg/detail/joint_space__builder.hpp
[0.937s] -- Up-to-date: /home/ehoaglin/ros2_ws/install/dingo_control_msg/include/dingo_control_msg/dingo_control_msg/msg/detail/joint_space__type_support.hpp
[0.937s] -- Up-to-date: /home/ehoaglin/ros2_ws/install/dingo_control_msg/include/dingo_control_msg/dingo_control_msg/msg/detail/task_space__builder.hpp
[0.937s] -- Up-to-date: /home/ehoaglin/ros2_ws/install/dingo_control_msg/include/dingo_control_msg/dingo_control_msg/msg/detail/angle__struct.hpp
[0.938s] -- Up-to-date: /home/ehoaglin/ros2_ws/install/dingo_control_msg/include/dingo_control_msg/dingo_control_msg/msg/detail/joint_space__traits.hpp
[0.938s] -- Up-to-date: /home/ehoaglin/ros2_ws/install/dingo_control_msg/include/dingo_control_msg/dingo_control_msg/msg/detail/angle__builder.hpp
[0.938s] -- Up-to-date: /home/ehoaglin/ros2_ws/install/dingo_control_msg/include/dingo_control_msg/dingo_control_msg/msg/joint_space.hpp
[0.938s] -- Up-to-date: /home/ehoaglin/ros2_ws/install/dingo_control_msg/include/dingo_control_msg/dingo_control_msg/msg/angle.hpp
[0.938s] -- Up-to-date: /home/ehoaglin/ros2_ws/install/dingo_control_msg/include/dingo_control_msg/dingo_control_msg/msg/rosidl_generator_cpp__visibility_control.hpp
[0.938s] -- Up-to-date: /home/ehoaglin/ros2_ws/install/dingo_control_msg/include/dingo_control_msg/dingo_control_msg/msg/task_space.hpp
[0.939s] -- Up-to-date: /home/ehoaglin/ros2_ws/install/dingo_control_msg/include/dingo_control_msg/dingo_control_msg
[0.939s] -- Up-to-date: /home/ehoaglin/ros2_ws/install/dingo_control_msg/include/dingo_control_msg/dingo_control_msg/msg
[0.939s] -- Up-to-date: /home/ehoaglin/ros2_ws/install/dingo_control_msg/include/dingo_control_msg/dingo_control_msg/msg/detail
[0.939s] -- Up-to-date: /home/ehoaglin/ros2_ws/install/dingo_control_msg/include/dingo_control_msg/dingo_control_msg/msg/detail/dds_fastrtps
[0.939s] -- Up-to-date: /home/ehoaglin/ros2_ws/install/dingo_control_msg/include/dingo_control_msg/dingo_control_msg/msg/detail/angle__rosidl_typesupport_fastrtps_cpp.hpp
[0.939s] -- Up-to-date: /home/ehoaglin/ros2_ws/install/dingo_control_msg/include/dingo_control_msg/dingo_control_msg/msg/detail/task_space__rosidl_typesupport_fastrtps_cpp.hpp
[0.940s] -- Up-to-date: /home/ehoaglin/ros2_ws/install/dingo_control_msg/include/dingo_control_msg/dingo_control_msg/msg/detail/joint_space__rosidl_typesupport_fastrtps_cpp.hpp
[0.940s] -- Up-to-date: /home/ehoaglin/ros2_ws/install/dingo_control_msg/include/dingo_control_msg/dingo_control_msg/msg/rosidl_typesupport_fastrtps_cpp__visibility_control.h
[0.940s] -- Up-to-date: /home/ehoaglin/ros2_ws/install/dingo_control_msg/lib/libdingo_control_msg__rosidl_typesupport_fastrtps_cpp.so
[0.940s] -- Up-to-date: /home/ehoaglin/ros2_ws/install/dingo_control_msg/include/dingo_control_msg/dingo_control_msg
[0.940s] -- Up-to-date: /home/ehoaglin/ros2_ws/install/dingo_control_msg/include/dingo_control_msg/dingo_control_msg/msg
[0.940s] -- Up-to-date: /home/ehoaglin/ros2_ws/install/dingo_control_msg/include/dingo_control_msg/dingo_control_msg/msg/detail
[0.941s] -- Installing: /home/ehoaglin/ros2_ws/install/dingo_control_msg/include/dingo_control_msg/dingo_control_msg/msg/detail/task_space__type_support.c
[0.941s] -- Installing: /home/ehoaglin/ros2_ws/install/dingo_control_msg/include/dingo_control_msg/dingo_control_msg/msg/detail/joint_space__type_support.c
[0.941s] -- Up-to-date: /home/ehoaglin/ros2_ws/install/dingo_control_msg/include/dingo_control_msg/dingo_control_msg/msg/detail/angle__rosidl_typesupport_introspection_c.h
[0.941s] -- Installing: /home/ehoaglin/ros2_ws/install/dingo_control_msg/include/dingo_control_msg/dingo_control_msg/msg/detail/angle__type_support.c
[0.941s] -- Up-to-date: /home/ehoaglin/ros2_ws/install/dingo_control_msg/include/dingo_control_msg/dingo_control_msg/msg/detail/task_space__rosidl_typesupport_introspection_c.h
[0.942s] -- Up-to-date: /home/ehoaglin/ros2_ws/install/dingo_control_msg/include/dingo_control_msg/dingo_control_msg/msg/detail/joint_space__rosidl_typesupport_introspection_c.h
[0.942s] -- Up-to-date: /home/ehoaglin/ros2_ws/install/dingo_control_msg/include/dingo_control_msg/dingo_control_msg/msg/rosidl_typesupport_introspection_c__visibility_control.h
[0.942s] -- Up-to-date: /home/ehoaglin/ros2_ws/install/dingo_control_msg/lib/libdingo_control_msg__rosidl_typesupport_introspection_c.so
[0.942s] -- Up-to-date: /home/ehoaglin/ros2_ws/install/dingo_control_msg/lib/libdingo_control_msg__rosidl_typesupport_c.so
[0.942s] -- Up-to-date: /home/ehoaglin/ros2_ws/install/dingo_control_msg/include/dingo_control_msg/dingo_control_msg
[0.942s] -- Up-to-date: /home/ehoaglin/ros2_ws/install/dingo_control_msg/include/dingo_control_msg/dingo_control_msg/msg
[0.942s] -- Up-to-date: /home/ehoaglin/ros2_ws/install/dingo_control_msg/include/dingo_control_msg/dingo_control_msg/msg/detail
[0.943s] -- Up-to-date: /home/ehoaglin/ros2_ws/install/dingo_control_msg/include/dingo_control_msg/dingo_control_msg/msg/detail/task_space__rosidl_typesupport_introspection_cpp.hpp
[0.943s] -- Up-to-date: /home/ehoaglin/ros2_ws/install/dingo_control_msg/include/dingo_control_msg/dingo_control_msg/msg/detail/angle__rosidl_typesupport_introspection_cpp.hpp
[0.943s] -- Up-to-date: /home/ehoaglin/ros2_ws/install/dingo_control_msg/include/dingo_control_msg/dingo_control_msg/msg/detail/angle__type_support.cpp
[0.944s] -- Up-to-date: /home/ehoaglin/ros2_ws/install/dingo_control_msg/include/dingo_control_msg/dingo_control_msg/msg/detail/joint_space__type_support.cpp
[0.944s] -- Up-to-date: /home/ehoaglin/ros2_ws/install/dingo_control_msg/include/dingo_control_msg/dingo_control_msg/msg/detail/task_space__type_support.cpp
[0.944s] -- Up-to-date: /home/ehoaglin/ros2_ws/install/dingo_control_msg/include/dingo_control_msg/dingo_control_msg/msg/detail/joint_space__rosidl_typesupport_introspection_cpp.hpp
[0.945s] -- Up-to-date: /home/ehoaglin/ros2_ws/install/dingo_control_msg/lib/libdingo_control_msg__rosidl_typesupport_introspection_cpp.so
[0.945s] -- Up-to-date: /home/ehoaglin/ros2_ws/install/dingo_control_msg/lib/libdingo_control_msg__rosidl_typesupport_cpp.so
[0.946s] -- Up-to-date: /home/ehoaglin/ros2_ws/install/dingo_control_msg/share/dingo_control_msg/environment/pythonpath.sh
[0.946s] -- Up-to-date: /home/ehoaglin/ros2_ws/install/dingo_control_msg/share/dingo_control_msg/environment/pythonpath.dsv
[0.946s] -- Up-to-date: /home/ehoaglin/ros2_ws/install/dingo_control_msg/lib/python3.12/site-packages/dingo_control_msg-0.0.0-py3.12.egg-info
[0.947s] -- Installing: /home/ehoaglin/ros2_ws/install/dingo_control_msg/lib/python3.12/site-packages/dingo_control_msg-0.0.0-py3.12.egg-info/top_level.txt
[0.947s] -- Installing: /home/ehoaglin/ros2_ws/install/dingo_control_msg/lib/python3.12/site-packages/dingo_control_msg-0.0.0-py3.12.egg-info/dependency_links.txt
[0.948s] -- Installing: /home/ehoaglin/ros2_ws/install/dingo_control_msg/lib/python3.12/site-packages/dingo_control_msg-0.0.0-py3.12.egg-info/SOURCES.txt
[0.948s] -- Installing: /home/ehoaglin/ros2_ws/install/dingo_control_msg/lib/python3.12/site-packages/dingo_control_msg-0.0.0-py3.12.egg-info/PKG-INFO
[0.948s] -- Up-to-date: /home/ehoaglin/ros2_ws/install/dingo_control_msg/lib/python3.12/site-packages/dingo_control_msg
[0.949s] -- Up-to-date: /home/ehoaglin/ros2_ws/install/dingo_control_msg/lib/python3.12/site-packages/dingo_control_msg/__init__.py
[0.949s] -- Up-to-date: /home/ehoaglin/ros2_ws/install/dingo_control_msg/lib/python3.12/site-packages/dingo_control_msg/_dingo_control_msg_s.ep.rosidl_typesupport_introspection_c.c
[0.949s] -- Up-to-date: /home/ehoaglin/ros2_ws/install/dingo_control_msg/lib/python3.12/site-packages/dingo_control_msg/dingo_control_msg_s__rosidl_typesupport_introspection_c.so
[0.950s] -- Up-to-date: /home/ehoaglin/ros2_ws/install/dingo_control_msg/lib/python3.12/site-packages/dingo_control_msg/dingo_control_msg_s__rosidl_typesupport_c.so
[0.950s] -- Up-to-date: /home/ehoaglin/ros2_ws/install/dingo_control_msg/lib/python3.12/site-packages/dingo_control_msg/_dingo_control_msg_s.ep.rosidl_typesupport_fastrtps_c.c
[0.950s] -- Up-to-date: /home/ehoaglin/ros2_ws/install/dingo_control_msg/lib/python3.12/site-packages/dingo_control_msg/dingo_control_msg_s__rosidl_typesupport_fastrtps_c.so
[0.950s] -- Up-to-date: /home/ehoaglin/ros2_ws/install/dingo_control_msg/lib/python3.12/site-packages/dingo_control_msg/msg
[0.951s] -- Up-to-date: /home/ehoaglin/ros2_ws/install/dingo_control_msg/lib/python3.12/site-packages/dingo_control_msg/msg/_joint_space.py
[0.951s] -- Up-to-date: /home/ehoaglin/ros2_ws/install/dingo_control_msg/lib/python3.12/site-packages/dingo_control_msg/msg/__init__.py
[0.951s] -- Up-to-date: /home/ehoaglin/ros2_ws/install/dingo_control_msg/lib/python3.12/site-packages/dingo_control_msg/msg/_task_space_s.c
[0.951s] -- Up-to-date: /home/ehoaglin/ros2_ws/install/dingo_control_msg/lib/python3.12/site-packages/dingo_control_msg/msg/_angle.py
[0.951s] -- Up-to-date: /home/ehoaglin/ros2_ws/install/dingo_control_msg/lib/python3.12/site-packages/dingo_control_msg/msg/_angle_s.c
[0.952s] -- Up-to-date: /home/ehoaglin/ros2_ws/install/dingo_control_msg/lib/python3.12/site-packages/dingo_control_msg/msg/_joint_space_s.c
[0.952s] -- Up-to-date: /home/ehoaglin/ros2_ws/install/dingo_control_msg/lib/python3.12/site-packages/dingo_control_msg/msg/_task_space.py
[0.952s] -- Up-to-date: /home/ehoaglin/ros2_ws/install/dingo_control_msg/lib/python3.12/site-packages/dingo_control_msg/_dingo_control_msg_s.ep.rosidl_typesupport_c.c
[0.990s] Listing '/home/ehoaglin/ros2_ws/install/dingo_control_msg/lib/python3.12/site-packages/dingo_control_msg'...
[0.991s] Listing '/home/ehoaglin/ros2_ws/install/dingo_control_msg/lib/python3.12/site-packages/dingo_control_msg/msg'...
[1.001s] -- Up-to-date: /home/ehoaglin/ros2_ws/install/dingo_control_msg/lib/python3.12/site-packages/dingo_control_msg/dingo_control_msg_s__rosidl_typesupport_fastrtps_c.so
[1.004s] -- Up-to-date: /home/ehoaglin/ros2_ws/install/dingo_control_msg/lib/python3.12/site-packages/dingo_control_msg/dingo_control_msg_s__rosidl_typesupport_introspection_c.so
[1.013s] -- Up-to-date: /home/ehoaglin/ros2_ws/install/dingo_control_msg/lib/python3.12/site-packages/dingo_control_msg/dingo_control_msg_s__rosidl_typesupport_c.so
[1.014s] -- Up-to-date: /home/ehoaglin/ros2_ws/install/dingo_control_msg/lib/libdingo_control_msg__rosidl_generator_py.so
[1.015s] -- Up-to-date: /home/ehoaglin/ros2_ws/install/dingo_control_msg/share/dingo_control_msg/msg/Angle.idl
[1.015s] -- Up-to-date: /home/ehoaglin/ros2_ws/install/dingo_control_msg/share/dingo_control_msg/msg/JointSpace.idl
[1.015s] -- Up-to-date: /home/ehoaglin/ros2_ws/install/dingo_control_msg/share/dingo_control_msg/msg/TaskSpace.idl
[1.015s] -- Up-to-date: /home/ehoaglin/ros2_ws/install/dingo_control_msg/share/dingo_control_msg/msg/Angle.msg
[1.015s] -- Up-to-date: /home/ehoaglin/ros2_ws/install/dingo_control_msg/share/dingo_control_msg/msg/JointSpace.msg
[1.016s] -- Up-to-date: /home/ehoaglin/ros2_ws/install/dingo_control_msg/share/dingo_control_msg/msg/TaskSpace.msg
[1.016s] -- Up-to-date: /home/ehoaglin/ros2_ws/install/dingo_control_msg/share/ament_index/resource_index/package_run_dependencies/dingo_control_msg
[1.017s] -- Up-to-date: /home/ehoaglin/ros2_ws/install/dingo_control_msg/share/ament_index/resource_index/parent_prefix_path/dingo_control_msg
[1.017s] -- Up-to-date: /home/ehoaglin/ros2_ws/install/dingo_control_msg/share/dingo_control_msg/environment/ament_prefix_path.sh
[1.018s] -- Up-to-date: /home/ehoaglin/ros2_ws/install/dingo_control_msg/share/dingo_control_msg/environment/ament_prefix_path.dsv
[1.020s] -- Up-to-date: /home/ehoaglin/ros2_ws/install/dingo_control_msg/share/dingo_control_msg/environment/path.sh
[1.020s] -- Up-to-date: /home/ehoaglin/ros2_ws/install/dingo_control_msg/share/dingo_control_msg/environment/path.dsv
[1.020s] -- Up-to-date: /home/ehoaglin/ros2_ws/install/dingo_control_msg/share/dingo_control_msg/local_setup.bash
[1.021s] -- Up-to-date: /home/ehoaglin/ros2_ws/install/dingo_control_msg/share/dingo_control_msg/local_setup.sh
[1.022s] -- Up-to-date: /home/ehoaglin/ros2_ws/install/dingo_control_msg/share/dingo_control_msg/local_setup.zsh
[1.023s] -- Up-to-date: /home/ehoaglin/ros2_ws/install/dingo_control_msg/share/dingo_control_msg/local_setup.dsv
[1.025s] -- Installing: /home/ehoaglin/ros2_ws/install/dingo_control_msg/share/dingo_control_msg/package.dsv
[1.025s] -- Up-to-date: /home/ehoaglin/ros2_ws/install/dingo_control_msg/share/ament_index/resource_index/packages/dingo_control_msg
[1.025s] -- Up-to-date: /home/ehoaglin/ros2_ws/install/dingo_control_msg/share/dingo_control_msg/cmake/export_dingo_control_msg__rosidl_generator_cExport.cmake
[1.026s] -- Up-to-date: /home/ehoaglin/ros2_ws/install/dingo_control_msg/share/dingo_control_msg/cmake/export_dingo_control_msg__rosidl_generator_cExport-noconfig.cmake
[1.026s] -- Up-to-date: /home/ehoaglin/ros2_ws/install/dingo_control_msg/share/dingo_control_msg/cmake/export_dingo_control_msg__rosidl_typesupport_fastrtps_cExport.cmake
[1.026s] -- Up-to-date: /home/ehoaglin/ros2_ws/install/dingo_control_msg/share/dingo_control_msg/cmake/export_dingo_control_msg__rosidl_typesupport_fastrtps_cExport-noconfig.cmake
[1.026s] -- Up-to-date: /home/ehoaglin/ros2_ws/install/dingo_control_msg/share/dingo_control_msg/cmake/export_dingo_control_msg__rosidl_generator_cppExport.cmake
[1.026s] -- Up-to-date: /home/ehoaglin/ros2_ws/install/dingo_control_msg/share/dingo_control_msg/cmake/export_dingo_control_msg__rosidl_typesupport_fastrtps_cppExport.cmake
[1.027s] -- Up-to-date: /home/ehoaglin/ros2_ws/install/dingo_control_msg/share/dingo_control_msg/cmake/export_dingo_control_msg__rosidl_typesupport_fastrtps_cppExport-noconfig.cmake
[1.027s] -- Up-to-date: /home/ehoaglin/ros2_ws/install/dingo_control_msg/share/dingo_control_msg/cmake/dingo_control_msg__rosidl_typesupport_introspection_cExport.cmake
[1.027s] -- Up-to-date: /home/ehoaglin/ros2_ws/install/dingo_control_msg/share/dingo_control_msg/cmake/dingo_control_msg__rosidl_typesupport_introspection_cExport-noconfig.cmake
[1.027s] -- Up-to-date: /home/ehoaglin/ros2_ws/install/dingo_control_msg/share/dingo_control_msg/cmake/dingo_control_msg__rosidl_typesupport_cExport.cmake
[1.028s] -- Up-to-date: /home/ehoaglin/ros2_ws/install/dingo_control_msg/share/dingo_control_msg/cmake/dingo_control_msg__rosidl_typesupport_cExport-noconfig.cmake
[1.028s] -- Up-to-date: /home/ehoaglin/ros2_ws/install/dingo_control_msg/share/dingo_control_msg/cmake/dingo_control_msg__rosidl_typesupport_introspection_cppExport.cmake
[1.028s] -- Up-to-date: /home/ehoaglin/ros2_ws/install/dingo_control_msg/share/dingo_control_msg/cmake/dingo_control_msg__rosidl_typesupport_introspection_cppExport-noconfig.cmake
[1.028s] -- Up-to-date: /home/ehoaglin/ros2_ws/install/dingo_control_msg/share/dingo_control_msg/cmake/dingo_control_msg__rosidl_typesupport_cppExport.cmake
[1.028s] -- Up-to-date: /home/ehoaglin/ros2_ws/install/dingo_control_msg/share/dingo_control_msg/cmake/dingo_control_msg__rosidl_typesupport_cppExport-noconfig.cmake
[1.029s] -- Up-to-date: /home/ehoaglin/ros2_ws/install/dingo_control_msg/share/dingo_control_msg/cmake/export_dingo_control_msg__rosidl_generator_pyExport.cmake
[1.029s] -- Up-to-date: /home/ehoaglin/ros2_ws/install/dingo_control_msg/share/dingo_control_msg/cmake/export_dingo_control_msg__rosidl_generator_pyExport-noconfig.cmake
[1.029s] -- Up-to-date: /home/ehoaglin/ros2_ws/install/dingo_control_msg/share/dingo_control_msg/cmake/rosidl_cmake-extras.cmake
[1.029s] -- Up-to-date: /home/ehoaglin/ros2_ws/install/dingo_control_msg/share/dingo_control_msg/cmake/ament_cmake_export_dependencies-extras.cmake
[1.029s] -- Up-to-date: /home/ehoaglin/ros2_ws/install/dingo_control_msg/share/dingo_control_msg/cmake/ament_cmake_export_include_directories-extras.cmake
[1.030s] -- Up-to-date: /home/ehoaglin/ros2_ws/install/dingo_control_msg/share/dingo_control_msg/cmake/ament_cmake_export_libraries-extras.cmake
[1.030s] -- Up-to-date: /home/ehoaglin/ros2_ws/install/dingo_control_msg/share/dingo_control_msg/cmake/ament_cmake_export_targets-extras.cmake
[1.030s] -- Up-to-date: /home/ehoaglin/ros2_ws/install/dingo_control_msg/share/dingo_control_msg/cmake/rosidl_cmake_export_typesupport_targets-extras.cmake
[1.030s] -- Up-to-date: /home/ehoaglin/ros2_ws/install/dingo_control_msg/share/dingo_control_msg/cmake/rosidl_cmake_export_typesupport_libraries-extras.cmake
[1.030s] -- Up-to-date: /home/ehoaglin/ros2_ws/install/dingo_control_msg/share/dingo_control_msg/cmake/dingo_control_msgConfig.cmake
[1.032s] -- Up-to-date: /home/ehoaglin/ros2_ws/install/dingo_control_msg/share/dingo_control_msg/cmake/dingo_control_msgConfig-version.cmake
[1.032s] -- Up-to-date: /home/ehoaglin/ros2_ws/install/dingo_control_msg/share/dingo_control_msg/package.xml
[1.083s] Invoked command in '/home/ehoaglin/ros2_ws/build/dingo_control_msg' returned '0': CMAKE_PREFIX_PATH=/home/ehoaglin/ros2_ws/install/ros2_fundamentals_examples:/home/ehoaglin/ros2_ws/install/dingo:/home/ehoaglin/ros2_ws/install/dingo_input_interfacing:/home/ehoaglin/ros2_ws/install/dingo_control:/home/ehoaglin/ros2_ws/install/dingo_servo_interfacing:/home/ehoaglin/ros2_ws/install/dingo_pybullet:/home/ehoaglin/ros2_ws/install/dingo_peripheral_interfacing_msg:/home/ehoaglin/ros2_ws/install/dingo_peripheral_interfacing:/home/ehoaglin/ros2_ws/install/dingo_hardware_config:/home/ehoaglin/ros2_ws/install/dualsense_interface:/opt/ros/jazzy:/home/ehoaglin/ros2_ws/install/dingo_description:/home/ehoaglin/ros2_ws/install/dingo_control_msg:/opt/ros/jazzy/opt/gz_sim_vendor:/opt/ros/jazzy/opt/gz_sensors_vendor:/opt/ros/jazzy/opt/gz_physics_vendor:/opt/ros/jazzy/opt/sdformat_vendor:/opt/ros/jazzy/opt/gz_gui_vendor:/opt/ros/jazzy/opt/gz_transport_vendor:/opt/ros/jazzy/opt/gz_rendering_vendor:/opt/ros/jazzy/opt/gz_plugin_vendor:/opt/ros/jazzy/opt/gz_fuel_tools_vendor:/opt/ros/jazzy/opt/gz_msgs_vendor:/opt/ros/jazzy/opt/gz_common_vendor:/opt/ros/jazzy/opt/gz_math_vendor:/opt/ros/jazzy/opt/gz_utils_vendor:/opt/ros/jazzy/opt/gz_tools_vendor:/opt/ros/jazzy/opt/gz_ogre_next_vendor:/opt/ros/jazzy/opt/gz_dartsim_vendor:/opt/ros/jazzy/opt/gz_cmake_vendor /usr/bin/cmake --install /home/ehoaglin/ros2_ws/build/dingo_control_msg
