[0.015s] Invoking command in '/home/ehoaglin/ros2_ws/src/dingo_control/build/dingo_control': /usr/bin/cmake /home/ehoaglin/ros2_ws/src/dingo_control -DCATKIN_INSTALL_INTO_PREFIX_ROOT=0 -DCATKIN_SYMLINK_INSTALL=ON -DCMAKE_INSTALL_PREFIX=/home/ehoaglin/ros2_ws/src/dingo_control/install/dingo_control
[0.506s] -- The C compiler identification is GNU 13.3.0
[1.569s] -- The CXX compiler identification is GNU 13.3.0
[2.413s] -- Detecting C compiler ABI info
[2.770s] -- Detecting C compiler ABI info - done
[2.783s] -- Check for working C compiler: /usr/bin/cc - skipped
[2.789s] -- Detecting C compile features
[2.790s] -- Detecting C compile features - done
[2.932s] -- Detecting CXX compiler ABI info
[3.321s] -- Detecting CXX compiler ABI info - done
[3.336s] -- Check for working CXX compiler: /usr/bin/c++ - skipped
[3.337s] -- Detecting CXX compile features
[3.338s] -- Detecting CXX compile features - done
[3.364s] -- Found ament_cmake: 2.5.3 (/opt/ros/jazzy/share/ament_cmake/cmake)
[3.575s] -- Found Python3: /usr/bin/python3 (found version "3.12.3") found components: Interpreter 
[3.748s] -- Found rclpy: 7.1.3 (/opt/ros/jazzy/share/rclpy/cmake)
[3.752s] -- Found geometry_msgs: 5.3.5 (/opt/ros/jazzy/share/geometry_msgs/cmake)
[4.035s] -- Found rosidl_generator_c: 4.6.5 (/opt/ros/jazzy/share/rosidl_generator_c/cmake)
[4.066s] -- Found rosidl_generator_cpp: 4.6.5 (/opt/ros/jazzy/share/rosidl_generator_cpp/cmake)
[4.105s] -- Using all available rosidl_typesupport_c: rosidl_typesupport_fastrtps_c;rosidl_typesupport_introspection_c
[4.140s] -- Using all available rosidl_typesupport_cpp: rosidl_typesupport_fastrtps_cpp;rosidl_typesupport_introspection_cpp
[4.222s] -- Found rosidl_default_generators: 1.6.0 (/opt/ros/jazzy/share/rosidl_default_generators/cmake)
[4.252s] -- Found rosidl_adapter: 4.6.5 (/opt/ros/jazzy/share/rosidl_adapter/cmake)
[4.617s] [31mCMake Error at /opt/ros/jazzy/share/rosidl_adapter/cmake/rosidl_adapt_interfaces.cmake:57 (message):
[4.617s]   execute_process(/usr/bin/python3 -m rosidl_adapter --package-name
[4.617s]   dingo_control --arguments-file
[4.617s]   /home/ehoaglin/ros2_ws/src/dingo_control/build/dingo_control/rosidl_adapter__arguments__src/msg/TaskSpace.msg.json
[4.617s]   --output-dir
[4.617s]   /home/ehoaglin/ros2_ws/src/dingo_control/build/dingo_control/rosidl_adapter/dingo_control
[4.617s]   --output-file
[4.618s]   /home/ehoaglin/ros2_ws/src/dingo_control/build/dingo_control/rosidl_adapter/src/msg/TaskSpace.msg.idls)
[4.618s]   returned error code 1:
[4.618s] 
[4.618s]   Traceback (most recent call last):
[4.618s] 
[4.618s]     File "<frozen runpy>", line 198, in _run_module_as_main
[4.618s]     File "<frozen runpy>", line 88, in _run_code
[4.618s]     File "/opt/ros/jazzy/lib/python3.12/site-packages/rosidl_adapter/__main__.py", line 19, in <module>
[4.618s]       sys.exit(main())
[4.618s]                ^^^^^^
[4.619s]     File "/opt/ros/jazzy/lib/python3.12/site-packages/rosidl_adapter/main.py", line 58, in main
[4.619s]       output_file.parent.mkdir(exist_ok=True)
[4.619s]     File "/usr/lib/python3.12/pathlib.py", line 1313, in mkdir
[4.619s]       os.mkdir(self, mode)
[4.619s] 
[4.619s]   FileNotFoundError: [Errno 2] No such file or directory:
[4.619s]   '/home/ehoaglin/ros2_ws/src/dingo_control/build/dingo_control/rosidl_adapter/src/msg'
[4.619s] 
[4.619s] 
[4.619s] Call Stack (most recent call first):
[4.620s]   /opt/ros/jazzy/share/rosidl_cmake/cmake/rosidl_generate_interfaces.cmake:132 (rosidl_adapt_interfaces)
[4.620s]   CMakeLists.txt:26 (rosidl_generate_interfaces)
[4.620s] 
[4.620s] [0m
[4.620s] -- Configuring incomplete, errors occurred!
[4.626s] Invoked command in '/home/ehoaglin/ros2_ws/src/dingo_control/build/dingo_control' returned '1': /usr/bin/cmake /home/ehoaglin/ros2_ws/src/dingo_control -DCATKIN_INSTALL_INTO_PREFIX_ROOT=0 -DCATKIN_SYMLINK_INSTALL=ON -DCMAKE_INSTALL_PREFIX=/home/ehoaglin/ros2_ws/src/dingo_control/install/dingo_control
