[0.057s] Invoking command in '/home/ehoaglin/ros2_ws/build/dingo_peripheral_interfacing': CMAKE_PREFIX_PATH=${CMAKE_PREFIX_PATH}:/home/ehoaglin/ros2_ws/install/dualsense_interface:/opt/ros/jazzy /usr/bin/cmake --build /home/ehoaglin/ros2_ws/build/dingo_peripheral_interfacing -- -j12 -l12
[0.513s] Built target ament_cmake_python_copy_dingo_peripheral_interfacing
[0.563s] running egg_info
[0.610s] writing dingo_peripheral_interfacing.egg-info/PKG-INFO
[0.610s] writing dependency_links to dingo_peripheral_interfacing.egg-info/dependency_links.txt
[0.610s] writing top-level names to dingo_peripheral_interfacing.egg-info/top_level.txt
[0.742s] reading manifest file 'dingo_peripheral_interfacing.egg-info/SOURCES.txt'
[0.743s] writing manifest file 'dingo_peripheral_interfacing.egg-info/SOURCES.txt'
[0.820s] Built target ament_cmake_python_build_dingo_peripheral_interfacing_egg
[0.836s] Invoked command in '/home/ehoaglin/ros2_ws/build/dingo_peripheral_interfacing' returned '0': CMAKE_PREFIX_PATH=${CMAKE_PREFIX_PATH}:/home/ehoaglin/ros2_ws/install/dualsense_interface:/opt/ros/jazzy /usr/bin/cmake --build /home/ehoaglin/ros2_ws/build/dingo_peripheral_interfacing -- -j12 -l12
[0.838s] Invoking command in '/home/ehoaglin/ros2_ws/build/dingo_peripheral_interfacing': CMAKE_PREFIX_PATH=${CMAKE_PREFIX_PATH}:/home/ehoaglin/ros2_ws/install/dualsense_interface:/opt/ros/jazzy /usr/bin/cmake --install /home/ehoaglin/ros2_ws/build/dingo_peripheral_interfacing
[0.849s] -- Install configuration: ""
[0.849s] -- Up-to-date: /home/ehoaglin/ros2_ws/install/dingo_peripheral_interfacing/share/dingo_peripheral_interfacing/environment/pythonpath.sh
[0.849s] -- Up-to-date: /home/ehoaglin/ros2_ws/install/dingo_peripheral_interfacing/share/dingo_peripheral_interfacing/environment/pythonpath.dsv
[0.849s] -- Up-to-date: /home/ehoaglin/ros2_ws/install/dingo_peripheral_interfacing/lib/python3.12/site-packages/dingo_peripheral_interfacing-0.0.0-py3.12.egg-info
[0.849s] -- Installing: /home/ehoaglin/ros2_ws/install/dingo_peripheral_interfacing/lib/python3.12/site-packages/dingo_peripheral_interfacing-0.0.0-py3.12.egg-info/top_level.txt
[0.850s] -- Installing: /home/ehoaglin/ros2_ws/install/dingo_peripheral_interfacing/lib/python3.12/site-packages/dingo_peripheral_interfacing-0.0.0-py3.12.egg-info/dependency_links.txt
[0.850s] -- Installing: /home/ehoaglin/ros2_ws/install/dingo_peripheral_interfacing/lib/python3.12/site-packages/dingo_peripheral_interfacing-0.0.0-py3.12.egg-info/SOURCES.txt
[0.850s] -- Installing: /home/ehoaglin/ros2_ws/install/dingo_peripheral_interfacing/lib/python3.12/site-packages/dingo_peripheral_interfacing-0.0.0-py3.12.egg-info/PKG-INFO
[0.850s] -- Up-to-date: /home/ehoaglin/ros2_ws/install/dingo_peripheral_interfacing/lib/python3.12/site-packages/dingo_peripheral_interfacing
[0.850s] -- Up-to-date: /home/ehoaglin/ros2_ws/install/dingo_peripheral_interfacing/lib/python3.12/site-packages/dingo_peripheral_interfacing/__init__.py
[0.851s] -- Up-to-date: /home/ehoaglin/ros2_ws/install/dingo_peripheral_interfacing/lib/python3.12/site-packages/dingo_peripheral_interfacing/imu_test.py
[0.851s] -- Up-to-date: /home/ehoaglin/ros2_ws/install/dingo_peripheral_interfacing/lib/python3.12/site-packages/dingo_peripheral_interfacing/IMU.py
[0.851s] -- Up-to-date: /home/ehoaglin/ros2_ws/install/dingo_peripheral_interfacing/lib/python3.12/site-packages/dingo_peripheral_interfacing/Open Notebook.onetoc2
[0.917s] Listing '/home/ehoaglin/ros2_ws/install/dingo_peripheral_interfacing/lib/python3.12/site-packages/dingo_peripheral_interfacing'...
[0.923s] -- Up-to-date: /home/ehoaglin/ros2_ws/install/dingo_peripheral_interfacing/share/ament_index/resource_index/package_run_dependencies/dingo_peripheral_interfacing
[0.923s] -- Up-to-date: /home/ehoaglin/ros2_ws/install/dingo_peripheral_interfacing/share/ament_index/resource_index/parent_prefix_path/dingo_peripheral_interfacing
[0.923s] -- Up-to-date: /home/ehoaglin/ros2_ws/install/dingo_peripheral_interfacing/share/dingo_peripheral_interfacing/environment/ament_prefix_path.sh
[0.923s] -- Up-to-date: /home/ehoaglin/ros2_ws/install/dingo_peripheral_interfacing/share/dingo_peripheral_interfacing/environment/ament_prefix_path.dsv
[0.924s] -- Up-to-date: /home/ehoaglin/ros2_ws/install/dingo_peripheral_interfacing/share/dingo_peripheral_interfacing/environment/path.sh
[0.924s] -- Up-to-date: /home/ehoaglin/ros2_ws/install/dingo_peripheral_interfacing/share/dingo_peripheral_interfacing/environment/path.dsv
[0.924s] -- Up-to-date: /home/ehoaglin/ros2_ws/install/dingo_peripheral_interfacing/share/dingo_peripheral_interfacing/local_setup.bash
[0.924s] -- Up-to-date: /home/ehoaglin/ros2_ws/install/dingo_peripheral_interfacing/share/dingo_peripheral_interfacing/local_setup.sh
[0.925s] -- Up-to-date: /home/ehoaglin/ros2_ws/install/dingo_peripheral_interfacing/share/dingo_peripheral_interfacing/local_setup.zsh
[0.925s] -- Up-to-date: /home/ehoaglin/ros2_ws/install/dingo_peripheral_interfacing/share/dingo_peripheral_interfacing/local_setup.dsv
[0.925s] -- Installing: /home/ehoaglin/ros2_ws/install/dingo_peripheral_interfacing/share/dingo_peripheral_interfacing/package.dsv
[0.925s] -- Up-to-date: /home/ehoaglin/ros2_ws/install/dingo_peripheral_interfacing/share/ament_index/resource_index/packages/dingo_peripheral_interfacing
[0.925s] -- Up-to-date: /home/ehoaglin/ros2_ws/install/dingo_peripheral_interfacing/share/dingo_peripheral_interfacing/cmake/dingo_peripheral_interfacingConfig.cmake
[0.925s] -- Up-to-date: /home/ehoaglin/ros2_ws/install/dingo_peripheral_interfacing/share/dingo_peripheral_interfacing/cmake/dingo_peripheral_interfacingConfig-version.cmake
[0.926s] -- Up-to-date: /home/ehoaglin/ros2_ws/install/dingo_peripheral_interfacing/share/dingo_peripheral_interfacing/package.xml
[0.938s] Invoked command in '/home/ehoaglin/ros2_ws/build/dingo_peripheral_interfacing' returned '0': CMAKE_PREFIX_PATH=${CMAKE_PREFIX_PATH}:/home/ehoaglin/ros2_ws/install/dualsense_interface:/opt/ros/jazzy /usr/bin/cmake --install /home/ehoaglin/ros2_ws/build/dingo_peripheral_interfacing
