[0.117s] Invoking command in '/home/ehoaglin/ros2_ws/build/dingo_pybullet': CMAKE_PREFIX_PATH=/home/ehoaglin/ros2_ws/install/dingo_description:/home/ehoaglin/ros2_ws/install/ros2_fundamentals_examples:/home/ehoaglin/ros2_ws/install/dingo:/home/ehoaglin/ros2_ws/install/dingo_control:/home/ehoaglin/ros2_ws/install/dingo_servo_interfacing:/home/ehoaglin/ros2_ws/install/dingo_pybullet:/home/ehoaglin/ros2_ws/install/dingo_peripheral_interfacing_msg:/home/ehoaglin/ros2_ws/install/dingo_peripheral_interfacing:/home/ehoaglin/ros2_ws/install/dingo_input_interfacing:/home/ehoaglin/ros2_ws/install/dingo_hardware_config:/home/ehoaglin/ros2_ws/install/dingo_control_msg:/opt/ros/jazzy/opt/gz_sim_vendor:/opt/ros/jazzy/opt/gz_sensors_vendor:/opt/ros/jazzy/opt/gz_physics_vendor:/opt/ros/jazzy/opt/sdformat_vendor:/opt/ros/jazzy/opt/gz_gui_vendor:/opt/ros/jazzy/opt/gz_transport_vendor:/opt/ros/jazzy/opt/gz_rendering_vendor:/opt/ros/jazzy/opt/gz_plugin_vendor:/opt/ros/jazzy/opt/gz_fuel_tools_vendor:/opt/ros/jazzy/opt/gz_msgs_vendor:/opt/ros/jazzy/opt/gz_common_vendor:/opt/ros/jazzy/opt/gz_math_vendor:/opt/ros/jazzy/opt/gz_utils_vendor:/opt/ros/jazzy/opt/gz_tools_vendor:/opt/ros/jazzy/opt/gz_ogre_next_vendor:/opt/ros/jazzy/opt/gz_dartsim_vendor:/opt/ros/jazzy/opt/gz_cmake_vendor:/home/ehoaglin/ros2_ws/install/dualsense_interface:/opt/ros/jazzy /usr/bin/cmake --build /home/ehoaglin/ros2_ws/build/dingo_pybullet -- -j12 -l12
[0.225s] Built target ament_cmake_python_copy_dingo_pybullet
[0.624s] running egg_info
[0.648s] writing dingo_pybullet.egg-info/PKG-INFO
[0.649s] writing dependency_links to dingo_pybullet.egg-info/dependency_links.txt
[0.649s] writing top-level names to dingo_pybullet.egg-info/top_level.txt
[0.742s] reading manifest file 'dingo_pybullet.egg-info/SOURCES.txt'
[0.743s] writing manifest file 'dingo_pybullet.egg-info/SOURCES.txt'
[0.784s] Built target ament_cmake_python_build_dingo_pybullet_egg
[0.794s] Invoked command in '/home/ehoaglin/ros2_ws/build/dingo_pybullet' returned '0': CMAKE_PREFIX_PATH=/home/ehoaglin/ros2_ws/install/dingo_description:/home/ehoaglin/ros2_ws/install/ros2_fundamentals_examples:/home/ehoaglin/ros2_ws/install/dingo:/home/ehoaglin/ros2_ws/install/dingo_control:/home/ehoaglin/ros2_ws/install/dingo_servo_interfacing:/home/ehoaglin/ros2_ws/install/dingo_pybullet:/home/ehoaglin/ros2_ws/install/dingo_peripheral_interfacing_msg:/home/ehoaglin/ros2_ws/install/dingo_peripheral_interfacing:/home/ehoaglin/ros2_ws/install/dingo_input_interfacing:/home/ehoaglin/ros2_ws/install/dingo_hardware_config:/home/ehoaglin/ros2_ws/install/dingo_control_msg:/opt/ros/jazzy/opt/gz_sim_vendor:/opt/ros/jazzy/opt/gz_sensors_vendor:/opt/ros/jazzy/opt/gz_physics_vendor:/opt/ros/jazzy/opt/sdformat_vendor:/opt/ros/jazzy/opt/gz_gui_vendor:/opt/ros/jazzy/opt/gz_transport_vendor:/opt/ros/jazzy/opt/gz_rendering_vendor:/opt/ros/jazzy/opt/gz_plugin_vendor:/opt/ros/jazzy/opt/gz_fuel_tools_vendor:/opt/ros/jazzy/opt/gz_msgs_vendor:/opt/ros/jazzy/opt/gz_common_vendor:/opt/ros/jazzy/opt/gz_math_vendor:/opt/ros/jazzy/opt/gz_utils_vendor:/opt/ros/jazzy/opt/gz_tools_vendor:/opt/ros/jazzy/opt/gz_ogre_next_vendor:/opt/ros/jazzy/opt/gz_dartsim_vendor:/opt/ros/jazzy/opt/gz_cmake_vendor:/home/ehoaglin/ros2_ws/install/dualsense_interface:/opt/ros/jazzy /usr/bin/cmake --build /home/ehoaglin/ros2_ws/build/dingo_pybullet -- -j12 -l12
[0.796s] Invoking command in '/home/ehoaglin/ros2_ws/build/dingo_pybullet': CMAKE_PREFIX_PATH=/home/ehoaglin/ros2_ws/install/dingo_description:/home/ehoaglin/ros2_ws/install/ros2_fundamentals_examples:/home/ehoaglin/ros2_ws/install/dingo:/home/ehoaglin/ros2_ws/install/dingo_control:/home/ehoaglin/ros2_ws/install/dingo_servo_interfacing:/home/ehoaglin/ros2_ws/install/dingo_pybullet:/home/ehoaglin/ros2_ws/install/dingo_peripheral_interfacing_msg:/home/ehoaglin/ros2_ws/install/dingo_peripheral_interfacing:/home/ehoaglin/ros2_ws/install/dingo_input_interfacing:/home/ehoaglin/ros2_ws/install/dingo_hardware_config:/home/ehoaglin/ros2_ws/install/dingo_control_msg:/opt/ros/jazzy/opt/gz_sim_vendor:/opt/ros/jazzy/opt/gz_sensors_vendor:/opt/ros/jazzy/opt/gz_physics_vendor:/opt/ros/jazzy/opt/sdformat_vendor:/opt/ros/jazzy/opt/gz_gui_vendor:/opt/ros/jazzy/opt/gz_transport_vendor:/opt/ros/jazzy/opt/gz_rendering_vendor:/opt/ros/jazzy/opt/gz_plugin_vendor:/opt/ros/jazzy/opt/gz_fuel_tools_vendor:/opt/ros/jazzy/opt/gz_msgs_vendor:/opt/ros/jazzy/opt/gz_common_vendor:/opt/ros/jazzy/opt/gz_math_vendor:/opt/ros/jazzy/opt/gz_utils_vendor:/opt/ros/jazzy/opt/gz_tools_vendor:/opt/ros/jazzy/opt/gz_ogre_next_vendor:/opt/ros/jazzy/opt/gz_dartsim_vendor:/opt/ros/jazzy/opt/gz_cmake_vendor:/home/ehoaglin/ros2_ws/install/dualsense_interface:/opt/ros/jazzy /usr/bin/cmake --install /home/ehoaglin/ros2_ws/build/dingo_pybullet
[0.803s] -- Install configuration: ""
[0.803s] -- Up-to-date: /home/ehoaglin/ros2_ws/install/dingo_pybullet/lib/dingo_pybullet/launch_robot.py
[0.804s] -- Up-to-date: /home/ehoaglin/ros2_ws/install/dingo_pybullet/lib/dingo_pybullet/pybullet_simulation.py
[0.804s] -- Up-to-date: /home/ehoaglin/ros2_ws/install/dingo_pybullet/share/dingo_pybullet/launch
[0.804s] -- Up-to-date: /home/ehoaglin/ros2_ws/install/dingo_pybullet/share/dingo_pybullet/launch/launch_simulation.py
[0.804s] -- Up-to-date: /home/ehoaglin/ros2_ws/install/dingo_pybullet/share/dingo_pybullet/launch/simulation.launch.py
[0.804s] -- Up-to-date: /home/ehoaglin/ros2_ws/install/dingo_pybullet/share/dingo_pybullet/environment/pythonpath.sh
[0.804s] -- Up-to-date: /home/ehoaglin/ros2_ws/install/dingo_pybullet/share/dingo_pybullet/environment/pythonpath.dsv
[0.805s] -- Up-to-date: /home/ehoaglin/ros2_ws/install/dingo_pybullet/lib/python3.12/site-packages/dingo_pybullet-1.0.0-py3.12.egg-info
[0.805s] -- Installing: /home/ehoaglin/ros2_ws/install/dingo_pybullet/lib/python3.12/site-packages/dingo_pybullet-1.0.0-py3.12.egg-info/top_level.txt
[0.805s] -- Installing: /home/ehoaglin/ros2_ws/install/dingo_pybullet/lib/python3.12/site-packages/dingo_pybullet-1.0.0-py3.12.egg-info/dependency_links.txt
[0.805s] -- Installing: /home/ehoaglin/ros2_ws/install/dingo_pybullet/lib/python3.12/site-packages/dingo_pybullet-1.0.0-py3.12.egg-info/SOURCES.txt
[0.805s] -- Installing: /home/ehoaglin/ros2_ws/install/dingo_pybullet/lib/python3.12/site-packages/dingo_pybullet-1.0.0-py3.12.egg-info/PKG-INFO
[0.805s] -- Up-to-date: /home/ehoaglin/ros2_ws/install/dingo_pybullet/lib/python3.12/site-packages/dingo_pybullet
[0.805s] -- Up-to-date: /home/ehoaglin/ros2_ws/install/dingo_pybullet/lib/python3.12/site-packages/dingo_pybullet/__init__.py
[0.806s] -- Up-to-date: /home/ehoaglin/ros2_ws/install/dingo_pybullet/lib/python3.12/site-packages/dingo_pybullet/scripts
[0.867s] Listing '/home/ehoaglin/ros2_ws/install/dingo_pybullet/lib/python3.12/site-packages/dingo_pybullet'...
[0.877s] -- Up-to-date: /home/ehoaglin/ros2_ws/install/dingo_pybullet/share/ament_index/resource_index/package_run_dependencies/dingo_pybullet
[0.878s] -- Up-to-date: /home/ehoaglin/ros2_ws/install/dingo_pybullet/share/ament_index/resource_index/parent_prefix_path/dingo_pybullet
[0.878s] -- Up-to-date: /home/ehoaglin/ros2_ws/install/dingo_pybullet/share/dingo_pybullet/environment/ament_prefix_path.sh
[0.878s] -- Up-to-date: /home/ehoaglin/ros2_ws/install/dingo_pybullet/share/dingo_pybullet/environment/ament_prefix_path.dsv
[0.879s] -- Up-to-date: /home/ehoaglin/ros2_ws/install/dingo_pybullet/share/dingo_pybullet/environment/path.sh
[0.879s] -- Up-to-date: /home/ehoaglin/ros2_ws/install/dingo_pybullet/share/dingo_pybullet/environment/path.dsv
[0.879s] -- Up-to-date: /home/ehoaglin/ros2_ws/install/dingo_pybullet/share/dingo_pybullet/local_setup.bash
[0.880s] -- Up-to-date: /home/ehoaglin/ros2_ws/install/dingo_pybullet/share/dingo_pybullet/local_setup.sh
[0.880s] -- Up-to-date: /home/ehoaglin/ros2_ws/install/dingo_pybullet/share/dingo_pybullet/local_setup.zsh
[0.880s] -- Up-to-date: /home/ehoaglin/ros2_ws/install/dingo_pybullet/share/dingo_pybullet/local_setup.dsv
[0.880s] -- Installing: /home/ehoaglin/ros2_ws/install/dingo_pybullet/share/dingo_pybullet/package.dsv
[0.881s] -- Up-to-date: /home/ehoaglin/ros2_ws/install/dingo_pybullet/share/ament_index/resource_index/packages/dingo_pybullet
[0.881s] -- Up-to-date: /home/ehoaglin/ros2_ws/install/dingo_pybullet/share/dingo_pybullet/cmake/dingo_pybulletConfig.cmake
[0.882s] -- Up-to-date: /home/ehoaglin/ros2_ws/install/dingo_pybullet/share/dingo_pybullet/cmake/dingo_pybulletConfig-version.cmake
[0.882s] -- Up-to-date: /home/ehoaglin/ros2_ws/install/dingo_pybullet/share/dingo_pybullet/package.xml
[0.883s] Invoked command in '/home/ehoaglin/ros2_ws/build/dingo_pybullet' returned '0': CMAKE_PREFIX_PATH=/home/ehoaglin/ros2_ws/install/dingo_description:/home/ehoaglin/ros2_ws/install/ros2_fundamentals_examples:/home/ehoaglin/ros2_ws/install/dingo:/home/ehoaglin/ros2_ws/install/dingo_control:/home/ehoaglin/ros2_ws/install/dingo_servo_interfacing:/home/ehoaglin/ros2_ws/install/dingo_pybullet:/home/ehoaglin/ros2_ws/install/dingo_peripheral_interfacing_msg:/home/ehoaglin/ros2_ws/install/dingo_peripheral_interfacing:/home/ehoaglin/ros2_ws/install/dingo_input_interfacing:/home/ehoaglin/ros2_ws/install/dingo_hardware_config:/home/ehoaglin/ros2_ws/install/dingo_control_msg:/opt/ros/jazzy/opt/gz_sim_vendor:/opt/ros/jazzy/opt/gz_sensors_vendor:/opt/ros/jazzy/opt/gz_physics_vendor:/opt/ros/jazzy/opt/sdformat_vendor:/opt/ros/jazzy/opt/gz_gui_vendor:/opt/ros/jazzy/opt/gz_transport_vendor:/opt/ros/jazzy/opt/gz_rendering_vendor:/opt/ros/jazzy/opt/gz_plugin_vendor:/opt/ros/jazzy/opt/gz_fuel_tools_vendor:/opt/ros/jazzy/opt/gz_msgs_vendor:/opt/ros/jazzy/opt/gz_common_vendor:/opt/ros/jazzy/opt/gz_math_vendor:/opt/ros/jazzy/opt/gz_utils_vendor:/opt/ros/jazzy/opt/gz_tools_vendor:/opt/ros/jazzy/opt/gz_ogre_next_vendor:/opt/ros/jazzy/opt/gz_dartsim_vendor:/opt/ros/jazzy/opt/gz_cmake_vendor:/home/ehoaglin/ros2_ws/install/dualsense_interface:/opt/ros/jazzy /usr/bin/cmake --install /home/ehoaglin/ros2_ws/build/dingo_pybullet
