[0.088s] Invoking command in '/home/ehoaglin/ros2_ws/build/dingo_servo_interfacing': CMAKE_PREFIX_PATH=${CMAKE_PREFIX_PATH}:/home/ehoaglin/ros2_ws/install/dualsense_interface:/opt/ros/jazzy /usr/bin/cmake --build /home/ehoaglin/ros2_ws/build/dingo_servo_interfacing -- -j12 -l12
[1.017s] Built target ament_cmake_python_copy_dingo_servo_interfacing
[1.238s] running egg_info
[1.328s] writing dingo_servo_interfacing.egg-info/PKG-INFO
[1.329s] writing dependency_links to dingo_servo_interfacing.egg-info/dependency_links.txt
[1.329s] writing top-level names to dingo_servo_interfacing.egg-info/top_level.txt
[1.562s] reading manifest file 'dingo_servo_interfacing.egg-info/SOURCES.txt'
[1.564s] writing manifest file 'dingo_servo_interfacing.egg-info/SOURCES.txt'
[1.745s] Built target ament_cmake_python_build_dingo_servo_interfacing_egg
[1.870s] Invoked command in '/home/ehoaglin/ros2_ws/build/dingo_servo_interfacing' returned '0': CMAKE_PREFIX_PATH=${CMAKE_PREFIX_PATH}:/home/ehoaglin/ros2_ws/install/dualsense_interface:/opt/ros/jazzy /usr/bin/cmake --build /home/ehoaglin/ros2_ws/build/dingo_servo_interfacing -- -j12 -l12
[1.872s] Invoking command in '/home/ehoaglin/ros2_ws/build/dingo_servo_interfacing': CMAKE_PREFIX_PATH=${CMAKE_PREFIX_PATH}:/home/ehoaglin/ros2_ws/install/dualsense_interface:/opt/ros/jazzy /usr/bin/cmake --install /home/ehoaglin/ros2_ws/build/dingo_servo_interfacing
[2.129s] -- Install configuration: ""
[2.129s] -- Up-to-date: /home/ehoaglin/ros2_ws/install/dingo_servo_interfacing/share/dingo_servo_interfacing/environment/pythonpath.sh
[2.130s] -- Up-to-date: /home/ehoaglin/ros2_ws/install/dingo_servo_interfacing/share/dingo_servo_interfacing/environment/pythonpath.dsv
[2.130s] -- Up-to-date: /home/ehoaglin/ros2_ws/install/dingo_servo_interfacing/lib/python3.12/site-packages/dingo_servo_interfacing-0.0.0-py3.12.egg-info
[2.130s] -- Installing: /home/ehoaglin/ros2_ws/install/dingo_servo_interfacing/lib/python3.12/site-packages/dingo_servo_interfacing-0.0.0-py3.12.egg-info/top_level.txt
[2.130s] -- Installing: /home/ehoaglin/ros2_ws/install/dingo_servo_interfacing/lib/python3.12/site-packages/dingo_servo_interfacing-0.0.0-py3.12.egg-info/dependency_links.txt
[2.131s] -- Installing: /home/ehoaglin/ros2_ws/install/dingo_servo_interfacing/lib/python3.12/site-packages/dingo_servo_interfacing-0.0.0-py3.12.egg-info/SOURCES.txt
[2.131s] -- Installing: /home/ehoaglin/ros2_ws/install/dingo_servo_interfacing/lib/python3.12/site-packages/dingo_servo_interfacing-0.0.0-py3.12.egg-info/PKG-INFO
[2.131s] -- Up-to-date: /home/ehoaglin/ros2_ws/install/dingo_servo_interfacing/lib/python3.12/site-packages/dingo_servo_interfacing
[2.131s] -- Up-to-date: /home/ehoaglin/ros2_ws/install/dingo_servo_interfacing/lib/python3.12/site-packages/dingo_servo_interfacing/CalibrateServos.py
[2.132s] -- Up-to-date: /home/ehoaglin/ros2_ws/install/dingo_servo_interfacing/lib/python3.12/site-packages/dingo_servo_interfacing/__init__.py
[2.132s] -- Up-to-date: /home/ehoaglin/ros2_ws/install/dingo_servo_interfacing/lib/python3.12/site-packages/dingo_servo_interfacing/ServoCalibrationDefinition.py
[2.132s] -- Up-to-date: /home/ehoaglin/ros2_ws/install/dingo_servo_interfacing/lib/python3.12/site-packages/dingo_servo_interfacing/HardwareInterface.py
[2.133s] Listing '/home/ehoaglin/ros2_ws/install/dingo_servo_interfacing/lib/python3.12/site-packages/dingo_servo_interfacing'...
[2.133s] -- Up-to-date: /home/ehoaglin/ros2_ws/install/dingo_servo_interfacing/share/ament_index/resource_index/package_run_dependencies/dingo_servo_interfacing
[2.133s] -- Up-to-date: /home/ehoaglin/ros2_ws/install/dingo_servo_interfacing/share/ament_index/resource_index/parent_prefix_path/dingo_servo_interfacing
[2.134s] -- Up-to-date: /home/ehoaglin/ros2_ws/install/dingo_servo_interfacing/share/dingo_servo_interfacing/environment/ament_prefix_path.sh
[2.134s] -- Up-to-date: /home/ehoaglin/ros2_ws/install/dingo_servo_interfacing/share/dingo_servo_interfacing/environment/ament_prefix_path.dsv
[2.134s] -- Up-to-date: /home/ehoaglin/ros2_ws/install/dingo_servo_interfacing/share/dingo_servo_interfacing/environment/path.sh
[2.134s] -- Up-to-date: /home/ehoaglin/ros2_ws/install/dingo_servo_interfacing/share/dingo_servo_interfacing/environment/path.dsv
[2.135s] -- Up-to-date: /home/ehoaglin/ros2_ws/install/dingo_servo_interfacing/share/dingo_servo_interfacing/local_setup.bash
[2.135s] -- Up-to-date: /home/ehoaglin/ros2_ws/install/dingo_servo_interfacing/share/dingo_servo_interfacing/local_setup.sh
[2.135s] -- Up-to-date: /home/ehoaglin/ros2_ws/install/dingo_servo_interfacing/share/dingo_servo_interfacing/local_setup.zsh
[2.136s] -- Up-to-date: /home/ehoaglin/ros2_ws/install/dingo_servo_interfacing/share/dingo_servo_interfacing/local_setup.dsv
[2.136s] -- Installing: /home/ehoaglin/ros2_ws/install/dingo_servo_interfacing/share/dingo_servo_interfacing/package.dsv
[2.136s] -- Up-to-date: /home/ehoaglin/ros2_ws/install/dingo_servo_interfacing/share/ament_index/resource_index/packages/dingo_servo_interfacing
[2.136s] -- Up-to-date: /home/ehoaglin/ros2_ws/install/dingo_servo_interfacing/share/dingo_servo_interfacing/cmake/dingo_servo_interfacingConfig.cmake
[2.137s] -- Up-to-date: /home/ehoaglin/ros2_ws/install/dingo_servo_interfacing/share/dingo_servo_interfacing/cmake/dingo_servo_interfacingConfig-version.cmake
[2.137s] -- Up-to-date: /home/ehoaglin/ros2_ws/install/dingo_servo_interfacing/share/dingo_servo_interfacing/package.xml
[2.160s] Invoked command in '/home/ehoaglin/ros2_ws/build/dingo_servo_interfacing' returned '0': CMAKE_PREFIX_PATH=${CMAKE_PREFIX_PATH}:/home/ehoaglin/ros2_ws/install/dualsense_interface:/opt/ros/jazzy /usr/bin/cmake --install /home/ehoaglin/ros2_ws/build/dingo_servo_interfacing
