[0.499s] Invoking command in '/home/ehoaglin/ros2_ws/build/ros2_fundamentals_examples': CMAKE_PREFIX_PATH=/home/ehoaglin/ros2_ws/install/ros2_fundamentals_examples:/home/ehoaglin/ros2_ws/install/dingo:/home/ehoaglin/ros2_ws/install/dingo_input_interfacing:/home/ehoaglin/ros2_ws/install/dingo_control:/home/ehoaglin/ros2_ws/install/dingo_servo_interfacing:/home/ehoaglin/ros2_ws/install/dingo_pybullet:/home/ehoaglin/ros2_ws/install/dingo_peripheral_interfacing_msg:/home/ehoaglin/ros2_ws/install/dingo_peripheral_interfacing:/home/ehoaglin/ros2_ws/install/dingo_hardware_config:/home/ehoaglin/ros2_ws/install/dualsense_interface:/opt/ros/jazzy:/home/ehoaglin/ros2_ws/install/dingo_description:/home/ehoaglin/ros2_ws/install/dingo_control_msg:/opt/ros/jazzy/opt/gz_sim_vendor:/opt/ros/jazzy/opt/gz_sensors_vendor:/opt/ros/jazzy/opt/gz_physics_vendor:/opt/ros/jazzy/opt/sdformat_vendor:/opt/ros/jazzy/opt/gz_gui_vendor:/opt/ros/jazzy/opt/gz_transport_vendor:/opt/ros/jazzy/opt/gz_rendering_vendor:/opt/ros/jazzy/opt/gz_plugin_vendor:/opt/ros/jazzy/opt/gz_fuel_tools_vendor:/opt/ros/jazzy/opt/gz_msgs_vendor:/opt/ros/jazzy/opt/gz_common_vendor:/opt/ros/jazzy/opt/gz_math_vendor:/opt/ros/jazzy/opt/gz_utils_vendor:/opt/ros/jazzy/opt/gz_tools_vendor:/opt/ros/jazzy/opt/gz_ogre_next_vendor:/opt/ros/jazzy/opt/gz_dartsim_vendor:/opt/ros/jazzy/opt/gz_cmake_vendor /usr/bin/cmake --build /home/ehoaglin/ros2_ws/build/ros2_fundamentals_examples -- -j12 -l12
[0.616s] Built target ament_cmake_python_copy_ros2_fundamentals_examples
[1.035s] running egg_info
[1.087s] writing ros2_fundamentals_examples.egg-info/PKG-INFO
[1.087s] writing dependency_links to ros2_fundamentals_examples.egg-info/dependency_links.txt
[1.089s] writing top-level names to ros2_fundamentals_examples.egg-info/top_level.txt
[1.242s] reading manifest file 'ros2_fundamentals_examples.egg-info/SOURCES.txt'
[1.243s] writing manifest file 'ros2_fundamentals_examples.egg-info/SOURCES.txt'
[1.308s] Built target ament_cmake_python_build_ros2_fundamentals_examples_egg
[1.330s] Invoked command in '/home/ehoaglin/ros2_ws/build/ros2_fundamentals_examples' returned '0': CMAKE_PREFIX_PATH=/home/ehoaglin/ros2_ws/install/ros2_fundamentals_examples:/home/ehoaglin/ros2_ws/install/dingo:/home/ehoaglin/ros2_ws/install/dingo_input_interfacing:/home/ehoaglin/ros2_ws/install/dingo_control:/home/ehoaglin/ros2_ws/install/dingo_servo_interfacing:/home/ehoaglin/ros2_ws/install/dingo_pybullet:/home/ehoaglin/ros2_ws/install/dingo_peripheral_interfacing_msg:/home/ehoaglin/ros2_ws/install/dingo_peripheral_interfacing:/home/ehoaglin/ros2_ws/install/dingo_hardware_config:/home/ehoaglin/ros2_ws/install/dualsense_interface:/opt/ros/jazzy:/home/ehoaglin/ros2_ws/install/dingo_description:/home/ehoaglin/ros2_ws/install/dingo_control_msg:/opt/ros/jazzy/opt/gz_sim_vendor:/opt/ros/jazzy/opt/gz_sensors_vendor:/opt/ros/jazzy/opt/gz_physics_vendor:/opt/ros/jazzy/opt/sdformat_vendor:/opt/ros/jazzy/opt/gz_gui_vendor:/opt/ros/jazzy/opt/gz_transport_vendor:/opt/ros/jazzy/opt/gz_rendering_vendor:/opt/ros/jazzy/opt/gz_plugin_vendor:/opt/ros/jazzy/opt/gz_fuel_tools_vendor:/opt/ros/jazzy/opt/gz_msgs_vendor:/opt/ros/jazzy/opt/gz_common_vendor:/opt/ros/jazzy/opt/gz_math_vendor:/opt/ros/jazzy/opt/gz_utils_vendor:/opt/ros/jazzy/opt/gz_tools_vendor:/opt/ros/jazzy/opt/gz_ogre_next_vendor:/opt/ros/jazzy/opt/gz_dartsim_vendor:/opt/ros/jazzy/opt/gz_cmake_vendor /usr/bin/cmake --build /home/ehoaglin/ros2_ws/build/ros2_fundamentals_examples -- -j12 -l12
[1.332s] Invoking command in '/home/ehoaglin/ros2_ws/build/ros2_fundamentals_examples': CMAKE_PREFIX_PATH=/home/ehoaglin/ros2_ws/install/ros2_fundamentals_examples:/home/ehoaglin/ros2_ws/install/dingo:/home/ehoaglin/ros2_ws/install/dingo_input_interfacing:/home/ehoaglin/ros2_ws/install/dingo_control:/home/ehoaglin/ros2_ws/install/dingo_servo_interfacing:/home/ehoaglin/ros2_ws/install/dingo_pybullet:/home/ehoaglin/ros2_ws/install/dingo_peripheral_interfacing_msg:/home/ehoaglin/ros2_ws/install/dingo_peripheral_interfacing:/home/ehoaglin/ros2_ws/install/dingo_hardware_config:/home/ehoaglin/ros2_ws/install/dualsense_interface:/opt/ros/jazzy:/home/ehoaglin/ros2_ws/install/dingo_description:/home/ehoaglin/ros2_ws/install/dingo_control_msg:/opt/ros/jazzy/opt/gz_sim_vendor:/opt/ros/jazzy/opt/gz_sensors_vendor:/opt/ros/jazzy/opt/gz_physics_vendor:/opt/ros/jazzy/opt/sdformat_vendor:/opt/ros/jazzy/opt/gz_gui_vendor:/opt/ros/jazzy/opt/gz_transport_vendor:/opt/ros/jazzy/opt/gz_rendering_vendor:/opt/ros/jazzy/opt/gz_plugin_vendor:/opt/ros/jazzy/opt/gz_fuel_tools_vendor:/opt/ros/jazzy/opt/gz_msgs_vendor:/opt/ros/jazzy/opt/gz_common_vendor:/opt/ros/jazzy/opt/gz_math_vendor:/opt/ros/jazzy/opt/gz_utils_vendor:/opt/ros/jazzy/opt/gz_tools_vendor:/opt/ros/jazzy/opt/gz_ogre_next_vendor:/opt/ros/jazzy/opt/gz_dartsim_vendor:/opt/ros/jazzy/opt/gz_cmake_vendor /usr/bin/cmake --install /home/ehoaglin/ros2_ws/build/ros2_fundamentals_examples
[1.345s] -- Install configuration: ""
[1.346s] -- Up-to-date: /home/ehoaglin/ros2_ws/install/ros2_fundamentals_examples/share/ros2_fundamentals_examples/ros2_fundamentals_examples
[1.346s] -- Up-to-date: /home/ehoaglin/ros2_ws/install/ros2_fundamentals_examples/share/ros2_fundamentals_examples/ros2_fundamentals_examples/__init__.py
[1.347s] -- Up-to-date: /home/ehoaglin/ros2_ws/install/ros2_fundamentals_examples/share/ros2_fundamentals_examples/ros2_fundamentals_examples/py_minimal_publisher.py
[1.348s] -- Up-to-date: /home/ehoaglin/ros2_ws/install/ros2_fundamentals_examples/include
[1.348s] -- Up-to-date: /home/ehoaglin/ros2_ws/install/ros2_fundamentals_examples/include/ros2_fundamentals_examples
[1.348s] -- Up-to-date: /home/ehoaglin/ros2_ws/install/ros2_fundamentals_examples/share/ros2_fundamentals_examples/environment/pythonpath.sh
[1.349s] -- Up-to-date: /home/ehoaglin/ros2_ws/install/ros2_fundamentals_examples/share/ros2_fundamentals_examples/environment/pythonpath.dsv
[1.349s] -- Up-to-date: /home/ehoaglin/ros2_ws/install/ros2_fundamentals_examples/lib/python3.12/site-packages/ros2_fundamentals_examples-0.0.0-py3.12.egg-info
[1.349s] -- Installing: /home/ehoaglin/ros2_ws/install/ros2_fundamentals_examples/lib/python3.12/site-packages/ros2_fundamentals_examples-0.0.0-py3.12.egg-info/top_level.txt
[1.350s] -- Installing: /home/ehoaglin/ros2_ws/install/ros2_fundamentals_examples/lib/python3.12/site-packages/ros2_fundamentals_examples-0.0.0-py3.12.egg-info/dependency_links.txt
[1.350s] -- Installing: /home/ehoaglin/ros2_ws/install/ros2_fundamentals_examples/lib/python3.12/site-packages/ros2_fundamentals_examples-0.0.0-py3.12.egg-info/SOURCES.txt
[1.350s] -- Installing: /home/ehoaglin/ros2_ws/install/ros2_fundamentals_examples/lib/python3.12/site-packages/ros2_fundamentals_examples-0.0.0-py3.12.egg-info/PKG-INFO
[1.351s] -- Up-to-date: /home/ehoaglin/ros2_ws/install/ros2_fundamentals_examples/lib/python3.12/site-packages/ros2_fundamentals_examples
[1.351s] -- Up-to-date: /home/ehoaglin/ros2_ws/install/ros2_fundamentals_examples/lib/python3.12/site-packages/ros2_fundamentals_examples/__init__.py
[1.351s] -- Up-to-date: /home/ehoaglin/ros2_ws/install/ros2_fundamentals_examples/lib/python3.12/site-packages/ros2_fundamentals_examples/py_minimal_publisher.py
[1.423s] Listing '/home/ehoaglin/ros2_ws/install/ros2_fundamentals_examples/lib/python3.12/site-packages/ros2_fundamentals_examples'...
[1.432s] -- Up-to-date: /home/ehoaglin/ros2_ws/install/ros2_fundamentals_examples/lib/ros2_fundamentals_examples/py_minimal_publisher.py
[1.433s] -- Up-to-date: /home/ehoaglin/ros2_ws/install/ros2_fundamentals_examples/share/ament_index/resource_index/package_run_dependencies/ros2_fundamentals_examples
[1.434s] -- Up-to-date: /home/ehoaglin/ros2_ws/install/ros2_fundamentals_examples/share/ament_index/resource_index/parent_prefix_path/ros2_fundamentals_examples
[1.435s] -- Up-to-date: /home/ehoaglin/ros2_ws/install/ros2_fundamentals_examples/share/ros2_fundamentals_examples/environment/ament_prefix_path.sh
[1.435s] -- Up-to-date: /home/ehoaglin/ros2_ws/install/ros2_fundamentals_examples/share/ros2_fundamentals_examples/environment/ament_prefix_path.dsv
[1.436s] -- Up-to-date: /home/ehoaglin/ros2_ws/install/ros2_fundamentals_examples/share/ros2_fundamentals_examples/environment/path.sh
[1.436s] -- Up-to-date: /home/ehoaglin/ros2_ws/install/ros2_fundamentals_examples/share/ros2_fundamentals_examples/environment/path.dsv
[1.437s] -- Up-to-date: /home/ehoaglin/ros2_ws/install/ros2_fundamentals_examples/share/ros2_fundamentals_examples/local_setup.bash
[1.437s] -- Up-to-date: /home/ehoaglin/ros2_ws/install/ros2_fundamentals_examples/share/ros2_fundamentals_examples/local_setup.sh
[1.437s] -- Up-to-date: /home/ehoaglin/ros2_ws/install/ros2_fundamentals_examples/share/ros2_fundamentals_examples/local_setup.zsh
[1.438s] -- Up-to-date: /home/ehoaglin/ros2_ws/install/ros2_fundamentals_examples/share/ros2_fundamentals_examples/local_setup.dsv
[1.438s] -- Installing: /home/ehoaglin/ros2_ws/install/ros2_fundamentals_examples/share/ros2_fundamentals_examples/package.dsv
[1.439s] -- Up-to-date: /home/ehoaglin/ros2_ws/install/ros2_fundamentals_examples/share/ament_index/resource_index/packages/ros2_fundamentals_examples
[1.440s] -- Up-to-date: /home/ehoaglin/ros2_ws/install/ros2_fundamentals_examples/share/ros2_fundamentals_examples/cmake/ament_cmake_export_include_directories-extras.cmake
[1.440s] -- Up-to-date: /home/ehoaglin/ros2_ws/install/ros2_fundamentals_examples/share/ros2_fundamentals_examples/cmake/ros2_fundamentals_examplesConfig.cmake
[1.441s] -- Up-to-date: /home/ehoaglin/ros2_ws/install/ros2_fundamentals_examples/share/ros2_fundamentals_examples/cmake/ros2_fundamentals_examplesConfig-version.cmake
[1.441s] -- Up-to-date: /home/ehoaglin/ros2_ws/install/ros2_fundamentals_examples/share/ros2_fundamentals_examples/package.xml
[1.444s] Invoked command in '/home/ehoaglin/ros2_ws/build/ros2_fundamentals_examples' returned '0': CMAKE_PREFIX_PATH=/home/ehoaglin/ros2_ws/install/ros2_fundamentals_examples:/home/ehoaglin/ros2_ws/install/dingo:/home/ehoaglin/ros2_ws/install/dingo_input_interfacing:/home/ehoaglin/ros2_ws/install/dingo_control:/home/ehoaglin/ros2_ws/install/dingo_servo_interfacing:/home/ehoaglin/ros2_ws/install/dingo_pybullet:/home/ehoaglin/ros2_ws/install/dingo_peripheral_interfacing_msg:/home/ehoaglin/ros2_ws/install/dingo_peripheral_interfacing:/home/ehoaglin/ros2_ws/install/dingo_hardware_config:/home/ehoaglin/ros2_ws/install/dualsense_interface:/opt/ros/jazzy:/home/ehoaglin/ros2_ws/install/dingo_description:/home/ehoaglin/ros2_ws/install/dingo_control_msg:/opt/ros/jazzy/opt/gz_sim_vendor:/opt/ros/jazzy/opt/gz_sensors_vendor:/opt/ros/jazzy/opt/gz_physics_vendor:/opt/ros/jazzy/opt/sdformat_vendor:/opt/ros/jazzy/opt/gz_gui_vendor:/opt/ros/jazzy/opt/gz_transport_vendor:/opt/ros/jazzy/opt/gz_rendering_vendor:/opt/ros/jazzy/opt/gz_plugin_vendor:/opt/ros/jazzy/opt/gz_fuel_tools_vendor:/opt/ros/jazzy/opt/gz_msgs_vendor:/opt/ros/jazzy/opt/gz_common_vendor:/opt/ros/jazzy/opt/gz_math_vendor:/opt/ros/jazzy/opt/gz_utils_vendor:/opt/ros/jazzy/opt/gz_tools_vendor:/opt/ros/jazzy/opt/gz_ogre_next_vendor:/opt/ros/jazzy/opt/gz_dartsim_vendor:/opt/ros/jazzy/opt/gz_cmake_vendor /usr/bin/cmake --install /home/ehoaglin/ros2_ws/build/ros2_fundamentals_examples
