[0.059s] Invoking command in '/home/ehoaglin/ros2_ws/build/dingo_peripheral_interfacing': CMAKE_PREFIX_PATH=${CMAKE_PREFIX_PATH}:/home/ehoaglin/ros2_ws/install/dualsense_interface:/opt/ros/jazzy /usr/bin/cmake --build /home/ehoaglin/ros2_ws/build/dingo_peripheral_interfacing -- -j12 -l12
[0.804s] Built target ament_cmake_python_copy_dingo_peripheral_interfacing
[0.936s] running egg_info
[0.986s] writing dingo_peripheral_interfacing.egg-info/PKG-INFO
[0.987s] writing dependency_links to dingo_peripheral_interfacing.egg-info/dependency_links.txt
[0.989s] writing top-level names to dingo_peripheral_interfacing.egg-info/top_level.txt
[1.241s] reading manifest file 'dingo_peripheral_interfacing.egg-info/SOURCES.txt'
[1.243s] writing manifest file 'dingo_peripheral_interfacing.egg-info/SOURCES.txt'
[1.342s] Built target ament_cmake_python_build_dingo_peripheral_interfacing_egg
[1.390s] Invoked command in '/home/ehoaglin/ros2_ws/build/dingo_peripheral_interfacing' returned '0': CMAKE_PREFIX_PATH=${CMAKE_PREFIX_PATH}:/home/ehoaglin/ros2_ws/install/dualsense_interface:/opt/ros/jazzy /usr/bin/cmake --build /home/ehoaglin/ros2_ws/build/dingo_peripheral_interfacing -- -j12 -l12
[1.420s] Invoking command in '/home/ehoaglin/ros2_ws/build/dingo_peripheral_interfacing': CMAKE_PREFIX_PATH=${CMAKE_PREFIX_PATH}:/home/ehoaglin/ros2_ws/install/dualsense_interface:/opt/ros/jazzy /usr/bin/cmake --install /home/ehoaglin/ros2_ws/build/dingo_peripheral_interfacing
[1.439s] -- Install configuration: ""
[1.439s] -- Up-to-date: /home/ehoaglin/ros2_ws/install/dingo_peripheral_interfacing/share/dingo_peripheral_interfacing/environment/pythonpath.sh
[1.439s] -- Up-to-date: /home/ehoaglin/ros2_ws/install/dingo_peripheral_interfacing/share/dingo_peripheral_interfacing/environment/pythonpath.dsv
[1.439s] -- Up-to-date: /home/ehoaglin/ros2_ws/install/dingo_peripheral_interfacing/lib/python3.12/site-packages/dingo_peripheral_interfacing-0.0.0-py3.12.egg-info
[1.440s] -- Installing: /home/ehoaglin/ros2_ws/install/dingo_peripheral_interfacing/lib/python3.12/site-packages/dingo_peripheral_interfacing-0.0.0-py3.12.egg-info/top_level.txt
[1.440s] -- Installing: /home/ehoaglin/ros2_ws/install/dingo_peripheral_interfacing/lib/python3.12/site-packages/dingo_peripheral_interfacing-0.0.0-py3.12.egg-info/dependency_links.txt
[1.440s] -- Installing: /home/ehoaglin/ros2_ws/install/dingo_peripheral_interfacing/lib/python3.12/site-packages/dingo_peripheral_interfacing-0.0.0-py3.12.egg-info/SOURCES.txt
[1.441s] -- Installing: /home/ehoaglin/ros2_ws/install/dingo_peripheral_interfacing/lib/python3.12/site-packages/dingo_peripheral_interfacing-0.0.0-py3.12.egg-info/PKG-INFO
[1.441s] -- Up-to-date: /home/ehoaglin/ros2_ws/install/dingo_peripheral_interfacing/lib/python3.12/site-packages/dingo_peripheral_interfacing
[1.441s] -- Up-to-date: /home/ehoaglin/ros2_ws/install/dingo_peripheral_interfacing/lib/python3.12/site-packages/dingo_peripheral_interfacing/__init__.py
[1.442s] -- Up-to-date: /home/ehoaglin/ros2_ws/install/dingo_peripheral_interfacing/lib/python3.12/site-packages/dingo_peripheral_interfacing/imu_test.py
[1.442s] -- Up-to-date: /home/ehoaglin/ros2_ws/install/dingo_peripheral_interfacing/lib/python3.12/site-packages/dingo_peripheral_interfacing/IMU.py
[1.442s] -- Up-to-date: /home/ehoaglin/ros2_ws/install/dingo_peripheral_interfacing/lib/python3.12/site-packages/dingo_peripheral_interfacing/Open Notebook.onetoc2
[1.531s] Listing '/home/ehoaglin/ros2_ws/install/dingo_peripheral_interfacing/lib/python3.12/site-packages/dingo_peripheral_interfacing'...
[1.559s] -- Up-to-date: /home/ehoaglin/ros2_ws/install/dingo_peripheral_interfacing/share/ament_index/resource_index/package_run_dependencies/dingo_peripheral_interfacing
[1.560s] -- Up-to-date: /home/ehoaglin/ros2_ws/install/dingo_peripheral_interfacing/share/ament_index/resource_index/parent_prefix_path/dingo_peripheral_interfacing
[1.561s] -- Up-to-date: /home/ehoaglin/ros2_ws/install/dingo_peripheral_interfacing/share/dingo_peripheral_interfacing/environment/ament_prefix_path.sh
[1.562s] -- Up-to-date: /home/ehoaglin/ros2_ws/install/dingo_peripheral_interfacing/share/dingo_peripheral_interfacing/environment/ament_prefix_path.dsv
[1.563s] -- Up-to-date: /home/ehoaglin/ros2_ws/install/dingo_peripheral_interfacing/share/dingo_peripheral_interfacing/environment/path.sh
[1.564s] -- Up-to-date: /home/ehoaglin/ros2_ws/install/dingo_peripheral_interfacing/share/dingo_peripheral_interfacing/environment/path.dsv
[1.564s] -- Up-to-date: /home/ehoaglin/ros2_ws/install/dingo_peripheral_interfacing/share/dingo_peripheral_interfacing/local_setup.bash
[1.566s] -- Up-to-date: /home/ehoaglin/ros2_ws/install/dingo_peripheral_interfacing/share/dingo_peripheral_interfacing/local_setup.sh
[1.567s] -- Up-to-date: /home/ehoaglin/ros2_ws/install/dingo_peripheral_interfacing/share/dingo_peripheral_interfacing/local_setup.zsh
[1.567s] -- Up-to-date: /home/ehoaglin/ros2_ws/install/dingo_peripheral_interfacing/share/dingo_peripheral_interfacing/local_setup.dsv
[1.568s] -- Installing: /home/ehoaglin/ros2_ws/install/dingo_peripheral_interfacing/share/dingo_peripheral_interfacing/package.dsv
[1.569s] -- Up-to-date: /home/ehoaglin/ros2_ws/install/dingo_peripheral_interfacing/share/ament_index/resource_index/packages/dingo_peripheral_interfacing
[1.569s] -- Up-to-date: /home/ehoaglin/ros2_ws/install/dingo_peripheral_interfacing/share/dingo_peripheral_interfacing/cmake/dingo_peripheral_interfacingConfig.cmake
[1.570s] -- Up-to-date: /home/ehoaglin/ros2_ws/install/dingo_peripheral_interfacing/share/dingo_peripheral_interfacing/cmake/dingo_peripheral_interfacingConfig-version.cmake
[1.572s] -- Up-to-date: /home/ehoaglin/ros2_ws/install/dingo_peripheral_interfacing/share/dingo_peripheral_interfacing/package.xml
[1.699s] Invoked command in '/home/ehoaglin/ros2_ws/build/dingo_peripheral_interfacing' returned '0': CMAKE_PREFIX_PATH=${CMAKE_PREFIX_PATH}:/home/ehoaglin/ros2_ws/install/dualsense_interface:/opt/ros/jazzy /usr/bin/cmake --install /home/ehoaglin/ros2_ws/build/dingo_peripheral_interfacing
