[0.071s] Invoking command in '/home/ehoaglin/ros2_ws/build/dingo_peripheral_interfacing_msg': CMAKE_PREFIX_PATH=${CMAKE_PREFIX_PATH}:/home/ehoaglin/ros2_ws/install/dualsense_interface:/opt/ros/jazzy /usr/bin/cmake --build /home/ehoaglin/ros2_ws/build/dingo_peripheral_interfacing_msg -- -j12 -l12
[0.826s] [  2%] Built target dingo_peripheral_interfacing_msg__rosidl_generator_type_description
[0.826s] [  2%] Built target ament_cmake_python_copy_dingo_peripheral_interfacing_msg
[0.826s] [  5%] Built target dingo_peripheral_interfacing_msg__cpp
[0.827s] [ 20%] Built target dingo_peripheral_interfacing_msg__rosidl_generator_c
[0.827s] [ 29%] Built target dingo_peripheral_interfacing_msg__rosidl_typesupport_fastrtps_cpp
[0.827s] [ 38%] Built target dingo_peripheral_interfacing_msg__rosidl_typesupport_introspection_c
[0.827s] [ 47%] Built target dingo_peripheral_interfacing_msg__rosidl_typesupport_introspection_cpp
[0.827s] [ 55%] Built target dingo_peripheral_interfacing_msg__rosidl_typesupport_cpp
[0.827s] [ 64%] Built target dingo_peripheral_interfacing_msg__rosidl_typesupport_c
[0.827s] [ 73%] Built target dingo_peripheral_interfacing_msg__rosidl_typesupport_fastrtps_c
[0.827s] [ 73%] Built target dingo_peripheral_interfacing_msg
[0.828s] [ 76%] Built target dingo_peripheral_interfacing_msg__py
[0.828s] [ 82%] Built target dingo_peripheral_interfacing_msg__rosidl_generator_py
[0.828s] [ 88%] Built target dingo_peripheral_interfacing_msg_s__rosidl_typesupport_fastrtps_c
[0.828s] [ 94%] Built target dingo_peripheral_interfacing_msg_s__rosidl_typesupport_c
[0.828s] [100%] Built target dingo_peripheral_interfacing_msg_s__rosidl_typesupport_introspection_c
[0.898s] running egg_info
[0.959s] writing dingo_peripheral_interfacing_msg.egg-info/PKG-INFO
[0.959s] writing dependency_links to dingo_peripheral_interfacing_msg.egg-info/dependency_links.txt
[0.962s] writing top-level names to dingo_peripheral_interfacing_msg.egg-info/top_level.txt
[1.120s] reading manifest file 'dingo_peripheral_interfacing_msg.egg-info/SOURCES.txt'
[1.122s] writing manifest file 'dingo_peripheral_interfacing_msg.egg-info/SOURCES.txt'
[1.196s] [100%] Built target ament_cmake_python_build_dingo_peripheral_interfacing_msg_egg
