[4.045s] Invoking command in '/home/ehoaglin/ros2_ws/src/dualsense_interface': PYTHONPATH=/home/ehoaglin/ros2_ws/build/dualsense_interface/prefix_override:/usr/lib/python3/dist-packages/colcon_core/task/python/colcon_distutils_commands:/home/ehoaglin/ros2_ws/install/dualsense_interface/lib/python3.12/site-packages:${PYTHONPATH} /usr/bin/python3 -W ignore:setup.py install is deprecated -W ignore:easy_install command is deprecated setup.py egg_info --egg-base ../../build/dualsense_interface build --build-base /home/ehoaglin/ros2_ws/build/dualsense_interface/build install --record /home/ehoaglin/ros2_ws/build/dualsense_interface/install.log --single-version-externally-managed install_data
[4.915s] running egg_info
[4.970s] writing ../../build/dualsense_interface/dualsense_interface.egg-info/PKG-INFO
[4.970s] writing dependency_links to ../../build/dualsense_interface/dualsense_interface.egg-info/dependency_links.txt
[4.971s] writing entry points to ../../build/dualsense_interface/dualsense_interface.egg-info/entry_points.txt
[4.971s] writing requirements to ../../build/dualsense_interface/dualsense_interface.egg-info/requires.txt
[4.972s] writing top-level names to ../../build/dualsense_interface/dualsense_interface.egg-info/top_level.txt
[5.098s] reading manifest file '../../build/dualsense_interface/dualsense_interface.egg-info/SOURCES.txt'
[5.101s] writing manifest file '../../build/dualsense_interface/dualsense_interface.egg-info/SOURCES.txt'
[5.101s] running build
[5.102s] running build_py
[5.102s] running install
[5.115s] running install_lib
[5.167s] running install_data
[5.168s] running install_egg_info
[5.224s] removing '/home/ehoaglin/ros2_ws/install/dualsense_interface/lib/python3.12/site-packages/dualsense_interface-0.0.0-py3.12.egg-info' (and everything under it)
[5.225s] Copying ../../build/dualsense_interface/dualsense_interface.egg-info to /home/ehoaglin/ros2_ws/install/dualsense_interface/lib/python3.12/site-packages/dualsense_interface-0.0.0-py3.12.egg-info
[5.227s] running install_scripts
[5.528s] Installing hidraw_to_joy script to /home/ehoaglin/ros2_ws/install/dualsense_interface/lib/dualsense_interface
[5.529s] writing list of installed files to '/home/ehoaglin/ros2_ws/build/dualsense_interface/install.log'
[5.601s] Invoked command in '/home/ehoaglin/ros2_ws/src/dualsense_interface' returned '0': PYTHONPATH=/home/ehoaglin/ros2_ws/build/dualsense_interface/prefix_override:/usr/lib/python3/dist-packages/colcon_core/task/python/colcon_distutils_commands:/home/ehoaglin/ros2_ws/install/dualsense_interface/lib/python3.12/site-packages:${PYTHONPATH} /usr/bin/python3 -W ignore:setup.py install is deprecated -W ignore:easy_install command is deprecated setup.py egg_info --egg-base ../../build/dualsense_interface build --build-base /home/ehoaglin/ros2_ws/build/dualsense_interface/build install --record /home/ehoaglin/ros2_ws/build/dualsense_interface/install.log --single-version-externally-managed install_data
