[0.038s] Invoking command in '/home/ehoaglin/ros2_ws/src/build/dingo': /usr/bin/cmake /home/ehoaglin/ros2_ws/src/dingo -DCMAKE_INSTALL_PREFIX=/home/ehoaglin/ros2_ws/src/install/dingo
[0.058s] -- Found ament_cmake: 2.5.3 (/opt/ros/jazzy/share/ament_cmake/cmake)
[0.262s] -- Found rclpy: 7.1.3 (/opt/ros/jazzy/share/rclpy/cmake)
[0.262s] [31mCMake Error at /opt/ros/jazzy/share/ament_cmake_python/cmake/ament_python_install_package.cmake:39 (_ament_cmake_python_install_package):
[0.262s]   _ament_cmake_python_install_package Function invoked with incorrect
[0.262s]   arguments for function named: _ament_cmake_python_install_package
[0.263s] Call Stack (most recent call first):
[0.263s]   CMakeLists.txt:22 (ament_python_install_package)
[0.263s] 
[0.263s] [0m
[0.322s] Error parsing '/home/ehoaglin/ros2_ws/src/dingo/package.xml':
[1.378s] Traceback (most recent call last):
[1.379s]   File "/opt/ros/jazzy/share/ament_cmake_core/cmake/core/package_xml_2_cmake.py", line 150, in <module>
[1.379s]     main()
[1.379s]   File "/opt/ros/jazzy/share/ament_cmake_core/cmake/core/package_xml_2_cmake.py", line 53, in main
[1.379s]     raise e
[1.379s]   File "/opt/ros/jazzy/share/ament_cmake_core/cmake/core/package_xml_2_cmake.py", line 49, in main
[1.379s]     package = parse_package_string(
[1.379s]               ^^^^^^^^^^^^^^^^^^^^^
[1.379s]   File "/usr/lib/python3/dist-packages/catkin_pkg/package.py", line 786, in parse_package_string
[1.379s]     raise InvalidPackage('Error(s):%s' % (''.join(['\n- %s' % e for e in errors])), filename)
[1.379s] catkin_pkg.package.InvalidPackage: Error(s) in package '/home/ehoaglin/ros2_ws/src/dingo/package.xml':
[1.379s] Error(s):
[1.379s] - The manifest of package "dingo" (with format version 2) must not contain the following tags: member_of_group
[1.415s] [31mCMake Error at /opt/ros/jazzy/share/ament_cmake_core/cmake/core/ament_package_xml.cmake:95 (message):
[1.415s]   execute_process(/usr/bin/python3
[1.415s]   /opt/ros/jazzy/share/ament_cmake_core/cmake/core/package_xml_2_cmake.py
[1.416s]   /home/ehoaglin/ros2_ws/src/dingo/package.xml
[1.416s]   /home/ehoaglin/ros2_ws/src/build/dingo/ament_cmake_core/package.cmake)
[1.416s]   returned error code 1
[1.416s] Call Stack (most recent call first):
[1.416s]   /opt/ros/jazzy/share/ament_cmake_core/cmake/core/ament_package_xml.cmake:49 (_ament_package_xml)
[1.416s]   /opt/ros/jazzy/share/ament_cmake_core/cmake/core/ament_package.cmake:63 (ament_package_xml)
[1.416s]   CMakeLists.txt:113 (ament_package)
[1.416s] 
[1.416s] [0m
[1.417s] -- Configuring incomplete, errors occurred!
