[0.025s] Invoking command in '/home/ehoaglin/ros2_ws/src/build/dingo_gazebo': /usr/bin/cmake /home/ehoaglin/ros2_ws/src/dingo_gazebo -DCATKIN_INSTALL_INTO_PREFIX_ROOT=0 -DCMAKE_INSTALL_PREFIX=/home/ehoaglin/ros2_ws/src/install/dingo_gazebo
[0.040s] [0mCMake Deprecation Warning at CMakeLists.txt:1 (cmake_minimum_required):
[0.040s]   Compatibility with CMake < 3.5 will be removed from a future version of
[0.041s]   CMake.
[0.042s] 
[0.042s]   Update the VERSION argument <min> value or use a ...<max> suffix to tell
[0.042s]   CMake that the project does not need compatibility with older versions.
[0.043s] 
[0.044s] [0m
[1.005s] [31mCMake Error at CMakeLists.txt:4 (find_package):
[1.005s]   By not providing "Findcatkin.cmake" in CMAKE_MODULE_PATH this project has
[1.005s]   asked CMake to find a package configuration file provided by "catkin", but
[1.005s]   CMake did not find one.
[1.005s] 
[1.005s]   Could not find a package configuration file provided by "catkin" with any
[1.005s]   of the following names:
[1.005s] 
[1.005s]     catkinConfig.cmake
[1.005s]     catkin-config.cmake
[1.005s] 
[1.006s]   Add the installation prefix of "catkin" to CMAKE_PREFIX_PATH or set
[1.006s]   "catkin_DIR" to a directory containing one of the above files.  If "catkin"
[1.006s]   provides a separate development package or SDK, be sure it has been
[1.006s]   installed.
[1.006s] 
[1.006s] [0m
[1.006s] -- Configuring incomplete, errors occurred!
[1.007s] Invoked command in '/home/ehoaglin/ros2_ws/src/build/dingo_gazebo' returned '1': /usr/bin/cmake /home/ehoaglin/ros2_ws/src/dingo_gazebo -DCATKIN_INSTALL_INTO_PREFIX_ROOT=0 -DCMAKE_INSTALL_PREFIX=/home/ehoaglin/ros2_ws/src/install/dingo_gazebo
