[0.568s] Invoking command in '/home/ehoaglin/ros2_ws/build/ros2_fundamentals_examples': CMAKE_PREFIX_PATH=${CMAKE_PREFIX_PATH}:/home/ehoaglin/ros2_ws/install/dualsense_interface:/opt/ros/jazzy /usr/bin/cmake --build /home/ehoaglin/ros2_ws/build/ros2_fundamentals_examples -- -j12 -l12
[0.665s] Built target ament_cmake_python_copy_ros2_fundamentals_examples
[1.143s] running egg_info
[1.192s] writing ros2_fundamentals_examples.egg-info/PKG-INFO
[1.192s] writing dependency_links to ros2_fundamentals_examples.egg-info/dependency_links.txt
[1.192s] writing top-level names to ros2_fundamentals_examples.egg-info/top_level.txt
[1.284s] reading manifest file 'ros2_fundamentals_examples.egg-info/SOURCES.txt'
[1.285s] writing manifest file 'ros2_fundamentals_examples.egg-info/SOURCES.txt'
[1.321s] Built target ament_cmake_python_build_ros2_fundamentals_examples_egg
[1.335s] Invoked command in '/home/ehoaglin/ros2_ws/build/ros2_fundamentals_examples' returned '0': CMAKE_PREFIX_PATH=${CMAKE_PREFIX_PATH}:/home/ehoaglin/ros2_ws/install/dualsense_interface:/opt/ros/jazzy /usr/bin/cmake --build /home/ehoaglin/ros2_ws/build/ros2_fundamentals_examples -- -j12 -l12
[1.337s] Invoking command in '/home/ehoaglin/ros2_ws/build/ros2_fundamentals_examples': CMAKE_PREFIX_PATH=${CMAKE_PREFIX_PATH}:/home/ehoaglin/ros2_ws/install/dualsense_interface:/opt/ros/jazzy /usr/bin/cmake --install /home/ehoaglin/ros2_ws/build/ros2_fundamentals_examples
[1.342s] -- Install configuration: ""
[1.342s] -- Up-to-date: /home/ehoaglin/ros2_ws/install/ros2_fundamentals_examples/share/ros2_fundamentals_examples/ros2_fundamentals_examples
[1.343s] -- Up-to-date: /home/ehoaglin/ros2_ws/install/ros2_fundamentals_examples/share/ros2_fundamentals_examples/ros2_fundamentals_examples/__init__.py
[1.343s] -- Up-to-date: /home/ehoaglin/ros2_ws/install/ros2_fundamentals_examples/share/ros2_fundamentals_examples/ros2_fundamentals_examples/py_minimal_publisher.py
[1.343s] -- Up-to-date: /home/ehoaglin/ros2_ws/install/ros2_fundamentals_examples/include
[1.343s] -- Up-to-date: /home/ehoaglin/ros2_ws/install/ros2_fundamentals_examples/include/ros2_fundamentals_examples
[1.343s] -- Up-to-date: /home/ehoaglin/ros2_ws/install/ros2_fundamentals_examples/share/ros2_fundamentals_examples/environment/pythonpath.sh
[1.344s] -- Up-to-date: /home/ehoaglin/ros2_ws/install/ros2_fundamentals_examples/share/ros2_fundamentals_examples/environment/pythonpath.dsv
[1.344s] -- Up-to-date: /home/ehoaglin/ros2_ws/install/ros2_fundamentals_examples/lib/python3.12/site-packages/ros2_fundamentals_examples-0.0.0-py3.12.egg-info
[1.344s] -- Installing: /home/ehoaglin/ros2_ws/install/ros2_fundamentals_examples/lib/python3.12/site-packages/ros2_fundamentals_examples-0.0.0-py3.12.egg-info/top_level.txt
[1.344s] -- Installing: /home/ehoaglin/ros2_ws/install/ros2_fundamentals_examples/lib/python3.12/site-packages/ros2_fundamentals_examples-0.0.0-py3.12.egg-info/dependency_links.txt
[1.344s] -- Installing: /home/ehoaglin/ros2_ws/install/ros2_fundamentals_examples/lib/python3.12/site-packages/ros2_fundamentals_examples-0.0.0-py3.12.egg-info/SOURCES.txt
[1.344s] -- Installing: /home/ehoaglin/ros2_ws/install/ros2_fundamentals_examples/lib/python3.12/site-packages/ros2_fundamentals_examples-0.0.0-py3.12.egg-info/PKG-INFO
[1.344s] -- Up-to-date: /home/ehoaglin/ros2_ws/install/ros2_fundamentals_examples/lib/python3.12/site-packages/ros2_fundamentals_examples
[1.344s] -- Up-to-date: /home/ehoaglin/ros2_ws/install/ros2_fundamentals_examples/lib/python3.12/site-packages/ros2_fundamentals_examples/__init__.py
[1.344s] -- Up-to-date: /home/ehoaglin/ros2_ws/install/ros2_fundamentals_examples/lib/python3.12/site-packages/ros2_fundamentals_examples/py_minimal_publisher.py
[1.396s] Listing '/home/ehoaglin/ros2_ws/install/ros2_fundamentals_examples/lib/python3.12/site-packages/ros2_fundamentals_examples'...
[1.403s] -- Up-to-date: /home/ehoaglin/ros2_ws/install/ros2_fundamentals_examples/lib/ros2_fundamentals_examples/py_minimal_publisher.py
[1.404s] -- Up-to-date: /home/ehoaglin/ros2_ws/install/ros2_fundamentals_examples/share/ament_index/resource_index/package_run_dependencies/ros2_fundamentals_examples
[1.404s] -- Up-to-date: /home/ehoaglin/ros2_ws/install/ros2_fundamentals_examples/share/ament_index/resource_index/parent_prefix_path/ros2_fundamentals_examples
[1.405s] -- Up-to-date: /home/ehoaglin/ros2_ws/install/ros2_fundamentals_examples/share/ros2_fundamentals_examples/environment/ament_prefix_path.sh
[1.405s] -- Up-to-date: /home/ehoaglin/ros2_ws/install/ros2_fundamentals_examples/share/ros2_fundamentals_examples/environment/ament_prefix_path.dsv
[1.405s] -- Up-to-date: /home/ehoaglin/ros2_ws/install/ros2_fundamentals_examples/share/ros2_fundamentals_examples/environment/path.sh
[1.405s] -- Up-to-date: /home/ehoaglin/ros2_ws/install/ros2_fundamentals_examples/share/ros2_fundamentals_examples/environment/path.dsv
[1.406s] -- Up-to-date: /home/ehoaglin/ros2_ws/install/ros2_fundamentals_examples/share/ros2_fundamentals_examples/local_setup.bash
[1.406s] -- Up-to-date: /home/ehoaglin/ros2_ws/install/ros2_fundamentals_examples/share/ros2_fundamentals_examples/local_setup.sh
[1.406s] -- Up-to-date: /home/ehoaglin/ros2_ws/install/ros2_fundamentals_examples/share/ros2_fundamentals_examples/local_setup.zsh
[1.407s] -- Up-to-date: /home/ehoaglin/ros2_ws/install/ros2_fundamentals_examples/share/ros2_fundamentals_examples/local_setup.dsv
[1.408s] -- Installing: /home/ehoaglin/ros2_ws/install/ros2_fundamentals_examples/share/ros2_fundamentals_examples/package.dsv
[1.408s] -- Up-to-date: /home/ehoaglin/ros2_ws/install/ros2_fundamentals_examples/share/ament_index/resource_index/packages/ros2_fundamentals_examples
[1.408s] -- Up-to-date: /home/ehoaglin/ros2_ws/install/ros2_fundamentals_examples/share/ros2_fundamentals_examples/cmake/ament_cmake_export_include_directories-extras.cmake
[1.408s] -- Up-to-date: /home/ehoaglin/ros2_ws/install/ros2_fundamentals_examples/share/ros2_fundamentals_examples/cmake/ros2_fundamentals_examplesConfig.cmake
[1.409s] -- Up-to-date: /home/ehoaglin/ros2_ws/install/ros2_fundamentals_examples/share/ros2_fundamentals_examples/cmake/ros2_fundamentals_examplesConfig-version.cmake
[1.409s] -- Up-to-date: /home/ehoaglin/ros2_ws/install/ros2_fundamentals_examples/share/ros2_fundamentals_examples/package.xml
[1.411s] Invoked command in '/home/ehoaglin/ros2_ws/build/ros2_fundamentals_examples' returned '0': CMAKE_PREFIX_PATH=${CMAKE_PREFIX_PATH}:/home/ehoaglin/ros2_ws/install/dualsense_interface:/opt/ros/jazzy /usr/bin/cmake --install /home/ehoaglin/ros2_ws/build/ros2_fundamentals_examples
