[0.067s] Invoking command in '/home/ehoaglin/ros2_ws/build/dingo_servo_interfacing': CMAKE_PREFIX_PATH=${CMAKE_PREFIX_PATH}:/opt/ros/jazzy /usr/bin/cmake --build /home/ehoaglin/ros2_ws/build/dingo_servo_interfacing -- -j12 -l12
[0.169s] Built target ament_cmake_python_copy_dingo_servo_interfacing
[0.704s] running egg_info
[0.744s] writing dingo_servo_interfacing.egg-info/PKG-INFO
[0.745s] writing dependency_links to dingo_servo_interfacing.egg-info/dependency_links.txt
[0.745s] writing top-level names to dingo_servo_interfacing.egg-info/top_level.txt
[0.861s] reading manifest file 'dingo_servo_interfacing.egg-info/SOURCES.txt'
[0.862s] writing manifest file 'dingo_servo_interfacing.egg-info/SOURCES.txt'
[0.952s] Built target ament_cmake_python_build_dingo_servo_interfacing_egg
[0.984s] Invoked command in '/home/ehoaglin/ros2_ws/build/dingo_servo_interfacing' returned '0': CMAKE_PREFIX_PATH=${CMAKE_PREFIX_PATH}:/opt/ros/jazzy /usr/bin/cmake --build /home/ehoaglin/ros2_ws/build/dingo_servo_interfacing -- -j12 -l12
[0.986s] Invoking command in '/home/ehoaglin/ros2_ws/build/dingo_servo_interfacing': CMAKE_PREFIX_PATH=${CMAKE_PREFIX_PATH}:/opt/ros/jazzy /usr/bin/cmake --install /home/ehoaglin/ros2_ws/build/dingo_servo_interfacing
[1.016s] -- Install configuration: ""
[1.016s] -- Up-to-date: /home/ehoaglin/ros2_ws/install/dingo_servo_interfacing/share/dingo_servo_interfacing/environment/pythonpath.sh
[1.016s] -- Up-to-date: /home/ehoaglin/ros2_ws/install/dingo_servo_interfacing/share/dingo_servo_interfacing/environment/pythonpath.dsv
[1.016s] -- Up-to-date: /home/ehoaglin/ros2_ws/install/dingo_servo_interfacing/lib/python3.12/site-packages/dingo_servo_interfacing-0.0.0-py3.12.egg-info
[1.016s] -- Installing: /home/ehoaglin/ros2_ws/install/dingo_servo_interfacing/lib/python3.12/site-packages/dingo_servo_interfacing-0.0.0-py3.12.egg-info/top_level.txt
[1.017s] -- Installing: /home/ehoaglin/ros2_ws/install/dingo_servo_interfacing/lib/python3.12/site-packages/dingo_servo_interfacing-0.0.0-py3.12.egg-info/dependency_links.txt
[1.017s] -- Installing: /home/ehoaglin/ros2_ws/install/dingo_servo_interfacing/lib/python3.12/site-packages/dingo_servo_interfacing-0.0.0-py3.12.egg-info/SOURCES.txt
[1.017s] -- Installing: /home/ehoaglin/ros2_ws/install/dingo_servo_interfacing/lib/python3.12/site-packages/dingo_servo_interfacing-0.0.0-py3.12.egg-info/PKG-INFO
[1.017s] -- Up-to-date: /home/ehoaglin/ros2_ws/install/dingo_servo_interfacing/lib/python3.12/site-packages/dingo_servo_interfacing
[1.017s] -- Up-to-date: /home/ehoaglin/ros2_ws/install/dingo_servo_interfacing/lib/python3.12/site-packages/dingo_servo_interfacing/CalibrateServos.py
[1.017s] -- Up-to-date: /home/ehoaglin/ros2_ws/install/dingo_servo_interfacing/lib/python3.12/site-packages/dingo_servo_interfacing/__init__.py
[1.017s] -- Up-to-date: /home/ehoaglin/ros2_ws/install/dingo_servo_interfacing/lib/python3.12/site-packages/dingo_servo_interfacing/ServoCalibrationDefinition.py
[1.018s] -- Up-to-date: /home/ehoaglin/ros2_ws/install/dingo_servo_interfacing/lib/python3.12/site-packages/dingo_servo_interfacing/HardwareInterface.py
[1.103s] Listing '/home/ehoaglin/ros2_ws/install/dingo_servo_interfacing/lib/python3.12/site-packages/dingo_servo_interfacing'...
[1.103s] -- Up-to-date: /home/ehoaglin/ros2_ws/install/dingo_servo_interfacing/share/ament_index/resource_index/package_run_dependencies/dingo_servo_interfacing
[1.104s] -- Up-to-date: /home/ehoaglin/ros2_ws/install/dingo_servo_interfacing/share/ament_index/resource_index/parent_prefix_path/dingo_servo_interfacing
[1.104s] -- Up-to-date: /home/ehoaglin/ros2_ws/install/dingo_servo_interfacing/share/dingo_servo_interfacing/environment/ament_prefix_path.sh
[1.105s] -- Up-to-date: /home/ehoaglin/ros2_ws/install/dingo_servo_interfacing/share/dingo_servo_interfacing/environment/ament_prefix_path.dsv
[1.105s] -- Up-to-date: /home/ehoaglin/ros2_ws/install/dingo_servo_interfacing/share/dingo_servo_interfacing/environment/path.sh
[1.105s] -- Up-to-date: /home/ehoaglin/ros2_ws/install/dingo_servo_interfacing/share/dingo_servo_interfacing/environment/path.dsv
[1.105s] -- Up-to-date: /home/ehoaglin/ros2_ws/install/dingo_servo_interfacing/share/dingo_servo_interfacing/local_setup.bash
[1.106s] -- Up-to-date: /home/ehoaglin/ros2_ws/install/dingo_servo_interfacing/share/dingo_servo_interfacing/local_setup.sh
[1.106s] -- Up-to-date: /home/ehoaglin/ros2_ws/install/dingo_servo_interfacing/share/dingo_servo_interfacing/local_setup.zsh
[1.106s] -- Up-to-date: /home/ehoaglin/ros2_ws/install/dingo_servo_interfacing/share/dingo_servo_interfacing/local_setup.dsv
[1.107s] -- Installing: /home/ehoaglin/ros2_ws/install/dingo_servo_interfacing/share/dingo_servo_interfacing/package.dsv
[1.107s] -- Up-to-date: /home/ehoaglin/ros2_ws/install/dingo_servo_interfacing/share/ament_index/resource_index/packages/dingo_servo_interfacing
[1.107s] -- Up-to-date: /home/ehoaglin/ros2_ws/install/dingo_servo_interfacing/share/dingo_servo_interfacing/cmake/dingo_servo_interfacingConfig.cmake
[1.107s] -- Up-to-date: /home/ehoaglin/ros2_ws/install/dingo_servo_interfacing/share/dingo_servo_interfacing/cmake/dingo_servo_interfacingConfig-version.cmake
[1.108s] -- Up-to-date: /home/ehoaglin/ros2_ws/install/dingo_servo_interfacing/share/dingo_servo_interfacing/package.xml
[1.186s] Invoked command in '/home/ehoaglin/ros2_ws/build/dingo_servo_interfacing' returned '0': CMAKE_PREFIX_PATH=${CMAKE_PREFIX_PATH}:/opt/ros/jazzy /usr/bin/cmake --install /home/ehoaglin/ros2_ws/build/dingo_servo_interfacing
