[0.165s] Invoking command in '/home/ehoaglin/ros2_ws/build/dingo_pybullet': CMAKE_PREFIX_PATH=/home/ehoaglin/ros2_ws/install/dingo_description:/home/ehoaglin/ros2_ws/install/ros2_fundamentals_examples:/home/ehoaglin/ros2_ws/install/dingo:/home/ehoaglin/ros2_ws/install/dingo_control:/home/ehoaglin/ros2_ws/install/dingo_servo_interfacing:/home/ehoaglin/ros2_ws/install/dingo_pybullet:/home/ehoaglin/ros2_ws/install/dingo_peripheral_interfacing_msg:/home/ehoaglin/ros2_ws/install/dingo_peripheral_interfacing:/home/ehoaglin/ros2_ws/install/dingo_input_interfacing:/home/ehoaglin/ros2_ws/install/dingo_hardware_config:/home/ehoaglin/ros2_ws/install/dingo_control_msg:/opt/ros/jazzy/opt/gz_sim_vendor:/opt/ros/jazzy/opt/gz_sensors_vendor:/opt/ros/jazzy/opt/gz_physics_vendor:/opt/ros/jazzy/opt/sdformat_vendor:/opt/ros/jazzy/opt/gz_gui_vendor:/opt/ros/jazzy/opt/gz_transport_vendor:/opt/ros/jazzy/opt/gz_rendering_vendor:/opt/ros/jazzy/opt/gz_plugin_vendor:/opt/ros/jazzy/opt/gz_fuel_tools_vendor:/opt/ros/jazzy/opt/gz_msgs_vendor:/opt/ros/jazzy/opt/gz_common_vendor:/opt/ros/jazzy/opt/gz_math_vendor:/opt/ros/jazzy/opt/gz_utils_vendor:/opt/ros/jazzy/opt/gz_tools_vendor:/opt/ros/jazzy/opt/gz_ogre_next_vendor:/opt/ros/jazzy/opt/gz_dartsim_vendor:/opt/ros/jazzy/opt/gz_cmake_vendor:/home/ehoaglin/ros2_ws/install/dualsense_interface:/opt/ros/jazzy /usr/bin/cmake /home/ehoaglin/ros2_ws/src/dingo_pybullet -DCMAKE_INSTALL_PREFIX=/home/ehoaglin/ros2_ws/install/dingo_pybullet
[0.494s] -- The C compiler identification is GNU 13.3.0
[1.908s] -- The CXX compiler identification is GNU 13.3.0
[3.054s] -- Detecting C compiler ABI info
[3.542s] -- Detecting C compiler ABI info - done
[3.553s] -- Check for working C compiler: /usr/bin/cc - skipped
[3.553s] -- Detecting C compile features
[3.555s] -- Detecting C compile features - done
[3.720s] -- Detecting CXX compiler ABI info
[4.176s] -- Detecting CXX compiler ABI info - done
[4.193s] -- Check for working CXX compiler: /usr/bin/c++ - skipped
[4.193s] -- Detecting CXX compile features
[4.194s] -- Detecting CXX compile features - done
[4.199s] -- Found ament_cmake: 2.5.3 (/opt/ros/jazzy/share/ament_cmake/cmake)
[4.437s] -- Found Python3: /usr/bin/python3 (found version "3.12.3") found components: Interpreter 
[4.696s] -- Found rclpy: 7.1.3 (/opt/ros/jazzy/share/rclpy/cmake)
[4.702s] -- Found std_msgs: 5.3.5 (/opt/ros/jazzy/share/std_msgs/cmake)
[5.148s] -- Found rosidl_generator_c: 4.6.5 (/opt/ros/jazzy/share/rosidl_generator_c/cmake)
[5.201s] -- Found rosidl_generator_cpp: 4.6.5 (/opt/ros/jazzy/share/rosidl_generator_cpp/cmake)
[5.261s] -- Using all available rosidl_typesupport_c: rosidl_typesupport_fastrtps_c;rosidl_typesupport_introspection_c
[5.347s] -- Using all available rosidl_typesupport_cpp: rosidl_typesupport_fastrtps_cpp;rosidl_typesupport_introspection_cpp
[9.487s] [31mCMake Error at CMakeLists.txt:10 (find_package):
[9.487s]   By not providing "Finddingo_control_msg.cmake" in CMAKE_MODULE_PATH this
[9.487s]   project has asked CMake to find a package configuration file provided by
[9.487s]   "dingo_control_msg", but CMake did not find one.
[9.488s] 
[9.489s]   Could not find a package configuration file provided by "dingo_control_msg"
[9.489s]   with any of the following names:
[9.489s] 
[9.490s]     dingo_control_msgConfig.cmake
[9.490s]     dingo_control_msg-config.cmake
[9.490s] 
[9.490s]   Add the installation prefix of "dingo_control_msg" to CMAKE_PREFIX_PATH or
[9.490s]   set "dingo_control_msg_DIR" to a directory containing one of the above
[9.490s]   files.  If "dingo_control_msg" provides a separate development package or
[9.490s]   SDK, be sure it has been installed.
[9.490s] 
[9.491s] [0m
[9.491s] -- Configuring incomplete, errors occurred!
[9.537s] Invoked command in '/home/ehoaglin/ros2_ws/build/dingo_pybullet' returned '1': CMAKE_PREFIX_PATH=/home/ehoaglin/ros2_ws/install/dingo_description:/home/ehoaglin/ros2_ws/install/ros2_fundamentals_examples:/home/ehoaglin/ros2_ws/install/dingo:/home/ehoaglin/ros2_ws/install/dingo_control:/home/ehoaglin/ros2_ws/install/dingo_servo_interfacing:/home/ehoaglin/ros2_ws/install/dingo_pybullet:/home/ehoaglin/ros2_ws/install/dingo_peripheral_interfacing_msg:/home/ehoaglin/ros2_ws/install/dingo_peripheral_interfacing:/home/ehoaglin/ros2_ws/install/dingo_input_interfacing:/home/ehoaglin/ros2_ws/install/dingo_hardware_config:/home/ehoaglin/ros2_ws/install/dingo_control_msg:/opt/ros/jazzy/opt/gz_sim_vendor:/opt/ros/jazzy/opt/gz_sensors_vendor:/opt/ros/jazzy/opt/gz_physics_vendor:/opt/ros/jazzy/opt/sdformat_vendor:/opt/ros/jazzy/opt/gz_gui_vendor:/opt/ros/jazzy/opt/gz_transport_vendor:/opt/ros/jazzy/opt/gz_rendering_vendor:/opt/ros/jazzy/opt/gz_plugin_vendor:/opt/ros/jazzy/opt/gz_fuel_tools_vendor:/opt/ros/jazzy/opt/gz_msgs_vendor:/opt/ros/jazzy/opt/gz_common_vendor:/opt/ros/jazzy/opt/gz_math_vendor:/opt/ros/jazzy/opt/gz_utils_vendor:/opt/ros/jazzy/opt/gz_tools_vendor:/opt/ros/jazzy/opt/gz_ogre_next_vendor:/opt/ros/jazzy/opt/gz_dartsim_vendor:/opt/ros/jazzy/opt/gz_cmake_vendor:/home/ehoaglin/ros2_ws/install/dualsense_interface:/opt/ros/jazzy /usr/bin/cmake /home/ehoaglin/ros2_ws/src/dingo_pybullet -DCMAKE_INSTALL_PREFIX=/home/ehoaglin/ros2_ws/install/dingo_pybullet
