[0.968s] Invoking command in '/home/ehoaglin/ros2_ws/build/ros2_fundamentals_examples': CMAKE_PREFIX_PATH=${CMAKE_PREFIX_PATH}:/home/ehoaglin/ros2_ws/install/dualsense_interface:/opt/ros/jazzy /usr/bin/cmake --build /home/ehoaglin/ros2_ws/build/ros2_fundamentals_examples -- -j12 -l12
[1.226s] Built target ament_cmake_python_copy_ros2_fundamentals_examples
[2.165s] running egg_info
[2.251s] writing ros2_fundamentals_examples.egg-info/PKG-INFO
[2.252s] writing dependency_links to ros2_fundamentals_examples.egg-info/dependency_links.txt
[2.252s] writing top-level names to ros2_fundamentals_examples.egg-info/top_level.txt
[2.476s] reading manifest file 'ros2_fundamentals_examples.egg-info/SOURCES.txt'
[2.477s] writing manifest file 'ros2_fundamentals_examples.egg-info/SOURCES.txt'
[2.553s] Built target ament_cmake_python_build_ros2_fundamentals_examples_egg
[2.573s] Invoked command in '/home/ehoaglin/ros2_ws/build/ros2_fundamentals_examples' returned '0': CMAKE_PREFIX_PATH=${CMAKE_PREFIX_PATH}:/home/ehoaglin/ros2_ws/install/dualsense_interface:/opt/ros/jazzy /usr/bin/cmake --build /home/ehoaglin/ros2_ws/build/ros2_fundamentals_examples -- -j12 -l12
[2.577s] Invoking command in '/home/ehoaglin/ros2_ws/build/ros2_fundamentals_examples': CMAKE_PREFIX_PATH=${CMAKE_PREFIX_PATH}:/home/ehoaglin/ros2_ws/install/dualsense_interface:/opt/ros/jazzy /usr/bin/cmake --install /home/ehoaglin/ros2_ws/build/ros2_fundamentals_examples
[2.592s] -- Install configuration: ""
[2.593s] -- Up-to-date: /home/ehoaglin/ros2_ws/install/ros2_fundamentals_examples/share/ros2_fundamentals_examples/ros2_fundamentals_examples
[2.594s] -- Up-to-date: /home/ehoaglin/ros2_ws/install/ros2_fundamentals_examples/share/ros2_fundamentals_examples/ros2_fundamentals_examples/__init__.py
[2.594s] -- Up-to-date: /home/ehoaglin/ros2_ws/install/ros2_fundamentals_examples/share/ros2_fundamentals_examples/ros2_fundamentals_examples/py_minimal_publisher.py
[2.595s] -- Up-to-date: /home/ehoaglin/ros2_ws/install/ros2_fundamentals_examples/include
[2.595s] -- Up-to-date: /home/ehoaglin/ros2_ws/install/ros2_fundamentals_examples/include/ros2_fundamentals_examples
[2.596s] -- Up-to-date: /home/ehoaglin/ros2_ws/install/ros2_fundamentals_examples/share/ros2_fundamentals_examples/environment/pythonpath.sh
[2.597s] -- Up-to-date: /home/ehoaglin/ros2_ws/install/ros2_fundamentals_examples/share/ros2_fundamentals_examples/environment/pythonpath.dsv
[2.598s] -- Up-to-date: /home/ehoaglin/ros2_ws/install/ros2_fundamentals_examples/lib/python3.12/site-packages/ros2_fundamentals_examples-0.0.0-py3.12.egg-info
[2.598s] -- Installing: /home/ehoaglin/ros2_ws/install/ros2_fundamentals_examples/lib/python3.12/site-packages/ros2_fundamentals_examples-0.0.0-py3.12.egg-info/top_level.txt
[2.598s] -- Installing: /home/ehoaglin/ros2_ws/install/ros2_fundamentals_examples/lib/python3.12/site-packages/ros2_fundamentals_examples-0.0.0-py3.12.egg-info/dependency_links.txt
[2.598s] -- Installing: /home/ehoaglin/ros2_ws/install/ros2_fundamentals_examples/lib/python3.12/site-packages/ros2_fundamentals_examples-0.0.0-py3.12.egg-info/SOURCES.txt
[2.599s] -- Installing: /home/ehoaglin/ros2_ws/install/ros2_fundamentals_examples/lib/python3.12/site-packages/ros2_fundamentals_examples-0.0.0-py3.12.egg-info/PKG-INFO
[2.599s] -- Up-to-date: /home/ehoaglin/ros2_ws/install/ros2_fundamentals_examples/lib/python3.12/site-packages/ros2_fundamentals_examples
[2.600s] -- Up-to-date: /home/ehoaglin/ros2_ws/install/ros2_fundamentals_examples/lib/python3.12/site-packages/ros2_fundamentals_examples/__init__.py
[2.600s] -- Up-to-date: /home/ehoaglin/ros2_ws/install/ros2_fundamentals_examples/lib/python3.12/site-packages/ros2_fundamentals_examples/py_minimal_publisher.py
[2.691s] Listing '/home/ehoaglin/ros2_ws/install/ros2_fundamentals_examples/lib/python3.12/site-packages/ros2_fundamentals_examples'...
[2.704s] -- Up-to-date: /home/ehoaglin/ros2_ws/install/ros2_fundamentals_examples/lib/ros2_fundamentals_examples/py_minimal_publisher.py
[2.704s] -- Up-to-date: /home/ehoaglin/ros2_ws/install/ros2_fundamentals_examples/share/ament_index/resource_index/package_run_dependencies/ros2_fundamentals_examples
[2.705s] -- Up-to-date: /home/ehoaglin/ros2_ws/install/ros2_fundamentals_examples/share/ament_index/resource_index/parent_prefix_path/ros2_fundamentals_examples
[2.706s] -- Up-to-date: /home/ehoaglin/ros2_ws/install/ros2_fundamentals_examples/share/ros2_fundamentals_examples/environment/ament_prefix_path.sh
[2.706s] -- Up-to-date: /home/ehoaglin/ros2_ws/install/ros2_fundamentals_examples/share/ros2_fundamentals_examples/environment/ament_prefix_path.dsv
[2.707s] -- Up-to-date: /home/ehoaglin/ros2_ws/install/ros2_fundamentals_examples/share/ros2_fundamentals_examples/environment/path.sh
[2.707s] -- Up-to-date: /home/ehoaglin/ros2_ws/install/ros2_fundamentals_examples/share/ros2_fundamentals_examples/environment/path.dsv
[2.707s] -- Up-to-date: /home/ehoaglin/ros2_ws/install/ros2_fundamentals_examples/share/ros2_fundamentals_examples/local_setup.bash
[2.708s] -- Up-to-date: /home/ehoaglin/ros2_ws/install/ros2_fundamentals_examples/share/ros2_fundamentals_examples/local_setup.sh
[2.708s] -- Up-to-date: /home/ehoaglin/ros2_ws/install/ros2_fundamentals_examples/share/ros2_fundamentals_examples/local_setup.zsh
[2.709s] -- Up-to-date: /home/ehoaglin/ros2_ws/install/ros2_fundamentals_examples/share/ros2_fundamentals_examples/local_setup.dsv
[2.709s] -- Installing: /home/ehoaglin/ros2_ws/install/ros2_fundamentals_examples/share/ros2_fundamentals_examples/package.dsv
[2.710s] -- Up-to-date: /home/ehoaglin/ros2_ws/install/ros2_fundamentals_examples/share/ament_index/resource_index/packages/ros2_fundamentals_examples
[2.710s] -- Up-to-date: /home/ehoaglin/ros2_ws/install/ros2_fundamentals_examples/share/ros2_fundamentals_examples/cmake/ament_cmake_export_include_directories-extras.cmake
[2.710s] -- Up-to-date: /home/ehoaglin/ros2_ws/install/ros2_fundamentals_examples/share/ros2_fundamentals_examples/cmake/ros2_fundamentals_examplesConfig.cmake
[2.711s] -- Up-to-date: /home/ehoaglin/ros2_ws/install/ros2_fundamentals_examples/share/ros2_fundamentals_examples/cmake/ros2_fundamentals_examplesConfig-version.cmake
[2.712s] -- Up-to-date: /home/ehoaglin/ros2_ws/install/ros2_fundamentals_examples/share/ros2_fundamentals_examples/package.xml
[2.715s] Invoked command in '/home/ehoaglin/ros2_ws/build/ros2_fundamentals_examples' returned '0': CMAKE_PREFIX_PATH=${CMAKE_PREFIX_PATH}:/home/ehoaglin/ros2_ws/install/dualsense_interface:/opt/ros/jazzy /usr/bin/cmake --install /home/ehoaglin/ros2_ws/build/ros2_fundamentals_examples
