[2.678s] Invoking command in '/home/ehoaglin/ros2_ws/src/dualsense_interface': PYTHONPATH=/home/ehoaglin/ros2_ws/build/dualsense_interface/prefix_override:/usr/lib/python3/dist-packages/colcon_core/task/python/colcon_distutils_commands:/home/ehoaglin/ros2_ws/install/dualsense_interface/lib/python3.12/site-packages:${PYTHONPATH} /usr/bin/python3 -W ignore:setup.py install is deprecated -W ignore:easy_install command is deprecated setup.py egg_info --egg-base ../../build/dualsense_interface build --build-base /home/ehoaglin/ros2_ws/build/dualsense_interface/build install --record /home/ehoaglin/ros2_ws/build/dualsense_interface/install.log --single-version-externally-managed install_data
[3.262s] running egg_info
[3.323s] writing ../../build/dualsense_interface/dualsense_interface.egg-info/PKG-INFO
[3.323s] writing dependency_links to ../../build/dualsense_interface/dualsense_interface.egg-info/dependency_links.txt
[3.324s] writing entry points to ../../build/dualsense_interface/dualsense_interface.egg-info/entry_points.txt
[3.324s] writing requirements to ../../build/dualsense_interface/dualsense_interface.egg-info/requires.txt
[3.325s] writing top-level names to ../../build/dualsense_interface/dualsense_interface.egg-info/top_level.txt
[3.421s] reading manifest file '../../build/dualsense_interface/dualsense_interface.egg-info/SOURCES.txt'
[3.422s] writing manifest file '../../build/dualsense_interface/dualsense_interface.egg-info/SOURCES.txt'
[3.423s] running build
[3.423s] running build_py
[3.423s] copying dualsense_interface/hidraw_to_joy.py -> /home/ehoaglin/ros2_ws/build/dualsense_interface/build/lib/dualsense_interface
[3.424s] running install
[3.434s] running install_lib
[3.483s] copying /home/ehoaglin/ros2_ws/build/dualsense_interface/build/lib/dualsense_interface/hidraw_to_joy.py -> /home/ehoaglin/ros2_ws/install/dualsense_interface/lib/python3.12/site-packages/dualsense_interface
[3.484s] byte-compiling /home/ehoaglin/ros2_ws/install/dualsense_interface/lib/python3.12/site-packages/dualsense_interface/hidraw_to_joy.py to hidraw_to_joy.cpython-312.pyc
[3.486s] running install_data
[3.487s] running install_egg_info
[3.533s] removing '/home/ehoaglin/ros2_ws/install/dualsense_interface/lib/python3.12/site-packages/dualsense_interface-0.0.0-py3.12.egg-info' (and everything under it)
[3.533s] Copying ../../build/dualsense_interface/dualsense_interface.egg-info to /home/ehoaglin/ros2_ws/install/dualsense_interface/lib/python3.12/site-packages/dualsense_interface-0.0.0-py3.12.egg-info
[3.536s] running install_scripts
[3.850s] Installing hidraw_to_joy script to /home/ehoaglin/ros2_ws/install/dualsense_interface/lib/dualsense_interface
[3.850s] writing list of installed files to '/home/ehoaglin/ros2_ws/build/dualsense_interface/install.log'
[3.918s] Invoked command in '/home/ehoaglin/ros2_ws/src/dualsense_interface' returned '0': PYTHONPATH=/home/ehoaglin/ros2_ws/build/dualsense_interface/prefix_override:/usr/lib/python3/dist-packages/colcon_core/task/python/colcon_distutils_commands:/home/ehoaglin/ros2_ws/install/dualsense_interface/lib/python3.12/site-packages:${PYTHONPATH} /usr/bin/python3 -W ignore:setup.py install is deprecated -W ignore:easy_install command is deprecated setup.py egg_info --egg-base ../../build/dualsense_interface build --build-base /home/ehoaglin/ros2_ws/build/dualsense_interface/build install --record /home/ehoaglin/ros2_ws/build/dualsense_interface/install.log --single-version-externally-managed install_data
