[1.274s] Invoking command in '/home/ehoaglin/ros2_ws/build/dingo': CMAKE_PREFIX_PATH=/home/ehoaglin/ros2_ws/install/dingo_input_interfacing:/home/ehoaglin/ros2_ws/install/dingo_control:/home/ehoaglin/ros2_ws/install/dingo_servo_interfacing:/home/ehoaglin/ros2_ws/install/dingo_peripheral_interfacing_msg:/home/ehoaglin/ros2_ws/install/dingo_peripheral_interfacing:/home/ehoaglin/ros2_ws/install/dingo_hardware_config:/home/ehoaglin/ros2_ws/install/dingo_control_msg:/home/ehoaglin/ros2_ws/install/ros2_fundamentals_examples:/home/ehoaglin/ros2_ws/install/dingo:/home/ehoaglin/ros2_ws/install/dingo_pybullet:/opt/ros/jazzy/opt/gz_sim_vendor:/opt/ros/jazzy/opt/gz_sensors_vendor:/opt/ros/jazzy/opt/gz_physics_vendor:/opt/ros/jazzy/opt/sdformat_vendor:/opt/ros/jazzy/opt/gz_gui_vendor:/opt/ros/jazzy/opt/gz_transport_vendor:/opt/ros/jazzy/opt/gz_rendering_vendor:/opt/ros/jazzy/opt/gz_plugin_vendor:/opt/ros/jazzy/opt/gz_fuel_tools_vendor:/opt/ros/jazzy/opt/gz_msgs_vendor:/opt/ros/jazzy/opt/gz_common_vendor:/opt/ros/jazzy/opt/gz_math_vendor:/opt/ros/jazzy/opt/gz_utils_vendor:/opt/ros/jazzy/opt/gz_tools_vendor:/opt/ros/jazzy/opt/gz_ogre_next_vendor:/opt/ros/jazzy/opt/gz_dartsim_vendor:/opt/ros/jazzy/opt/gz_cmake_vendor:/opt/ros/jazzy PYTHONPATH=/home/ehoaglin/ros2_ws/install/dingo_input_interfacing/lib/python3.12/site-packages:/home/ehoaglin/ros2_ws/install/dingo_control/lib/python3.12/site-packages:/home/ehoaglin/ros2_ws/install/dingo_servo_interfacing/lib/python3.12/site-packages:/home/ehoaglin/ros2_ws/install/dingo_peripheral_interfacing_msg/lib/python3.12/site-packages:/home/ehoaglin/ros2_ws/install/dingo_peripheral_interfacing/lib/python3.12/site-packages:/home/ehoaglin/ros2_ws/install/dingo_hardware_config/lib/python3.12/site-packages:/home/ehoaglin/ros2_ws/install/dingo_control_msg/lib/python3.12/site-packages:/home/ehoaglin/ros2_ws/install/ros2_fundamentals_examples/lib/python3.12/site-packages:/home/ehoaglin/ros2_ws/install/dingo/lib/python3.12/site-packages:/home/ehoaglin/ros2_ws/install/dingo_pybullet/lib/python3.12/site-packages:/opt/ros/jazzy/lib/python3.12/site-packages /usr/bin/cmake /home/ehoaglin/ros2_ws/src/dingo -DCMAKE_INSTALL_PREFIX=/home/ehoaglin/ros2_ws/install/dingo
[1.504s] -- The C compiler identification is GNU 13.3.0
[2.423s] -- The CXX compiler identification is GNU 13.3.0
[3.227s] -- Detecting C compiler ABI info
[3.544s] -- Detecting C compiler ABI info - done
[3.555s] -- Check for working C compiler: /usr/bin/cc - skipped
[3.556s] -- Detecting C compile features
[3.556s] -- Detecting C compile features - done
[3.686s] -- Detecting CXX compiler ABI info
[4.041s] -- Detecting CXX compiler ABI info - done
[4.053s] -- Check for working CXX compiler: /usr/bin/c++ - skipped
[4.053s] -- Detecting CXX compile features
[4.054s] -- Detecting CXX compile features - done
[4.059s] -- Found ament_cmake: 2.5.3 (/opt/ros/jazzy/share/ament_cmake/cmake)
[4.272s] -- Found Python3: /usr/bin/python3 (found version "3.12.3") found components: Interpreter 
[4.429s] -- Found rclpy: 7.1.3 (/opt/ros/jazzy/share/rclpy/cmake)
[4.433s] -- Found std_msgs: 5.3.5 (/opt/ros/jazzy/share/std_msgs/cmake)
[4.713s] -- Found rosidl_generator_c: 4.6.5 (/opt/ros/jazzy/share/rosidl_generator_c/cmake)
[4.739s] -- Found rosidl_generator_cpp: 4.6.5 (/opt/ros/jazzy/share/rosidl_generator_cpp/cmake)
[4.768s] -- Using all available rosidl_typesupport_c: rosidl_typesupport_fastrtps_c;rosidl_typesupport_introspection_c
[4.799s] -- Using all available rosidl_typesupport_cpp: rosidl_typesupport_fastrtps_cpp;rosidl_typesupport_introspection_cpp
[4.851s] -- Found dingo_control: 0.0.0 (/home/ehoaglin/ros2_ws/install/dingo_control/share/dingo_control/cmake)
[4.851s] -- Found dingo_input_interfacing: 0.0.0 (/home/ehoaglin/ros2_ws/install/dingo_input_interfacing/share/dingo_input_interfacing/cmake)
[4.853s] -- Found dingo_servo_interfacing: 0.0.0 (/home/ehoaglin/ros2_ws/install/dingo_servo_interfacing/share/dingo_servo_interfacing/cmake)
[4.853s] -- Found dingo_peripheral_interfacing: 0.0.0 (/home/ehoaglin/ros2_ws/install/dingo_peripheral_interfacing/share/dingo_peripheral_interfacing/cmake)
[4.854s] -- Found dingo_peripheral_interfacing_msg: 0.0.0 (/home/ehoaglin/ros2_ws/install/dingo_peripheral_interfacing_msg/share/dingo_peripheral_interfacing_msg/cmake)
[4.906s] -- Found dingo_control_msg: 0.0.0 (/home/ehoaglin/ros2_ws/install/dingo_control_msg/share/dingo_control_msg/cmake)
[5.189s] -- Configuring done (3.9s)
[5.196s] -- Generating done (0.0s)
[5.199s] -- Build files have been written to: /home/ehoaglin/ros2_ws/build/dingo
[5.208s] Invoked command in '/home/ehoaglin/ros2_ws/build/dingo' returned '0': CMAKE_PREFIX_PATH=/home/ehoaglin/ros2_ws/install/dingo_input_interfacing:/home/ehoaglin/ros2_ws/install/dingo_control:/home/ehoaglin/ros2_ws/install/dingo_servo_interfacing:/home/ehoaglin/ros2_ws/install/dingo_peripheral_interfacing_msg:/home/ehoaglin/ros2_ws/install/dingo_peripheral_interfacing:/home/ehoaglin/ros2_ws/install/dingo_hardware_config:/home/ehoaglin/ros2_ws/install/dingo_control_msg:/home/ehoaglin/ros2_ws/install/ros2_fundamentals_examples:/home/ehoaglin/ros2_ws/install/dingo:/home/ehoaglin/ros2_ws/install/dingo_pybullet:/opt/ros/jazzy/opt/gz_sim_vendor:/opt/ros/jazzy/opt/gz_sensors_vendor:/opt/ros/jazzy/opt/gz_physics_vendor:/opt/ros/jazzy/opt/sdformat_vendor:/opt/ros/jazzy/opt/gz_gui_vendor:/opt/ros/jazzy/opt/gz_transport_vendor:/opt/ros/jazzy/opt/gz_rendering_vendor:/opt/ros/jazzy/opt/gz_plugin_vendor:/opt/ros/jazzy/opt/gz_fuel_tools_vendor:/opt/ros/jazzy/opt/gz_msgs_vendor:/opt/ros/jazzy/opt/gz_common_vendor:/opt/ros/jazzy/opt/gz_math_vendor:/opt/ros/jazzy/opt/gz_utils_vendor:/opt/ros/jazzy/opt/gz_tools_vendor:/opt/ros/jazzy/opt/gz_ogre_next_vendor:/opt/ros/jazzy/opt/gz_dartsim_vendor:/opt/ros/jazzy/opt/gz_cmake_vendor:/opt/ros/jazzy PYTHONPATH=/home/ehoaglin/ros2_ws/install/dingo_input_interfacing/lib/python3.12/site-packages:/home/ehoaglin/ros2_ws/install/dingo_control/lib/python3.12/site-packages:/home/ehoaglin/ros2_ws/install/dingo_servo_interfacing/lib/python3.12/site-packages:/home/ehoaglin/ros2_ws/install/dingo_peripheral_interfacing_msg/lib/python3.12/site-packages:/home/ehoaglin/ros2_ws/install/dingo_peripheral_interfacing/lib/python3.12/site-packages:/home/ehoaglin/ros2_ws/install/dingo_hardware_config/lib/python3.12/site-packages:/home/ehoaglin/ros2_ws/install/dingo_control_msg/lib/python3.12/site-packages:/home/ehoaglin/ros2_ws/install/ros2_fundamentals_examples/lib/python3.12/site-packages:/home/ehoaglin/ros2_ws/install/dingo/lib/python3.12/site-packages:/home/ehoaglin/ros2_ws/install/dingo_pybullet/lib/python3.12/site-packages:/opt/ros/jazzy/lib/python3.12/site-packages /usr/bin/cmake /home/ehoaglin/ros2_ws/src/dingo -DCMAKE_INSTALL_PREFIX=/home/ehoaglin/ros2_ws/install/dingo
[5.209s] Invoking command in '/home/ehoaglin/ros2_ws/build/dingo': CMAKE_PREFIX_PATH=/home/ehoaglin/ros2_ws/install/dingo_input_interfacing:/home/ehoaglin/ros2_ws/install/dingo_control:/home/ehoaglin/ros2_ws/install/dingo_servo_interfacing:/home/ehoaglin/ros2_ws/install/dingo_peripheral_interfacing_msg:/home/ehoaglin/ros2_ws/install/dingo_peripheral_interfacing:/home/ehoaglin/ros2_ws/install/dingo_hardware_config:/home/ehoaglin/ros2_ws/install/dingo_control_msg:/home/ehoaglin/ros2_ws/install/ros2_fundamentals_examples:/home/ehoaglin/ros2_ws/install/dingo:/home/ehoaglin/ros2_ws/install/dingo_pybullet:/opt/ros/jazzy/opt/gz_sim_vendor:/opt/ros/jazzy/opt/gz_sensors_vendor:/opt/ros/jazzy/opt/gz_physics_vendor:/opt/ros/jazzy/opt/sdformat_vendor:/opt/ros/jazzy/opt/gz_gui_vendor:/opt/ros/jazzy/opt/gz_transport_vendor:/opt/ros/jazzy/opt/gz_rendering_vendor:/opt/ros/jazzy/opt/gz_plugin_vendor:/opt/ros/jazzy/opt/gz_fuel_tools_vendor:/opt/ros/jazzy/opt/gz_msgs_vendor:/opt/ros/jazzy/opt/gz_common_vendor:/opt/ros/jazzy/opt/gz_math_vendor:/opt/ros/jazzy/opt/gz_utils_vendor:/opt/ros/jazzy/opt/gz_tools_vendor:/opt/ros/jazzy/opt/gz_ogre_next_vendor:/opt/ros/jazzy/opt/gz_dartsim_vendor:/opt/ros/jazzy/opt/gz_cmake_vendor:/opt/ros/jazzy PYTHONPATH=/home/ehoaglin/ros2_ws/install/dingo_input_interfacing/lib/python3.12/site-packages:/home/ehoaglin/ros2_ws/install/dingo_control/lib/python3.12/site-packages:/home/ehoaglin/ros2_ws/install/dingo_servo_interfacing/lib/python3.12/site-packages:/home/ehoaglin/ros2_ws/install/dingo_peripheral_interfacing_msg/lib/python3.12/site-packages:/home/ehoaglin/ros2_ws/install/dingo_peripheral_interfacing/lib/python3.12/site-packages:/home/ehoaglin/ros2_ws/install/dingo_hardware_config/lib/python3.12/site-packages:/home/ehoaglin/ros2_ws/install/dingo_control_msg/lib/python3.12/site-packages:/home/ehoaglin/ros2_ws/install/ros2_fundamentals_examples/lib/python3.12/site-packages:/home/ehoaglin/ros2_ws/install/dingo/lib/python3.12/site-packages:/home/ehoaglin/ros2_ws/install/dingo_pybullet/lib/python3.12/site-packages:/opt/ros/jazzy/lib/python3.12/site-packages /usr/bin/cmake --build /home/ehoaglin/ros2_ws/build/dingo -- -j12 -l12
[5.270s] Built target ament_cmake_python_copy_dingo
[5.572s] running egg_info
[5.573s] creating dingo.egg-info
[5.600s] writing dingo.egg-info/PKG-INFO
[5.601s] writing dependency_links to dingo.egg-info/dependency_links.txt
[5.601s] writing top-level names to dingo.egg-info/top_level.txt
[5.601s] writing manifest file 'dingo.egg-info/SOURCES.txt'
[5.686s] reading manifest file 'dingo.egg-info/SOURCES.txt'
[5.686s] writing manifest file 'dingo.egg-info/SOURCES.txt'
[5.718s] Built target ament_cmake_python_build_dingo_egg
[5.730s] Invoked command in '/home/ehoaglin/ros2_ws/build/dingo' returned '0': CMAKE_PREFIX_PATH=/home/ehoaglin/ros2_ws/install/dingo_input_interfacing:/home/ehoaglin/ros2_ws/install/dingo_control:/home/ehoaglin/ros2_ws/install/dingo_servo_interfacing:/home/ehoaglin/ros2_ws/install/dingo_peripheral_interfacing_msg:/home/ehoaglin/ros2_ws/install/dingo_peripheral_interfacing:/home/ehoaglin/ros2_ws/install/dingo_hardware_config:/home/ehoaglin/ros2_ws/install/dingo_control_msg:/home/ehoaglin/ros2_ws/install/ros2_fundamentals_examples:/home/ehoaglin/ros2_ws/install/dingo:/home/ehoaglin/ros2_ws/install/dingo_pybullet:/opt/ros/jazzy/opt/gz_sim_vendor:/opt/ros/jazzy/opt/gz_sensors_vendor:/opt/ros/jazzy/opt/gz_physics_vendor:/opt/ros/jazzy/opt/sdformat_vendor:/opt/ros/jazzy/opt/gz_gui_vendor:/opt/ros/jazzy/opt/gz_transport_vendor:/opt/ros/jazzy/opt/gz_rendering_vendor:/opt/ros/jazzy/opt/gz_plugin_vendor:/opt/ros/jazzy/opt/gz_fuel_tools_vendor:/opt/ros/jazzy/opt/gz_msgs_vendor:/opt/ros/jazzy/opt/gz_common_vendor:/opt/ros/jazzy/opt/gz_math_vendor:/opt/ros/jazzy/opt/gz_utils_vendor:/opt/ros/jazzy/opt/gz_tools_vendor:/opt/ros/jazzy/opt/gz_ogre_next_vendor:/opt/ros/jazzy/opt/gz_dartsim_vendor:/opt/ros/jazzy/opt/gz_cmake_vendor:/opt/ros/jazzy PYTHONPATH=/home/ehoaglin/ros2_ws/install/dingo_input_interfacing/lib/python3.12/site-packages:/home/ehoaglin/ros2_ws/install/dingo_control/lib/python3.12/site-packages:/home/ehoaglin/ros2_ws/install/dingo_servo_interfacing/lib/python3.12/site-packages:/home/ehoaglin/ros2_ws/install/dingo_peripheral_interfacing_msg/lib/python3.12/site-packages:/home/ehoaglin/ros2_ws/install/dingo_peripheral_interfacing/lib/python3.12/site-packages:/home/ehoaglin/ros2_ws/install/dingo_hardware_config/lib/python3.12/site-packages:/home/ehoaglin/ros2_ws/install/dingo_control_msg/lib/python3.12/site-packages:/home/ehoaglin/ros2_ws/install/ros2_fundamentals_examples/lib/python3.12/site-packages:/home/ehoaglin/ros2_ws/install/dingo/lib/python3.12/site-packages:/home/ehoaglin/ros2_ws/install/dingo_pybullet/lib/python3.12/site-packages:/opt/ros/jazzy/lib/python3.12/site-packages /usr/bin/cmake --build /home/ehoaglin/ros2_ws/build/dingo -- -j12 -l12
[5.731s] Invoking command in '/home/ehoaglin/ros2_ws/build/dingo': CMAKE_PREFIX_PATH=/home/ehoaglin/ros2_ws/install/dingo_input_interfacing:/home/ehoaglin/ros2_ws/install/dingo_control:/home/ehoaglin/ros2_ws/install/dingo_servo_interfacing:/home/ehoaglin/ros2_ws/install/dingo_peripheral_interfacing_msg:/home/ehoaglin/ros2_ws/install/dingo_peripheral_interfacing:/home/ehoaglin/ros2_ws/install/dingo_hardware_config:/home/ehoaglin/ros2_ws/install/dingo_control_msg:/home/ehoaglin/ros2_ws/install/ros2_fundamentals_examples:/home/ehoaglin/ros2_ws/install/dingo:/home/ehoaglin/ros2_ws/install/dingo_pybullet:/opt/ros/jazzy/opt/gz_sim_vendor:/opt/ros/jazzy/opt/gz_sensors_vendor:/opt/ros/jazzy/opt/gz_physics_vendor:/opt/ros/jazzy/opt/sdformat_vendor:/opt/ros/jazzy/opt/gz_gui_vendor:/opt/ros/jazzy/opt/gz_transport_vendor:/opt/ros/jazzy/opt/gz_rendering_vendor:/opt/ros/jazzy/opt/gz_plugin_vendor:/opt/ros/jazzy/opt/gz_fuel_tools_vendor:/opt/ros/jazzy/opt/gz_msgs_vendor:/opt/ros/jazzy/opt/gz_common_vendor:/opt/ros/jazzy/opt/gz_math_vendor:/opt/ros/jazzy/opt/gz_utils_vendor:/opt/ros/jazzy/opt/gz_tools_vendor:/opt/ros/jazzy/opt/gz_ogre_next_vendor:/opt/ros/jazzy/opt/gz_dartsim_vendor:/opt/ros/jazzy/opt/gz_cmake_vendor:/opt/ros/jazzy PYTHONPATH=/home/ehoaglin/ros2_ws/install/dingo_input_interfacing/lib/python3.12/site-packages:/home/ehoaglin/ros2_ws/install/dingo_control/lib/python3.12/site-packages:/home/ehoaglin/ros2_ws/install/dingo_servo_interfacing/lib/python3.12/site-packages:/home/ehoaglin/ros2_ws/install/dingo_peripheral_interfacing_msg/lib/python3.12/site-packages:/home/ehoaglin/ros2_ws/install/dingo_peripheral_interfacing/lib/python3.12/site-packages:/home/ehoaglin/ros2_ws/install/dingo_hardware_config/lib/python3.12/site-packages:/home/ehoaglin/ros2_ws/install/dingo_control_msg/lib/python3.12/site-packages:/home/ehoaglin/ros2_ws/install/ros2_fundamentals_examples/lib/python3.12/site-packages:/home/ehoaglin/ros2_ws/install/dingo/lib/python3.12/site-packages:/home/ehoaglin/ros2_ws/install/dingo_pybullet/lib/python3.12/site-packages:/opt/ros/jazzy/lib/python3.12/site-packages /usr/bin/cmake --install /home/ehoaglin/ros2_ws/build/dingo
[5.740s] -- Install configuration: ""
[5.741s] -- Installing: /home/ehoaglin/ros2_ws/install/dingo/share/dingo/environment/pythonpath.sh
[5.741s] -- Installing: /home/ehoaglin/ros2_ws/install/dingo/share/dingo/environment/pythonpath.dsv
[5.741s] -- Installing: /home/ehoaglin/ros2_ws/install/dingo/lib/python3.12/site-packages/dingo-0.0.0-py3.12.egg-info
[5.742s] -- Installing: /home/ehoaglin/ros2_ws/install/dingo/lib/python3.12/site-packages/dingo-0.0.0-py3.12.egg-info/top_level.txt
[5.742s] -- Installing: /home/ehoaglin/ros2_ws/install/dingo/lib/python3.12/site-packages/dingo-0.0.0-py3.12.egg-info/dependency_links.txt
[5.742s] -- Installing: /home/ehoaglin/ros2_ws/install/dingo/lib/python3.12/site-packages/dingo-0.0.0-py3.12.egg-info/SOURCES.txt
[5.742s] -- Installing: /home/ehoaglin/ros2_ws/install/dingo/lib/python3.12/site-packages/dingo-0.0.0-py3.12.egg-info/PKG-INFO
[5.743s] -- Installing: /home/ehoaglin/ros2_ws/install/dingo/lib/python3.12/site-packages/dingo
[5.743s] -- Installing: /home/ehoaglin/ros2_ws/install/dingo/lib/python3.12/site-packages/dingo/__init__.py
[5.743s] -- Installing: /home/ehoaglin/ros2_ws/install/dingo/lib/python3.12/site-packages/dingo/status_publisher.py
[5.789s] Listing '/home/ehoaglin/ros2_ws/install/dingo/lib/python3.12/site-packages/dingo'...
[5.789s] Compiling '/home/ehoaglin/ros2_ws/install/dingo/lib/python3.12/site-packages/dingo/__init__.py'...
[5.789s] Compiling '/home/ehoaglin/ros2_ws/install/dingo/lib/python3.12/site-packages/dingo/status_publisher.py'...
[5.796s] -- Installing: /home/ehoaglin/ros2_ws/install/dingo/lib/dingo/dingo_driver.py
[5.796s] -- Installing: /home/ehoaglin/ros2_ws/install/dingo/lib/dingo/run_robot.py
[5.796s] -- Installing: /home/ehoaglin/ros2_ws/install/dingo/share/dingo/launch
[5.797s] -- Installing: /home/ehoaglin/ros2_ws/install/dingo/share/dingo/launch/dingo_simulator.launch
[5.797s] -- Installing: /home/ehoaglin/ros2_ws/install/dingo/share/dingo/launch/dingo.launch
[5.797s] -- Installing: /home/ehoaglin/ros2_ws/install/dingo/share/dingo/launch/dingo_simulator.launch.py
[5.797s] -- Installing: /home/ehoaglin/ros2_ws/install/dingo/share/dingo/launch/dingo.launch.py
[5.798s] -- Installing: /home/ehoaglin/ros2_ws/install/dingo/share/ament_index/resource_index/package_run_dependencies/dingo
[5.798s] -- Installing: /home/ehoaglin/ros2_ws/install/dingo/share/ament_index/resource_index/parent_prefix_path/dingo
[5.798s] -- Installing: /home/ehoaglin/ros2_ws/install/dingo/share/dingo/environment/ament_prefix_path.sh
[5.799s] -- Installing: /home/ehoaglin/ros2_ws/install/dingo/share/dingo/environment/ament_prefix_path.dsv
[5.799s] -- Installing: /home/ehoaglin/ros2_ws/install/dingo/share/dingo/environment/path.sh
[5.799s] -- Installing: /home/ehoaglin/ros2_ws/install/dingo/share/dingo/environment/path.dsv
[5.799s] -- Installing: /home/ehoaglin/ros2_ws/install/dingo/share/dingo/local_setup.bash
[5.800s] -- Installing: /home/ehoaglin/ros2_ws/install/dingo/share/dingo/local_setup.sh
[5.800s] -- Installing: /home/ehoaglin/ros2_ws/install/dingo/share/dingo/local_setup.zsh
[5.800s] -- Installing: /home/ehoaglin/ros2_ws/install/dingo/share/dingo/local_setup.dsv
[5.800s] -- Installing: /home/ehoaglin/ros2_ws/install/dingo/share/dingo/package.dsv
[5.801s] -- Installing: /home/ehoaglin/ros2_ws/install/dingo/share/ament_index/resource_index/packages/dingo
[5.801s] -- Installing: /home/ehoaglin/ros2_ws/install/dingo/share/dingo/cmake/dingoConfig.cmake
[5.802s] -- Installing: /home/ehoaglin/ros2_ws/install/dingo/share/dingo/cmake/dingoConfig-version.cmake
[5.802s] -- Installing: /home/ehoaglin/ros2_ws/install/dingo/share/dingo/package.xml
[5.804s] Invoked command in '/home/ehoaglin/ros2_ws/build/dingo' returned '0': CMAKE_PREFIX_PATH=/home/ehoaglin/ros2_ws/install/dingo_input_interfacing:/home/ehoaglin/ros2_ws/install/dingo_control:/home/ehoaglin/ros2_ws/install/dingo_servo_interfacing:/home/ehoaglin/ros2_ws/install/dingo_peripheral_interfacing_msg:/home/ehoaglin/ros2_ws/install/dingo_peripheral_interfacing:/home/ehoaglin/ros2_ws/install/dingo_hardware_config:/home/ehoaglin/ros2_ws/install/dingo_control_msg:/home/ehoaglin/ros2_ws/install/ros2_fundamentals_examples:/home/ehoaglin/ros2_ws/install/dingo:/home/ehoaglin/ros2_ws/install/dingo_pybullet:/opt/ros/jazzy/opt/gz_sim_vendor:/opt/ros/jazzy/opt/gz_sensors_vendor:/opt/ros/jazzy/opt/gz_physics_vendor:/opt/ros/jazzy/opt/sdformat_vendor:/opt/ros/jazzy/opt/gz_gui_vendor:/opt/ros/jazzy/opt/gz_transport_vendor:/opt/ros/jazzy/opt/gz_rendering_vendor:/opt/ros/jazzy/opt/gz_plugin_vendor:/opt/ros/jazzy/opt/gz_fuel_tools_vendor:/opt/ros/jazzy/opt/gz_msgs_vendor:/opt/ros/jazzy/opt/gz_common_vendor:/opt/ros/jazzy/opt/gz_math_vendor:/opt/ros/jazzy/opt/gz_utils_vendor:/opt/ros/jazzy/opt/gz_tools_vendor:/opt/ros/jazzy/opt/gz_ogre_next_vendor:/opt/ros/jazzy/opt/gz_dartsim_vendor:/opt/ros/jazzy/opt/gz_cmake_vendor:/opt/ros/jazzy PYTHONPATH=/home/ehoaglin/ros2_ws/install/dingo_input_interfacing/lib/python3.12/site-packages:/home/ehoaglin/ros2_ws/install/dingo_control/lib/python3.12/site-packages:/home/ehoaglin/ros2_ws/install/dingo_servo_interfacing/lib/python3.12/site-packages:/home/ehoaglin/ros2_ws/install/dingo_peripheral_interfacing_msg/lib/python3.12/site-packages:/home/ehoaglin/ros2_ws/install/dingo_peripheral_interfacing/lib/python3.12/site-packages:/home/ehoaglin/ros2_ws/install/dingo_hardware_config/lib/python3.12/site-packages:/home/ehoaglin/ros2_ws/install/dingo_control_msg/lib/python3.12/site-packages:/home/ehoaglin/ros2_ws/install/ros2_fundamentals_examples/lib/python3.12/site-packages:/home/ehoaglin/ros2_ws/install/dingo/lib/python3.12/site-packages:/home/ehoaglin/ros2_ws/install/dingo_pybullet/lib/python3.12/site-packages:/opt/ros/jazzy/lib/python3.12/site-packages /usr/bin/cmake --install /home/ehoaglin/ros2_ws/build/dingo
