[0.030s] Invoking command in '/home/ehoaglin/ros2_ws/src/build/dingo_description': /usr/bin/cmake /home/ehoaglin/ros2_ws/src/dingo_description -DCATKIN_INSTALL_INTO_PREFIX_ROOT=0 -DCMAKE_INSTALL_PREFIX=/home/ehoaglin/ros2_ws/src/install/dingo_description
[0.052s] [0mCMake Deprecation Warning at CMakeLists.txt:1 (cmake_minimum_required):
[0.052s]   Compatibility with CMake < 3.5 will be removed from a future version of
[0.052s]   CMake.
[0.053s] 
[0.053s]   Update the VERSION argument <min> value or use a ...<max> suffix to tell
[0.053s]   CMake that the project does not need compatibility with older versions.
[0.053s] 
[0.053s] [0m
[0.170s] -- The C compiler identification is GNU 13.3.0
[0.748s] -- The CXX compiler identification is GNU 13.3.0
[1.112s] -- Detecting C compiler ABI info
[1.348s] -- Detecting C compiler ABI info - done
[1.362s] -- Check for working C compiler: /usr/bin/cc - skipped
[1.362s] -- Detecting C compile features
[1.363s] -- Detecting C compile features - done
[1.433s] -- Detecting CXX compiler ABI info
[1.656s] -- Detecting CXX compiler ABI info - done
[1.677s] -- Check for working CXX compiler: /usr/bin/c++ - skipped
[1.678s] -- Detecting CXX compile features
[1.678s] -- Detecting CXX compile features - done
[2.177s] [31mCMake Error at CMakeLists.txt:5 (find_package):
[2.177s]   By not providing "Findcatkin.cmake" in CMAKE_MODULE_PATH this project has
[2.177s]   asked CMake to find a package configuration file provided by "catkin", but
[2.177s]   CMake did not find one.
[2.178s] 
[2.178s]   Could not find a package configuration file provided by "catkin" with any
[2.178s]   of the following names:
[2.178s] 
[2.178s]     catkinConfig.cmake
[2.179s]     catkin-config.cmake
[2.179s] 
[2.179s]   Add the installation prefix of "catkin" to CMAKE_PREFIX_PATH or set
[2.179s]   "catkin_DIR" to a directory containing one of the above files.  If "catkin"
[2.179s]   provides a separate development package or SDK, be sure it has been
[2.180s]   installed.
[2.180s] 
[2.180s] [0m
[2.180s] -- Configuring incomplete, errors occurred!
[2.187s] Invoked command in '/home/ehoaglin/ros2_ws/src/build/dingo_description' returned '1': /usr/bin/cmake /home/ehoaglin/ros2_ws/src/dingo_description -DCATKIN_INSTALL_INTO_PREFIX_ROOT=0 -DCMAKE_INSTALL_PREFIX=/home/ehoaglin/ros2_ws/src/install/dingo_description
