[0.036s] Invoking command in '/home/ehoaglin/ros2_ws/src/build/dingo_control': /usr/bin/cmake /home/ehoaglin/ros2_ws/src/dingo_control -DCMAKE_INSTALL_PREFIX=/home/ehoaglin/ros2_ws/src/install/dingo_control
[0.065s] -- Found ament_cmake: 2.5.3 (/opt/ros/jazzy/share/ament_cmake/cmake)
[0.356s] -- Found rclpy: 7.1.3 (/opt/ros/jazzy/share/rclpy/cmake)
[0.358s] -- Found geometry_msgs: 5.3.5 (/opt/ros/jazzy/share/geometry_msgs/cmake)
[0.585s] -- Found rosidl_generator_c: 4.6.5 (/opt/ros/jazzy/share/rosidl_generator_c/cmake)
[0.601s] -- Found rosidl_generator_cpp: 4.6.5 (/opt/ros/jazzy/share/rosidl_generator_cpp/cmake)
[0.626s] -- Using all available rosidl_typesupport_c: rosidl_typesupport_fastrtps_c;rosidl_typesupport_introspection_c
[0.656s] -- Using all available rosidl_typesupport_cpp: rosidl_typesupport_fastrtps_cpp;rosidl_typesupport_introspection_cpp
[0.712s] -- Found rosidl_default_generators: 1.6.0 (/opt/ros/jazzy/share/rosidl_default_generators/cmake)
[0.725s] -- Found rosidl_adapter: 4.6.5 (/opt/ros/jazzy/share/rosidl_adapter/cmake)
[0.977s] [31mCMake Error at /opt/ros/jazzy/share/rosidl_adapter/cmake/rosidl_adapt_interfaces.cmake:57 (message):
[0.977s]   execute_process(/usr/bin/python3 -m rosidl_adapter --package-name
[0.977s]   dingo_control --arguments-file
[0.977s]   /home/ehoaglin/ros2_ws/src/build/dingo_control/rosidl_adapter__arguments__src/msg/JointSpace.msg.json
[0.977s]   --output-dir
[0.977s]   /home/ehoaglin/ros2_ws/src/build/dingo_control/rosidl_adapter/dingo_control
[0.977s]   --output-file
[0.977s]   /home/ehoaglin/ros2_ws/src/build/dingo_control/rosidl_adapter/src/msg/JointSpace.msg.idls)
[0.977s]   returned error code 1:
[0.977s] 
[0.977s]   Traceback (most recent call last):
[0.977s] 
[0.978s]     File "<frozen runpy>", line 198, in _run_module_as_main
[0.978s]     File "<frozen runpy>", line 88, in _run_code
[0.978s]     File "/opt/ros/jazzy/lib/python3.12/site-packages/rosidl_adapter/__main__.py", line 19, in <module>
[0.978s]       sys.exit(main())
[0.978s]                ^^^^^^
[0.978s]     File "/opt/ros/jazzy/lib/python3.12/site-packages/rosidl_adapter/main.py", line 58, in main
[0.978s]       output_file.parent.mkdir(exist_ok=True)
[0.978s]     File "/usr/lib/python3.12/pathlib.py", line 1313, in mkdir
[0.978s]       os.mkdir(self, mode)
[0.978s] 
[0.978s]   FileNotFoundError: [Errno 2] No such file or directory:
[0.978s]   '/home/ehoaglin/ros2_ws/src/build/dingo_control/rosidl_adapter/src/msg'
[0.978s] 
[0.978s] Call Stack (most recent call first):
[0.978s]   /opt/ros/jazzy/share/rosidl_cmake/cmake/rosidl_generate_interfaces.cmake:132 (rosidl_adapt_interfaces)
[0.978s]   CMakeLists.txt:18 (rosidl_generate_interfaces)
[0.979s] 
[0.979s] [0m
[0.979s] -- Configuring incomplete, errors occurred!
