-- Install configuration: ""
-- Up-to-date: /home/ehoaglin/ros2_ws/install/dingo_description/share/dingo_description/urdf
-- Installing: /home/ehoaglin/ros2_ws/install/dingo_description/share/dingo_description/urdf/dingo_copy.urdf
-- Up-to-date: /home/ehoaglin/ros2_ws/install/dingo_description/share/dingo_description/urdf/urdf of dingo + arm not connected.urdf
-- Up-to-date: /home/ehoaglin/ros2_ws/install/dingo_description/share/dingo_description/urdf/dingo.urdf
-- Up-to-date: /home/ehoaglin/ros2_ws/install/dingo_description/share/dingo_description/urdf/Open Notebook.onetoc2
-- Up-to-date: /home/ehoaglin/ros2_ws/install/dingo_description/share/dingo_description/urdf/dingo_description.csv
-- Up-to-date: /home/ehoaglin/ros2_ws/install/dingo_description/share/dingo_description/meshes
-- Up-to-date: /home/ehoaglin/ros2_ws/install/dingo_description/share/dingo_description/meshes/body_obj.obj
-- Up-to-date: /home/ehoaglin/ros2_ws/install/dingo_description/share/dingo_description/meshes/L3_obj.obj
-- Up-to-date: /home/ehoaglin/ros2_ws/install/dingo_description/share/dingo_description/meshes/FL_link3.STL
-- Up-to-date: /home/ehoaglin/ros2_ws/install/dingo_description/share/dingo_description/meshes/R_link1_collision.STL
-- Up-to-date: /home/ehoaglin/ros2_ws/install/dingo_description/share/dingo_description/meshes/RL_link3.STL
-- Up-to-date: /home/ehoaglin/ros2_ws/install/dingo_description/share/dingo_description/meshes/base_link.STL
-- Up-to-date: /home/ehoaglin/ros2_ws/install/dingo_description/share/dingo_description/meshes/FR_link1.dae
-- Up-to-date: /home/ehoaglin/ros2_ws/install/dingo_description/share/dingo_description/meshes/FL_link1.dae
-- Up-to-date: /home/ehoaglin/ros2_ws/install/dingo_description/share/dingo_description/meshes/R_link3.dae
-- Up-to-date: /home/ehoaglin/ros2_ws/install/dingo_description/share/dingo_description/meshes/RR_link1.STL
-- Up-to-date: /home/ehoaglin/ros2_ws/install/dingo_description/share/dingo_description/meshes/R2_obj.mtl
-- Up-to-date: /home/ehoaglin/ros2_ws/install/dingo_description/share/dingo_description/meshes/link4_collision.STL
-- Up-to-date: /home/ehoaglin/ros2_ws/install/dingo_description/share/dingo_description/meshes/L_link3_collision.STL
-- Up-to-date: /home/ehoaglin/ros2_ws/install/dingo_description/share/dingo_description/meshes/RR1_obj.obj
-- Up-to-date: /home/ehoaglin/ros2_ws/install/dingo_description/share/dingo_description/meshes/main.py
-- Up-to-date: /home/ehoaglin/ros2_ws/install/dingo_description/share/dingo_description/meshes/R3_obj.obj
-- Up-to-date: /home/ehoaglin/ros2_ws/install/dingo_description/share/dingo_description/meshes/base_link.dae
-- Up-to-date: /home/ehoaglin/ros2_ws/install/dingo_description/share/dingo_description/meshes/RL1_obj.obj
-- Up-to-date: /home/ehoaglin/ros2_ws/install/dingo_description/share/dingo_description/meshes/FR1_obj.mtl
-- Up-to-date: /home/ehoaglin/ros2_ws/install/dingo_description/share/dingo_description/meshes/L_link1_collision.STL
-- Up-to-date: /home/ehoaglin/ros2_ws/install/dingo_description/share/dingo_description/meshes/R2_obj.obj
-- Up-to-date: /home/ehoaglin/ros2_ws/install/dingo_description/share/dingo_description/meshes/R_link3_collision.STL
-- Up-to-date: /home/ehoaglin/ros2_ws/install/dingo_description/share/dingo_description/meshes/L2_obj.mtl
-- Up-to-date: /home/ehoaglin/ros2_ws/install/dingo_description/share/dingo_description/meshes/thread.jpg
-- Up-to-date: /home/ehoaglin/ros2_ws/install/dingo_description/share/dingo_description/meshes/RR_link1.dae
-- Up-to-date: /home/ehoaglin/ros2_ws/install/dingo_description/share/dingo_description/meshes/RR1_obj.mtl
-- Up-to-date: /home/ehoaglin/ros2_ws/install/dingo_description/share/dingo_description/meshes/FL1_obj.mtl
-- Up-to-date: /home/ehoaglin/ros2_ws/install/dingo_description/share/dingo_description/meshes/FR_link1.STL
-- Up-to-date: /home/ehoaglin/ros2_ws/install/dingo_description/share/dingo_description/meshes/L2_obj.obj
-- Up-to-date: /home/ehoaglin/ros2_ws/install/dingo_description/share/dingo_description/meshes/FR_link2.STL
-- Up-to-date: /home/ehoaglin/ros2_ws/install/dingo_description/share/dingo_description/meshes/R3_obj.mtl
-- Up-to-date: /home/ehoaglin/ros2_ws/install/dingo_description/share/dingo_description/meshes/link4.dae
-- Up-to-date: /home/ehoaglin/ros2_ws/install/dingo_description/share/dingo_description/meshes/FR1_obj.obj
-- Up-to-date: /home/ehoaglin/ros2_ws/install/dingo_description/share/dingo_description/meshes/L3_obj.mtl
-- Up-to-date: /home/ehoaglin/ros2_ws/install/dingo_description/share/dingo_description/meshes/RL_link1.STL
-- Up-to-date: /home/ehoaglin/ros2_ws/install/dingo_description/share/dingo_description/meshes/R_link2_collision.STL
-- Up-to-date: /home/ehoaglin/ros2_ws/install/dingo_description/share/dingo_description/meshes/body_obj.mtl
-- Up-to-date: /home/ehoaglin/ros2_ws/install/dingo_description/share/dingo_description/meshes/Open Notebook.onetoc2
-- Up-to-date: /home/ehoaglin/ros2_ws/install/dingo_description/share/dingo_description/meshes/RL1_obj.mtl
-- Up-to-date: /home/ehoaglin/ros2_ws/install/dingo_description/share/dingo_description/meshes/L_link2.dae
-- Up-to-date: /home/ehoaglin/ros2_ws/install/dingo_description/share/dingo_description/meshes/FL_link4.STL
-- Up-to-date: /home/ehoaglin/ros2_ws/install/dingo_description/share/dingo_description/meshes/L_link2_collision.STL
-- Up-to-date: /home/ehoaglin/ros2_ws/install/dingo_description/share/dingo_description/meshes/RL_link1.dae
-- Up-to-date: /home/ehoaglin/ros2_ws/install/dingo_description/share/dingo_description/meshes/RL_link2.STL
-- Up-to-date: /home/ehoaglin/ros2_ws/install/dingo_description/share/dingo_description/meshes/FL_link1.STL
-- Up-to-date: /home/ehoaglin/ros2_ws/install/dingo_description/share/dingo_description/meshes/FR_link4.STL
-- Up-to-date: /home/ehoaglin/ros2_ws/install/dingo_description/share/dingo_description/meshes/base_collision.STL
-- Up-to-date: /home/ehoaglin/ros2_ws/install/dingo_description/share/dingo_description/meshes/FR_link3.STL
-- Up-to-date: /home/ehoaglin/ros2_ws/install/dingo_description/share/dingo_description/meshes/RR_link2.STL
-- Up-to-date: /home/ehoaglin/ros2_ws/install/dingo_description/share/dingo_description/meshes/RR_link3.STL
-- Up-to-date: /home/ehoaglin/ros2_ws/install/dingo_description/share/dingo_description/meshes/RL_link4.STL
-- Up-to-date: /home/ehoaglin/ros2_ws/install/dingo_description/share/dingo_description/meshes/FL_link2.STL
-- Up-to-date: /home/ehoaglin/ros2_ws/install/dingo_description/share/dingo_description/meshes/FL1_obj.obj
-- Up-to-date: /home/ehoaglin/ros2_ws/install/dingo_description/share/dingo_description/meshes/RR_link4.STL
-- Up-to-date: /home/ehoaglin/ros2_ws/install/dingo_description/share/dingo_description/meshes/L_link3.dae
-- Up-to-date: /home/ehoaglin/ros2_ws/install/dingo_description/share/dingo_description/meshes/R_link2.dae
-- Up-to-date: /home/ehoaglin/ros2_ws/install/dingo_description/share/dingo_description/launch
-- Up-to-date: /home/ehoaglin/ros2_ws/install/dingo_description/share/dingo_description/launch/dingo_rviz.launch
-- Up-to-date: /home/ehoaglin/ros2_ws/install/dingo_description/share/dingo_description/launch/dingo_state_publisher.launch
-- Up-to-date: /home/ehoaglin/ros2_ws/install/dingo_description/share/dingo_description/launch/dingo_rviz.rviz
-- Up-to-date: /home/ehoaglin/ros2_ws/install/dingo_description/share/dingo_description/launch/Open Notebook.onetoc2
-- Up-to-date: /home/ehoaglin/ros2_ws/install/dingo_description/share/ament_index/resource_index/package_run_dependencies/dingo_description
-- Up-to-date: /home/ehoaglin/ros2_ws/install/dingo_description/share/ament_index/resource_index/parent_prefix_path/dingo_description
-- Up-to-date: /home/ehoaglin/ros2_ws/install/dingo_description/share/dingo_description/environment/ament_prefix_path.sh
-- Up-to-date: /home/ehoaglin/ros2_ws/install/dingo_description/share/dingo_description/environment/ament_prefix_path.dsv
-- Up-to-date: /home/ehoaglin/ros2_ws/install/dingo_description/share/dingo_description/environment/path.sh
-- Up-to-date: /home/ehoaglin/ros2_ws/install/dingo_description/share/dingo_description/environment/path.dsv
-- Up-to-date: /home/ehoaglin/ros2_ws/install/dingo_description/share/dingo_description/local_setup.bash
-- Up-to-date: /home/ehoaglin/ros2_ws/install/dingo_description/share/dingo_description/local_setup.sh
-- Up-to-date: /home/ehoaglin/ros2_ws/install/dingo_description/share/dingo_description/local_setup.zsh
-- Up-to-date: /home/ehoaglin/ros2_ws/install/dingo_description/share/dingo_description/local_setup.dsv
-- Installing: /home/ehoaglin/ros2_ws/install/dingo_description/share/dingo_description/package.dsv
-- Up-to-date: /home/ehoaglin/ros2_ws/install/dingo_description/share/ament_index/resource_index/packages/dingo_description
-- Up-to-date: /home/ehoaglin/ros2_ws/install/dingo_description/share/dingo_description/cmake/dingo_descriptionConfig.cmake
-- Up-to-date: /home/ehoaglin/ros2_ws/install/dingo_description/share/dingo_description/cmake/dingo_descriptionConfig-version.cmake
-- Up-to-date: /home/ehoaglin/ros2_ws/install/dingo_description/share/dingo_description/package.xml
