[0.038s] Invoking command in '/home/ehoaglin/ros2_ws/src/build/dingo_peripheral_interfacing': /usr/bin/cmake --build /home/ehoaglin/ros2_ws/src/build/dingo_peripheral_interfacing -- -j12 -l12
[0.094s] Invoked command in '/home/ehoaglin/ros2_ws/src/build/dingo_peripheral_interfacing' returned '0': /usr/bin/cmake --build /home/ehoaglin/ros2_ws/src/build/dingo_peripheral_interfacing -- -j12 -l12
[0.095s] Invoking command in '/home/ehoaglin/ros2_ws/src/build/dingo_peripheral_interfacing': /usr/bin/cmake --install /home/ehoaglin/ros2_ws/src/build/dingo_peripheral_interfacing
[0.105s] -- Install configuration: ""
[0.106s] -- Up-to-date: /home/ehoaglin/ros2_ws/src/install/dingo_peripheral_interfacing/share/ament_index/resource_index/package_run_dependencies/dingo_peripheral_interfacing
[0.108s] -- Up-to-date: /home/ehoaglin/ros2_ws/src/install/dingo_peripheral_interfacing/share/ament_index/resource_index/parent_prefix_path/dingo_peripheral_interfacing
[0.108s] -- Up-to-date: /home/ehoaglin/ros2_ws/src/install/dingo_peripheral_interfacing/share/dingo_peripheral_interfacing/environment/ament_prefix_path.sh
[0.108s] -- Up-to-date: /home/ehoaglin/ros2_ws/src/install/dingo_peripheral_interfacing/share/dingo_peripheral_interfacing/environment/ament_prefix_path.dsv
[0.109s] -- Up-to-date: /home/ehoaglin/ros2_ws/src/install/dingo_peripheral_interfacing/share/dingo_peripheral_interfacing/environment/path.sh
[0.109s] -- Up-to-date: /home/ehoaglin/ros2_ws/src/install/dingo_peripheral_interfacing/share/dingo_peripheral_interfacing/environment/path.dsv
[0.110s] -- Up-to-date: /home/ehoaglin/ros2_ws/src/install/dingo_peripheral_interfacing/share/dingo_peripheral_interfacing/local_setup.bash
[0.110s] -- Up-to-date: /home/ehoaglin/ros2_ws/src/install/dingo_peripheral_interfacing/share/dingo_peripheral_interfacing/local_setup.sh
[0.110s] -- Up-to-date: /home/ehoaglin/ros2_ws/src/install/dingo_peripheral_interfacing/share/dingo_peripheral_interfacing/local_setup.zsh
[0.110s] -- Up-to-date: /home/ehoaglin/ros2_ws/src/install/dingo_peripheral_interfacing/share/dingo_peripheral_interfacing/local_setup.dsv
[0.111s] -- Installing: /home/ehoaglin/ros2_ws/src/install/dingo_peripheral_interfacing/share/dingo_peripheral_interfacing/package.dsv
[0.111s] -- Up-to-date: /home/ehoaglin/ros2_ws/src/install/dingo_peripheral_interfacing/share/ament_index/resource_index/packages/dingo_peripheral_interfacing
[0.111s] -- Up-to-date: /home/ehoaglin/ros2_ws/src/install/dingo_peripheral_interfacing/share/dingo_peripheral_interfacing/cmake/dingo_peripheral_interfacingConfig.cmake
[0.111s] -- Up-to-date: /home/ehoaglin/ros2_ws/src/install/dingo_peripheral_interfacing/share/dingo_peripheral_interfacing/cmake/dingo_peripheral_interfacingConfig-version.cmake
[0.113s] -- Up-to-date: /home/ehoaglin/ros2_ws/src/install/dingo_peripheral_interfacing/share/dingo_peripheral_interfacing/package.xml
[0.128s] Invoked command in '/home/ehoaglin/ros2_ws/src/build/dingo_peripheral_interfacing' returned '0': /usr/bin/cmake --install /home/ehoaglin/ros2_ws/src/build/dingo_peripheral_interfacing
