[3.452s] Invoking command in '/home/ehoaglin/ros2_ws/src/dingo_hardware_interfacing/dingo_input_interfacing': PYTHONPATH=/home/ehoaglin/ros2_ws/build/dingo_input_interfacing/prefix_override:/usr/lib/python3/dist-packages/colcon_core/task/python/colcon_distutils_commands:/home/ehoaglin/ros2_ws/install/dingo_input_interfacing/lib/python3.12/site-packages:${PYTHONPATH} /usr/bin/python3 -W ignore:setup.py install is deprecated -W ignore:easy_install command is deprecated setup.py egg_info --egg-base ../../../build/dingo_input_interfacing build --build-base /home/ehoaglin/ros2_ws/build/dingo_input_interfacing/build install --record /home/ehoaglin/ros2_ws/build/dingo_input_interfacing/install.log --single-version-externally-managed
[4.066s] running egg_info
[4.127s] writing ../../../build/dingo_input_interfacing/dingo_input_interfacing.egg-info/PKG-INFO
[4.127s] writing dependency_links to ../../../build/dingo_input_interfacing/dingo_input_interfacing.egg-info/dependency_links.txt
[4.128s] writing entry points to ../../../build/dingo_input_interfacing/dingo_input_interfacing.egg-info/entry_points.txt
[4.128s] writing requirements to ../../../build/dingo_input_interfacing/dingo_input_interfacing.egg-info/requires.txt
[4.129s] writing top-level names to ../../../build/dingo_input_interfacing/dingo_input_interfacing.egg-info/top_level.txt
[4.247s] reading manifest file '../../../build/dingo_input_interfacing/dingo_input_interfacing.egg-info/SOURCES.txt'
[4.249s] writing manifest file '../../../build/dingo_input_interfacing/dingo_input_interfacing.egg-info/SOURCES.txt'
[4.250s] running build
[4.250s] running build_py
[4.252s] running install
[4.271s] running install_lib
[4.336s] running install_egg_info
[4.402s] removing '/home/ehoaglin/ros2_ws/install/dingo_input_interfacing/lib/python3.12/site-packages/dingo_input_interfacing-0.0.0-py3.12.egg-info' (and everything under it)
[4.402s] Copying ../../../build/dingo_input_interfacing/dingo_input_interfacing.egg-info to /home/ehoaglin/ros2_ws/install/dingo_input_interfacing/lib/python3.12/site-packages/dingo_input_interfacing-0.0.0-py3.12.egg-info
[4.409s] running install_scripts
[4.764s] Installing InputInterface script to /home/ehoaglin/ros2_ws/install/dingo_input_interfacing/bin
[4.765s] writing list of installed files to '/home/ehoaglin/ros2_ws/build/dingo_input_interfacing/install.log'
[4.846s] Invoked command in '/home/ehoaglin/ros2_ws/src/dingo_hardware_interfacing/dingo_input_interfacing' returned '0': PYTHONPATH=/home/ehoaglin/ros2_ws/build/dingo_input_interfacing/prefix_override:/usr/lib/python3/dist-packages/colcon_core/task/python/colcon_distutils_commands:/home/ehoaglin/ros2_ws/install/dingo_input_interfacing/lib/python3.12/site-packages:${PYTHONPATH} /usr/bin/python3 -W ignore:setup.py install is deprecated -W ignore:easy_install command is deprecated setup.py egg_info --egg-base ../../../build/dingo_input_interfacing build --build-base /home/ehoaglin/ros2_ws/build/dingo_input_interfacing/build install --record /home/ehoaglin/ros2_ws/build/dingo_input_interfacing/install.log --single-version-externally-managed
