[0.040s] Invoking command in '/home/ehoaglin/ros2_ws/src/build/dingo_description': /usr/bin/cmake /home/ehoaglin/ros2_ws/src/dingo_description -DCATKIN_INSTALL_INTO_PREFIX_ROOT=0 -DCMAKE_INSTALL_PREFIX=/home/ehoaglin/ros2_ws/src/install/dingo_description
[0.066s] [0mCMake Deprecation Warning at CMakeLists.txt:1 (cmake_minimum_required):
[0.067s]   Compatibility with CMake < 3.5 will be removed from a future version of
[0.067s]   CMake.
[0.067s] 
[0.067s]   Update the VERSION argument <min> value or use a ...<max> suffix to tell
[0.067s]   CMake that the project does not need compatibility with older versions.
[0.067s] 
[0.067s] [0m
[2.056s] [31mCMake Error at CMakeLists.txt:5 (find_package):
[2.056s]   By not providing "Findcatkin.cmake" in CMAKE_MODULE_PATH this project has
[2.056s]   asked CMake to find a package configuration file provided by "catkin", but
[2.057s]   CMake did not find one.
[2.057s] 
[2.057s]   Could not find a package configuration file provided by "catkin" with any
[2.057s]   of the following names:
[2.057s] 
[2.057s]     catkinConfig.cmake
[2.057s]     catkin-config.cmake
[2.057s] 
[2.057s]   Add the installation prefix of "catkin" to CMAKE_PREFIX_PATH or set
[2.057s]   "catkin_DIR" to a directory containing one of the above files.  If "catkin"
[2.058s]   provides a separate development package or SDK, be sure it has been
[2.058s]   installed.
[2.058s] 
[2.058s] [0m
[2.059s] -- Configuring incomplete, errors occurred!
