[0.064s] Invoking command in '/home/ehoaglin/ros2_ws/build/dingo_control_msg': CMAKE_PREFIX_PATH=${CMAKE_PREFIX_PATH}:/home/ehoaglin/ros2_ws/install/dualsense_interface:/opt/ros/jazzy /usr/bin/cmake --build /home/ehoaglin/ros2_ws/build/dingo_control_msg -- -j12 -l12
[0.819s] [  1%] Built target dingo_control_msg__rosidl_generator_type_description
[0.819s] [  1%] Built target ament_cmake_python_copy_dingo_control_msg
[0.820s] [ 22%] Built target dingo_control_msg__rosidl_generator_c
[0.820s] [ 24%] Built target dingo_control_msg__cpp
[0.820s] [ 33%] Built target dingo_control_msg__rosidl_typesupport_introspection_c
[0.820s] [ 42%] Built target dingo_control_msg__rosidl_typesupport_c
[0.821s] [ 51%] Built target dingo_control_msg__rosidl_typesupport_fastrtps_cpp
[0.824s] [ 61%] Built target dingo_control_msg__rosidl_typesupport_introspection_cpp
[0.829s] [ 70%] Built target dingo_control_msg__rosidl_typesupport_fastrtps_c
[0.833s] [ 79%] Built target dingo_control_msg__rosidl_typesupport_cpp
[0.834s] [ 79%] Built target dingo_control_msg
[0.834s] [ 81%] Built target dingo_control_msg__py
[0.834s] [ 88%] Built target dingo_control_msg__rosidl_generator_py
[0.838s] [ 92%] Built target dingo_control_msg_s__rosidl_typesupport_c
[0.839s] [ 96%] Built target dingo_control_msg_s__rosidl_typesupport_introspection_c
[0.839s] [100%] Built target dingo_control_msg_s__rosidl_typesupport_fastrtps_c
[0.961s] running egg_info
[1.006s] writing dingo_control_msg.egg-info/PKG-INFO
[1.007s] writing dependency_links to dingo_control_msg.egg-info/dependency_links.txt
[1.008s] writing top-level names to dingo_control_msg.egg-info/top_level.txt
[1.251s] reading manifest file 'dingo_control_msg.egg-info/SOURCES.txt'
[1.253s] writing manifest file 'dingo_control_msg.egg-info/SOURCES.txt'
[1.348s] [100%] Built target ament_cmake_python_build_dingo_control_msg_egg
[1.382s] Invoked command in '/home/ehoaglin/ros2_ws/build/dingo_control_msg' returned '0': CMAKE_PREFIX_PATH=${CMAKE_PREFIX_PATH}:/home/ehoaglin/ros2_ws/install/dualsense_interface:/opt/ros/jazzy /usr/bin/cmake --build /home/ehoaglin/ros2_ws/build/dingo_control_msg -- -j12 -l12
[1.382s] Invoking command in '/home/ehoaglin/ros2_ws/build/dingo_control_msg': CMAKE_PREFIX_PATH=${CMAKE_PREFIX_PATH}:/home/ehoaglin/ros2_ws/install/dualsense_interface:/opt/ros/jazzy /usr/bin/cmake --install /home/ehoaglin/ros2_ws/build/dingo_control_msg
[1.402s] -- Install configuration: ""
[1.403s] -- Up-to-date: /home/ehoaglin/ros2_ws/install/dingo_control_msg/share/ament_index/resource_index/rosidl_interfaces/dingo_control_msg
[1.403s] -- Up-to-date: /home/ehoaglin/ros2_ws/install/dingo_control_msg/share/dingo_control_msg/msg/Angle.json
[1.404s] -- Up-to-date: /home/ehoaglin/ros2_ws/install/dingo_control_msg/share/dingo_control_msg/msg/JointSpace.json
[1.404s] -- Up-to-date: /home/ehoaglin/ros2_ws/install/dingo_control_msg/share/dingo_control_msg/msg/TaskSpace.json
[1.404s] -- Up-to-date: /home/ehoaglin/ros2_ws/install/dingo_control_msg/include/dingo_control_msg/dingo_control_msg
[1.405s] -- Up-to-date: /home/ehoaglin/ros2_ws/install/dingo_control_msg/include/dingo_control_msg/dingo_control_msg/msg
[1.405s] -- Up-to-date: /home/ehoaglin/ros2_ws/install/dingo_control_msg/include/dingo_control_msg/dingo_control_msg/msg/detail
[1.405s] -- Installing: /home/ehoaglin/ros2_ws/install/dingo_control_msg/include/dingo_control_msg/dingo_control_msg/msg/detail/task_space__type_support.c
[1.406s] -- Up-to-date: /home/ehoaglin/ros2_ws/install/dingo_control_msg/include/dingo_control_msg/dingo_control_msg/msg/detail/task_space__functions.h
[1.406s] -- Up-to-date: /home/ehoaglin/ros2_ws/install/dingo_control_msg/include/dingo_control_msg/dingo_control_msg/msg/detail/joint_space__functions.h
[1.406s] -- Installing: /home/ehoaglin/ros2_ws/install/dingo_control_msg/include/dingo_control_msg/dingo_control_msg/msg/detail/joint_space__type_support.c
[1.407s] -- Up-to-date: /home/ehoaglin/ros2_ws/install/dingo_control_msg/include/dingo_control_msg/dingo_control_msg/msg/detail/angle__functions.h
[1.411s] -- Up-to-date: /home/ehoaglin/ros2_ws/install/dingo_control_msg/include/dingo_control_msg/dingo_control_msg/msg/detail/angle__type_support.h
[1.412s] -- Up-to-date: /home/ehoaglin/ros2_ws/install/dingo_control_msg/include/dingo_control_msg/dingo_control_msg/msg/detail/angle__struct.h
[1.412s] -- Up-to-date: /home/ehoaglin/ros2_ws/install/dingo_control_msg/include/dingo_control_msg/dingo_control_msg/msg/detail/joint_space__struct.h
[1.412s] -- Up-to-date: /home/ehoaglin/ros2_ws/install/dingo_control_msg/include/dingo_control_msg/dingo_control_msg/msg/detail/angle__description.c
[1.413s] -- Up-to-date: /home/ehoaglin/ros2_ws/install/dingo_control_msg/include/dingo_control_msg/dingo_control_msg/msg/detail/task_space__struct.h
[1.413s] -- Up-to-date: /home/ehoaglin/ros2_ws/install/dingo_control_msg/include/dingo_control_msg/dingo_control_msg/msg/detail/task_space__type_support.h
[1.414s] -- Up-to-date: /home/ehoaglin/ros2_ws/install/dingo_control_msg/include/dingo_control_msg/dingo_control_msg/msg/detail/task_space__functions.c
[1.415s] -- Installing: /home/ehoaglin/ros2_ws/install/dingo_control_msg/include/dingo_control_msg/dingo_control_msg/msg/detail/angle__type_support.c
[1.416s] -- Up-to-date: /home/ehoaglin/ros2_ws/install/dingo_control_msg/include/dingo_control_msg/dingo_control_msg/msg/detail/joint_space__type_support.h
[1.416s] -- Up-to-date: /home/ehoaglin/ros2_ws/install/dingo_control_msg/include/dingo_control_msg/dingo_control_msg/msg/detail/joint_space__functions.c
[1.416s] -- Up-to-date: /home/ehoaglin/ros2_ws/install/dingo_control_msg/include/dingo_control_msg/dingo_control_msg/msg/detail/task_space__description.c
[1.417s] -- Up-to-date: /home/ehoaglin/ros2_ws/install/dingo_control_msg/include/dingo_control_msg/dingo_control_msg/msg/detail/angle__functions.c
[1.417s] -- Up-to-date: /home/ehoaglin/ros2_ws/install/dingo_control_msg/include/dingo_control_msg/dingo_control_msg/msg/detail/joint_space__description.c
[1.417s] -- Up-to-date: /home/ehoaglin/ros2_ws/install/dingo_control_msg/include/dingo_control_msg/dingo_control_msg/msg/task_space.h
[1.417s] -- Up-to-date: /home/ehoaglin/ros2_ws/install/dingo_control_msg/include/dingo_control_msg/dingo_control_msg/msg/joint_space.h
[1.418s] -- Up-to-date: /home/ehoaglin/ros2_ws/install/dingo_control_msg/include/dingo_control_msg/dingo_control_msg/msg/angle.h
[1.418s] -- Up-to-date: /home/ehoaglin/ros2_ws/install/dingo_control_msg/include/dingo_control_msg/dingo_control_msg/msg/rosidl_generator_c__visibility_control.h
[1.419s] -- Up-to-date: /home/ehoaglin/ros2_ws/install/dingo_control_msg/share/dingo_control_msg/environment/library_path.sh
[1.419s] -- Up-to-date: /home/ehoaglin/ros2_ws/install/dingo_control_msg/share/dingo_control_msg/environment/library_path.dsv
[1.420s] -- Up-to-date: /home/ehoaglin/ros2_ws/install/dingo_control_msg/lib/libdingo_control_msg__rosidl_generator_c.so
[1.420s] -- Up-to-date: /home/ehoaglin/ros2_ws/install/dingo_control_msg/include/dingo_control_msg/dingo_control_msg
[1.421s] -- Up-to-date: /home/ehoaglin/ros2_ws/install/dingo_control_msg/include/dingo_control_msg/dingo_control_msg/msg
[1.421s] -- Up-to-date: /home/ehoaglin/ros2_ws/install/dingo_control_msg/include/dingo_control_msg/dingo_control_msg/msg/detail
[1.431s] -- Up-to-date: /home/ehoaglin/ros2_ws/install/dingo_control_msg/include/dingo_control_msg/dingo_control_msg/msg/detail/angle__rosidl_typesupport_fastrtps_c.h
[1.432s] -- Up-to-date: /home/ehoaglin/ros2_ws/install/dingo_control_msg/include/dingo_control_msg/dingo_control_msg/msg/detail/joint_space__rosidl_typesupport_fastrtps_c.h
[1.432s] -- Up-to-date: /home/ehoaglin/ros2_ws/install/dingo_control_msg/include/dingo_control_msg/dingo_control_msg/msg/detail/task_space__rosidl_typesupport_fastrtps_c.h
[1.433s] -- Up-to-date: /home/ehoaglin/ros2_ws/install/dingo_control_msg/include/dingo_control_msg/dingo_control_msg/msg/rosidl_typesupport_fastrtps_c__visibility_control.h
[1.434s] -- Up-to-date: /home/ehoaglin/ros2_ws/install/dingo_control_msg/lib/libdingo_control_msg__rosidl_typesupport_fastrtps_c.so
[1.434s] -- Up-to-date: /home/ehoaglin/ros2_ws/install/dingo_control_msg/include/dingo_control_msg/dingo_control_msg
[1.435s] -- Up-to-date: /home/ehoaglin/ros2_ws/install/dingo_control_msg/include/dingo_control_msg/dingo_control_msg/msg
[1.435s] -- Up-to-date: /home/ehoaglin/ros2_ws/install/dingo_control_msg/include/dingo_control_msg/dingo_control_msg/msg/detail
[1.436s] -- Up-to-date: /home/ehoaglin/ros2_ws/install/dingo_control_msg/include/dingo_control_msg/dingo_control_msg/msg/detail/joint_space__struct.hpp
[1.436s] -- Up-to-date: /home/ehoaglin/ros2_ws/install/dingo_control_msg/include/dingo_control_msg/dingo_control_msg/msg/detail/task_space__type_support.hpp
[1.436s] -- Up-to-date: /home/ehoaglin/ros2_ws/install/dingo_control_msg/include/dingo_control_msg/dingo_control_msg/msg/detail/angle__type_support.hpp
[1.436s] -- Up-to-date: /home/ehoaglin/ros2_ws/install/dingo_control_msg/include/dingo_control_msg/dingo_control_msg/msg/detail/task_space__struct.hpp
[1.437s] -- Up-to-date: /home/ehoaglin/ros2_ws/install/dingo_control_msg/include/dingo_control_msg/dingo_control_msg/msg/detail/task_space__traits.hpp
[1.437s] -- Up-to-date: /home/ehoaglin/ros2_ws/install/dingo_control_msg/include/dingo_control_msg/dingo_control_msg/msg/detail/angle__traits.hpp
[1.437s] -- Up-to-date: /home/ehoaglin/ros2_ws/install/dingo_control_msg/include/dingo_control_msg/dingo_control_msg/msg/detail/joint_space__builder.hpp
[1.437s] -- Up-to-date: /home/ehoaglin/ros2_ws/install/dingo_control_msg/include/dingo_control_msg/dingo_control_msg/msg/detail/joint_space__type_support.hpp
[1.438s] -- Up-to-date: /home/ehoaglin/ros2_ws/install/dingo_control_msg/include/dingo_control_msg/dingo_control_msg/msg/detail/task_space__builder.hpp
[1.438s] -- Up-to-date: /home/ehoaglin/ros2_ws/install/dingo_control_msg/include/dingo_control_msg/dingo_control_msg/msg/detail/angle__struct.hpp
[1.438s] -- Up-to-date: /home/ehoaglin/ros2_ws/install/dingo_control_msg/include/dingo_control_msg/dingo_control_msg/msg/detail/joint_space__traits.hpp
[1.438s] -- Up-to-date: /home/ehoaglin/ros2_ws/install/dingo_control_msg/include/dingo_control_msg/dingo_control_msg/msg/detail/angle__builder.hpp
[1.439s] -- Up-to-date: /home/ehoaglin/ros2_ws/install/dingo_control_msg/include/dingo_control_msg/dingo_control_msg/msg/joint_space.hpp
[1.439s] -- Up-to-date: /home/ehoaglin/ros2_ws/install/dingo_control_msg/include/dingo_control_msg/dingo_control_msg/msg/angle.hpp
[1.439s] -- Up-to-date: /home/ehoaglin/ros2_ws/install/dingo_control_msg/include/dingo_control_msg/dingo_control_msg/msg/rosidl_generator_cpp__visibility_control.hpp
[1.439s] -- Up-to-date: /home/ehoaglin/ros2_ws/install/dingo_control_msg/include/dingo_control_msg/dingo_control_msg/msg/task_space.hpp
[1.440s] -- Up-to-date: /home/ehoaglin/ros2_ws/install/dingo_control_msg/include/dingo_control_msg/dingo_control_msg
[1.440s] -- Up-to-date: /home/ehoaglin/ros2_ws/install/dingo_control_msg/include/dingo_control_msg/dingo_control_msg/msg
[1.440s] -- Up-to-date: /home/ehoaglin/ros2_ws/install/dingo_control_msg/include/dingo_control_msg/dingo_control_msg/msg/detail
[1.440s] -- Up-to-date: /home/ehoaglin/ros2_ws/install/dingo_control_msg/include/dingo_control_msg/dingo_control_msg/msg/detail/dds_fastrtps
[1.441s] -- Up-to-date: /home/ehoaglin/ros2_ws/install/dingo_control_msg/include/dingo_control_msg/dingo_control_msg/msg/detail/angle__rosidl_typesupport_fastrtps_cpp.hpp
[1.441s] -- Up-to-date: /home/ehoaglin/ros2_ws/install/dingo_control_msg/include/dingo_control_msg/dingo_control_msg/msg/detail/task_space__rosidl_typesupport_fastrtps_cpp.hpp
[1.442s] -- Up-to-date: /home/ehoaglin/ros2_ws/install/dingo_control_msg/include/dingo_control_msg/dingo_control_msg/msg/detail/joint_space__rosidl_typesupport_fastrtps_cpp.hpp
[1.442s] -- Up-to-date: /home/ehoaglin/ros2_ws/install/dingo_control_msg/include/dingo_control_msg/dingo_control_msg/msg/rosidl_typesupport_fastrtps_cpp__visibility_control.h
[1.443s] -- Up-to-date: /home/ehoaglin/ros2_ws/install/dingo_control_msg/lib/libdingo_control_msg__rosidl_typesupport_fastrtps_cpp.so
[1.444s] -- Up-to-date: /home/ehoaglin/ros2_ws/install/dingo_control_msg/include/dingo_control_msg/dingo_control_msg
[1.444s] -- Up-to-date: /home/ehoaglin/ros2_ws/install/dingo_control_msg/include/dingo_control_msg/dingo_control_msg/msg
[1.444s] -- Up-to-date: /home/ehoaglin/ros2_ws/install/dingo_control_msg/include/dingo_control_msg/dingo_control_msg/msg/detail
[1.445s] -- Installing: /home/ehoaglin/ros2_ws/install/dingo_control_msg/include/dingo_control_msg/dingo_control_msg/msg/detail/task_space__type_support.c
[1.445s] -- Installing: /home/ehoaglin/ros2_ws/install/dingo_control_msg/include/dingo_control_msg/dingo_control_msg/msg/detail/joint_space__type_support.c
[1.446s] -- Up-to-date: /home/ehoaglin/ros2_ws/install/dingo_control_msg/include/dingo_control_msg/dingo_control_msg/msg/detail/angle__rosidl_typesupport_introspection_c.h
[1.449s] -- Installing: /home/ehoaglin/ros2_ws/install/dingo_control_msg/include/dingo_control_msg/dingo_control_msg/msg/detail/angle__type_support.c
[1.454s] -- Up-to-date: /home/ehoaglin/ros2_ws/install/dingo_control_msg/include/dingo_control_msg/dingo_control_msg/msg/detail/task_space__rosidl_typesupport_introspection_c.h
[1.454s] -- Up-to-date: /home/ehoaglin/ros2_ws/install/dingo_control_msg/include/dingo_control_msg/dingo_control_msg/msg/detail/joint_space__rosidl_typesupport_introspection_c.h
[1.455s] -- Up-to-date: /home/ehoaglin/ros2_ws/install/dingo_control_msg/include/dingo_control_msg/dingo_control_msg/msg/rosidl_typesupport_introspection_c__visibility_control.h
[1.456s] -- Up-to-date: /home/ehoaglin/ros2_ws/install/dingo_control_msg/lib/libdingo_control_msg__rosidl_typesupport_introspection_c.so
[1.456s] -- Up-to-date: /home/ehoaglin/ros2_ws/install/dingo_control_msg/lib/libdingo_control_msg__rosidl_typesupport_c.so
[1.462s] -- Up-to-date: /home/ehoaglin/ros2_ws/install/dingo_control_msg/include/dingo_control_msg/dingo_control_msg
[1.463s] -- Up-to-date: /home/ehoaglin/ros2_ws/install/dingo_control_msg/include/dingo_control_msg/dingo_control_msg/msg
[1.464s] -- Up-to-date: /home/ehoaglin/ros2_ws/install/dingo_control_msg/include/dingo_control_msg/dingo_control_msg/msg/detail
[1.466s] -- Up-to-date: /home/ehoaglin/ros2_ws/install/dingo_control_msg/include/dingo_control_msg/dingo_control_msg/msg/detail/task_space__rosidl_typesupport_introspection_cpp.hpp
[1.466s] -- Up-to-date: /home/ehoaglin/ros2_ws/install/dingo_control_msg/include/dingo_control_msg/dingo_control_msg/msg/detail/angle__rosidl_typesupport_introspection_cpp.hpp
[1.467s] -- Up-to-date: /home/ehoaglin/ros2_ws/install/dingo_control_msg/include/dingo_control_msg/dingo_control_msg/msg/detail/angle__type_support.cpp
[1.467s] -- Up-to-date: /home/ehoaglin/ros2_ws/install/dingo_control_msg/include/dingo_control_msg/dingo_control_msg/msg/detail/joint_space__type_support.cpp
[1.467s] -- Up-to-date: /home/ehoaglin/ros2_ws/install/dingo_control_msg/include/dingo_control_msg/dingo_control_msg/msg/detail/task_space__type_support.cpp
[1.468s] -- Up-to-date: /home/ehoaglin/ros2_ws/install/dingo_control_msg/include/dingo_control_msg/dingo_control_msg/msg/detail/joint_space__rosidl_typesupport_introspection_cpp.hpp
[1.468s] -- Up-to-date: /home/ehoaglin/ros2_ws/install/dingo_control_msg/lib/libdingo_control_msg__rosidl_typesupport_introspection_cpp.so
[1.468s] -- Up-to-date: /home/ehoaglin/ros2_ws/install/dingo_control_msg/lib/libdingo_control_msg__rosidl_typesupport_cpp.so
[1.469s] -- Up-to-date: /home/ehoaglin/ros2_ws/install/dingo_control_msg/share/dingo_control_msg/environment/pythonpath.sh
[1.469s] -- Up-to-date: /home/ehoaglin/ros2_ws/install/dingo_control_msg/share/dingo_control_msg/environment/pythonpath.dsv
[1.469s] -- Up-to-date: /home/ehoaglin/ros2_ws/install/dingo_control_msg/lib/python3.12/site-packages/dingo_control_msg-0.0.0-py3.12.egg-info
[1.469s] -- Installing: /home/ehoaglin/ros2_ws/install/dingo_control_msg/lib/python3.12/site-packages/dingo_control_msg-0.0.0-py3.12.egg-info/top_level.txt
[1.470s] -- Installing: /home/ehoaglin/ros2_ws/install/dingo_control_msg/lib/python3.12/site-packages/dingo_control_msg-0.0.0-py3.12.egg-info/dependency_links.txt
[1.470s] -- Installing: /home/ehoaglin/ros2_ws/install/dingo_control_msg/lib/python3.12/site-packages/dingo_control_msg-0.0.0-py3.12.egg-info/SOURCES.txt
[1.471s] -- Installing: /home/ehoaglin/ros2_ws/install/dingo_control_msg/lib/python3.12/site-packages/dingo_control_msg-0.0.0-py3.12.egg-info/PKG-INFO
[1.472s] -- Up-to-date: /home/ehoaglin/ros2_ws/install/dingo_control_msg/lib/python3.12/site-packages/dingo_control_msg
[1.473s] -- Up-to-date: /home/ehoaglin/ros2_ws/install/dingo_control_msg/lib/python3.12/site-packages/dingo_control_msg/__init__.py
[1.474s] -- Up-to-date: /home/ehoaglin/ros2_ws/install/dingo_control_msg/lib/python3.12/site-packages/dingo_control_msg/_dingo_control_msg_s.ep.rosidl_typesupport_introspection_c.c
[1.476s] -- Up-to-date: /home/ehoaglin/ros2_ws/install/dingo_control_msg/lib/python3.12/site-packages/dingo_control_msg/dingo_control_msg_s__rosidl_typesupport_introspection_c.so
[1.477s] -- Up-to-date: /home/ehoaglin/ros2_ws/install/dingo_control_msg/lib/python3.12/site-packages/dingo_control_msg/dingo_control_msg_s__rosidl_typesupport_c.so
[1.477s] -- Up-to-date: /home/ehoaglin/ros2_ws/install/dingo_control_msg/lib/python3.12/site-packages/dingo_control_msg/_dingo_control_msg_s.ep.rosidl_typesupport_fastrtps_c.c
[1.478s] -- Up-to-date: /home/ehoaglin/ros2_ws/install/dingo_control_msg/lib/python3.12/site-packages/dingo_control_msg/dingo_control_msg_s__rosidl_typesupport_fastrtps_c.so
[1.478s] -- Up-to-date: /home/ehoaglin/ros2_ws/install/dingo_control_msg/lib/python3.12/site-packages/dingo_control_msg/msg
[1.479s] -- Up-to-date: /home/ehoaglin/ros2_ws/install/dingo_control_msg/lib/python3.12/site-packages/dingo_control_msg/msg/_joint_space.py
[1.479s] -- Up-to-date: /home/ehoaglin/ros2_ws/install/dingo_control_msg/lib/python3.12/site-packages/dingo_control_msg/msg/__init__.py
[1.479s] -- Up-to-date: /home/ehoaglin/ros2_ws/install/dingo_control_msg/lib/python3.12/site-packages/dingo_control_msg/msg/_task_space_s.c
[1.480s] -- Up-to-date: /home/ehoaglin/ros2_ws/install/dingo_control_msg/lib/python3.12/site-packages/dingo_control_msg/msg/_angle.py
[1.480s] -- Up-to-date: /home/ehoaglin/ros2_ws/install/dingo_control_msg/lib/python3.12/site-packages/dingo_control_msg/msg/_angle_s.c
[1.481s] -- Up-to-date: /home/ehoaglin/ros2_ws/install/dingo_control_msg/lib/python3.12/site-packages/dingo_control_msg/msg/_joint_space_s.c
[1.481s] -- Up-to-date: /home/ehoaglin/ros2_ws/install/dingo_control_msg/lib/python3.12/site-packages/dingo_control_msg/msg/_task_space.py
[1.483s] -- Up-to-date: /home/ehoaglin/ros2_ws/install/dingo_control_msg/lib/python3.12/site-packages/dingo_control_msg/_dingo_control_msg_s.ep.rosidl_typesupport_c.c
[1.600s] Listing '/home/ehoaglin/ros2_ws/install/dingo_control_msg/lib/python3.12/site-packages/dingo_control_msg'...
[1.601s] Listing '/home/ehoaglin/ros2_ws/install/dingo_control_msg/lib/python3.12/site-packages/dingo_control_msg/msg'...
[1.666s] -- Up-to-date: /home/ehoaglin/ros2_ws/install/dingo_control_msg/lib/python3.12/site-packages/dingo_control_msg/dingo_control_msg_s__rosidl_typesupport_fastrtps_c.so
[1.666s] -- Up-to-date: /home/ehoaglin/ros2_ws/install/dingo_control_msg/lib/python3.12/site-packages/dingo_control_msg/dingo_control_msg_s__rosidl_typesupport_introspection_c.so
[1.666s] -- Up-to-date: /home/ehoaglin/ros2_ws/install/dingo_control_msg/lib/python3.12/site-packages/dingo_control_msg/dingo_control_msg_s__rosidl_typesupport_c.so
[1.667s] -- Up-to-date: /home/ehoaglin/ros2_ws/install/dingo_control_msg/lib/libdingo_control_msg__rosidl_generator_py.so
[1.668s] -- Up-to-date: /home/ehoaglin/ros2_ws/install/dingo_control_msg/share/dingo_control_msg/msg/Angle.idl
[1.670s] -- Up-to-date: /home/ehoaglin/ros2_ws/install/dingo_control_msg/share/dingo_control_msg/msg/JointSpace.idl
[1.671s] -- Up-to-date: /home/ehoaglin/ros2_ws/install/dingo_control_msg/share/dingo_control_msg/msg/TaskSpace.idl
[1.672s] -- Up-to-date: /home/ehoaglin/ros2_ws/install/dingo_control_msg/share/dingo_control_msg/msg/Angle.msg
[1.673s] -- Up-to-date: /home/ehoaglin/ros2_ws/install/dingo_control_msg/share/dingo_control_msg/msg/JointSpace.msg
[1.673s] -- Up-to-date: /home/ehoaglin/ros2_ws/install/dingo_control_msg/share/dingo_control_msg/msg/TaskSpace.msg
[1.674s] -- Up-to-date: /home/ehoaglin/ros2_ws/install/dingo_control_msg/share/ament_index/resource_index/package_run_dependencies/dingo_control_msg
[1.674s] -- Up-to-date: /home/ehoaglin/ros2_ws/install/dingo_control_msg/share/ament_index/resource_index/parent_prefix_path/dingo_control_msg
[1.675s] -- Up-to-date: /home/ehoaglin/ros2_ws/install/dingo_control_msg/share/dingo_control_msg/environment/ament_prefix_path.sh
[1.676s] -- Up-to-date: /home/ehoaglin/ros2_ws/install/dingo_control_msg/share/dingo_control_msg/environment/ament_prefix_path.dsv
[1.676s] -- Up-to-date: /home/ehoaglin/ros2_ws/install/dingo_control_msg/share/dingo_control_msg/environment/path.sh
[1.676s] -- Up-to-date: /home/ehoaglin/ros2_ws/install/dingo_control_msg/share/dingo_control_msg/environment/path.dsv
[1.677s] -- Up-to-date: /home/ehoaglin/ros2_ws/install/dingo_control_msg/share/dingo_control_msg/local_setup.bash
[1.677s] -- Up-to-date: /home/ehoaglin/ros2_ws/install/dingo_control_msg/share/dingo_control_msg/local_setup.sh
[1.678s] -- Up-to-date: /home/ehoaglin/ros2_ws/install/dingo_control_msg/share/dingo_control_msg/local_setup.zsh
[1.679s] -- Up-to-date: /home/ehoaglin/ros2_ws/install/dingo_control_msg/share/dingo_control_msg/local_setup.dsv
[1.680s] -- Installing: /home/ehoaglin/ros2_ws/install/dingo_control_msg/share/dingo_control_msg/package.dsv
[1.680s] -- Up-to-date: /home/ehoaglin/ros2_ws/install/dingo_control_msg/share/ament_index/resource_index/packages/dingo_control_msg
[1.681s] -- Up-to-date: /home/ehoaglin/ros2_ws/install/dingo_control_msg/share/dingo_control_msg/cmake/export_dingo_control_msg__rosidl_generator_cExport.cmake
[1.683s] -- Up-to-date: /home/ehoaglin/ros2_ws/install/dingo_control_msg/share/dingo_control_msg/cmake/export_dingo_control_msg__rosidl_generator_cExport-noconfig.cmake
[1.683s] -- Up-to-date: /home/ehoaglin/ros2_ws/install/dingo_control_msg/share/dingo_control_msg/cmake/export_dingo_control_msg__rosidl_typesupport_fastrtps_cExport.cmake
[1.684s] -- Up-to-date: /home/ehoaglin/ros2_ws/install/dingo_control_msg/share/dingo_control_msg/cmake/export_dingo_control_msg__rosidl_typesupport_fastrtps_cExport-noconfig.cmake
[1.685s] -- Up-to-date: /home/ehoaglin/ros2_ws/install/dingo_control_msg/share/dingo_control_msg/cmake/export_dingo_control_msg__rosidl_generator_cppExport.cmake
[1.686s] -- Up-to-date: /home/ehoaglin/ros2_ws/install/dingo_control_msg/share/dingo_control_msg/cmake/export_dingo_control_msg__rosidl_typesupport_fastrtps_cppExport.cmake
[1.686s] -- Up-to-date: /home/ehoaglin/ros2_ws/install/dingo_control_msg/share/dingo_control_msg/cmake/export_dingo_control_msg__rosidl_typesupport_fastrtps_cppExport-noconfig.cmake
[1.689s] -- Up-to-date: /home/ehoaglin/ros2_ws/install/dingo_control_msg/share/dingo_control_msg/cmake/dingo_control_msg__rosidl_typesupport_introspection_cExport.cmake
[1.689s] -- Up-to-date: /home/ehoaglin/ros2_ws/install/dingo_control_msg/share/dingo_control_msg/cmake/dingo_control_msg__rosidl_typesupport_introspection_cExport-noconfig.cmake
[1.690s] -- Up-to-date: /home/ehoaglin/ros2_ws/install/dingo_control_msg/share/dingo_control_msg/cmake/dingo_control_msg__rosidl_typesupport_cExport.cmake
[1.690s] -- Up-to-date: /home/ehoaglin/ros2_ws/install/dingo_control_msg/share/dingo_control_msg/cmake/dingo_control_msg__rosidl_typesupport_cExport-noconfig.cmake
[1.692s] -- Up-to-date: /home/ehoaglin/ros2_ws/install/dingo_control_msg/share/dingo_control_msg/cmake/dingo_control_msg__rosidl_typesupport_introspection_cppExport.cmake
[1.692s] -- Up-to-date: /home/ehoaglin/ros2_ws/install/dingo_control_msg/share/dingo_control_msg/cmake/dingo_control_msg__rosidl_typesupport_introspection_cppExport-noconfig.cmake
[1.692s] -- Up-to-date: /home/ehoaglin/ros2_ws/install/dingo_control_msg/share/dingo_control_msg/cmake/dingo_control_msg__rosidl_typesupport_cppExport.cmake
[1.693s] -- Up-to-date: /home/ehoaglin/ros2_ws/install/dingo_control_msg/share/dingo_control_msg/cmake/dingo_control_msg__rosidl_typesupport_cppExport-noconfig.cmake
[1.693s] -- Up-to-date: /home/ehoaglin/ros2_ws/install/dingo_control_msg/share/dingo_control_msg/cmake/export_dingo_control_msg__rosidl_generator_pyExport.cmake
[1.694s] -- Up-to-date: /home/ehoaglin/ros2_ws/install/dingo_control_msg/share/dingo_control_msg/cmake/export_dingo_control_msg__rosidl_generator_pyExport-noconfig.cmake
[1.695s] -- Up-to-date: /home/ehoaglin/ros2_ws/install/dingo_control_msg/share/dingo_control_msg/cmake/rosidl_cmake-extras.cmake
[1.695s] -- Up-to-date: /home/ehoaglin/ros2_ws/install/dingo_control_msg/share/dingo_control_msg/cmake/ament_cmake_export_dependencies-extras.cmake
[1.695s] -- Up-to-date: /home/ehoaglin/ros2_ws/install/dingo_control_msg/share/dingo_control_msg/cmake/ament_cmake_export_include_directories-extras.cmake
[1.696s] -- Up-to-date: /home/ehoaglin/ros2_ws/install/dingo_control_msg/share/dingo_control_msg/cmake/ament_cmake_export_libraries-extras.cmake
[1.697s] -- Up-to-date: /home/ehoaglin/ros2_ws/install/dingo_control_msg/share/dingo_control_msg/cmake/ament_cmake_export_targets-extras.cmake
[1.698s] -- Up-to-date: /home/ehoaglin/ros2_ws/install/dingo_control_msg/share/dingo_control_msg/cmake/rosidl_cmake_export_typesupport_targets-extras.cmake
[1.698s] -- Up-to-date: /home/ehoaglin/ros2_ws/install/dingo_control_msg/share/dingo_control_msg/cmake/rosidl_cmake_export_typesupport_libraries-extras.cmake
[1.699s] -- Up-to-date: /home/ehoaglin/ros2_ws/install/dingo_control_msg/share/dingo_control_msg/cmake/dingo_control_msgConfig.cmake
[1.699s] -- Up-to-date: /home/ehoaglin/ros2_ws/install/dingo_control_msg/share/dingo_control_msg/cmake/dingo_control_msgConfig-version.cmake
[1.699s] -- Up-to-date: /home/ehoaglin/ros2_ws/install/dingo_control_msg/share/dingo_control_msg/package.xml
[1.846s] Invoked command in '/home/ehoaglin/ros2_ws/build/dingo_control_msg' returned '0': CMAKE_PREFIX_PATH=${CMAKE_PREFIX_PATH}:/home/ehoaglin/ros2_ws/install/dualsense_interface:/opt/ros/jazzy /usr/bin/cmake --install /home/ehoaglin/ros2_ws/build/dingo_control_msg
