[0.158s] DEBUG:colcon:Command line arguments: ['/usr/bin/colcon', 'build']
[0.158s] DEBUG:colcon:Parsed command line arguments: Namespace(log_base=None, log_level=None, verb_name='build', build_base='build', install_base='install', merge_install=False, symlink_install=False, test_result_base=None, continue_on_error=False, executor='parallel', parallel_workers=12, event_handlers=None, ignore_user_meta=False, metas=['./colcon.meta'], base_paths=['.'], packages_ignore=None, packages_ignore_regex=None, paths=None, packages_up_to=None, packages_up_to_regex=None, packages_above=None, packages_above_and_dependencies=None, packages_above_depth=None, packages_select_by_dep=None, packages_skip_by_dep=None, packages_skip_up_to=None, packages_select_build_failed=False, packages_skip_build_finished=False, packages_select_test_failures=False, packages_skip_test_passed=False, packages_select=None, packages_skip=None, packages_select_regex=None, packages_skip_regex=None, packages_start=None, packages_end=None, allow_overriding=[], cmake_args=None, cmake_target=None, cmake_target_skip_unavailable=False, cmake_clean_cache=False, cmake_clean_first=False, cmake_force_configure=False, ament_cmake_args=None, catkin_cmake_args=None, catkin_skip_building_tests=False, verb_parser=<colcon_defaults.argument_parser.defaults.DefaultArgumentsDecorator object at 0x7f2e971a4050>, verb_extension=<colcon_core.verb.build.BuildVerb object at 0x7f2e9717bfb0>, main=<bound method BuildVerb.main of <colcon_core.verb.build.BuildVerb object at 0x7f2e9717bfb0>>)
[0.186s] Level 1:colcon.colcon_core.package_discovery:discover_packages(colcon_meta) check parameters
[0.186s] Level 1:colcon.colcon_core.package_discovery:discover_packages(recursive) check parameters
[0.186s] Level 1:colcon.colcon_core.package_discovery:discover_packages(ignore) check parameters
[0.186s] Level 1:colcon.colcon_core.package_discovery:discover_packages(path) check parameters
[0.186s] Level 1:colcon.colcon_core.package_discovery:discover_packages(colcon_meta) discover
[0.186s] Level 1:colcon.colcon_core.package_discovery:discover_packages(recursive) discover
[0.186s] INFO:colcon.colcon_core.package_discovery:Crawling recursively for packages in '/home/ehoaglin/ros2_ws/src'
[0.187s] Level 1:colcon.colcon_core.package_identification:_identify(.) by extensions ['ignore', 'ignore_ament_install']
[0.187s] Level 1:colcon.colcon_core.package_identification:_identify(.) by extension 'ignore'
[0.187s] Level 1:colcon.colcon_core.package_identification:_identify(.) by extension 'ignore_ament_install'
[0.187s] Level 1:colcon.colcon_core.package_identification:_identify(.) by extensions ['colcon_pkg']
[0.187s] Level 1:colcon.colcon_core.package_identification:_identify(.) by extension 'colcon_pkg'
[0.187s] Level 1:colcon.colcon_core.package_identification:_identify(.) by extensions ['colcon_meta']
[0.187s] Level 1:colcon.colcon_core.package_identification:_identify(.) by extension 'colcon_meta'
[0.187s] Level 1:colcon.colcon_core.package_identification:_identify(.) by extensions ['ros']
[0.187s] Level 1:colcon.colcon_core.package_identification:_identify(.) by extension 'ros'
[0.205s] Level 1:colcon.colcon_core.package_identification:_identify(.) by extensions ['cmake', 'python']
[0.205s] Level 1:colcon.colcon_core.package_identification:_identify(.) by extension 'cmake'
[0.205s] Level 1:colcon.colcon_core.package_identification:_identify(.) by extension 'python'
[0.205s] Level 1:colcon.colcon_core.package_identification:_identify(.) by extensions ['python_setup_py']
[0.205s] Level 1:colcon.colcon_core.package_identification:_identify(.) by extension 'python_setup_py'
[0.205s] Level 1:colcon.colcon_core.package_identification:_identify(build) by extensions ['ignore', 'ignore_ament_install']
[0.205s] Level 1:colcon.colcon_core.package_identification:_identify(build) by extension 'ignore'
[0.205s] Level 1:colcon.colcon_core.package_identification:_identify(build) ignored
[0.206s] Level 1:colcon.colcon_core.package_identification:_identify(dingo) by extensions ['ignore', 'ignore_ament_install']
[0.206s] Level 1:colcon.colcon_core.package_identification:_identify(dingo) by extension 'ignore'
[0.206s] Level 1:colcon.colcon_core.package_identification:_identify(dingo) by extension 'ignore_ament_install'
[0.206s] Level 1:colcon.colcon_core.package_identification:_identify(dingo) by extensions ['colcon_pkg']
[0.206s] Level 1:colcon.colcon_core.package_identification:_identify(dingo) by extension 'colcon_pkg'
[0.206s] Level 1:colcon.colcon_core.package_identification:_identify(dingo) by extensions ['colcon_meta']
[0.206s] Level 1:colcon.colcon_core.package_identification:_identify(dingo) by extension 'colcon_meta'
[0.206s] Level 1:colcon.colcon_core.package_identification:_identify(dingo) by extensions ['ros']
[0.206s] Level 1:colcon.colcon_core.package_identification:_identify(dingo) by extension 'ros'
[0.208s] DEBUG:colcon.colcon_core.package_identification:Package 'dingo' with type 'ros.catkin' and name 'dingo'
[0.208s] Level 1:colcon.colcon_core.package_identification:_identify(dingo_control) by extensions ['ignore', 'ignore_ament_install']
[0.208s] Level 1:colcon.colcon_core.package_identification:_identify(dingo_control) by extension 'ignore'
[0.208s] Level 1:colcon.colcon_core.package_identification:_identify(dingo_control) by extension 'ignore_ament_install'
[0.208s] Level 1:colcon.colcon_core.package_identification:_identify(dingo_control) by extensions ['colcon_pkg']
[0.208s] Level 1:colcon.colcon_core.package_identification:_identify(dingo_control) by extension 'colcon_pkg'
[0.209s] Level 1:colcon.colcon_core.package_identification:_identify(dingo_control) by extensions ['colcon_meta']
[0.209s] Level 1:colcon.colcon_core.package_identification:_identify(dingo_control) by extension 'colcon_meta'
[0.209s] Level 1:colcon.colcon_core.package_identification:_identify(dingo_control) by extensions ['ros']
[0.209s] Level 1:colcon.colcon_core.package_identification:_identify(dingo_control) by extension 'ros'
[0.210s] DEBUG:colcon.colcon_core.package_identification:Failed to parse potential ROS package manifest in'dingo_control': Error(s) in package 'dingo_control/package.xml':
Error(s):
- The generic dependency on 'std_msgs' is redundant with: build_depend
- The generic dependency on 'geometry_msgs' is redundant with: build_depend
[0.210s] Level 1:colcon.colcon_core.package_identification:_identify(dingo_control) by extensions ['cmake', 'python']
[0.210s] Level 1:colcon.colcon_core.package_identification:_identify(dingo_control) by extension 'cmake'
[0.211s] Level 1:colcon.colcon_core.package_identification:_identify(dingo_control) by extension 'python'
[0.211s] DEBUG:colcon.colcon_core.package_identification:Package 'dingo_control' with type 'cmake' and name 'dingo_control'
[0.211s] Level 1:colcon.colcon_core.package_identification:_identify(dingo_description) by extensions ['ignore', 'ignore_ament_install']
[0.211s] Level 1:colcon.colcon_core.package_identification:_identify(dingo_description) by extension 'ignore'
[0.211s] Level 1:colcon.colcon_core.package_identification:_identify(dingo_description) by extension 'ignore_ament_install'
[0.211s] Level 1:colcon.colcon_core.package_identification:_identify(dingo_description) by extensions ['colcon_pkg']
[0.211s] Level 1:colcon.colcon_core.package_identification:_identify(dingo_description) by extension 'colcon_pkg'
[0.211s] Level 1:colcon.colcon_core.package_identification:_identify(dingo_description) by extensions ['colcon_meta']
[0.211s] Level 1:colcon.colcon_core.package_identification:_identify(dingo_description) by extension 'colcon_meta'
[0.211s] Level 1:colcon.colcon_core.package_identification:_identify(dingo_description) by extensions ['ros']
[0.211s] Level 1:colcon.colcon_core.package_identification:_identify(dingo_description) by extension 'ros'
[0.212s] DEBUG:colcon.colcon_core.package_identification:Package 'dingo_description' with type 'ros.catkin' and name 'dingo_description'
[0.212s] Level 1:colcon.colcon_core.package_identification:_identify(dingo_gazebo) by extensions ['ignore', 'ignore_ament_install']
[0.212s] Level 1:colcon.colcon_core.package_identification:_identify(dingo_gazebo) by extension 'ignore'
[0.212s] Level 1:colcon.colcon_core.package_identification:_identify(dingo_gazebo) by extension 'ignore_ament_install'
[0.212s] Level 1:colcon.colcon_core.package_identification:_identify(dingo_gazebo) by extensions ['colcon_pkg']
[0.212s] Level 1:colcon.colcon_core.package_identification:_identify(dingo_gazebo) by extension 'colcon_pkg'
[0.212s] Level 1:colcon.colcon_core.package_identification:_identify(dingo_gazebo) by extensions ['colcon_meta']
[0.212s] Level 1:colcon.colcon_core.package_identification:_identify(dingo_gazebo) by extension 'colcon_meta'
[0.212s] Level 1:colcon.colcon_core.package_identification:_identify(dingo_gazebo) by extensions ['ros']
[0.212s] Level 1:colcon.colcon_core.package_identification:_identify(dingo_gazebo) by extension 'ros'
[0.213s] DEBUG:colcon.colcon_core.package_identification:Package 'dingo_gazebo' with type 'ros.catkin' and name 'dingo_gazebo'
[0.213s] Level 1:colcon.colcon_core.package_identification:_identify(dingo_hardware_interfacing) by extensions ['ignore', 'ignore_ament_install']
[0.213s] Level 1:colcon.colcon_core.package_identification:_identify(dingo_hardware_interfacing) by extension 'ignore'
[0.213s] Level 1:colcon.colcon_core.package_identification:_identify(dingo_hardware_interfacing) by extension 'ignore_ament_install'
[0.213s] Level 1:colcon.colcon_core.package_identification:_identify(dingo_hardware_interfacing) by extensions ['colcon_pkg']
[0.213s] Level 1:colcon.colcon_core.package_identification:_identify(dingo_hardware_interfacing) by extension 'colcon_pkg'
[0.213s] Level 1:colcon.colcon_core.package_identification:_identify(dingo_hardware_interfacing) by extensions ['colcon_meta']
[0.213s] Level 1:colcon.colcon_core.package_identification:_identify(dingo_hardware_interfacing) by extension 'colcon_meta'
[0.213s] Level 1:colcon.colcon_core.package_identification:_identify(dingo_hardware_interfacing) by extensions ['ros']
[0.213s] Level 1:colcon.colcon_core.package_identification:_identify(dingo_hardware_interfacing) by extension 'ros'
[0.213s] Level 1:colcon.colcon_core.package_identification:_identify(dingo_hardware_interfacing) by extensions ['cmake', 'python']
[0.213s] Level 1:colcon.colcon_core.package_identification:_identify(dingo_hardware_interfacing) by extension 'cmake'
[0.213s] Level 1:colcon.colcon_core.package_identification:_identify(dingo_hardware_interfacing) by extension 'python'
[0.213s] Level 1:colcon.colcon_core.package_identification:_identify(dingo_hardware_interfacing) by extensions ['python_setup_py']
[0.213s] Level 1:colcon.colcon_core.package_identification:_identify(dingo_hardware_interfacing) by extension 'python_setup_py'
[0.213s] Level 1:colcon.colcon_core.package_identification:_identify(dingo_hardware_interfacing/dingo_input_interfacing) by extensions ['ignore', 'ignore_ament_install']
[0.213s] Level 1:colcon.colcon_core.package_identification:_identify(dingo_hardware_interfacing/dingo_input_interfacing) by extension 'ignore'
[0.213s] Level 1:colcon.colcon_core.package_identification:_identify(dingo_hardware_interfacing/dingo_input_interfacing) by extension 'ignore_ament_install'
[0.213s] Level 1:colcon.colcon_core.package_identification:_identify(dingo_hardware_interfacing/dingo_input_interfacing) by extensions ['colcon_pkg']
[0.213s] Level 1:colcon.colcon_core.package_identification:_identify(dingo_hardware_interfacing/dingo_input_interfacing) by extension 'colcon_pkg'
[0.214s] Level 1:colcon.colcon_core.package_identification:_identify(dingo_hardware_interfacing/dingo_input_interfacing) by extensions ['colcon_meta']
[0.214s] Level 1:colcon.colcon_core.package_identification:_identify(dingo_hardware_interfacing/dingo_input_interfacing) by extension 'colcon_meta'
[0.214s] Level 1:colcon.colcon_core.package_identification:_identify(dingo_hardware_interfacing/dingo_input_interfacing) by extensions ['ros']
[0.214s] Level 1:colcon.colcon_core.package_identification:_identify(dingo_hardware_interfacing/dingo_input_interfacing) by extension 'ros'
[0.214s] DEBUG:colcon.colcon_core.package_identification:Package 'dingo_hardware_interfacing/dingo_input_interfacing' with type 'ros.catkin' and name 'dingo_input_interfacing'
[0.214s] Level 1:colcon.colcon_core.package_identification:_identify(dingo_hardware_interfacing/dingo_peripheral_interfacing) by extensions ['ignore', 'ignore_ament_install']
[0.214s] Level 1:colcon.colcon_core.package_identification:_identify(dingo_hardware_interfacing/dingo_peripheral_interfacing) by extension 'ignore'
[0.214s] Level 1:colcon.colcon_core.package_identification:_identify(dingo_hardware_interfacing/dingo_peripheral_interfacing) by extension 'ignore_ament_install'
[0.214s] Level 1:colcon.colcon_core.package_identification:_identify(dingo_hardware_interfacing/dingo_peripheral_interfacing) by extensions ['colcon_pkg']
[0.214s] Level 1:colcon.colcon_core.package_identification:_identify(dingo_hardware_interfacing/dingo_peripheral_interfacing) by extension 'colcon_pkg'
[0.214s] Level 1:colcon.colcon_core.package_identification:_identify(dingo_hardware_interfacing/dingo_peripheral_interfacing) by extensions ['colcon_meta']
[0.215s] Level 1:colcon.colcon_core.package_identification:_identify(dingo_hardware_interfacing/dingo_peripheral_interfacing) by extension 'colcon_meta'
[0.215s] Level 1:colcon.colcon_core.package_identification:_identify(dingo_hardware_interfacing/dingo_peripheral_interfacing) by extensions ['ros']
[0.215s] Level 1:colcon.colcon_core.package_identification:_identify(dingo_hardware_interfacing/dingo_peripheral_interfacing) by extension 'ros'
[0.215s] DEBUG:colcon.colcon_core.package_identification:Package 'dingo_hardware_interfacing/dingo_peripheral_interfacing' with type 'ros.catkin' and name 'dingo_peripheral_interfacing'
[0.215s] Level 1:colcon.colcon_core.package_identification:_identify(dingo_hardware_interfacing/dingo_servo_interfacing) by extensions ['ignore', 'ignore_ament_install']
[0.215s] Level 1:colcon.colcon_core.package_identification:_identify(dingo_hardware_interfacing/dingo_servo_interfacing) by extension 'ignore'
[0.216s] Level 1:colcon.colcon_core.package_identification:_identify(dingo_hardware_interfacing/dingo_servo_interfacing) by extension 'ignore_ament_install'
[0.216s] Level 1:colcon.colcon_core.package_identification:_identify(dingo_hardware_interfacing/dingo_servo_interfacing) by extensions ['colcon_pkg']
[0.216s] Level 1:colcon.colcon_core.package_identification:_identify(dingo_hardware_interfacing/dingo_servo_interfacing) by extension 'colcon_pkg'
[0.216s] Level 1:colcon.colcon_core.package_identification:_identify(dingo_hardware_interfacing/dingo_servo_interfacing) by extensions ['colcon_meta']
[0.216s] Level 1:colcon.colcon_core.package_identification:_identify(dingo_hardware_interfacing/dingo_servo_interfacing) by extension 'colcon_meta'
[0.216s] Level 1:colcon.colcon_core.package_identification:_identify(dingo_hardware_interfacing/dingo_servo_interfacing) by extensions ['ros']
[0.216s] Level 1:colcon.colcon_core.package_identification:_identify(dingo_hardware_interfacing/dingo_servo_interfacing) by extension 'ros'
[0.216s] DEBUG:colcon.colcon_core.package_identification:Package 'dingo_hardware_interfacing/dingo_servo_interfacing' with type 'ros.catkin' and name 'dingo_servo_interfacing'
[0.216s] Level 1:colcon.colcon_core.package_identification:_identify(install) by extensions ['ignore', 'ignore_ament_install']
[0.216s] Level 1:colcon.colcon_core.package_identification:_identify(install) by extension 'ignore'
[0.216s] Level 1:colcon.colcon_core.package_identification:_identify(install) ignored
[0.217s] Level 1:colcon.colcon_core.package_identification:_identify(log) by extensions ['ignore', 'ignore_ament_install']
[0.217s] Level 1:colcon.colcon_core.package_identification:_identify(log) by extension 'ignore'
[0.217s] Level 1:colcon.colcon_core.package_identification:_identify(log) ignored
[0.217s] Level 1:colcon.colcon_core.package_discovery:discover_packages(recursive) using defaults
[0.217s] Level 1:colcon.colcon_core.package_discovery:discover_packages(ignore) discover
[0.217s] Level 1:colcon.colcon_core.package_discovery:discover_packages(ignore) using defaults
[0.217s] Level 1:colcon.colcon_core.package_discovery:discover_packages(path) discover
[0.217s] Level 1:colcon.colcon_core.package_discovery:discover_packages(path) using defaults
[0.230s] Level 1:colcon.colcon_core.package_discovery:discover_packages(prefix_path) check parameters
[0.230s] Level 1:colcon.colcon_core.package_discovery:discover_packages(prefix_path) discover
[0.231s] DEBUG:colcon.colcon_installed_package_information.package_discovery:Found 3 installed packages in /home/ehoaglin/ros2_ws/install
[0.232s] DEBUG:colcon.colcon_installed_package_information.package_discovery:Found 403 installed packages in /opt/ros/jazzy
[0.233s] Level 1:colcon.colcon_core.package_discovery:discover_packages(prefix_path) using defaults
[0.277s] Level 5:colcon.colcon_core.verb:set package 'dingo' build argument 'cmake_args' from command line to 'None'
[0.277s] Level 5:colcon.colcon_core.verb:set package 'dingo' build argument 'cmake_target' from command line to 'None'
[0.277s] Level 5:colcon.colcon_core.verb:set package 'dingo' build argument 'cmake_target_skip_unavailable' from command line to 'False'
[0.277s] Level 5:colcon.colcon_core.verb:set package 'dingo' build argument 'cmake_clean_cache' from command line to 'False'
[0.277s] Level 5:colcon.colcon_core.verb:set package 'dingo' build argument 'cmake_clean_first' from command line to 'False'
[0.277s] Level 5:colcon.colcon_core.verb:set package 'dingo' build argument 'cmake_force_configure' from command line to 'False'
[0.277s] Level 5:colcon.colcon_core.verb:set package 'dingo' build argument 'ament_cmake_args' from command line to 'None'
[0.277s] Level 5:colcon.colcon_core.verb:set package 'dingo' build argument 'catkin_cmake_args' from command line to 'None'
[0.277s] Level 5:colcon.colcon_core.verb:set package 'dingo' build argument 'catkin_skip_building_tests' from command line to 'False'
[0.277s] DEBUG:colcon.colcon_core.verb:Building package 'dingo' with the following arguments: {'ament_cmake_args': None, 'build_base': '/home/ehoaglin/ros2_ws/src/build/dingo', 'catkin_cmake_args': None, 'catkin_skip_building_tests': False, 'cmake_args': None, 'cmake_clean_cache': False, 'cmake_clean_first': False, 'cmake_force_configure': False, 'cmake_target': None, 'cmake_target_skip_unavailable': False, 'install_base': '/home/ehoaglin/ros2_ws/src/install/dingo', 'merge_install': False, 'path': '/home/ehoaglin/ros2_ws/src/dingo', 'symlink_install': False, 'test_result_base': None}
[0.277s] Level 5:colcon.colcon_core.verb:set package 'dingo_control' build argument 'cmake_args' from command line to 'None'
[0.277s] Level 5:colcon.colcon_core.verb:set package 'dingo_control' build argument 'cmake_target' from command line to 'None'
[0.277s] Level 5:colcon.colcon_core.verb:set package 'dingo_control' build argument 'cmake_target_skip_unavailable' from command line to 'False'
[0.277s] Level 5:colcon.colcon_core.verb:set package 'dingo_control' build argument 'cmake_clean_cache' from command line to 'False'
[0.277s] Level 5:colcon.colcon_core.verb:set package 'dingo_control' build argument 'cmake_clean_first' from command line to 'False'
[0.277s] Level 5:colcon.colcon_core.verb:set package 'dingo_control' build argument 'cmake_force_configure' from command line to 'False'
[0.277s] Level 5:colcon.colcon_core.verb:set package 'dingo_control' build argument 'ament_cmake_args' from command line to 'None'
[0.277s] Level 5:colcon.colcon_core.verb:set package 'dingo_control' build argument 'catkin_cmake_args' from command line to 'None'
[0.277s] Level 5:colcon.colcon_core.verb:set package 'dingo_control' build argument 'catkin_skip_building_tests' from command line to 'False'
[0.278s] DEBUG:colcon.colcon_core.verb:Building package 'dingo_control' with the following arguments: {'ament_cmake_args': None, 'build_base': '/home/ehoaglin/ros2_ws/src/build/dingo_control', 'catkin_cmake_args': None, 'catkin_skip_building_tests': False, 'cmake_args': None, 'cmake_clean_cache': False, 'cmake_clean_first': False, 'cmake_force_configure': False, 'cmake_target': None, 'cmake_target_skip_unavailable': False, 'install_base': '/home/ehoaglin/ros2_ws/src/install/dingo_control', 'merge_install': False, 'path': '/home/ehoaglin/ros2_ws/src/dingo_control', 'symlink_install': False, 'test_result_base': None}
[0.278s] Level 5:colcon.colcon_core.verb:set package 'dingo_description' build argument 'cmake_args' from command line to 'None'
[0.278s] Level 5:colcon.colcon_core.verb:set package 'dingo_description' build argument 'cmake_target' from command line to 'None'
[0.278s] Level 5:colcon.colcon_core.verb:set package 'dingo_description' build argument 'cmake_target_skip_unavailable' from command line to 'False'
[0.278s] Level 5:colcon.colcon_core.verb:set package 'dingo_description' build argument 'cmake_clean_cache' from command line to 'False'
[0.278s] Level 5:colcon.colcon_core.verb:set package 'dingo_description' build argument 'cmake_clean_first' from command line to 'False'
[0.278s] Level 5:colcon.colcon_core.verb:set package 'dingo_description' build argument 'cmake_force_configure' from command line to 'False'
[0.278s] Level 5:colcon.colcon_core.verb:set package 'dingo_description' build argument 'ament_cmake_args' from command line to 'None'
[0.278s] Level 5:colcon.colcon_core.verb:set package 'dingo_description' build argument 'catkin_cmake_args' from command line to 'None'
[0.278s] Level 5:colcon.colcon_core.verb:set package 'dingo_description' build argument 'catkin_skip_building_tests' from command line to 'False'
[0.278s] DEBUG:colcon.colcon_core.verb:Building package 'dingo_description' with the following arguments: {'ament_cmake_args': None, 'build_base': '/home/ehoaglin/ros2_ws/src/build/dingo_description', 'catkin_cmake_args': None, 'catkin_skip_building_tests': False, 'cmake_args': None, 'cmake_clean_cache': False, 'cmake_clean_first': False, 'cmake_force_configure': False, 'cmake_target': None, 'cmake_target_skip_unavailable': False, 'install_base': '/home/ehoaglin/ros2_ws/src/install/dingo_description', 'merge_install': False, 'path': '/home/ehoaglin/ros2_ws/src/dingo_description', 'symlink_install': False, 'test_result_base': None}
[0.278s] Level 5:colcon.colcon_core.verb:set package 'dingo_gazebo' build argument 'cmake_args' from command line to 'None'
[0.278s] Level 5:colcon.colcon_core.verb:set package 'dingo_gazebo' build argument 'cmake_target' from command line to 'None'
[0.278s] Level 5:colcon.colcon_core.verb:set package 'dingo_gazebo' build argument 'cmake_target_skip_unavailable' from command line to 'False'
[0.278s] Level 5:colcon.colcon_core.verb:set package 'dingo_gazebo' build argument 'cmake_clean_cache' from command line to 'False'
[0.278s] Level 5:colcon.colcon_core.verb:set package 'dingo_gazebo' build argument 'cmake_clean_first' from command line to 'False'
[0.278s] Level 5:colcon.colcon_core.verb:set package 'dingo_gazebo' build argument 'cmake_force_configure' from command line to 'False'
[0.278s] Level 5:colcon.colcon_core.verb:set package 'dingo_gazebo' build argument 'ament_cmake_args' from command line to 'None'
[0.278s] Level 5:colcon.colcon_core.verb:set package 'dingo_gazebo' build argument 'catkin_cmake_args' from command line to 'None'
[0.278s] Level 5:colcon.colcon_core.verb:set package 'dingo_gazebo' build argument 'catkin_skip_building_tests' from command line to 'False'
[0.278s] DEBUG:colcon.colcon_core.verb:Building package 'dingo_gazebo' with the following arguments: {'ament_cmake_args': None, 'build_base': '/home/ehoaglin/ros2_ws/src/build/dingo_gazebo', 'catkin_cmake_args': None, 'catkin_skip_building_tests': False, 'cmake_args': None, 'cmake_clean_cache': False, 'cmake_clean_first': False, 'cmake_force_configure': False, 'cmake_target': None, 'cmake_target_skip_unavailable': False, 'install_base': '/home/ehoaglin/ros2_ws/src/install/dingo_gazebo', 'merge_install': False, 'path': '/home/ehoaglin/ros2_ws/src/dingo_gazebo', 'symlink_install': False, 'test_result_base': None}
[0.278s] Level 5:colcon.colcon_core.verb:set package 'dingo_input_interfacing' build argument 'cmake_args' from command line to 'None'
[0.278s] Level 5:colcon.colcon_core.verb:set package 'dingo_input_interfacing' build argument 'cmake_target' from command line to 'None'
[0.279s] Level 5:colcon.colcon_core.verb:set package 'dingo_input_interfacing' build argument 'cmake_target_skip_unavailable' from command line to 'False'
[0.279s] Level 5:colcon.colcon_core.verb:set package 'dingo_input_interfacing' build argument 'cmake_clean_cache' from command line to 'False'
[0.279s] Level 5:colcon.colcon_core.verb:set package 'dingo_input_interfacing' build argument 'cmake_clean_first' from command line to 'False'
[0.279s] Level 5:colcon.colcon_core.verb:set package 'dingo_input_interfacing' build argument 'cmake_force_configure' from command line to 'False'
[0.279s] Level 5:colcon.colcon_core.verb:set package 'dingo_input_interfacing' build argument 'ament_cmake_args' from command line to 'None'
[0.279s] Level 5:colcon.colcon_core.verb:set package 'dingo_input_interfacing' build argument 'catkin_cmake_args' from command line to 'None'
[0.279s] Level 5:colcon.colcon_core.verb:set package 'dingo_input_interfacing' build argument 'catkin_skip_building_tests' from command line to 'False'
[0.279s] DEBUG:colcon.colcon_core.verb:Building package 'dingo_input_interfacing' with the following arguments: {'ament_cmake_args': None, 'build_base': '/home/ehoaglin/ros2_ws/src/build/dingo_input_interfacing', 'catkin_cmake_args': None, 'catkin_skip_building_tests': False, 'cmake_args': None, 'cmake_clean_cache': False, 'cmake_clean_first': False, 'cmake_force_configure': False, 'cmake_target': None, 'cmake_target_skip_unavailable': False, 'install_base': '/home/ehoaglin/ros2_ws/src/install/dingo_input_interfacing', 'merge_install': False, 'path': '/home/ehoaglin/ros2_ws/src/dingo_hardware_interfacing/dingo_input_interfacing', 'symlink_install': False, 'test_result_base': None}
[0.279s] Level 5:colcon.colcon_core.verb:set package 'dingo_peripheral_interfacing' build argument 'cmake_args' from command line to 'None'
[0.279s] Level 5:colcon.colcon_core.verb:set package 'dingo_peripheral_interfacing' build argument 'cmake_target' from command line to 'None'
[0.279s] Level 5:colcon.colcon_core.verb:set package 'dingo_peripheral_interfacing' build argument 'cmake_target_skip_unavailable' from command line to 'False'
[0.279s] Level 5:colcon.colcon_core.verb:set package 'dingo_peripheral_interfacing' build argument 'cmake_clean_cache' from command line to 'False'
[0.279s] Level 5:colcon.colcon_core.verb:set package 'dingo_peripheral_interfacing' build argument 'cmake_clean_first' from command line to 'False'
[0.279s] Level 5:colcon.colcon_core.verb:set package 'dingo_peripheral_interfacing' build argument 'cmake_force_configure' from command line to 'False'
[0.279s] Level 5:colcon.colcon_core.verb:set package 'dingo_peripheral_interfacing' build argument 'ament_cmake_args' from command line to 'None'
[0.279s] Level 5:colcon.colcon_core.verb:set package 'dingo_peripheral_interfacing' build argument 'catkin_cmake_args' from command line to 'None'
[0.279s] Level 5:colcon.colcon_core.verb:set package 'dingo_peripheral_interfacing' build argument 'catkin_skip_building_tests' from command line to 'False'
[0.279s] DEBUG:colcon.colcon_core.verb:Building package 'dingo_peripheral_interfacing' with the following arguments: {'ament_cmake_args': None, 'build_base': '/home/ehoaglin/ros2_ws/src/build/dingo_peripheral_interfacing', 'catkin_cmake_args': None, 'catkin_skip_building_tests': False, 'cmake_args': None, 'cmake_clean_cache': False, 'cmake_clean_first': False, 'cmake_force_configure': False, 'cmake_target': None, 'cmake_target_skip_unavailable': False, 'install_base': '/home/ehoaglin/ros2_ws/src/install/dingo_peripheral_interfacing', 'merge_install': False, 'path': '/home/ehoaglin/ros2_ws/src/dingo_hardware_interfacing/dingo_peripheral_interfacing', 'symlink_install': False, 'test_result_base': None}
[0.279s] Level 5:colcon.colcon_core.verb:set package 'dingo_servo_interfacing' build argument 'cmake_args' from command line to 'None'
[0.279s] Level 5:colcon.colcon_core.verb:set package 'dingo_servo_interfacing' build argument 'cmake_target' from command line to 'None'
[0.279s] Level 5:colcon.colcon_core.verb:set package 'dingo_servo_interfacing' build argument 'cmake_target_skip_unavailable' from command line to 'False'
[0.279s] Level 5:colcon.colcon_core.verb:set package 'dingo_servo_interfacing' build argument 'cmake_clean_cache' from command line to 'False'
[0.279s] Level 5:colcon.colcon_core.verb:set package 'dingo_servo_interfacing' build argument 'cmake_clean_first' from command line to 'False'
[0.279s] Level 5:colcon.colcon_core.verb:set package 'dingo_servo_interfacing' build argument 'cmake_force_configure' from command line to 'False'
[0.279s] Level 5:colcon.colcon_core.verb:set package 'dingo_servo_interfacing' build argument 'ament_cmake_args' from command line to 'None'
[0.279s] Level 5:colcon.colcon_core.verb:set package 'dingo_servo_interfacing' build argument 'catkin_cmake_args' from command line to 'None'
[0.279s] Level 5:colcon.colcon_core.verb:set package 'dingo_servo_interfacing' build argument 'catkin_skip_building_tests' from command line to 'False'
[0.279s] DEBUG:colcon.colcon_core.verb:Building package 'dingo_servo_interfacing' with the following arguments: {'ament_cmake_args': None, 'build_base': '/home/ehoaglin/ros2_ws/src/build/dingo_servo_interfacing', 'catkin_cmake_args': None, 'catkin_skip_building_tests': False, 'cmake_args': None, 'cmake_clean_cache': False, 'cmake_clean_first': False, 'cmake_force_configure': False, 'cmake_target': None, 'cmake_target_skip_unavailable': False, 'install_base': '/home/ehoaglin/ros2_ws/src/install/dingo_servo_interfacing', 'merge_install': False, 'path': '/home/ehoaglin/ros2_ws/src/dingo_hardware_interfacing/dingo_servo_interfacing', 'symlink_install': False, 'test_result_base': None}
[0.279s] INFO:colcon.colcon_core.executor:Executing jobs using 'parallel' executor
[0.280s] DEBUG:colcon.colcon_parallel_executor.executor.parallel:run_until_complete
[0.281s] INFO:colcon.colcon_ros.task.catkin.build:Building ROS package in '/home/ehoaglin/ros2_ws/src/dingo' with build type 'catkin'
[0.281s] INFO:colcon.colcon_cmake.task.cmake.build:Building CMake package in '/home/ehoaglin/ros2_ws/src/dingo'
[0.283s] INFO:colcon.colcon_core.plugin_system:Skipping extension 'colcon_core.shell.bat': Not used on non-Windows systems
[0.284s] INFO:colcon.colcon_core.shell:Skip shell extension 'powershell' for command environment: Not usable outside of PowerShell
[0.284s] DEBUG:colcon.colcon_core.shell:Skip shell extension 'dsv' for command environment
[0.287s] INFO:colcon.colcon_cmake.task.cmake.build:Building CMake package in '/home/ehoaglin/ros2_ws/src/dingo_control'
[0.287s] INFO:colcon.colcon_core.shell:Skip shell extension 'powershell' for command environment: Not usable outside of PowerShell
[0.287s] DEBUG:colcon.colcon_core.shell:Skip shell extension 'dsv' for command environment
[0.290s] INFO:colcon.colcon_ros.task.catkin.build:Building ROS package in '/home/ehoaglin/ros2_ws/src/dingo_description' with build type 'catkin'
[0.290s] INFO:colcon.colcon_cmake.task.cmake.build:Building CMake package in '/home/ehoaglin/ros2_ws/src/dingo_description'
[0.290s] INFO:colcon.colcon_core.shell:Skip shell extension 'powershell' for command environment: Not usable outside of PowerShell
[0.290s] DEBUG:colcon.colcon_core.shell:Skip shell extension 'dsv' for command environment
[0.293s] INFO:colcon.colcon_ros.task.catkin.build:Building ROS package in '/home/ehoaglin/ros2_ws/src/dingo_gazebo' with build type 'catkin'
[0.294s] INFO:colcon.colcon_cmake.task.cmake.build:Building CMake package in '/home/ehoaglin/ros2_ws/src/dingo_gazebo'
[0.294s] INFO:colcon.colcon_core.shell:Skip shell extension 'powershell' for command environment: Not usable outside of PowerShell
[0.294s] DEBUG:colcon.colcon_core.shell:Skip shell extension 'dsv' for command environment
[0.297s] INFO:colcon.colcon_ros.task.catkin.build:Building ROS package in '/home/ehoaglin/ros2_ws/src/dingo_hardware_interfacing/dingo_input_interfacing' with build type 'catkin'
[0.297s] INFO:colcon.colcon_cmake.task.cmake.build:Building CMake package in '/home/ehoaglin/ros2_ws/src/dingo_hardware_interfacing/dingo_input_interfacing'
[0.297s] INFO:colcon.colcon_core.shell:Skip shell extension 'powershell' for command environment: Not usable outside of PowerShell
[0.297s] DEBUG:colcon.colcon_core.shell:Skip shell extension 'dsv' for command environment
[0.300s] INFO:colcon.colcon_ros.task.catkin.build:Building ROS package in '/home/ehoaglin/ros2_ws/src/dingo_hardware_interfacing/dingo_peripheral_interfacing' with build type 'catkin'
[0.300s] INFO:colcon.colcon_cmake.task.cmake.build:Building CMake package in '/home/ehoaglin/ros2_ws/src/dingo_hardware_interfacing/dingo_peripheral_interfacing'
[0.301s] INFO:colcon.colcon_core.shell:Skip shell extension 'powershell' for command environment: Not usable outside of PowerShell
[0.301s] DEBUG:colcon.colcon_core.shell:Skip shell extension 'dsv' for command environment
[0.304s] INFO:colcon.colcon_ros.task.catkin.build:Building ROS package in '/home/ehoaglin/ros2_ws/src/dingo_hardware_interfacing/dingo_servo_interfacing' with build type 'catkin'
[0.304s] INFO:colcon.colcon_cmake.task.cmake.build:Building CMake package in '/home/ehoaglin/ros2_ws/src/dingo_hardware_interfacing/dingo_servo_interfacing'
[0.305s] INFO:colcon.colcon_core.shell:Skip shell extension 'powershell' for command environment: Not usable outside of PowerShell
[0.305s] DEBUG:colcon.colcon_core.shell:Skip shell extension 'dsv' for command environment
[0.314s] DEBUG:colcon.colcon_core.event_handler.log_command:Invoking command in '/home/ehoaglin/ros2_ws/src/build/dingo': /usr/bin/cmake /home/ehoaglin/ros2_ws/src/dingo -DCATKIN_INSTALL_INTO_PREFIX_ROOT=0 -DCMAKE_INSTALL_PREFIX=/home/ehoaglin/ros2_ws/src/install/dingo
[0.316s] DEBUG:colcon.colcon_core.event_handler.log_command:Invoking command in '/home/ehoaglin/ros2_ws/src/build/dingo_control': /usr/bin/cmake /home/ehoaglin/ros2_ws/src/dingo_control -DCMAKE_INSTALL_PREFIX=/home/ehoaglin/ros2_ws/src/install/dingo_control
[0.321s] DEBUG:colcon.colcon_core.event_handler.log_command:Invoking command in '/home/ehoaglin/ros2_ws/src/build/dingo_description': /usr/bin/cmake /home/ehoaglin/ros2_ws/src/dingo_description -DCATKIN_INSTALL_INTO_PREFIX_ROOT=0 -DCMAKE_INSTALL_PREFIX=/home/ehoaglin/ros2_ws/src/install/dingo_description
[0.323s] DEBUG:colcon.colcon_core.event_handler.log_command:Invoking command in '/home/ehoaglin/ros2_ws/src/build/dingo_gazebo': /usr/bin/cmake /home/ehoaglin/ros2_ws/src/dingo_gazebo -DCATKIN_INSTALL_INTO_PREFIX_ROOT=0 -DCMAKE_INSTALL_PREFIX=/home/ehoaglin/ros2_ws/src/install/dingo_gazebo
[0.328s] DEBUG:colcon.colcon_core.event_handler.log_command:Invoking command in '/home/ehoaglin/ros2_ws/src/build/dingo_input_interfacing': /usr/bin/cmake /home/ehoaglin/ros2_ws/src/dingo_hardware_interfacing/dingo_input_interfacing -DCATKIN_INSTALL_INTO_PREFIX_ROOT=0 -DCMAKE_INSTALL_PREFIX=/home/ehoaglin/ros2_ws/src/install/dingo_input_interfacing
[0.340s] DEBUG:colcon.colcon_core.event_handler.log_command:Invoking command in '/home/ehoaglin/ros2_ws/src/build/dingo_peripheral_interfacing': /usr/bin/cmake /home/ehoaglin/ros2_ws/src/dingo_hardware_interfacing/dingo_peripheral_interfacing -DCATKIN_INSTALL_INTO_PREFIX_ROOT=0 -DCMAKE_INSTALL_PREFIX=/home/ehoaglin/ros2_ws/src/install/dingo_peripheral_interfacing
[0.351s] DEBUG:colcon.colcon_core.event_handler.log_command:Invoking command in '/home/ehoaglin/ros2_ws/src/build/dingo_servo_interfacing': /usr/bin/cmake /home/ehoaglin/ros2_ws/src/dingo_hardware_interfacing/dingo_servo_interfacing -DCATKIN_INSTALL_INTO_PREFIX_ROOT=0 -DCMAKE_INSTALL_PREFIX=/home/ehoaglin/ros2_ws/src/install/dingo_servo_interfacing
[2.477s] DEBUG:colcon.colcon_core.event_handler.log_command:Invoked command in '/home/ehoaglin/ros2_ws/src/build/dingo' returned '1': /usr/bin/cmake /home/ehoaglin/ros2_ws/src/dingo -DCATKIN_INSTALL_INTO_PREFIX_ROOT=0 -DCMAKE_INSTALL_PREFIX=/home/ehoaglin/ros2_ws/src/install/dingo
[2.478s] DEBUG:colcon.colcon_core.event_handler.log_command:Invoked command in '/home/ehoaglin/ros2_ws/src/build/dingo_description' returned '1': /usr/bin/cmake /home/ehoaglin/ros2_ws/src/dingo_description -DCATKIN_INSTALL_INTO_PREFIX_ROOT=0 -DCMAKE_INSTALL_PREFIX=/home/ehoaglin/ros2_ws/src/install/dingo_description
[2.479s] DEBUG:colcon.colcon_core.event_handler.log_command:Invoked command in '/home/ehoaglin/ros2_ws/src/build/dingo_input_interfacing' returned '1': /usr/bin/cmake /home/ehoaglin/ros2_ws/src/dingo_hardware_interfacing/dingo_input_interfacing -DCATKIN_INSTALL_INTO_PREFIX_ROOT=0 -DCMAKE_INSTALL_PREFIX=/home/ehoaglin/ros2_ws/src/install/dingo_input_interfacing
[2.488s] Level 1:colcon.colcon_core.environment:create_environment_scripts_only(dingo)
[2.490s] Level 1:colcon.colcon_core.environment:checking '/home/ehoaglin/ros2_ws/src/install/dingo' for CMake module files
[2.491s] Level 1:colcon.colcon_core.environment:checking '/home/ehoaglin/ros2_ws/src/install/dingo' for CMake config files
[2.491s] Level 1:colcon.colcon_core.environment:checking '/home/ehoaglin/ros2_ws/src/install/dingo/bin'
[2.491s] Level 1:colcon.colcon_core.environment:checking '/home/ehoaglin/ros2_ws/src/install/dingo/lib/pkgconfig/dingo.pc'
[2.492s] Level 1:colcon.colcon_core.environment:checking '/home/ehoaglin/ros2_ws/src/install/dingo/lib/python3.12/site-packages'
[2.492s] Level 1:colcon.colcon_core.environment:checking '/home/ehoaglin/ros2_ws/src/install/dingo/bin'
[2.492s] INFO:colcon.colcon_core.shell:Creating package script '/home/ehoaglin/ros2_ws/src/install/dingo/share/dingo/package.ps1'
[2.493s] INFO:colcon.colcon_core.shell:Creating package descriptor '/home/ehoaglin/ros2_ws/src/install/dingo/share/dingo/package.dsv'
[2.494s] INFO:colcon.colcon_core.shell:Creating package script '/home/ehoaglin/ros2_ws/src/install/dingo/share/dingo/package.sh'
[2.494s] INFO:colcon.colcon_core.shell:Creating package script '/home/ehoaglin/ros2_ws/src/install/dingo/share/dingo/package.bash'
[2.495s] INFO:colcon.colcon_core.shell:Creating package script '/home/ehoaglin/ros2_ws/src/install/dingo/share/dingo/package.zsh'
[2.496s] Level 1:colcon.colcon_core.environment:create_file_with_runtime_dependencies(/home/ehoaglin/ros2_ws/src/install/dingo/share/colcon-core/packages/dingo)
[2.794s] DEBUG:colcon.colcon_parallel_executor.executor.parallel:closing loop
[2.794s] DEBUG:colcon.colcon_parallel_executor.executor.parallel:loop closed
[2.794s] DEBUG:colcon.colcon_parallel_executor.executor.parallel:run_until_complete finished with '1'
[2.794s] DEBUG:colcon.colcon_core.event_reactor:joining thread
[2.799s] INFO:colcon.colcon_core.plugin_system:Skipping extension 'colcon_notification.desktop_notification.terminal_notifier': Not used on non-Darwin systems
[2.799s] INFO:colcon.colcon_core.plugin_system:Skipping extension 'colcon_notification.desktop_notification.win32': Not used on non-Windows systems
[2.799s] INFO:colcon.colcon_notification.desktop_notification:Sending desktop notification using 'notify2'
[2.800s] DEBUG:colcon.colcon_notification.desktop_notification.notify2:Failed to initialize notify2: org.freedesktop.DBus.Error.ServiceUnknown: The name org.freedesktop.Notifications was not provided by any .service files
[2.800s] DEBUG:colcon.colcon_core.event_reactor:joined thread
[2.800s] INFO:colcon.colcon_core.shell:Creating prefix script '/home/ehoaglin/ros2_ws/src/install/local_setup.ps1'
[2.801s] INFO:colcon.colcon_core.shell:Creating prefix util module '/home/ehoaglin/ros2_ws/src/install/_local_setup_util_ps1.py'
[2.802s] INFO:colcon.colcon_core.shell:Creating prefix chain script '/home/ehoaglin/ros2_ws/src/install/setup.ps1'
[2.803s] INFO:colcon.colcon_core.shell:Creating prefix script '/home/ehoaglin/ros2_ws/src/install/local_setup.sh'
[2.803s] INFO:colcon.colcon_core.shell:Creating prefix util module '/home/ehoaglin/ros2_ws/src/install/_local_setup_util_sh.py'
[2.803s] INFO:colcon.colcon_core.shell:Creating prefix chain script '/home/ehoaglin/ros2_ws/src/install/setup.sh'
[2.804s] INFO:colcon.colcon_core.shell:Creating prefix script '/home/ehoaglin/ros2_ws/src/install/local_setup.bash'
[2.804s] INFO:colcon.colcon_core.shell:Creating prefix chain script '/home/ehoaglin/ros2_ws/src/install/setup.bash'
[2.805s] INFO:colcon.colcon_core.shell:Creating prefix script '/home/ehoaglin/ros2_ws/src/install/local_setup.zsh'
[2.805s] INFO:colcon.colcon_core.shell:Creating prefix chain script '/home/ehoaglin/ros2_ws/src/install/setup.zsh'
