[0.046s] Invoking command in '/home/ehoaglin/ros2_ws/src/build/dingo_control': CMAKE_PREFIX_PATH=${CMAKE_PREFIX_PATH}:/home/ehoaglin/ros2_ws/install/ros2_fundamentals_examples:/opt/ros/jazzy /usr/bin/cmake --build /home/ehoaglin/ros2_ws/src/build/dingo_control -- -j12 -l12
[0.084s] -- Found ament_cmake: 2.5.3 (/opt/ros/jazzy/share/ament_cmake/cmake)
[0.317s] -- Found rclpy: 7.1.3 (/opt/ros/jazzy/share/rclpy/cmake)
[0.317s] -- Found std_msgs: 5.3.5 (/opt/ros/jazzy/share/std_msgs/cmake)
[0.437s] -- Found rosidl_generator_c: 4.6.5 (/opt/ros/jazzy/share/rosidl_generator_c/cmake)
[0.450s] -- Found rosidl_generator_cpp: 4.6.5 (/opt/ros/jazzy/share/rosidl_generator_cpp/cmake)
[0.464s] -- Using all available rosidl_typesupport_c: rosidl_typesupport_fastrtps_c;rosidl_typesupport_introspection_c
[0.481s] -- Using all available rosidl_typesupport_cpp: rosidl_typesupport_fastrtps_cpp;rosidl_typesupport_introspection_cpp
[0.523s] -- Found geometry_msgs: 5.3.5 (/opt/ros/jazzy/share/geometry_msgs/cmake)
[0.541s] -- Found rosidl_default_generators: 1.6.0 (/opt/ros/jazzy/share/rosidl_default_generators/cmake)
[0.553s] -- Found rosidl_adapter: 4.6.5 (/opt/ros/jazzy/share/rosidl_adapter/cmake)
[0.852s] [31mCMake Error at /opt/ros/jazzy/share/rosidl_cmake/cmake/rosidl_generate_interfaces.cmake:223 (message):
[0.852s]   Packages installing interfaces must include
[0.853s]   '<member_of_group>rosidl_interface_packages</member_of_group>' in their
[0.853s]   package.xml
[0.853s] Call Stack (most recent call first):
[0.853s]   CMakeLists.txt:11 (rosidl_generate_interfaces)
[0.854s] 
[0.854s] [0m
[0.854s] -- Configuring incomplete, errors occurred!
[0.858s] gmake: *** [Makefile:226: cmake_check_build_system] Error 1
[0.859s] Invoked command in '/home/ehoaglin/ros2_ws/src/build/dingo_control' returned '2': CMAKE_PREFIX_PATH=${CMAKE_PREFIX_PATH}:/home/ehoaglin/ros2_ws/install/ros2_fundamentals_examples:/opt/ros/jazzy /usr/bin/cmake --build /home/ehoaglin/ros2_ws/src/build/dingo_control -- -j12 -l12
