[0.087s] Invoking command in '/home/ehoaglin/ros2_ws/build/dingo_servo_interfacing': CMAKE_PREFIX_PATH=${CMAKE_PREFIX_PATH}:/home/ehoaglin/ros2_ws/install/dualsense_interface:/opt/ros/jazzy /usr/bin/cmake --build /home/ehoaglin/ros2_ws/build/dingo_servo_interfacing -- -j12 -l12
[1.200s] Built target ament_cmake_python_copy_dingo_servo_interfacing
[1.380s] running egg_info
[1.467s] writing dingo_servo_interfacing.egg-info/PKG-INFO
[1.467s] writing dependency_links to dingo_servo_interfacing.egg-info/dependency_links.txt
[1.469s] writing top-level names to dingo_servo_interfacing.egg-info/top_level.txt
[1.799s] reading manifest file 'dingo_servo_interfacing.egg-info/SOURCES.txt'
[1.800s] writing manifest file 'dingo_servo_interfacing.egg-info/SOURCES.txt'
[1.917s] Built target ament_cmake_python_build_dingo_servo_interfacing_egg
[1.964s] Invoked command in '/home/ehoaglin/ros2_ws/build/dingo_servo_interfacing' returned '0': CMAKE_PREFIX_PATH=${CMAKE_PREFIX_PATH}:/home/ehoaglin/ros2_ws/install/dualsense_interface:/opt/ros/jazzy /usr/bin/cmake --build /home/ehoaglin/ros2_ws/build/dingo_servo_interfacing -- -j12 -l12
[1.965s] Invoking command in '/home/ehoaglin/ros2_ws/build/dingo_servo_interfacing': CMAKE_PREFIX_PATH=${CMAKE_PREFIX_PATH}:/home/ehoaglin/ros2_ws/install/dualsense_interface:/opt/ros/jazzy /usr/bin/cmake --install /home/ehoaglin/ros2_ws/build/dingo_servo_interfacing
[1.996s] -- Install configuration: ""
[1.996s] -- Up-to-date: /home/ehoaglin/ros2_ws/install/dingo_servo_interfacing/share/dingo_servo_interfacing/environment/pythonpath.sh
[1.997s] -- Up-to-date: /home/ehoaglin/ros2_ws/install/dingo_servo_interfacing/share/dingo_servo_interfacing/environment/pythonpath.dsv
[1.997s] -- Up-to-date: /home/ehoaglin/ros2_ws/install/dingo_servo_interfacing/lib/python3.12/site-packages/dingo_servo_interfacing-0.0.0-py3.12.egg-info
[1.997s] -- Installing: /home/ehoaglin/ros2_ws/install/dingo_servo_interfacing/lib/python3.12/site-packages/dingo_servo_interfacing-0.0.0-py3.12.egg-info/top_level.txt
[1.998s] -- Installing: /home/ehoaglin/ros2_ws/install/dingo_servo_interfacing/lib/python3.12/site-packages/dingo_servo_interfacing-0.0.0-py3.12.egg-info/dependency_links.txt
[1.998s] -- Installing: /home/ehoaglin/ros2_ws/install/dingo_servo_interfacing/lib/python3.12/site-packages/dingo_servo_interfacing-0.0.0-py3.12.egg-info/SOURCES.txt
[2.004s] -- Installing: /home/ehoaglin/ros2_ws/install/dingo_servo_interfacing/lib/python3.12/site-packages/dingo_servo_interfacing-0.0.0-py3.12.egg-info/PKG-INFO
[2.004s] -- Up-to-date: /home/ehoaglin/ros2_ws/install/dingo_servo_interfacing/lib/python3.12/site-packages/dingo_servo_interfacing
[2.004s] -- Up-to-date: /home/ehoaglin/ros2_ws/install/dingo_servo_interfacing/lib/python3.12/site-packages/dingo_servo_interfacing/CalibrateServos.py
[2.005s] -- Up-to-date: /home/ehoaglin/ros2_ws/install/dingo_servo_interfacing/lib/python3.12/site-packages/dingo_servo_interfacing/__init__.py
[2.005s] -- Up-to-date: /home/ehoaglin/ros2_ws/install/dingo_servo_interfacing/lib/python3.12/site-packages/dingo_servo_interfacing/ServoCalibrationDefinition.py
[2.005s] -- Up-to-date: /home/ehoaglin/ros2_ws/install/dingo_servo_interfacing/lib/python3.12/site-packages/dingo_servo_interfacing/HardwareInterface.py
[2.112s] Listing '/home/ehoaglin/ros2_ws/install/dingo_servo_interfacing/lib/python3.12/site-packages/dingo_servo_interfacing'...
[2.157s] -- Up-to-date: /home/ehoaglin/ros2_ws/install/dingo_servo_interfacing/share/ament_index/resource_index/package_run_dependencies/dingo_servo_interfacing
[2.163s] -- Up-to-date: /home/ehoaglin/ros2_ws/install/dingo_servo_interfacing/share/ament_index/resource_index/parent_prefix_path/dingo_servo_interfacing
[2.167s] -- Up-to-date: /home/ehoaglin/ros2_ws/install/dingo_servo_interfacing/share/dingo_servo_interfacing/environment/ament_prefix_path.sh
[2.168s] -- Up-to-date: /home/ehoaglin/ros2_ws/install/dingo_servo_interfacing/share/dingo_servo_interfacing/environment/ament_prefix_path.dsv
[2.169s] -- Up-to-date: /home/ehoaglin/ros2_ws/install/dingo_servo_interfacing/share/dingo_servo_interfacing/environment/path.sh
[2.170s] -- Up-to-date: /home/ehoaglin/ros2_ws/install/dingo_servo_interfacing/share/dingo_servo_interfacing/environment/path.dsv
[2.170s] -- Up-to-date: /home/ehoaglin/ros2_ws/install/dingo_servo_interfacing/share/dingo_servo_interfacing/local_setup.bash
[2.172s] -- Up-to-date: /home/ehoaglin/ros2_ws/install/dingo_servo_interfacing/share/dingo_servo_interfacing/local_setup.sh
[2.172s] -- Up-to-date: /home/ehoaglin/ros2_ws/install/dingo_servo_interfacing/share/dingo_servo_interfacing/local_setup.zsh
[2.172s] -- Up-to-date: /home/ehoaglin/ros2_ws/install/dingo_servo_interfacing/share/dingo_servo_interfacing/local_setup.dsv
[2.173s] -- Installing: /home/ehoaglin/ros2_ws/install/dingo_servo_interfacing/share/dingo_servo_interfacing/package.dsv
[2.173s] -- Up-to-date: /home/ehoaglin/ros2_ws/install/dingo_servo_interfacing/share/ament_index/resource_index/packages/dingo_servo_interfacing
[2.174s] -- Up-to-date: /home/ehoaglin/ros2_ws/install/dingo_servo_interfacing/share/dingo_servo_interfacing/cmake/dingo_servo_interfacingConfig.cmake
[2.175s] -- Up-to-date: /home/ehoaglin/ros2_ws/install/dingo_servo_interfacing/share/dingo_servo_interfacing/cmake/dingo_servo_interfacingConfig-version.cmake
[2.187s] -- Up-to-date: /home/ehoaglin/ros2_ws/install/dingo_servo_interfacing/share/dingo_servo_interfacing/package.xml
[2.404s] Invoked command in '/home/ehoaglin/ros2_ws/build/dingo_servo_interfacing' returned '0': CMAKE_PREFIX_PATH=${CMAKE_PREFIX_PATH}:/home/ehoaglin/ros2_ws/install/dualsense_interface:/opt/ros/jazzy /usr/bin/cmake --install /home/ehoaglin/ros2_ws/build/dingo_servo_interfacing
