[0.053s] Invoking command in '/home/ehoaglin/ros2_ws/build/dingo_peripheral_interfacing': CMAKE_PREFIX_PATH=/opt/ros/jazzy:${CMAKE_PREFIX_PATH} /usr/bin/cmake --build /home/ehoaglin/ros2_ws/build/dingo_peripheral_interfacing -- -j12 -l12
[0.146s] Built target ament_cmake_python_copy_dingo_peripheral_interfacing
[1.127s] running egg_info
[1.279s] writing dingo_peripheral_interfacing.egg-info/PKG-INFO
[1.280s] writing dependency_links to dingo_peripheral_interfacing.egg-info/dependency_links.txt
[1.280s] writing top-level names to dingo_peripheral_interfacing.egg-info/top_level.txt
[1.750s] reading manifest file 'dingo_peripheral_interfacing.egg-info/SOURCES.txt'
[1.786s] writing manifest file 'dingo_peripheral_interfacing.egg-info/SOURCES.txt'
[2.025s] Built target ament_cmake_python_build_dingo_peripheral_interfacing_egg
[2.214s] Invoked command in '/home/ehoaglin/ros2_ws/build/dingo_peripheral_interfacing' returned '0': CMAKE_PREFIX_PATH=/opt/ros/jazzy:${CMAKE_PREFIX_PATH} /usr/bin/cmake --build /home/ehoaglin/ros2_ws/build/dingo_peripheral_interfacing -- -j12 -l12
[2.216s] Invoking command in '/home/ehoaglin/ros2_ws/build/dingo_peripheral_interfacing': CMAKE_PREFIX_PATH=/opt/ros/jazzy:${CMAKE_PREFIX_PATH} /usr/bin/cmake --install /home/ehoaglin/ros2_ws/build/dingo_peripheral_interfacing
[2.219s] -- Install configuration: ""
[2.219s] -- Up-to-date: /home/ehoaglin/ros2_ws/install/dingo_peripheral_interfacing/share/dingo_peripheral_interfacing/environment/pythonpath.sh
[2.220s] -- Up-to-date: /home/ehoaglin/ros2_ws/install/dingo_peripheral_interfacing/share/dingo_peripheral_interfacing/environment/pythonpath.dsv
[2.220s] -- Up-to-date: /home/ehoaglin/ros2_ws/install/dingo_peripheral_interfacing/lib/python3.12/site-packages/dingo_peripheral_interfacing-0.0.0-py3.12.egg-info
[2.221s] -- Installing: /home/ehoaglin/ros2_ws/install/dingo_peripheral_interfacing/lib/python3.12/site-packages/dingo_peripheral_interfacing-0.0.0-py3.12.egg-info/top_level.txt
[2.222s] -- Installing: /home/ehoaglin/ros2_ws/install/dingo_peripheral_interfacing/lib/python3.12/site-packages/dingo_peripheral_interfacing-0.0.0-py3.12.egg-info/dependency_links.txt
[2.222s] -- Installing: /home/ehoaglin/ros2_ws/install/dingo_peripheral_interfacing/lib/python3.12/site-packages/dingo_peripheral_interfacing-0.0.0-py3.12.egg-info/SOURCES.txt
[2.223s] -- Installing: /home/ehoaglin/ros2_ws/install/dingo_peripheral_interfacing/lib/python3.12/site-packages/dingo_peripheral_interfacing-0.0.0-py3.12.egg-info/PKG-INFO
[2.223s] -- Up-to-date: /home/ehoaglin/ros2_ws/install/dingo_peripheral_interfacing/lib/python3.12/site-packages/dingo_peripheral_interfacing
[2.224s] -- Up-to-date: /home/ehoaglin/ros2_ws/install/dingo_peripheral_interfacing/lib/python3.12/site-packages/dingo_peripheral_interfacing/__init__.py
[2.224s] -- Up-to-date: /home/ehoaglin/ros2_ws/install/dingo_peripheral_interfacing/lib/python3.12/site-packages/dingo_peripheral_interfacing/imu_test.py
[2.225s] -- Up-to-date: /home/ehoaglin/ros2_ws/install/dingo_peripheral_interfacing/lib/python3.12/site-packages/dingo_peripheral_interfacing/IMU.py
[2.225s] -- Up-to-date: /home/ehoaglin/ros2_ws/install/dingo_peripheral_interfacing/lib/python3.12/site-packages/dingo_peripheral_interfacing/Open Notebook.onetoc2
[2.324s] Listing '/home/ehoaglin/ros2_ws/install/dingo_peripheral_interfacing/lib/python3.12/site-packages/dingo_peripheral_interfacing'...
[2.341s] -- Up-to-date: /home/ehoaglin/ros2_ws/install/dingo_peripheral_interfacing/share/ament_index/resource_index/package_run_dependencies/dingo_peripheral_interfacing
[2.344s] -- Up-to-date: /home/ehoaglin/ros2_ws/install/dingo_peripheral_interfacing/share/ament_index/resource_index/parent_prefix_path/dingo_peripheral_interfacing
[2.345s] -- Up-to-date: /home/ehoaglin/ros2_ws/install/dingo_peripheral_interfacing/share/dingo_peripheral_interfacing/environment/ament_prefix_path.sh
[2.346s] -- Up-to-date: /home/ehoaglin/ros2_ws/install/dingo_peripheral_interfacing/share/dingo_peripheral_interfacing/environment/ament_prefix_path.dsv
[2.348s] -- Up-to-date: /home/ehoaglin/ros2_ws/install/dingo_peripheral_interfacing/share/dingo_peripheral_interfacing/environment/path.sh
[2.349s] -- Up-to-date: /home/ehoaglin/ros2_ws/install/dingo_peripheral_interfacing/share/dingo_peripheral_interfacing/environment/path.dsv
[2.350s] -- Up-to-date: /home/ehoaglin/ros2_ws/install/dingo_peripheral_interfacing/share/dingo_peripheral_interfacing/local_setup.bash
[2.350s] -- Up-to-date: /home/ehoaglin/ros2_ws/install/dingo_peripheral_interfacing/share/dingo_peripheral_interfacing/local_setup.sh
[2.351s] -- Up-to-date: /home/ehoaglin/ros2_ws/install/dingo_peripheral_interfacing/share/dingo_peripheral_interfacing/local_setup.zsh
[2.351s] -- Up-to-date: /home/ehoaglin/ros2_ws/install/dingo_peripheral_interfacing/share/dingo_peripheral_interfacing/local_setup.dsv
[2.352s] -- Installing: /home/ehoaglin/ros2_ws/install/dingo_peripheral_interfacing/share/dingo_peripheral_interfacing/package.dsv
[2.353s] -- Up-to-date: /home/ehoaglin/ros2_ws/install/dingo_peripheral_interfacing/share/ament_index/resource_index/packages/dingo_peripheral_interfacing
[2.353s] -- Up-to-date: /home/ehoaglin/ros2_ws/install/dingo_peripheral_interfacing/share/dingo_peripheral_interfacing/cmake/dingo_peripheral_interfacingConfig.cmake
[2.354s] -- Up-to-date: /home/ehoaglin/ros2_ws/install/dingo_peripheral_interfacing/share/dingo_peripheral_interfacing/cmake/dingo_peripheral_interfacingConfig-version.cmake
[2.355s] -- Up-to-date: /home/ehoaglin/ros2_ws/install/dingo_peripheral_interfacing/share/dingo_peripheral_interfacing/package.xml
[2.431s] Invoked command in '/home/ehoaglin/ros2_ws/build/dingo_peripheral_interfacing' returned '0': CMAKE_PREFIX_PATH=/opt/ros/jazzy:${CMAKE_PREFIX_PATH} /usr/bin/cmake --install /home/ehoaglin/ros2_ws/build/dingo_peripheral_interfacing
