[3.078s] Invoking command in '/home/ehoaglin/ros2_ws/src/dingo_hardware_interfacing/dingo_input_interfacing': PYTHONPATH=/home/ehoaglin/ros2_ws/build/dingo_input_interfacing/prefix_override:/usr/lib/python3/dist-packages/colcon_core/task/python/colcon_distutils_commands:/home/ehoaglin/ros2_ws/install/dingo_input_interfacing/lib/python3.12/site-packages:${PYTHONPATH} /usr/bin/python3 -W ignore:setup.py install is deprecated -W ignore:easy_install command is deprecated setup.py egg_info --egg-base ../../../build/dingo_input_interfacing build --build-base /home/ehoaglin/ros2_ws/build/dingo_input_interfacing/build install --record /home/ehoaglin/ros2_ws/build/dingo_input_interfacing/install.log --single-version-externally-managed
[3.756s] running egg_info
[3.757s] creating ../../../build/dingo_input_interfacing/dingo_input_interfacing.egg-info
[3.802s] writing ../../../build/dingo_input_interfacing/dingo_input_interfacing.egg-info/PKG-INFO
[3.802s] writing dependency_links to ../../../build/dingo_input_interfacing/dingo_input_interfacing.egg-info/dependency_links.txt
[3.802s] writing entry points to ../../../build/dingo_input_interfacing/dingo_input_interfacing.egg-info/entry_points.txt
[3.803s] writing requirements to ../../../build/dingo_input_interfacing/dingo_input_interfacing.egg-info/requires.txt
[3.803s] writing top-level names to ../../../build/dingo_input_interfacing/dingo_input_interfacing.egg-info/top_level.txt
[3.804s] writing manifest file '../../../build/dingo_input_interfacing/dingo_input_interfacing.egg-info/SOURCES.txt'
[3.920s] reading manifest file '../../../build/dingo_input_interfacing/dingo_input_interfacing.egg-info/SOURCES.txt'
[3.921s] writing manifest file '../../../build/dingo_input_interfacing/dingo_input_interfacing.egg-info/SOURCES.txt'
[3.922s] running build
[3.922s] running build_py
[3.923s] creating /home/ehoaglin/ros2_ws/build/dingo_input_interfacing/build
[3.923s] creating /home/ehoaglin/ros2_ws/build/dingo_input_interfacing/build/lib
[3.923s] creating /home/ehoaglin/ros2_ws/build/dingo_input_interfacing/build/lib/dingo_input_interfacing
[3.924s] copying dingo_input_interfacing/__init__.py -> /home/ehoaglin/ros2_ws/build/dingo_input_interfacing/build/lib/dingo_input_interfacing
[3.924s] copying dingo_input_interfacing/HardwareConfig.py -> /home/ehoaglin/ros2_ws/build/dingo_input_interfacing/build/lib/dingo_input_interfacing
[3.925s] copying dingo_input_interfacing/InputInterface.py -> /home/ehoaglin/ros2_ws/build/dingo_input_interfacing/build/lib/dingo_input_interfacing
[3.925s] running install
[3.940s] running install_lib
[4.010s] running install_egg_info
[4.059s] removing '/home/ehoaglin/ros2_ws/install/dingo_input_interfacing/lib/python3.12/site-packages/dingo_input_interfacing-0.0.0-py3.12.egg-info' (and everything under it)
[4.064s] Copying ../../../build/dingo_input_interfacing/dingo_input_interfacing.egg-info to /home/ehoaglin/ros2_ws/install/dingo_input_interfacing/lib/python3.12/site-packages/dingo_input_interfacing-0.0.0-py3.12.egg-info
[4.064s] running install_scripts
[4.433s] Installing InputInterface script to /home/ehoaglin/ros2_ws/install/dingo_input_interfacing/bin
[4.434s] writing list of installed files to '/home/ehoaglin/ros2_ws/build/dingo_input_interfacing/install.log'
[4.515s] Invoked command in '/home/ehoaglin/ros2_ws/src/dingo_hardware_interfacing/dingo_input_interfacing' returned '0': PYTHONPATH=/home/ehoaglin/ros2_ws/build/dingo_input_interfacing/prefix_override:/usr/lib/python3/dist-packages/colcon_core/task/python/colcon_distutils_commands:/home/ehoaglin/ros2_ws/install/dingo_input_interfacing/lib/python3.12/site-packages:${PYTHONPATH} /usr/bin/python3 -W ignore:setup.py install is deprecated -W ignore:easy_install command is deprecated setup.py egg_info --egg-base ../../../build/dingo_input_interfacing build --build-base /home/ehoaglin/ros2_ws/build/dingo_input_interfacing/build install --record /home/ehoaglin/ros2_ws/build/dingo_input_interfacing/install.log --single-version-externally-managed
