[0.061s] Invoking command in '/home/ehoaglin/ros2_ws/build/dingo_hardware_config': CMAKE_PREFIX_PATH=${CMAKE_PREFIX_PATH}:/home/ehoaglin/ros2_ws/install/dualsense_interface:/opt/ros/jazzy /usr/bin/cmake --build /home/ehoaglin/ros2_ws/build/dingo_hardware_config -- -j12 -l12
[0.838s] Built target ament_cmake_python_copy_dingo_hardware_config
[1.012s] running egg_info
[1.092s] writing dingo_hardware_config.egg-info/PKG-INFO
[1.095s] writing dependency_links to dingo_hardware_config.egg-info/dependency_links.txt
[1.096s] writing top-level names to dingo_hardware_config.egg-info/top_level.txt
[1.415s] reading manifest file 'dingo_hardware_config.egg-info/SOURCES.txt'
[1.417s] writing manifest file 'dingo_hardware_config.egg-info/SOURCES.txt'
[1.539s] Built target ament_cmake_python_build_dingo_hardware_config_egg
[1.619s] Invoked command in '/home/ehoaglin/ros2_ws/build/dingo_hardware_config' returned '0': CMAKE_PREFIX_PATH=${CMAKE_PREFIX_PATH}:/home/ehoaglin/ros2_ws/install/dualsense_interface:/opt/ros/jazzy /usr/bin/cmake --build /home/ehoaglin/ros2_ws/build/dingo_hardware_config -- -j12 -l12
[1.626s] Invoking command in '/home/ehoaglin/ros2_ws/build/dingo_hardware_config': CMAKE_PREFIX_PATH=${CMAKE_PREFIX_PATH}:/home/ehoaglin/ros2_ws/install/dualsense_interface:/opt/ros/jazzy /usr/bin/cmake --install /home/ehoaglin/ros2_ws/build/dingo_hardware_config
[1.779s] -- Install configuration: ""
[1.780s] -- Up-to-date: /home/ehoaglin/ros2_ws/install/dingo_hardware_config/share/dingo_hardware_config/environment/pythonpath.sh
[1.780s] -- Up-to-date: /home/ehoaglin/ros2_ws/install/dingo_hardware_config/share/dingo_hardware_config/environment/pythonpath.dsv
[1.791s] -- Up-to-date: /home/ehoaglin/ros2_ws/install/dingo_hardware_config/lib/python3.12/site-packages/dingo_hardware_config-0.0.0-py3.12.egg-info
[1.807s] -- Installing: /home/ehoaglin/ros2_ws/install/dingo_hardware_config/lib/python3.12/site-packages/dingo_hardware_config-0.0.0-py3.12.egg-info/top_level.txt
[1.808s] -- Installing: /home/ehoaglin/ros2_ws/install/dingo_hardware_config/lib/python3.12/site-packages/dingo_hardware_config-0.0.0-py3.12.egg-info/dependency_links.txt
[1.808s] -- Installing: /home/ehoaglin/ros2_ws/install/dingo_hardware_config/lib/python3.12/site-packages/dingo_hardware_config-0.0.0-py3.12.egg-info/SOURCES.txt
[1.808s] -- Installing: /home/ehoaglin/ros2_ws/install/dingo_hardware_config/lib/python3.12/site-packages/dingo_hardware_config-0.0.0-py3.12.egg-info/PKG-INFO
[1.809s] -- Up-to-date: /home/ehoaglin/ros2_ws/install/dingo_hardware_config/lib/python3.12/site-packages/dingo_hardware_config
[1.809s] -- Up-to-date: /home/ehoaglin/ros2_ws/install/dingo_hardware_config/lib/python3.12/site-packages/dingo_hardware_config/__init__.py
[1.809s] -- Up-to-date: /home/ehoaglin/ros2_ws/install/dingo_hardware_config/lib/python3.12/site-packages/dingo_hardware_config/build
[1.810s] -- Up-to-date: /home/ehoaglin/ros2_ws/install/dingo_hardware_config/lib/python3.12/site-packages/dingo_hardware_config/build/COLCON_IGNORE
[1.813s] -- Up-to-date: /home/ehoaglin/ros2_ws/install/dingo_hardware_config/lib/python3.12/site-packages/dingo_hardware_config/build/.built_by
[1.813s] -- Up-to-date: /home/ehoaglin/ros2_ws/install/dingo_hardware_config/lib/python3.12/site-packages/dingo_hardware_config/log
[1.814s] -- Up-to-date: /home/ehoaglin/ros2_ws/install/dingo_hardware_config/lib/python3.12/site-packages/dingo_hardware_config/log/latest_build
[1.814s] -- Up-to-date: /home/ehoaglin/ros2_ws/install/dingo_hardware_config/lib/python3.12/site-packages/dingo_hardware_config/log/latest
[1.815s] -- Up-to-date: /home/ehoaglin/ros2_ws/install/dingo_hardware_config/lib/python3.12/site-packages/dingo_hardware_config/log/COLCON_IGNORE
[1.815s] -- Up-to-date: /home/ehoaglin/ros2_ws/install/dingo_hardware_config/lib/python3.12/site-packages/dingo_hardware_config/log/build_2025-02-19_13-10-06
[1.816s] -- Up-to-date: /home/ehoaglin/ros2_ws/install/dingo_hardware_config/lib/python3.12/site-packages/dingo_hardware_config/log/build_2025-02-19_13-10-06/logger_all.log
[1.816s] -- Up-to-date: /home/ehoaglin/ros2_ws/install/dingo_hardware_config/lib/python3.12/site-packages/dingo_hardware_config/log/build_2025-02-19_13-10-06/events.log
[1.817s] -- Up-to-date: /home/ehoaglin/ros2_ws/install/dingo_hardware_config/lib/python3.12/site-packages/dingo_hardware_config/HardwareConfig.py
[1.817s] -- Up-to-date: /home/ehoaglin/ros2_ws/install/dingo_hardware_config/lib/python3.12/site-packages/dingo_hardware_config/install
[1.823s] -- Up-to-date: /home/ehoaglin/ros2_ws/install/dingo_hardware_config/lib/python3.12/site-packages/dingo_hardware_config/install/_local_setup_util_sh.py
[1.828s] -- Up-to-date: /home/ehoaglin/ros2_ws/install/dingo_hardware_config/lib/python3.12/site-packages/dingo_hardware_config/install/local_setup.ps1
[1.829s] -- Up-to-date: /home/ehoaglin/ros2_ws/install/dingo_hardware_config/lib/python3.12/site-packages/dingo_hardware_config/install/setup.bash
[1.829s] -- Up-to-date: /home/ehoaglin/ros2_ws/install/dingo_hardware_config/lib/python3.12/site-packages/dingo_hardware_config/install/_local_setup_util_ps1.py
[1.831s] -- Up-to-date: /home/ehoaglin/ros2_ws/install/dingo_hardware_config/lib/python3.12/site-packages/dingo_hardware_config/install/setup.sh
[1.833s] -- Up-to-date: /home/ehoaglin/ros2_ws/install/dingo_hardware_config/lib/python3.12/site-packages/dingo_hardware_config/install/.colcon_install_layout
[1.836s] -- Up-to-date: /home/ehoaglin/ros2_ws/install/dingo_hardware_config/lib/python3.12/site-packages/dingo_hardware_config/install/local_setup.zsh
[1.841s] -- Up-to-date: /home/ehoaglin/ros2_ws/install/dingo_hardware_config/lib/python3.12/site-packages/dingo_hardware_config/install/COLCON_IGNORE
[1.842s] -- Up-to-date: /home/ehoaglin/ros2_ws/install/dingo_hardware_config/lib/python3.12/site-packages/dingo_hardware_config/install/local_setup.sh
[1.843s] -- Up-to-date: /home/ehoaglin/ros2_ws/install/dingo_hardware_config/lib/python3.12/site-packages/dingo_hardware_config/install/local_setup.bash
[1.843s] -- Up-to-date: /home/ehoaglin/ros2_ws/install/dingo_hardware_config/lib/python3.12/site-packages/dingo_hardware_config/install/setup.ps1
[1.844s] -- Up-to-date: /home/ehoaglin/ros2_ws/install/dingo_hardware_config/lib/python3.12/site-packages/dingo_hardware_config/install/setup.zsh
[1.896s] Listing '/home/ehoaglin/ros2_ws/install/dingo_hardware_config/lib/python3.12/site-packages/dingo_hardware_config'...
[1.897s] Listing '/home/ehoaglin/ros2_ws/install/dingo_hardware_config/lib/python3.12/site-packages/dingo_hardware_config/build'...
[1.897s] Listing '/home/ehoaglin/ros2_ws/install/dingo_hardware_config/lib/python3.12/site-packages/dingo_hardware_config/install'...
[1.898s] Listing '/home/ehoaglin/ros2_ws/install/dingo_hardware_config/lib/python3.12/site-packages/dingo_hardware_config/log'...
[1.899s] Listing '/home/ehoaglin/ros2_ws/install/dingo_hardware_config/lib/python3.12/site-packages/dingo_hardware_config/log/build_2025-02-19_13-10-06'...
[1.933s] -- Up-to-date: /home/ehoaglin/ros2_ws/install/dingo_hardware_config/share/ament_index/resource_index/package_run_dependencies/dingo_hardware_config
[1.934s] -- Up-to-date: /home/ehoaglin/ros2_ws/install/dingo_hardware_config/share/ament_index/resource_index/parent_prefix_path/dingo_hardware_config
[1.934s] -- Up-to-date: /home/ehoaglin/ros2_ws/install/dingo_hardware_config/share/dingo_hardware_config/environment/ament_prefix_path.sh
[1.935s] -- Up-to-date: /home/ehoaglin/ros2_ws/install/dingo_hardware_config/share/dingo_hardware_config/environment/ament_prefix_path.dsv
[1.935s] -- Up-to-date: /home/ehoaglin/ros2_ws/install/dingo_hardware_config/share/dingo_hardware_config/environment/path.sh
[1.935s] -- Up-to-date: /home/ehoaglin/ros2_ws/install/dingo_hardware_config/share/dingo_hardware_config/environment/path.dsv
[1.935s] -- Up-to-date: /home/ehoaglin/ros2_ws/install/dingo_hardware_config/share/dingo_hardware_config/local_setup.bash
[1.936s] -- Up-to-date: /home/ehoaglin/ros2_ws/install/dingo_hardware_config/share/dingo_hardware_config/local_setup.sh
[1.936s] -- Up-to-date: /home/ehoaglin/ros2_ws/install/dingo_hardware_config/share/dingo_hardware_config/local_setup.zsh
[1.937s] -- Up-to-date: /home/ehoaglin/ros2_ws/install/dingo_hardware_config/share/dingo_hardware_config/local_setup.dsv
[1.937s] -- Installing: /home/ehoaglin/ros2_ws/install/dingo_hardware_config/share/dingo_hardware_config/package.dsv
[1.961s] -- Up-to-date: /home/ehoaglin/ros2_ws/install/dingo_hardware_config/share/ament_index/resource_index/packages/dingo_hardware_config
[1.962s] -- Up-to-date: /home/ehoaglin/ros2_ws/install/dingo_hardware_config/share/dingo_hardware_config/cmake/dingo_hardware_configConfig.cmake
[1.962s] -- Up-to-date: /home/ehoaglin/ros2_ws/install/dingo_hardware_config/share/dingo_hardware_config/cmake/dingo_hardware_configConfig-version.cmake
[1.962s] -- Up-to-date: /home/ehoaglin/ros2_ws/install/dingo_hardware_config/share/dingo_hardware_config/package.xml
[2.114s] Invoked command in '/home/ehoaglin/ros2_ws/build/dingo_hardware_config' returned '0': CMAKE_PREFIX_PATH=${CMAKE_PREFIX_PATH}:/home/ehoaglin/ros2_ws/install/dualsense_interface:/opt/ros/jazzy /usr/bin/cmake --install /home/ehoaglin/ros2_ws/build/dingo_hardware_config
