[0.040s] Invoking command in '/home/ehoaglin/ros2_ws/src/build/dingo': /usr/bin/cmake /home/ehoaglin/ros2_ws/src/dingo -DCMAKE_INSTALL_PREFIX=/home/ehoaglin/ros2_ws/src/install/dingo
[0.065s] -- Found ament_cmake: 2.5.3 (/opt/ros/jazzy/share/ament_cmake/cmake)
[0.300s] -- Found rclpy: 7.1.3 (/opt/ros/jazzy/share/rclpy/cmake)
[0.300s] [31mCMake Error at /opt/ros/jazzy/share/ament_cmake_python/cmake/ament_python_install_package.cmake:39 (_ament_cmake_python_install_package):
[0.300s]   _ament_cmake_python_install_package Function invoked with incorrect
[0.300s]   arguments for function named: _ament_cmake_python_install_package
[0.300s] Call Stack (most recent call first):
[0.301s]   CMakeLists.txt:22 (ament_python_install_package)
[0.301s] 
[0.301s] [0m
[0.378s] Error parsing '/home/ehoaglin/ros2_ws/src/dingo/package.xml':
[2.748s] Traceback (most recent call last):
[2.748s]   File "/opt/ros/jazzy/share/ament_cmake_core/cmake/core/package_xml_2_cmake.py", line 150, in <module>
[2.748s]     main()
[2.748s]   File "/opt/ros/jazzy/share/ament_cmake_core/cmake/core/package_xml_2_cmake.py", line 53, in main
[2.748s]     raise e
[2.748s]   File "/opt/ros/jazzy/share/ament_cmake_core/cmake/core/package_xml_2_cmake.py", line 49, in main
[2.748s]     package = parse_package_string(
[2.748s]               ^^^^^^^^^^^^^^^^^^^^^
[2.748s]   File "/usr/lib/python3/dist-packages/catkin_pkg/package.py", line 786, in parse_package_string
[2.748s]     raise InvalidPackage('Error(s):%s' % (''.join(['\n- %s' % e for e in errors])), filename)
[2.748s] catkin_pkg.package.InvalidPackage: Error(s) in package '/home/ehoaglin/ros2_ws/src/dingo/package.xml':
[2.749s] Error(s):
[2.749s] - The manifest of package "dingo" (with format version 2) must not contain the following tags: member_of_group
[2.780s] [31mCMake Error at /opt/ros/jazzy/share/ament_cmake_core/cmake/core/ament_package_xml.cmake:95 (message):
[2.780s]   execute_process(/usr/bin/python3
[2.780s]   /opt/ros/jazzy/share/ament_cmake_core/cmake/core/package_xml_2_cmake.py
[2.780s]   /home/ehoaglin/ros2_ws/src/dingo/package.xml
[2.781s]   /home/ehoaglin/ros2_ws/src/build/dingo/ament_cmake_core/package.cmake)
[2.781s]   returned error code 1
[2.781s] Call Stack (most recent call first):
[2.781s]   /opt/ros/jazzy/share/ament_cmake_core/cmake/core/ament_package_xml.cmake:49 (_ament_package_xml)
[2.781s]   /opt/ros/jazzy/share/ament_cmake_core/cmake/core/ament_package.cmake:63 (ament_package_xml)
[2.781s]   CMakeLists.txt:113 (ament_package)
[2.781s] 
[2.781s] [0m
[2.781s] -- Configuring incomplete, errors occurred!
