[2.124s] Invoking command in '/home/ehoaglin/ros2_ws/build/dingo': CMAKE_PREFIX_PATH=/home/ehoaglin/ros2_ws/install/dingo_control:/home/ehoaglin/ros2_ws/install/dingo_servo_interfacing:/home/ehoaglin/ros2_ws/install/dingo_peripheral_interfacing_msg:/home/ehoaglin/ros2_ws/install/dingo_peripheral_interfacing:/home/ehoaglin/ros2_ws/install/dingo_input_interfacing:/home/ehoaglin/ros2_ws/install/dingo_hardware_config:/home/ehoaglin/ros2_ws/install/dingo_control_msg:/home/ehoaglin/ros2_ws/install/ros2_fundamentals_examples:/home/ehoaglin/ros2_ws/install/dingo:/home/ehoaglin/ros2_ws/install/dingo_pybullet:/home/ehoaglin/ros2_ws/install/dingo_description:/opt/ros/jazzy/opt/gz_sim_vendor:/opt/ros/jazzy/opt/gz_sensors_vendor:/opt/ros/jazzy/opt/gz_physics_vendor:/opt/ros/jazzy/opt/sdformat_vendor:/opt/ros/jazzy/opt/gz_gui_vendor:/opt/ros/jazzy/opt/gz_transport_vendor:/opt/ros/jazzy/opt/gz_rendering_vendor:/opt/ros/jazzy/opt/gz_plugin_vendor:/opt/ros/jazzy/opt/gz_fuel_tools_vendor:/opt/ros/jazzy/opt/gz_msgs_vendor:/opt/ros/jazzy/opt/gz_common_vendor:/opt/ros/jazzy/opt/gz_math_vendor:/opt/ros/jazzy/opt/gz_utils_vendor:/opt/ros/jazzy/opt/gz_tools_vendor:/opt/ros/jazzy/opt/gz_ogre_next_vendor:/opt/ros/jazzy/opt/gz_dartsim_vendor:/opt/ros/jazzy/opt/gz_cmake_vendor:/home/ehoaglin/ros2_ws/install/dualsense_interface:/opt/ros/jazzy PYTHONPATH=/home/ehoaglin/ros2_ws/install/dingo_control/lib/python3.12/site-packages:/home/ehoaglin/ros2_ws/install/dingo_servo_interfacing/lib/python3.12/site-packages:/home/ehoaglin/ros2_ws/install/dingo_peripheral_interfacing_msg/lib/python3.12/site-packages:/home/ehoaglin/ros2_ws/install/dingo_peripheral_interfacing/lib/python3.12/site-packages:/home/ehoaglin/ros2_ws/install/dingo_input_interfacing/lib/python3.12/site-packages:/home/ehoaglin/ros2_ws/install/dingo_hardware_config/lib/python3.12/site-packages:/home/ehoaglin/ros2_ws/install/dingo_control_msg/lib/python3.12/site-packages:/home/ehoaglin/ros2_ws/install/ros2_fundamentals_examples/lib/python3.12/site-packages:/home/ehoaglin/ros2_ws/install/dualsense_interface/lib/python3.12/site-packages:/home/ehoaglin/ros2_ws/install/dingo/lib/python3.12/site-packages:/home/ehoaglin/ros2_ws/install/dingo_pybullet/lib/python3.12/site-packages:/opt/ros/jazzy/lib/python3.12/site-packages /usr/bin/cmake --build /home/ehoaglin/ros2_ws/build/dingo -- -j12 -l12
[2.253s] Built target ament_cmake_python_copy_dingo
[2.967s] running egg_info
[3.047s] writing dingo.egg-info/PKG-INFO
[3.074s] writing dependency_links to dingo.egg-info/dependency_links.txt
[3.075s] writing top-level names to dingo.egg-info/top_level.txt
[3.309s] reading manifest file 'dingo.egg-info/SOURCES.txt'
[3.311s] writing manifest file 'dingo.egg-info/SOURCES.txt'
[3.379s] Built target ament_cmake_python_build_dingo_egg
[3.402s] Invoked command in '/home/ehoaglin/ros2_ws/build/dingo' returned '0': CMAKE_PREFIX_PATH=/home/ehoaglin/ros2_ws/install/dingo_control:/home/ehoaglin/ros2_ws/install/dingo_servo_interfacing:/home/ehoaglin/ros2_ws/install/dingo_peripheral_interfacing_msg:/home/ehoaglin/ros2_ws/install/dingo_peripheral_interfacing:/home/ehoaglin/ros2_ws/install/dingo_input_interfacing:/home/ehoaglin/ros2_ws/install/dingo_hardware_config:/home/ehoaglin/ros2_ws/install/dingo_control_msg:/home/ehoaglin/ros2_ws/install/ros2_fundamentals_examples:/home/ehoaglin/ros2_ws/install/dingo:/home/ehoaglin/ros2_ws/install/dingo_pybullet:/home/ehoaglin/ros2_ws/install/dingo_description:/opt/ros/jazzy/opt/gz_sim_vendor:/opt/ros/jazzy/opt/gz_sensors_vendor:/opt/ros/jazzy/opt/gz_physics_vendor:/opt/ros/jazzy/opt/sdformat_vendor:/opt/ros/jazzy/opt/gz_gui_vendor:/opt/ros/jazzy/opt/gz_transport_vendor:/opt/ros/jazzy/opt/gz_rendering_vendor:/opt/ros/jazzy/opt/gz_plugin_vendor:/opt/ros/jazzy/opt/gz_fuel_tools_vendor:/opt/ros/jazzy/opt/gz_msgs_vendor:/opt/ros/jazzy/opt/gz_common_vendor:/opt/ros/jazzy/opt/gz_math_vendor:/opt/ros/jazzy/opt/gz_utils_vendor:/opt/ros/jazzy/opt/gz_tools_vendor:/opt/ros/jazzy/opt/gz_ogre_next_vendor:/opt/ros/jazzy/opt/gz_dartsim_vendor:/opt/ros/jazzy/opt/gz_cmake_vendor:/home/ehoaglin/ros2_ws/install/dualsense_interface:/opt/ros/jazzy PYTHONPATH=/home/ehoaglin/ros2_ws/install/dingo_control/lib/python3.12/site-packages:/home/ehoaglin/ros2_ws/install/dingo_servo_interfacing/lib/python3.12/site-packages:/home/ehoaglin/ros2_ws/install/dingo_peripheral_interfacing_msg/lib/python3.12/site-packages:/home/ehoaglin/ros2_ws/install/dingo_peripheral_interfacing/lib/python3.12/site-packages:/home/ehoaglin/ros2_ws/install/dingo_input_interfacing/lib/python3.12/site-packages:/home/ehoaglin/ros2_ws/install/dingo_hardware_config/lib/python3.12/site-packages:/home/ehoaglin/ros2_ws/install/dingo_control_msg/lib/python3.12/site-packages:/home/ehoaglin/ros2_ws/install/ros2_fundamentals_examples/lib/python3.12/site-packages:/home/ehoaglin/ros2_ws/install/dualsense_interface/lib/python3.12/site-packages:/home/ehoaglin/ros2_ws/install/dingo/lib/python3.12/site-packages:/home/ehoaglin/ros2_ws/install/dingo_pybullet/lib/python3.12/site-packages:/opt/ros/jazzy/lib/python3.12/site-packages /usr/bin/cmake --build /home/ehoaglin/ros2_ws/build/dingo -- -j12 -l12
[3.406s] Invoking command in '/home/ehoaglin/ros2_ws/build/dingo': CMAKE_PREFIX_PATH=/home/ehoaglin/ros2_ws/install/dingo_control:/home/ehoaglin/ros2_ws/install/dingo_servo_interfacing:/home/ehoaglin/ros2_ws/install/dingo_peripheral_interfacing_msg:/home/ehoaglin/ros2_ws/install/dingo_peripheral_interfacing:/home/ehoaglin/ros2_ws/install/dingo_input_interfacing:/home/ehoaglin/ros2_ws/install/dingo_hardware_config:/home/ehoaglin/ros2_ws/install/dingo_control_msg:/home/ehoaglin/ros2_ws/install/ros2_fundamentals_examples:/home/ehoaglin/ros2_ws/install/dingo:/home/ehoaglin/ros2_ws/install/dingo_pybullet:/home/ehoaglin/ros2_ws/install/dingo_description:/opt/ros/jazzy/opt/gz_sim_vendor:/opt/ros/jazzy/opt/gz_sensors_vendor:/opt/ros/jazzy/opt/gz_physics_vendor:/opt/ros/jazzy/opt/sdformat_vendor:/opt/ros/jazzy/opt/gz_gui_vendor:/opt/ros/jazzy/opt/gz_transport_vendor:/opt/ros/jazzy/opt/gz_rendering_vendor:/opt/ros/jazzy/opt/gz_plugin_vendor:/opt/ros/jazzy/opt/gz_fuel_tools_vendor:/opt/ros/jazzy/opt/gz_msgs_vendor:/opt/ros/jazzy/opt/gz_common_vendor:/opt/ros/jazzy/opt/gz_math_vendor:/opt/ros/jazzy/opt/gz_utils_vendor:/opt/ros/jazzy/opt/gz_tools_vendor:/opt/ros/jazzy/opt/gz_ogre_next_vendor:/opt/ros/jazzy/opt/gz_dartsim_vendor:/opt/ros/jazzy/opt/gz_cmake_vendor:/home/ehoaglin/ros2_ws/install/dualsense_interface:/opt/ros/jazzy PYTHONPATH=/home/ehoaglin/ros2_ws/install/dingo_control/lib/python3.12/site-packages:/home/ehoaglin/ros2_ws/install/dingo_servo_interfacing/lib/python3.12/site-packages:/home/ehoaglin/ros2_ws/install/dingo_peripheral_interfacing_msg/lib/python3.12/site-packages:/home/ehoaglin/ros2_ws/install/dingo_peripheral_interfacing/lib/python3.12/site-packages:/home/ehoaglin/ros2_ws/install/dingo_input_interfacing/lib/python3.12/site-packages:/home/ehoaglin/ros2_ws/install/dingo_hardware_config/lib/python3.12/site-packages:/home/ehoaglin/ros2_ws/install/dingo_control_msg/lib/python3.12/site-packages:/home/ehoaglin/ros2_ws/install/ros2_fundamentals_examples/lib/python3.12/site-packages:/home/ehoaglin/ros2_ws/install/dualsense_interface/lib/python3.12/site-packages:/home/ehoaglin/ros2_ws/install/dingo/lib/python3.12/site-packages:/home/ehoaglin/ros2_ws/install/dingo_pybullet/lib/python3.12/site-packages:/opt/ros/jazzy/lib/python3.12/site-packages /usr/bin/cmake --install /home/ehoaglin/ros2_ws/build/dingo
[3.426s] -- Install configuration: ""
[3.427s] -- Up-to-date: /home/ehoaglin/ros2_ws/install/dingo/share/dingo/environment/pythonpath.sh
[3.427s] -- Up-to-date: /home/ehoaglin/ros2_ws/install/dingo/share/dingo/environment/pythonpath.dsv
[3.428s] -- Up-to-date: /home/ehoaglin/ros2_ws/install/dingo/lib/python3.12/site-packages/dingo-0.0.0-py3.12.egg-info
[3.429s] -- Installing: /home/ehoaglin/ros2_ws/install/dingo/lib/python3.12/site-packages/dingo-0.0.0-py3.12.egg-info/top_level.txt
[3.429s] -- Installing: /home/ehoaglin/ros2_ws/install/dingo/lib/python3.12/site-packages/dingo-0.0.0-py3.12.egg-info/dependency_links.txt
[3.429s] -- Installing: /home/ehoaglin/ros2_ws/install/dingo/lib/python3.12/site-packages/dingo-0.0.0-py3.12.egg-info/SOURCES.txt
[3.430s] -- Installing: /home/ehoaglin/ros2_ws/install/dingo/lib/python3.12/site-packages/dingo-0.0.0-py3.12.egg-info/PKG-INFO
[3.430s] -- Up-to-date: /home/ehoaglin/ros2_ws/install/dingo/lib/python3.12/site-packages/dingo
[3.430s] -- Up-to-date: /home/ehoaglin/ros2_ws/install/dingo/lib/python3.12/site-packages/dingo/__init__.py
[3.431s] -- Up-to-date: /home/ehoaglin/ros2_ws/install/dingo/lib/python3.12/site-packages/dingo/status_publisher.py
[3.528s] Listing '/home/ehoaglin/ros2_ws/install/dingo/lib/python3.12/site-packages/dingo'...
[3.542s] -- Up-to-date: /home/ehoaglin/ros2_ws/install/dingo/lib/dingo/dingo_driver.py
[3.542s] -- Up-to-date: /home/ehoaglin/ros2_ws/install/dingo/lib/dingo/run_robot.py
[3.543s] -- Up-to-date: /home/ehoaglin/ros2_ws/install/dingo/share/dingo/launch
[3.544s] -- Up-to-date: /home/ehoaglin/ros2_ws/install/dingo/share/dingo/launch/dingo_simulator.launch
[3.544s] -- Up-to-date: /home/ehoaglin/ros2_ws/install/dingo/share/dingo/launch/dingo_launch.py
[3.545s] -- Up-to-date: /home/ehoaglin/ros2_ws/install/dingo/share/dingo/launch/dingo.launch
[3.545s] -- Up-to-date: /home/ehoaglin/ros2_ws/install/dingo/share/dingo/launch/dingo_simulator.launch.py
[3.546s] -- Up-to-date: /home/ehoaglin/ros2_ws/install/dingo/share/ament_index/resource_index/package_run_dependencies/dingo
[3.546s] -- Up-to-date: /home/ehoaglin/ros2_ws/install/dingo/share/ament_index/resource_index/parent_prefix_path/dingo
[3.546s] -- Up-to-date: /home/ehoaglin/ros2_ws/install/dingo/share/dingo/environment/ament_prefix_path.sh
[3.547s] -- Up-to-date: /home/ehoaglin/ros2_ws/install/dingo/share/dingo/environment/ament_prefix_path.dsv
[3.547s] -- Up-to-date: /home/ehoaglin/ros2_ws/install/dingo/share/dingo/environment/path.sh
[3.548s] -- Up-to-date: /home/ehoaglin/ros2_ws/install/dingo/share/dingo/environment/path.dsv
[3.548s] -- Up-to-date: /home/ehoaglin/ros2_ws/install/dingo/share/dingo/local_setup.bash
[3.549s] -- Up-to-date: /home/ehoaglin/ros2_ws/install/dingo/share/dingo/local_setup.sh
[3.550s] -- Up-to-date: /home/ehoaglin/ros2_ws/install/dingo/share/dingo/local_setup.zsh
[3.551s] -- Up-to-date: /home/ehoaglin/ros2_ws/install/dingo/share/dingo/local_setup.dsv
[3.554s] -- Installing: /home/ehoaglin/ros2_ws/install/dingo/share/dingo/package.dsv
[3.557s] -- Up-to-date: /home/ehoaglin/ros2_ws/install/dingo/share/ament_index/resource_index/packages/dingo
[3.560s] -- Up-to-date: /home/ehoaglin/ros2_ws/install/dingo/share/dingo/cmake/dingoConfig.cmake
[3.560s] -- Up-to-date: /home/ehoaglin/ros2_ws/install/dingo/share/dingo/cmake/dingoConfig-version.cmake
[3.561s] -- Up-to-date: /home/ehoaglin/ros2_ws/install/dingo/share/dingo/package.xml
[3.562s] Invoked command in '/home/ehoaglin/ros2_ws/build/dingo' returned '0': CMAKE_PREFIX_PATH=/home/ehoaglin/ros2_ws/install/dingo_control:/home/ehoaglin/ros2_ws/install/dingo_servo_interfacing:/home/ehoaglin/ros2_ws/install/dingo_peripheral_interfacing_msg:/home/ehoaglin/ros2_ws/install/dingo_peripheral_interfacing:/home/ehoaglin/ros2_ws/install/dingo_input_interfacing:/home/ehoaglin/ros2_ws/install/dingo_hardware_config:/home/ehoaglin/ros2_ws/install/dingo_control_msg:/home/ehoaglin/ros2_ws/install/ros2_fundamentals_examples:/home/ehoaglin/ros2_ws/install/dingo:/home/ehoaglin/ros2_ws/install/dingo_pybullet:/home/ehoaglin/ros2_ws/install/dingo_description:/opt/ros/jazzy/opt/gz_sim_vendor:/opt/ros/jazzy/opt/gz_sensors_vendor:/opt/ros/jazzy/opt/gz_physics_vendor:/opt/ros/jazzy/opt/sdformat_vendor:/opt/ros/jazzy/opt/gz_gui_vendor:/opt/ros/jazzy/opt/gz_transport_vendor:/opt/ros/jazzy/opt/gz_rendering_vendor:/opt/ros/jazzy/opt/gz_plugin_vendor:/opt/ros/jazzy/opt/gz_fuel_tools_vendor:/opt/ros/jazzy/opt/gz_msgs_vendor:/opt/ros/jazzy/opt/gz_common_vendor:/opt/ros/jazzy/opt/gz_math_vendor:/opt/ros/jazzy/opt/gz_utils_vendor:/opt/ros/jazzy/opt/gz_tools_vendor:/opt/ros/jazzy/opt/gz_ogre_next_vendor:/opt/ros/jazzy/opt/gz_dartsim_vendor:/opt/ros/jazzy/opt/gz_cmake_vendor:/home/ehoaglin/ros2_ws/install/dualsense_interface:/opt/ros/jazzy PYTHONPATH=/home/ehoaglin/ros2_ws/install/dingo_control/lib/python3.12/site-packages:/home/ehoaglin/ros2_ws/install/dingo_servo_interfacing/lib/python3.12/site-packages:/home/ehoaglin/ros2_ws/install/dingo_peripheral_interfacing_msg/lib/python3.12/site-packages:/home/ehoaglin/ros2_ws/install/dingo_peripheral_interfacing/lib/python3.12/site-packages:/home/ehoaglin/ros2_ws/install/dingo_input_interfacing/lib/python3.12/site-packages:/home/ehoaglin/ros2_ws/install/dingo_hardware_config/lib/python3.12/site-packages:/home/ehoaglin/ros2_ws/install/dingo_control_msg/lib/python3.12/site-packages:/home/ehoaglin/ros2_ws/install/ros2_fundamentals_examples/lib/python3.12/site-packages:/home/ehoaglin/ros2_ws/install/dualsense_interface/lib/python3.12/site-packages:/home/ehoaglin/ros2_ws/install/dingo/lib/python3.12/site-packages:/home/ehoaglin/ros2_ws/install/dingo_pybullet/lib/python3.12/site-packages:/opt/ros/jazzy/lib/python3.12/site-packages /usr/bin/cmake --install /home/ehoaglin/ros2_ws/build/dingo
