[0.040s] Invoking command in '/home/ehoaglin/ros2_ws/src/build/dingo_peripheral_interfacing': /usr/bin/cmake /home/ehoaglin/ros2_ws/src/dingo_hardware_interfacing/dingo_peripheral_interfacing -DCATKIN_INSTALL_INTO_PREFIX_ROOT=0 -DCMAKE_INSTALL_PREFIX=/home/ehoaglin/ros2_ws/src/install/dingo_peripheral_interfacing
[0.049s] [0mCMake Deprecation Warning at CMakeLists.txt:1 (cmake_minimum_required):
[0.049s]   Compatibility with CMake < 3.5 will be removed from a future version of
[0.050s]   CMake.
[0.050s] 
[0.050s]   Update the VERSION argument <min> value or use a ...<max> suffix to tell
[0.050s]   CMake that the project does not need compatibility with older versions.
[0.050s] 
[0.050s] [0m
[0.164s] -- The C compiler identification is GNU 13.3.0
[0.811s] -- The CXX compiler identification is GNU 13.3.0
[1.282s] -- Detecting C compiler ABI info
[1.509s] -- Detecting C compiler ABI info - done
[1.526s] -- Check for working C compiler: /usr/bin/cc - skipped
[1.526s] -- Detecting C compile features
[1.526s] -- Detecting C compile features - done
[1.609s] -- Detecting CXX compiler ABI info
[1.873s] -- Detecting CXX compiler ABI info - done
[1.885s] -- Check for working CXX compiler: /usr/bin/c++ - skipped
[1.885s] -- Detecting CXX compile features
[1.886s] -- Detecting CXX compile features - done
[2.408s] [31mCMake Error at CMakeLists.txt:10 (find_package):
[2.408s]   By not providing "Findcatkin.cmake" in CMAKE_MODULE_PATH this project has
[2.408s]   asked CMake to find a package configuration file provided by "catkin", but
[2.409s]   CMake did not find one.
[2.409s] 
[2.409s]   Could not find a package configuration file provided by "catkin" with any
[2.409s]   of the following names:
[2.409s] 
[2.409s]     catkinConfig.cmake
[2.410s]     catkin-config.cmake
[2.410s] 
[2.410s]   Add the installation prefix of "catkin" to CMAKE_PREFIX_PATH or set
[2.410s]   "catkin_DIR" to a directory containing one of the above files.  If "catkin"
[2.410s]   provides a separate development package or SDK, be sure it has been
[2.410s]   installed.
[2.411s] 
[2.411s] [0m
[2.411s] -- Configuring incomplete, errors occurred!
