[0.054s] Invoking command in '/home/ehoaglin/ros2_ws/build/dingo_peripheral_interfacing': CMAKE_PREFIX_PATH=${CMAKE_PREFIX_PATH}:/home/ehoaglin/ros2_ws/install/dualsense_interface:/opt/ros/jazzy /usr/bin/cmake --build /home/ehoaglin/ros2_ws/build/dingo_peripheral_interfacing -- -j12 -l12
[0.504s] Built target ament_cmake_python_copy_dingo_peripheral_interfacing
[0.566s] running egg_info
[0.580s] writing dingo_peripheral_interfacing.egg-info/PKG-INFO
[0.580s] writing dependency_links to dingo_peripheral_interfacing.egg-info/dependency_links.txt
[0.581s] writing top-level names to dingo_peripheral_interfacing.egg-info/top_level.txt
[0.722s] reading manifest file 'dingo_peripheral_interfacing.egg-info/SOURCES.txt'
[0.723s] writing manifest file 'dingo_peripheral_interfacing.egg-info/SOURCES.txt'
[0.774s] Built target ament_cmake_python_build_dingo_peripheral_interfacing_egg
[0.787s] Invoked command in '/home/ehoaglin/ros2_ws/build/dingo_peripheral_interfacing' returned '0': CMAKE_PREFIX_PATH=${CMAKE_PREFIX_PATH}:/home/ehoaglin/ros2_ws/install/dualsense_interface:/opt/ros/jazzy /usr/bin/cmake --build /home/ehoaglin/ros2_ws/build/dingo_peripheral_interfacing -- -j12 -l12
[0.787s] Invoking command in '/home/ehoaglin/ros2_ws/build/dingo_peripheral_interfacing': CMAKE_PREFIX_PATH=${CMAKE_PREFIX_PATH}:/home/ehoaglin/ros2_ws/install/dualsense_interface:/opt/ros/jazzy /usr/bin/cmake --install /home/ehoaglin/ros2_ws/build/dingo_peripheral_interfacing
[0.798s] -- Install configuration: ""
[0.799s] -- Up-to-date: /home/ehoaglin/ros2_ws/install/dingo_peripheral_interfacing/share/dingo_peripheral_interfacing/environment/pythonpath.sh
[0.799s] -- Up-to-date: /home/ehoaglin/ros2_ws/install/dingo_peripheral_interfacing/share/dingo_peripheral_interfacing/environment/pythonpath.dsv
[0.799s] -- Up-to-date: /home/ehoaglin/ros2_ws/install/dingo_peripheral_interfacing/lib/python3.12/site-packages/dingo_peripheral_interfacing-0.0.0-py3.12.egg-info
[0.799s] -- Installing: /home/ehoaglin/ros2_ws/install/dingo_peripheral_interfacing/lib/python3.12/site-packages/dingo_peripheral_interfacing-0.0.0-py3.12.egg-info/top_level.txt
[0.800s] -- Installing: /home/ehoaglin/ros2_ws/install/dingo_peripheral_interfacing/lib/python3.12/site-packages/dingo_peripheral_interfacing-0.0.0-py3.12.egg-info/dependency_links.txt
[0.800s] -- Installing: /home/ehoaglin/ros2_ws/install/dingo_peripheral_interfacing/lib/python3.12/site-packages/dingo_peripheral_interfacing-0.0.0-py3.12.egg-info/SOURCES.txt
[0.800s] -- Installing: /home/ehoaglin/ros2_ws/install/dingo_peripheral_interfacing/lib/python3.12/site-packages/dingo_peripheral_interfacing-0.0.0-py3.12.egg-info/PKG-INFO
[0.800s] -- Up-to-date: /home/ehoaglin/ros2_ws/install/dingo_peripheral_interfacing/lib/python3.12/site-packages/dingo_peripheral_interfacing
[0.800s] -- Up-to-date: /home/ehoaglin/ros2_ws/install/dingo_peripheral_interfacing/lib/python3.12/site-packages/dingo_peripheral_interfacing/__init__.py
[0.800s] -- Up-to-date: /home/ehoaglin/ros2_ws/install/dingo_peripheral_interfacing/lib/python3.12/site-packages/dingo_peripheral_interfacing/imu_test.py
[0.800s] -- Up-to-date: /home/ehoaglin/ros2_ws/install/dingo_peripheral_interfacing/lib/python3.12/site-packages/dingo_peripheral_interfacing/IMU.py
[0.801s] -- Up-to-date: /home/ehoaglin/ros2_ws/install/dingo_peripheral_interfacing/lib/python3.12/site-packages/dingo_peripheral_interfacing/Open Notebook.onetoc2
[0.858s] Listing '/home/ehoaglin/ros2_ws/install/dingo_peripheral_interfacing/lib/python3.12/site-packages/dingo_peripheral_interfacing'...
[0.869s] -- Up-to-date: /home/ehoaglin/ros2_ws/install/dingo_peripheral_interfacing/share/ament_index/resource_index/package_run_dependencies/dingo_peripheral_interfacing
[0.869s] -- Up-to-date: /home/ehoaglin/ros2_ws/install/dingo_peripheral_interfacing/share/ament_index/resource_index/parent_prefix_path/dingo_peripheral_interfacing
[0.869s] -- Up-to-date: /home/ehoaglin/ros2_ws/install/dingo_peripheral_interfacing/share/dingo_peripheral_interfacing/environment/ament_prefix_path.sh
[0.869s] -- Up-to-date: /home/ehoaglin/ros2_ws/install/dingo_peripheral_interfacing/share/dingo_peripheral_interfacing/environment/ament_prefix_path.dsv
[0.869s] -- Up-to-date: /home/ehoaglin/ros2_ws/install/dingo_peripheral_interfacing/share/dingo_peripheral_interfacing/environment/path.sh
[0.869s] -- Up-to-date: /home/ehoaglin/ros2_ws/install/dingo_peripheral_interfacing/share/dingo_peripheral_interfacing/environment/path.dsv
[0.870s] -- Up-to-date: /home/ehoaglin/ros2_ws/install/dingo_peripheral_interfacing/share/dingo_peripheral_interfacing/local_setup.bash
[0.870s] -- Up-to-date: /home/ehoaglin/ros2_ws/install/dingo_peripheral_interfacing/share/dingo_peripheral_interfacing/local_setup.sh
[0.870s] -- Up-to-date: /home/ehoaglin/ros2_ws/install/dingo_peripheral_interfacing/share/dingo_peripheral_interfacing/local_setup.zsh
[0.870s] -- Up-to-date: /home/ehoaglin/ros2_ws/install/dingo_peripheral_interfacing/share/dingo_peripheral_interfacing/local_setup.dsv
[0.870s] -- Installing: /home/ehoaglin/ros2_ws/install/dingo_peripheral_interfacing/share/dingo_peripheral_interfacing/package.dsv
[0.871s] -- Up-to-date: /home/ehoaglin/ros2_ws/install/dingo_peripheral_interfacing/share/ament_index/resource_index/packages/dingo_peripheral_interfacing
[0.871s] -- Up-to-date: /home/ehoaglin/ros2_ws/install/dingo_peripheral_interfacing/share/dingo_peripheral_interfacing/cmake/dingo_peripheral_interfacingConfig.cmake
[0.871s] -- Up-to-date: /home/ehoaglin/ros2_ws/install/dingo_peripheral_interfacing/share/dingo_peripheral_interfacing/cmake/dingo_peripheral_interfacingConfig-version.cmake
[0.873s] -- Up-to-date: /home/ehoaglin/ros2_ws/install/dingo_peripheral_interfacing/share/dingo_peripheral_interfacing/package.xml
[0.913s] Invoked command in '/home/ehoaglin/ros2_ws/build/dingo_peripheral_interfacing' returned '0': CMAKE_PREFIX_PATH=${CMAKE_PREFIX_PATH}:/home/ehoaglin/ros2_ws/install/dualsense_interface:/opt/ros/jazzy /usr/bin/cmake --install /home/ehoaglin/ros2_ws/build/dingo_peripheral_interfacing
