[1.884s] Invoking command in '/home/ehoaglin/ros2_ws/src/dingo_hardware_interfacing/dingo_input_interfacing': PYTHONPATH=/home/ehoaglin/ros2_ws/build/dingo_input_interfacing/prefix_override:/usr/lib/python3/dist-packages/colcon_core/task/python/colcon_distutils_commands:/home/ehoaglin/ros2_ws/install/dingo_input_interfacing/lib/python3.12/site-packages:${PYTHONPATH} /usr/bin/python3 -W ignore:setup.py install is deprecated -W ignore:easy_install command is deprecated setup.py egg_info --egg-base ../../../build/dingo_input_interfacing build --build-base /home/ehoaglin/ros2_ws/build/dingo_input_interfacing/build install --record /home/ehoaglin/ros2_ws/build/dingo_input_interfacing/install.log --single-version-externally-managed
[2.216s] running egg_info
[2.246s] writing ../../../build/dingo_input_interfacing/dingo_input_interfacing.egg-info/PKG-INFO
[2.246s] writing dependency_links to ../../../build/dingo_input_interfacing/dingo_input_interfacing.egg-info/dependency_links.txt
[2.247s] writing entry points to ../../../build/dingo_input_interfacing/dingo_input_interfacing.egg-info/entry_points.txt
[2.247s] writing requirements to ../../../build/dingo_input_interfacing/dingo_input_interfacing.egg-info/requires.txt
[2.247s] writing top-level names to ../../../build/dingo_input_interfacing/dingo_input_interfacing.egg-info/top_level.txt
[2.300s] reading manifest file '../../../build/dingo_input_interfacing/dingo_input_interfacing.egg-info/SOURCES.txt'
[2.301s] writing manifest file '../../../build/dingo_input_interfacing/dingo_input_interfacing.egg-info/SOURCES.txt'
[2.301s] running build
[2.302s] running build_py
[2.302s] copying dingo_input_interfacing/InputInterface.py -> /home/ehoaglin/ros2_ws/build/dingo_input_interfacing/build/lib/dingo_input_interfacing
[2.302s] running install
[2.314s] running install_lib
[2.353s] copying /home/ehoaglin/ros2_ws/build/dingo_input_interfacing/build/lib/dingo_input_interfacing/InputInterface.py -> /home/ehoaglin/ros2_ws/install/dingo_input_interfacing/lib/python3.12/site-packages/dingo_input_interfacing
[2.354s] byte-compiling /home/ehoaglin/ros2_ws/install/dingo_input_interfacing/lib/python3.12/site-packages/dingo_input_interfacing/InputInterface.py to InputInterface.cpython-312.pyc
[2.357s] running install_egg_info
[2.395s] removing '/home/ehoaglin/ros2_ws/install/dingo_input_interfacing/lib/python3.12/site-packages/dingo_input_interfacing-0.0.0-py3.12.egg-info' (and everything under it)
[2.396s] Copying ../../../build/dingo_input_interfacing/dingo_input_interfacing.egg-info to /home/ehoaglin/ros2_ws/install/dingo_input_interfacing/lib/python3.12/site-packages/dingo_input_interfacing-0.0.0-py3.12.egg-info
[2.400s] running install_scripts
[2.647s] Installing InputInterface script to /home/ehoaglin/ros2_ws/install/dingo_input_interfacing/bin
[2.647s] writing list of installed files to '/home/ehoaglin/ros2_ws/build/dingo_input_interfacing/install.log'
[2.722s] Invoked command in '/home/ehoaglin/ros2_ws/src/dingo_hardware_interfacing/dingo_input_interfacing' returned '0': PYTHONPATH=/home/ehoaglin/ros2_ws/build/dingo_input_interfacing/prefix_override:/usr/lib/python3/dist-packages/colcon_core/task/python/colcon_distutils_commands:/home/ehoaglin/ros2_ws/install/dingo_input_interfacing/lib/python3.12/site-packages:${PYTHONPATH} /usr/bin/python3 -W ignore:setup.py install is deprecated -W ignore:easy_install command is deprecated setup.py egg_info --egg-base ../../../build/dingo_input_interfacing build --build-base /home/ehoaglin/ros2_ws/build/dingo_input_interfacing/build install --record /home/ehoaglin/ros2_ws/build/dingo_input_interfacing/install.log --single-version-externally-managed
