[0.057s] Invoking command in '/home/ehoaglin/ros2_ws/build/dingo_control_msg': CMAKE_PREFIX_PATH=${CMAKE_PREFIX_PATH}:/home/ehoaglin/ros2_ws/install/dualsense_interface:/opt/ros/jazzy /usr/bin/cmake /home/ehoaglin/ros2_ws/src/dingo_control_msg -DCMAKE_INSTALL_PREFIX=/home/ehoaglin/ros2_ws/install/dingo_control_msg
[1.002s] -- The C compiler identification is GNU 13.3.0
[1.302s] -- The CXX compiler identification is GNU 13.3.0
[2.850s] -- Detecting C compiler ABI info
[3.334s] -- Detecting C compiler ABI info - done
[3.369s] -- Check for working C compiler: /usr/bin/cc - skipped
[3.369s] -- Detecting C compile features
[3.369s] -- Detecting C compile features - done
[3.597s] -- Detecting CXX compiler ABI info
[4.112s] -- Detecting CXX compiler ABI info - done
[4.129s] -- Check for working CXX compiler: /usr/bin/c++ - skipped
[4.129s] -- Detecting CXX compile features
[4.130s] -- Detecting CXX compile features - done
[4.135s] -- Found ament_cmake: 2.5.3 (/opt/ros/jazzy/share/ament_cmake/cmake)
[4.481s] -- Found Python3: /usr/bin/python3 (found version "3.12.3") found components: Interpreter 
[4.769s] -- Found ament_lint_auto: 0.17.1 (/opt/ros/jazzy/share/ament_lint_auto/cmake)
[5.007s] -- Found rclpy: 7.1.3 (/opt/ros/jazzy/share/rclpy/cmake)
[5.010s] -- Found std_msgs: 5.3.5 (/opt/ros/jazzy/share/std_msgs/cmake)
[5.589s] -- Found rosidl_generator_c: 4.6.5 (/opt/ros/jazzy/share/rosidl_generator_c/cmake)
[5.639s] -- Found rosidl_generator_cpp: 4.6.5 (/opt/ros/jazzy/share/rosidl_generator_cpp/cmake)
[5.688s] -- Using all available rosidl_typesupport_c: rosidl_typesupport_fastrtps_c;rosidl_typesupport_introspection_c
[5.744s] -- Using all available rosidl_typesupport_cpp: rosidl_typesupport_fastrtps_cpp;rosidl_typesupport_introspection_cpp
[5.846s] -- Found geometry_msgs: 5.3.5 (/opt/ros/jazzy/share/geometry_msgs/cmake)
[5.899s] -- Found rosidl_default_generators: 1.6.0 (/opt/ros/jazzy/share/rosidl_default_generators/cmake)
[5.933s] -- Found rosidl_adapter: 4.6.5 (/opt/ros/jazzy/share/rosidl_adapter/cmake)
[7.204s] -- Found ament_cmake_ros: 0.12.0 (/opt/ros/jazzy/share/ament_cmake_ros/cmake)
[8.716s] -- Using all available rosidl_typesupport_c: rosidl_typesupport_fastrtps_c;rosidl_typesupport_introspection_c
[9.403s] -- Using all available rosidl_typesupport_cpp: rosidl_typesupport_fastrtps_cpp;rosidl_typesupport_introspection_cpp
[9.409s] -- Found python_cmake_module: 0.11.1 (/opt/ros/jazzy/share/python_cmake_module/cmake)
[9.642s] -- Found PythonExtra: /usr/bin/python3  
[10.422s] -- Found Python3: /usr/bin/python3 (found version "3.12.3") found components: Interpreter Development NumPy Development.Module Development.Embed 
[10.543s] -- Added test 'lint_cmake' to check CMake code style
[10.546s] -- Added test 'xmllint' to check XML markup files
[10.556s] -- Configuring done (10.5s)
[10.637s] -- Generating done (0.1s)
[10.661s] -- Build files have been written to: /home/ehoaglin/ros2_ws/build/dingo_control_msg
[10.681s] Invoked command in '/home/ehoaglin/ros2_ws/build/dingo_control_msg' returned '0': CMAKE_PREFIX_PATH=${CMAKE_PREFIX_PATH}:/home/ehoaglin/ros2_ws/install/dualsense_interface:/opt/ros/jazzy /usr/bin/cmake /home/ehoaglin/ros2_ws/src/dingo_control_msg -DCMAKE_INSTALL_PREFIX=/home/ehoaglin/ros2_ws/install/dingo_control_msg
[10.683s] Invoking command in '/home/ehoaglin/ros2_ws/build/dingo_control_msg': CMAKE_PREFIX_PATH=${CMAKE_PREFIX_PATH}:/home/ehoaglin/ros2_ws/install/dualsense_interface:/opt/ros/jazzy /usr/bin/cmake --build /home/ehoaglin/ros2_ws/build/dingo_control_msg -- -j12 -l12
[10.766s] [  1%] [34m[1mGenerating type hashes for ROS interfaces[0m
[10.771s] [  1%] Built target ament_cmake_python_copy_dingo_control_msg
[11.560s] running egg_info
[11.561s] creating dingo_control_msg.egg-info
[11.570s] [  1%] Built target dingo_control_msg__rosidl_generator_type_description
[11.602s] [  3%] [34m[1mGenerating C code for ROS interfaces[0m
[11.614s] [  5%] [34m[1mGenerating C++ code for ROS interfaces[0m
[11.621s] writing dingo_control_msg.egg-info/PKG-INFO
[11.622s] writing dependency_links to dingo_control_msg.egg-info/dependency_links.txt
[11.626s] writing top-level names to dingo_control_msg.egg-info/top_level.txt
[11.626s] writing manifest file 'dingo_control_msg.egg-info/SOURCES.txt'
[11.810s] reading manifest file 'dingo_control_msg.egg-info/SOURCES.txt'
[11.811s] writing manifest file 'dingo_control_msg.egg-info/SOURCES.txt'
[11.885s] [  5%] Built target ament_cmake_python_build_dingo_control_msg_egg
[12.566s] [  5%] Built target dingo_control_msg__cpp
[12.613s] [  7%] [32mBuilding C object CMakeFiles/dingo_control_msg__rosidl_generator_c.dir/rosidl_generator_c/dingo_control_msg/msg/detail/angle__description.c.o[0m
[12.613s] [  9%] [32mBuilding C object CMakeFiles/dingo_control_msg__rosidl_generator_c.dir/rosidl_generator_c/dingo_control_msg/msg/detail/angle__functions.c.o[0m
[12.624s] [ 11%] [32mBuilding C object CMakeFiles/dingo_control_msg__rosidl_generator_c.dir/rosidl_generator_c/dingo_control_msg/msg/detail/angle__type_support.c.o[0m
[12.687s] [ 12%] [32mBuilding C object CMakeFiles/dingo_control_msg__rosidl_generator_c.dir/rosidl_generator_c/dingo_control_msg/msg/detail/joint_space__description.c.o[0m
[12.714s] [ 14%] [32mBuilding C object CMakeFiles/dingo_control_msg__rosidl_generator_c.dir/rosidl_generator_c/dingo_control_msg/msg/detail/task_space__functions.c.o[0m
[12.724s] [ 16%] [32mBuilding C object CMakeFiles/dingo_control_msg__rosidl_generator_c.dir/rosidl_generator_c/dingo_control_msg/msg/detail/task_space__description.c.o[0m
[12.728s] [ 18%] [32mBuilding C object CMakeFiles/dingo_control_msg__rosidl_generator_c.dir/rosidl_generator_c/dingo_control_msg/msg/detail/joint_space__functions.c.o[0m
[12.728s] [ 20%] [32mBuilding C object CMakeFiles/dingo_control_msg__rosidl_generator_c.dir/rosidl_generator_c/dingo_control_msg/msg/detail/joint_space__type_support.c.o[0m
[12.757s] [ 22%] [32mBuilding C object CMakeFiles/dingo_control_msg__rosidl_generator_c.dir/rosidl_generator_c/dingo_control_msg/msg/detail/task_space__type_support.c.o[0m
[12.972s] [ 24%] [32m[1mLinking C shared library libdingo_control_msg__rosidl_generator_c.so[0m
[13.354s] [ 24%] Built target dingo_control_msg__rosidl_generator_c
[13.375s] [ 25%] [34m[1mGenerating C++ type support dispatch for ROS interfaces[0m
[13.387s] [ 27%] [34m[1mGenerating C type support for eProsima Fast-RTPS[0m
[13.403s] [ 29%] [34m[1mGenerating C type support dispatch for ROS interfaces[0m
[13.406s] [ 31%] [34m[1mGenerating C++ type support for eProsima Fast-RTPS[0m
[13.420s] [ 35%] [34m[1mGenerating C introspection for ROS interfaces[0m
[13.425s] [ 35%] [34m[1mGenerating C++ introspection for ROS interfaces[0m
[14.158s] [ 37%] [32mBuilding CXX object CMakeFiles/dingo_control_msg__rosidl_typesupport_cpp.dir/rosidl_typesupport_cpp/dingo_control_msg/msg/angle__type_support.cpp.o[0m
[14.170s] [ 38%] [32mBuilding CXX object CMakeFiles/dingo_control_msg__rosidl_typesupport_c.dir/rosidl_typesupport_c/dingo_control_msg/msg/angle__type_support.cpp.o[0m
[14.178s] [ 40%] [32mBuilding CXX object CMakeFiles/dingo_control_msg__rosidl_typesupport_cpp.dir/rosidl_typesupport_cpp/dingo_control_msg/msg/task_space__type_support.cpp.o[0m
[14.181s] [ 42%] [32mBuilding CXX object CMakeFiles/dingo_control_msg__rosidl_typesupport_cpp.dir/rosidl_typesupport_cpp/dingo_control_msg/msg/joint_space__type_support.cpp.o[0m
[14.234s] [ 44%] [32mBuilding CXX object CMakeFiles/dingo_control_msg__rosidl_typesupport_c.dir/rosidl_typesupport_c/dingo_control_msg/msg/joint_space__type_support.cpp.o[0m
[14.258s] [ 46%] [32mBuilding CXX object CMakeFiles/dingo_control_msg__rosidl_typesupport_c.dir/rosidl_typesupport_c/dingo_control_msg/msg/task_space__type_support.cpp.o[0m
[14.427s] [ 48%] [32m[1mLinking CXX shared library libdingo_control_msg__rosidl_typesupport_c.so[0m
[14.441s] [ 50%] [32mBuilding CXX object CMakeFiles/dingo_control_msg__rosidl_typesupport_introspection_cpp.dir/rosidl_typesupport_introspection_cpp/dingo_control_msg/msg/detail/angle__type_support.cpp.o[0m
[14.464s] [ 51%] [32mBuilding CXX object CMakeFiles/dingo_control_msg__rosidl_typesupport_introspection_cpp.dir/rosidl_typesupport_introspection_cpp/dingo_control_msg/msg/detail/task_space__type_support.cpp.o[0m
[14.476s] [ 53%] [32mBuilding C object CMakeFiles/dingo_control_msg__rosidl_typesupport_introspection_c.dir/rosidl_typesupport_introspection_c/dingo_control_msg/msg/detail/joint_space__type_support.c.o[0m
[14.477s] [ 55%] [32mBuilding C object CMakeFiles/dingo_control_msg__rosidl_typesupport_introspection_c.dir/rosidl_typesupport_introspection_c/dingo_control_msg/msg/detail/angle__type_support.c.o[0m
[14.477s] [ 57%] [32mBuilding CXX object CMakeFiles/dingo_control_msg__rosidl_typesupport_introspection_cpp.dir/rosidl_typesupport_introspection_cpp/dingo_control_msg/msg/detail/joint_space__type_support.cpp.o[0m
[14.574s] [ 59%] [32mBuilding C object CMakeFiles/dingo_control_msg__rosidl_typesupport_introspection_c.dir/rosidl_typesupport_introspection_c/dingo_control_msg/msg/detail/task_space__type_support.c.o[0m
[14.630s] [ 61%] [32mBuilding CXX object CMakeFiles/dingo_control_msg__rosidl_typesupport_fastrtps_cpp.dir/rosidl_typesupport_fastrtps_cpp/dingo_control_msg/msg/detail/dds_fastrtps/joint_space__type_support.cpp.o[0m
[14.638s] [ 62%] [32mBuilding CXX object CMakeFiles/dingo_control_msg__rosidl_typesupport_fastrtps_cpp.dir/rosidl_typesupport_fastrtps_cpp/dingo_control_msg/msg/detail/dds_fastrtps/task_space__type_support.cpp.o[0m
[14.646s] [ 64%] [32mBuilding CXX object CMakeFiles/dingo_control_msg__rosidl_typesupport_fastrtps_cpp.dir/rosidl_typesupport_fastrtps_cpp/dingo_control_msg/msg/detail/dds_fastrtps/angle__type_support.cpp.o[0m
[14.670s] [ 66%] [32mBuilding CXX object CMakeFiles/dingo_control_msg__rosidl_typesupport_fastrtps_c.dir/rosidl_typesupport_fastrtps_c/dingo_control_msg/msg/detail/angle__type_support_c.cpp.o[0m
[14.730s] [ 68%] [32m[1mLinking C shared library libdingo_control_msg__rosidl_typesupport_introspection_c.so[0m
[15.155s] [ 68%] Built target dingo_control_msg__rosidl_typesupport_c
[15.228s] [ 70%] [32mBuilding CXX object CMakeFiles/dingo_control_msg__rosidl_typesupport_fastrtps_c.dir/rosidl_typesupport_fastrtps_c/dingo_control_msg/msg/detail/joint_space__type_support_c.cpp.o[0m
[15.321s] [ 72%] [32mBuilding CXX object CMakeFiles/dingo_control_msg__rosidl_typesupport_fastrtps_c.dir/rosidl_typesupport_fastrtps_c/dingo_control_msg/msg/detail/task_space__type_support_c.cpp.o[0m
[15.334s] [ 72%] Built target dingo_control_msg__rosidl_typesupport_introspection_c
[15.376s] [ 74%] [32m[1mLinking CXX shared library libdingo_control_msg__rosidl_typesupport_cpp.so[0m
[15.620s] [ 75%] [32m[1mLinking CXX shared library libdingo_control_msg__rosidl_typesupport_introspection_cpp.so[0m
[15.930s] [ 75%] Built target dingo_control_msg__rosidl_typesupport_cpp
[16.135s] [ 75%] Built target dingo_control_msg__rosidl_typesupport_introspection_cpp
[16.333s] [ 77%] [32m[1mLinking CXX shared library libdingo_control_msg__rosidl_typesupport_fastrtps_cpp.so[0m
[16.758s] [ 79%] [32m[1mLinking CXX shared library libdingo_control_msg__rosidl_typesupport_fastrtps_c.so[0m
[16.800s] [ 79%] Built target dingo_control_msg__rosidl_typesupport_fastrtps_cpp
[17.028s] [ 79%] Built target dingo_control_msg__rosidl_typesupport_fastrtps_c
[17.061s] [ 79%] Built target dingo_control_msg
[17.104s] [ 81%] [34m[1mGenerating Python code for ROS interfaces[0m
[17.891s] [ 81%] Built target dingo_control_msg__py
[17.914s] [ 87%] [32mBuilding C object CMakeFiles/dingo_control_msg__rosidl_generator_py.dir/rosidl_generator_py/dingo_control_msg/msg/_joint_space_s.c.o[0m
[17.915s] [ 87%] [32mBuilding C object CMakeFiles/dingo_control_msg__rosidl_generator_py.dir/rosidl_generator_py/dingo_control_msg/msg/_task_space_s.c.o[0m
[17.915s] [ 87%] [32mBuilding C object CMakeFiles/dingo_control_msg__rosidl_generator_py.dir/rosidl_generator_py/dingo_control_msg/msg/_angle_s.c.o[0m
[18.164s] [ 88%] [32m[1mLinking C shared library libdingo_control_msg__rosidl_generator_py.so[0m
[18.375s] [ 88%] Built target dingo_control_msg__rosidl_generator_py
[18.399s] [ 90%] [32mBuilding C object CMakeFiles/dingo_control_msg_s__rosidl_typesupport_fastrtps_c.dir/rosidl_generator_py/dingo_control_msg/_dingo_control_msg_s.ep.rosidl_typesupport_fastrtps_c.c.o[0m
[18.399s] [ 92%] [32mBuilding C object CMakeFiles/dingo_control_msg_s__rosidl_typesupport_introspection_c.dir/rosidl_generator_py/dingo_control_msg/_dingo_control_msg_s.ep.rosidl_typesupport_introspection_c.c.o[0m
[18.400s] [ 94%] [32mBuilding C object CMakeFiles/dingo_control_msg_s__rosidl_typesupport_c.dir/rosidl_generator_py/dingo_control_msg/_dingo_control_msg_s.ep.rosidl_typesupport_c.c.o[0m
[18.565s] [ 96%] [32m[1mLinking C shared module rosidl_generator_py/dingo_control_msg/dingo_control_msg_s__rosidl_typesupport_introspection_c.so[0m
[18.566s] [ 98%] [32m[1mLinking C shared module rosidl_generator_py/dingo_control_msg/dingo_control_msg_s__rosidl_typesupport_fastrtps_c.so[0m
[18.573s] [100%] [32m[1mLinking C shared module rosidl_generator_py/dingo_control_msg/dingo_control_msg_s__rosidl_typesupport_c.so[0m
[18.725s] [100%] Built target dingo_control_msg_s__rosidl_typesupport_fastrtps_c
[18.725s] [100%] Built target dingo_control_msg_s__rosidl_typesupport_introspection_c
[18.777s] [100%] Built target dingo_control_msg_s__rosidl_typesupport_c
