[0.198s] DEBUG:colcon:Command line arguments: ['/usr/bin/colcon', 'build', '--packages-select', 'dingo_input_interfacing']
[0.198s] DEBUG:colcon:Parsed command line arguments: Namespace(log_base=None, log_level=None, verb_name='build', build_base='build', install_base='install', merge_install=False, symlink_install=False, test_result_base=None, continue_on_error=False, executor='parallel', parallel_workers=12, event_handlers=None, ignore_user_meta=False, metas=['./colcon.meta'], base_paths=['.'], packages_ignore=None, packages_ignore_regex=None, paths=None, packages_up_to=None, packages_up_to_regex=None, packages_above=None, packages_above_and_dependencies=None, packages_above_depth=None, packages_select_by_dep=None, packages_skip_by_dep=None, packages_skip_up_to=None, packages_select_build_failed=False, packages_skip_build_finished=False, packages_select_test_failures=False, packages_skip_test_passed=False, packages_select=['dingo_input_interfacing'], packages_skip=None, packages_select_regex=None, packages_skip_regex=None, packages_start=None, packages_end=None, allow_overriding=[], cmake_args=None, cmake_target=None, cmake_target_skip_unavailable=False, cmake_clean_cache=False, cmake_clean_first=False, cmake_force_configure=False, ament_cmake_args=None, catkin_cmake_args=None, catkin_skip_building_tests=False, verb_parser=<colcon_defaults.argument_parser.defaults.DefaultArgumentsDecorator object at 0x7f0dec3369c0>, verb_extension=<colcon_core.verb.build.BuildVerb object at 0x7f0dec3366c0>, main=<bound method BuildVerb.main of <colcon_core.verb.build.BuildVerb object at 0x7f0dec3366c0>>)
[0.227s] Level 1:colcon.colcon_core.package_discovery:discover_packages(colcon_meta) check parameters
[0.227s] Level 1:colcon.colcon_core.package_discovery:discover_packages(recursive) check parameters
[0.227s] Level 1:colcon.colcon_core.package_discovery:discover_packages(ignore) check parameters
[0.227s] Level 1:colcon.colcon_core.package_discovery:discover_packages(path) check parameters
[0.227s] Level 1:colcon.colcon_core.package_discovery:discover_packages(colcon_meta) discover
[0.227s] Level 1:colcon.colcon_core.package_discovery:discover_packages(recursive) discover
[0.227s] INFO:colcon.colcon_core.package_discovery:Crawling recursively for packages in '/home/ehoaglin/ros2_ws'
[0.227s] Level 1:colcon.colcon_core.package_identification:_identify(.) by extensions ['ignore', 'ignore_ament_install']
[0.227s] Level 1:colcon.colcon_core.package_identification:_identify(.) by extension 'ignore'
[0.227s] Level 1:colcon.colcon_core.package_identification:_identify(.) by extension 'ignore_ament_install'
[0.227s] Level 1:colcon.colcon_core.package_identification:_identify(.) by extensions ['colcon_pkg']
[0.227s] Level 1:colcon.colcon_core.package_identification:_identify(.) by extension 'colcon_pkg'
[0.228s] Level 1:colcon.colcon_core.package_identification:_identify(.) by extensions ['colcon_meta']
[0.228s] Level 1:colcon.colcon_core.package_identification:_identify(.) by extension 'colcon_meta'
[0.228s] Level 1:colcon.colcon_core.package_identification:_identify(.) by extensions ['ros']
[0.228s] Level 1:colcon.colcon_core.package_identification:_identify(.) by extension 'ros'
[0.247s] Level 1:colcon.colcon_core.package_identification:_identify(.) by extensions ['cmake', 'python']
[0.247s] Level 1:colcon.colcon_core.package_identification:_identify(.) by extension 'cmake'
[0.247s] Level 1:colcon.colcon_core.package_identification:_identify(.) by extension 'python'
[0.247s] Level 1:colcon.colcon_core.package_identification:_identify(.) by extensions ['python_setup_py']
[0.247s] Level 1:colcon.colcon_core.package_identification:_identify(.) by extension 'python_setup_py'
[0.247s] Level 1:colcon.colcon_core.package_identification:_identify(build) by extensions ['ignore', 'ignore_ament_install']
[0.248s] Level 1:colcon.colcon_core.package_identification:_identify(build) by extension 'ignore'
[0.248s] Level 1:colcon.colcon_core.package_identification:_identify(build) ignored
[0.248s] Level 1:colcon.colcon_core.package_identification:_identify(install) by extensions ['ignore', 'ignore_ament_install']
[0.248s] Level 1:colcon.colcon_core.package_identification:_identify(install) by extension 'ignore'
[0.248s] Level 1:colcon.colcon_core.package_identification:_identify(install) ignored
[0.248s] Level 1:colcon.colcon_core.package_identification:_identify(log) by extensions ['ignore', 'ignore_ament_install']
[0.248s] Level 1:colcon.colcon_core.package_identification:_identify(log) by extension 'ignore'
[0.248s] Level 1:colcon.colcon_core.package_identification:_identify(log) ignored
[0.249s] Level 1:colcon.colcon_core.package_identification:_identify(obsolete) by extensions ['ignore', 'ignore_ament_install']
[0.249s] Level 1:colcon.colcon_core.package_identification:_identify(obsolete) by extension 'ignore'
[0.249s] Level 1:colcon.colcon_core.package_identification:_identify(obsolete) by extension 'ignore_ament_install'
[0.249s] Level 1:colcon.colcon_core.package_identification:_identify(obsolete) by extensions ['colcon_pkg']
[0.249s] Level 1:colcon.colcon_core.package_identification:_identify(obsolete) by extension 'colcon_pkg'
[0.249s] Level 1:colcon.colcon_core.package_identification:_identify(obsolete) by extensions ['colcon_meta']
[0.249s] Level 1:colcon.colcon_core.package_identification:_identify(obsolete) by extension 'colcon_meta'
[0.249s] Level 1:colcon.colcon_core.package_identification:_identify(obsolete) by extensions ['ros']
[0.249s] Level 1:colcon.colcon_core.package_identification:_identify(obsolete) by extension 'ros'
[0.249s] Level 1:colcon.colcon_core.package_identification:_identify(obsolete) by extensions ['cmake', 'python']
[0.249s] Level 1:colcon.colcon_core.package_identification:_identify(obsolete) by extension 'cmake'
[0.249s] Level 1:colcon.colcon_core.package_identification:_identify(obsolete) by extension 'python'
[0.249s] Level 1:colcon.colcon_core.package_identification:_identify(obsolete) by extensions ['python_setup_py']
[0.249s] Level 1:colcon.colcon_core.package_identification:_identify(obsolete) by extension 'python_setup_py'
[0.249s] Level 1:colcon.colcon_core.package_identification:_identify(obsolete/ros2_fundamentals_examples) by extensions ['ignore', 'ignore_ament_install']
[0.250s] Level 1:colcon.colcon_core.package_identification:_identify(obsolete/ros2_fundamentals_examples) by extension 'ignore'
[0.250s] Level 1:colcon.colcon_core.package_identification:_identify(obsolete/ros2_fundamentals_examples) by extension 'ignore_ament_install'
[0.250s] Level 1:colcon.colcon_core.package_identification:_identify(obsolete/ros2_fundamentals_examples) by extensions ['colcon_pkg']
[0.250s] Level 1:colcon.colcon_core.package_identification:_identify(obsolete/ros2_fundamentals_examples) by extension 'colcon_pkg'
[0.250s] Level 1:colcon.colcon_core.package_identification:_identify(obsolete/ros2_fundamentals_examples) by extensions ['colcon_meta']
[0.250s] Level 1:colcon.colcon_core.package_identification:_identify(obsolete/ros2_fundamentals_examples) by extension 'colcon_meta'
[0.250s] Level 1:colcon.colcon_core.package_identification:_identify(obsolete/ros2_fundamentals_examples) by extensions ['ros']
[0.250s] Level 1:colcon.colcon_core.package_identification:_identify(obsolete/ros2_fundamentals_examples) by extension 'ros'
[0.252s] DEBUG:colcon.colcon_core.package_identification:Package 'obsolete/ros2_fundamentals_examples' with type 'ros.ament_cmake' and name 'ros2_fundamentals_examples'
[0.252s] Level 1:colcon.colcon_core.package_identification:_identify(src) by extensions ['ignore', 'ignore_ament_install']
[0.252s] Level 1:colcon.colcon_core.package_identification:_identify(src) by extension 'ignore'
[0.252s] Level 1:colcon.colcon_core.package_identification:_identify(src) by extension 'ignore_ament_install'
[0.252s] Level 1:colcon.colcon_core.package_identification:_identify(src) by extensions ['colcon_pkg']
[0.252s] Level 1:colcon.colcon_core.package_identification:_identify(src) by extension 'colcon_pkg'
[0.252s] Level 1:colcon.colcon_core.package_identification:_identify(src) by extensions ['colcon_meta']
[0.252s] Level 1:colcon.colcon_core.package_identification:_identify(src) by extension 'colcon_meta'
[0.252s] Level 1:colcon.colcon_core.package_identification:_identify(src) by extensions ['ros']
[0.252s] Level 1:colcon.colcon_core.package_identification:_identify(src) by extension 'ros'
[0.252s] Level 1:colcon.colcon_core.package_identification:_identify(src) by extensions ['cmake', 'python']
[0.252s] Level 1:colcon.colcon_core.package_identification:_identify(src) by extension 'cmake'
[0.252s] Level 1:colcon.colcon_core.package_identification:_identify(src) by extension 'python'
[0.252s] Level 1:colcon.colcon_core.package_identification:_identify(src) by extensions ['python_setup_py']
[0.252s] Level 1:colcon.colcon_core.package_identification:_identify(src) by extension 'python_setup_py'
[0.253s] Level 1:colcon.colcon_core.package_identification:_identify(src/build) by extensions ['ignore', 'ignore_ament_install']
[0.253s] Level 1:colcon.colcon_core.package_identification:_identify(src/build) by extension 'ignore'
[0.253s] Level 1:colcon.colcon_core.package_identification:_identify(src/build) ignored
[0.253s] Level 1:colcon.colcon_core.package_identification:_identify(src/dingo) by extensions ['ignore', 'ignore_ament_install']
[0.253s] Level 1:colcon.colcon_core.package_identification:_identify(src/dingo) by extension 'ignore'
[0.253s] Level 1:colcon.colcon_core.package_identification:_identify(src/dingo) by extension 'ignore_ament_install'
[0.253s] Level 1:colcon.colcon_core.package_identification:_identify(src/dingo) by extensions ['colcon_pkg']
[0.253s] Level 1:colcon.colcon_core.package_identification:_identify(src/dingo) by extension 'colcon_pkg'
[0.253s] Level 1:colcon.colcon_core.package_identification:_identify(src/dingo) by extensions ['colcon_meta']
[0.253s] Level 1:colcon.colcon_core.package_identification:_identify(src/dingo) by extension 'colcon_meta'
[0.253s] Level 1:colcon.colcon_core.package_identification:_identify(src/dingo) by extensions ['ros']
[0.253s] Level 1:colcon.colcon_core.package_identification:_identify(src/dingo) by extension 'ros'
[0.254s] DEBUG:colcon.colcon_core.package_identification:Package 'src/dingo' with type 'ros.ament_cmake' and name 'dingo'
[0.254s] Level 1:colcon.colcon_core.package_identification:_identify(src/dingo_control) by extensions ['ignore', 'ignore_ament_install']
[0.254s] Level 1:colcon.colcon_core.package_identification:_identify(src/dingo_control) by extension 'ignore'
[0.254s] Level 1:colcon.colcon_core.package_identification:_identify(src/dingo_control) by extension 'ignore_ament_install'
[0.254s] Level 1:colcon.colcon_core.package_identification:_identify(src/dingo_control) by extensions ['colcon_pkg']
[0.254s] Level 1:colcon.colcon_core.package_identification:_identify(src/dingo_control) by extension 'colcon_pkg'
[0.254s] Level 1:colcon.colcon_core.package_identification:_identify(src/dingo_control) by extensions ['colcon_meta']
[0.255s] Level 1:colcon.colcon_core.package_identification:_identify(src/dingo_control) by extension 'colcon_meta'
[0.255s] Level 1:colcon.colcon_core.package_identification:_identify(src/dingo_control) by extensions ['ros']
[0.255s] Level 1:colcon.colcon_core.package_identification:_identify(src/dingo_control) by extension 'ros'
[0.255s] DEBUG:colcon.colcon_core.package_identification:Package 'src/dingo_control' with type 'ros.ament_cmake' and name 'dingo_control'
[0.255s] Level 1:colcon.colcon_core.package_identification:_identify(src/dingo_control_msg) by extensions ['ignore', 'ignore_ament_install']
[0.255s] Level 1:colcon.colcon_core.package_identification:_identify(src/dingo_control_msg) by extension 'ignore'
[0.256s] Level 1:colcon.colcon_core.package_identification:_identify(src/dingo_control_msg) by extension 'ignore_ament_install'
[0.256s] Level 1:colcon.colcon_core.package_identification:_identify(src/dingo_control_msg) by extensions ['colcon_pkg']
[0.256s] Level 1:colcon.colcon_core.package_identification:_identify(src/dingo_control_msg) by extension 'colcon_pkg'
[0.256s] Level 1:colcon.colcon_core.package_identification:_identify(src/dingo_control_msg) by extensions ['colcon_meta']
[0.256s] Level 1:colcon.colcon_core.package_identification:_identify(src/dingo_control_msg) by extension 'colcon_meta'
[0.256s] Level 1:colcon.colcon_core.package_identification:_identify(src/dingo_control_msg) by extensions ['ros']
[0.256s] Level 1:colcon.colcon_core.package_identification:_identify(src/dingo_control_msg) by extension 'ros'
[0.256s] DEBUG:colcon.colcon_core.package_identification:Package 'src/dingo_control_msg' with type 'ros.ament_cmake' and name 'dingo_control_msg'
[0.256s] Level 1:colcon.colcon_core.package_identification:_identify(src/dingo_description) by extensions ['ignore', 'ignore_ament_install']
[0.256s] Level 1:colcon.colcon_core.package_identification:_identify(src/dingo_description) by extension 'ignore'
[0.257s] Level 1:colcon.colcon_core.package_identification:_identify(src/dingo_description) by extension 'ignore_ament_install'
[0.257s] Level 1:colcon.colcon_core.package_identification:_identify(src/dingo_description) by extensions ['colcon_pkg']
[0.257s] Level 1:colcon.colcon_core.package_identification:_identify(src/dingo_description) by extension 'colcon_pkg'
[0.257s] Level 1:colcon.colcon_core.package_identification:_identify(src/dingo_description) by extensions ['colcon_meta']
[0.257s] Level 1:colcon.colcon_core.package_identification:_identify(src/dingo_description) by extension 'colcon_meta'
[0.257s] Level 1:colcon.colcon_core.package_identification:_identify(src/dingo_description) by extensions ['ros']
[0.257s] Level 1:colcon.colcon_core.package_identification:_identify(src/dingo_description) by extension 'ros'
[0.258s] DEBUG:colcon.colcon_core.package_identification:Package 'src/dingo_description' with type 'ros.ament_cmake' and name 'dingo_description'
[0.258s] Level 1:colcon.colcon_core.package_identification:_identify(src/dingo_gazebo) by extensions ['ignore', 'ignore_ament_install']
[0.258s] Level 1:colcon.colcon_core.package_identification:_identify(src/dingo_gazebo) by extension 'ignore'
[0.258s] Level 1:colcon.colcon_core.package_identification:_identify(src/dingo_gazebo) by extension 'ignore_ament_install'
[0.258s] Level 1:colcon.colcon_core.package_identification:_identify(src/dingo_gazebo) by extensions ['colcon_pkg']
[0.258s] Level 1:colcon.colcon_core.package_identification:_identify(src/dingo_gazebo) by extension 'colcon_pkg'
[0.258s] Level 1:colcon.colcon_core.package_identification:_identify(src/dingo_gazebo) by extensions ['colcon_meta']
[0.258s] Level 1:colcon.colcon_core.package_identification:_identify(src/dingo_gazebo) by extension 'colcon_meta'
[0.258s] Level 1:colcon.colcon_core.package_identification:_identify(src/dingo_gazebo) by extensions ['ros']
[0.258s] Level 1:colcon.colcon_core.package_identification:_identify(src/dingo_gazebo) by extension 'ros'
[0.258s] DEBUG:colcon.colcon_core.package_identification:Package 'src/dingo_gazebo' with type 'ros.catkin' and name 'dingo_gazebo'
[0.258s] Level 1:colcon.colcon_core.package_identification:_identify(src/dingo_hardware_interfacing) by extensions ['ignore', 'ignore_ament_install']
[0.258s] Level 1:colcon.colcon_core.package_identification:_identify(src/dingo_hardware_interfacing) by extension 'ignore'
[0.259s] Level 1:colcon.colcon_core.package_identification:_identify(src/dingo_hardware_interfacing) by extension 'ignore_ament_install'
[0.259s] Level 1:colcon.colcon_core.package_identification:_identify(src/dingo_hardware_interfacing) by extensions ['colcon_pkg']
[0.259s] Level 1:colcon.colcon_core.package_identification:_identify(src/dingo_hardware_interfacing) by extension 'colcon_pkg'
[0.259s] Level 1:colcon.colcon_core.package_identification:_identify(src/dingo_hardware_interfacing) by extensions ['colcon_meta']
[0.259s] Level 1:colcon.colcon_core.package_identification:_identify(src/dingo_hardware_interfacing) by extension 'colcon_meta'
[0.259s] Level 1:colcon.colcon_core.package_identification:_identify(src/dingo_hardware_interfacing) by extensions ['ros']
[0.259s] Level 1:colcon.colcon_core.package_identification:_identify(src/dingo_hardware_interfacing) by extension 'ros'
[0.259s] Level 1:colcon.colcon_core.package_identification:_identify(src/dingo_hardware_interfacing) by extensions ['cmake', 'python']
[0.259s] Level 1:colcon.colcon_core.package_identification:_identify(src/dingo_hardware_interfacing) by extension 'cmake'
[0.259s] Level 1:colcon.colcon_core.package_identification:_identify(src/dingo_hardware_interfacing) by extension 'python'
[0.259s] Level 1:colcon.colcon_core.package_identification:_identify(src/dingo_hardware_interfacing) by extensions ['python_setup_py']
[0.259s] Level 1:colcon.colcon_core.package_identification:_identify(src/dingo_hardware_interfacing) by extension 'python_setup_py'
[0.259s] Level 1:colcon.colcon_core.package_identification:_identify(src/dingo_hardware_interfacing/dingo_hardware_config) by extensions ['ignore', 'ignore_ament_install']
[0.259s] Level 1:colcon.colcon_core.package_identification:_identify(src/dingo_hardware_interfacing/dingo_hardware_config) by extension 'ignore'
[0.259s] Level 1:colcon.colcon_core.package_identification:_identify(src/dingo_hardware_interfacing/dingo_hardware_config) by extension 'ignore_ament_install'
[0.259s] Level 1:colcon.colcon_core.package_identification:_identify(src/dingo_hardware_interfacing/dingo_hardware_config) by extensions ['colcon_pkg']
[0.259s] Level 1:colcon.colcon_core.package_identification:_identify(src/dingo_hardware_interfacing/dingo_hardware_config) by extension 'colcon_pkg'
[0.259s] Level 1:colcon.colcon_core.package_identification:_identify(src/dingo_hardware_interfacing/dingo_hardware_config) by extensions ['colcon_meta']
[0.259s] Level 1:colcon.colcon_core.package_identification:_identify(src/dingo_hardware_interfacing/dingo_hardware_config) by extension 'colcon_meta'
[0.259s] Level 1:colcon.colcon_core.package_identification:_identify(src/dingo_hardware_interfacing/dingo_hardware_config) by extensions ['ros']
[0.259s] Level 1:colcon.colcon_core.package_identification:_identify(src/dingo_hardware_interfacing/dingo_hardware_config) by extension 'ros'
[0.260s] DEBUG:colcon.colcon_core.package_identification:Package 'src/dingo_hardware_interfacing/dingo_hardware_config' with type 'ros.ament_cmake' and name 'dingo_hardware_config'
[0.260s] Level 1:colcon.colcon_core.package_identification:_identify(src/dingo_hardware_interfacing/dingo_input_interfacing) by extensions ['ignore', 'ignore_ament_install']
[0.260s] Level 1:colcon.colcon_core.package_identification:_identify(src/dingo_hardware_interfacing/dingo_input_interfacing) by extension 'ignore'
[0.260s] Level 1:colcon.colcon_core.package_identification:_identify(src/dingo_hardware_interfacing/dingo_input_interfacing) by extension 'ignore_ament_install'
[0.260s] Level 1:colcon.colcon_core.package_identification:_identify(src/dingo_hardware_interfacing/dingo_input_interfacing) by extensions ['colcon_pkg']
[0.260s] Level 1:colcon.colcon_core.package_identification:_identify(src/dingo_hardware_interfacing/dingo_input_interfacing) by extension 'colcon_pkg'
[0.260s] Level 1:colcon.colcon_core.package_identification:_identify(src/dingo_hardware_interfacing/dingo_input_interfacing) by extensions ['colcon_meta']
[0.260s] Level 1:colcon.colcon_core.package_identification:_identify(src/dingo_hardware_interfacing/dingo_input_interfacing) by extension 'colcon_meta'
[0.260s] Level 1:colcon.colcon_core.package_identification:_identify(src/dingo_hardware_interfacing/dingo_input_interfacing) by extensions ['ros']
[0.260s] Level 1:colcon.colcon_core.package_identification:_identify(src/dingo_hardware_interfacing/dingo_input_interfacing) by extension 'ros'
[0.261s] DEBUG:colcon.colcon_core.package_identification:Package 'src/dingo_hardware_interfacing/dingo_input_interfacing' with type 'ros.ament_cmake' and name 'dingo_input_interfacing'
[0.261s] Level 1:colcon.colcon_core.package_identification:_identify(src/dingo_hardware_interfacing/dingo_peripheral_interfacing) by extensions ['ignore', 'ignore_ament_install']
[0.261s] Level 1:colcon.colcon_core.package_identification:_identify(src/dingo_hardware_interfacing/dingo_peripheral_interfacing) by extension 'ignore'
[0.261s] Level 1:colcon.colcon_core.package_identification:_identify(src/dingo_hardware_interfacing/dingo_peripheral_interfacing) by extension 'ignore_ament_install'
[0.261s] Level 1:colcon.colcon_core.package_identification:_identify(src/dingo_hardware_interfacing/dingo_peripheral_interfacing) by extensions ['colcon_pkg']
[0.261s] Level 1:colcon.colcon_core.package_identification:_identify(src/dingo_hardware_interfacing/dingo_peripheral_interfacing) by extension 'colcon_pkg'
[0.261s] Level 1:colcon.colcon_core.package_identification:_identify(src/dingo_hardware_interfacing/dingo_peripheral_interfacing) by extensions ['colcon_meta']
[0.261s] Level 1:colcon.colcon_core.package_identification:_identify(src/dingo_hardware_interfacing/dingo_peripheral_interfacing) by extension 'colcon_meta'
[0.261s] Level 1:colcon.colcon_core.package_identification:_identify(src/dingo_hardware_interfacing/dingo_peripheral_interfacing) by extensions ['ros']
[0.261s] Level 1:colcon.colcon_core.package_identification:_identify(src/dingo_hardware_interfacing/dingo_peripheral_interfacing) by extension 'ros'
[0.262s] DEBUG:colcon.colcon_core.package_identification:Package 'src/dingo_hardware_interfacing/dingo_peripheral_interfacing' with type 'ros.ament_cmake' and name 'dingo_peripheral_interfacing'
[0.262s] Level 1:colcon.colcon_core.package_identification:_identify(src/dingo_hardware_interfacing/dingo_peripheral_interfacing_msg) by extensions ['ignore', 'ignore_ament_install']
[0.262s] Level 1:colcon.colcon_core.package_identification:_identify(src/dingo_hardware_interfacing/dingo_peripheral_interfacing_msg) by extension 'ignore'
[0.262s] Level 1:colcon.colcon_core.package_identification:_identify(src/dingo_hardware_interfacing/dingo_peripheral_interfacing_msg) by extension 'ignore_ament_install'
[0.262s] Level 1:colcon.colcon_core.package_identification:_identify(src/dingo_hardware_interfacing/dingo_peripheral_interfacing_msg) by extensions ['colcon_pkg']
[0.262s] Level 1:colcon.colcon_core.package_identification:_identify(src/dingo_hardware_interfacing/dingo_peripheral_interfacing_msg) by extension 'colcon_pkg'
[0.262s] Level 1:colcon.colcon_core.package_identification:_identify(src/dingo_hardware_interfacing/dingo_peripheral_interfacing_msg) by extensions ['colcon_meta']
[0.262s] Level 1:colcon.colcon_core.package_identification:_identify(src/dingo_hardware_interfacing/dingo_peripheral_interfacing_msg) by extension 'colcon_meta'
[0.262s] Level 1:colcon.colcon_core.package_identification:_identify(src/dingo_hardware_interfacing/dingo_peripheral_interfacing_msg) by extensions ['ros']
[0.262s] Level 1:colcon.colcon_core.package_identification:_identify(src/dingo_hardware_interfacing/dingo_peripheral_interfacing_msg) by extension 'ros'
[0.263s] DEBUG:colcon.colcon_core.package_identification:Package 'src/dingo_hardware_interfacing/dingo_peripheral_interfacing_msg' with type 'ros.ament_cmake' and name 'dingo_peripheral_interfacing_msg'
[0.263s] Level 1:colcon.colcon_core.package_identification:_identify(src/dingo_hardware_interfacing/dingo_servo_interfacing) by extensions ['ignore', 'ignore_ament_install']
[0.263s] Level 1:colcon.colcon_core.package_identification:_identify(src/dingo_hardware_interfacing/dingo_servo_interfacing) by extension 'ignore'
[0.263s] Level 1:colcon.colcon_core.package_identification:_identify(src/dingo_hardware_interfacing/dingo_servo_interfacing) by extension 'ignore_ament_install'
[0.263s] Level 1:colcon.colcon_core.package_identification:_identify(src/dingo_hardware_interfacing/dingo_servo_interfacing) by extensions ['colcon_pkg']
[0.263s] Level 1:colcon.colcon_core.package_identification:_identify(src/dingo_hardware_interfacing/dingo_servo_interfacing) by extension 'colcon_pkg'
[0.263s] Level 1:colcon.colcon_core.package_identification:_identify(src/dingo_hardware_interfacing/dingo_servo_interfacing) by extensions ['colcon_meta']
[0.263s] Level 1:colcon.colcon_core.package_identification:_identify(src/dingo_hardware_interfacing/dingo_servo_interfacing) by extension 'colcon_meta'
[0.263s] Level 1:colcon.colcon_core.package_identification:_identify(src/dingo_hardware_interfacing/dingo_servo_interfacing) by extensions ['ros']
[0.263s] Level 1:colcon.colcon_core.package_identification:_identify(src/dingo_hardware_interfacing/dingo_servo_interfacing) by extension 'ros'
[0.264s] DEBUG:colcon.colcon_core.package_identification:Package 'src/dingo_hardware_interfacing/dingo_servo_interfacing' with type 'ros.ament_cmake' and name 'dingo_servo_interfacing'
[0.264s] Level 1:colcon.colcon_core.package_identification:_identify(src/dingo_pybullet) by extensions ['ignore', 'ignore_ament_install']
[0.264s] Level 1:colcon.colcon_core.package_identification:_identify(src/dingo_pybullet) by extension 'ignore'
[0.264s] Level 1:colcon.colcon_core.package_identification:_identify(src/dingo_pybullet) by extension 'ignore_ament_install'
[0.264s] Level 1:colcon.colcon_core.package_identification:_identify(src/dingo_pybullet) by extensions ['colcon_pkg']
[0.264s] Level 1:colcon.colcon_core.package_identification:_identify(src/dingo_pybullet) by extension 'colcon_pkg'
[0.264s] Level 1:colcon.colcon_core.package_identification:_identify(src/dingo_pybullet) by extensions ['colcon_meta']
[0.264s] Level 1:colcon.colcon_core.package_identification:_identify(src/dingo_pybullet) by extension 'colcon_meta'
[0.264s] Level 1:colcon.colcon_core.package_identification:_identify(src/dingo_pybullet) by extensions ['ros']
[0.264s] Level 1:colcon.colcon_core.package_identification:_identify(src/dingo_pybullet) by extension 'ros'
[0.265s] DEBUG:colcon.colcon_core.package_identification:Package 'src/dingo_pybullet' with type 'ros.ament_cmake' and name 'dingo_pybullet'
[0.265s] Level 1:colcon.colcon_core.package_identification:_identify(src/dualsense_interface) by extensions ['ignore', 'ignore_ament_install']
[0.265s] Level 1:colcon.colcon_core.package_identification:_identify(src/dualsense_interface) by extension 'ignore'
[0.265s] Level 1:colcon.colcon_core.package_identification:_identify(src/dualsense_interface) by extension 'ignore_ament_install'
[0.265s] Level 1:colcon.colcon_core.package_identification:_identify(src/dualsense_interface) by extensions ['colcon_pkg']
[0.265s] Level 1:colcon.colcon_core.package_identification:_identify(src/dualsense_interface) by extension 'colcon_pkg'
[0.265s] Level 1:colcon.colcon_core.package_identification:_identify(src/dualsense_interface) by extensions ['colcon_meta']
[0.265s] Level 1:colcon.colcon_core.package_identification:_identify(src/dualsense_interface) by extension 'colcon_meta'
[0.265s] Level 1:colcon.colcon_core.package_identification:_identify(src/dualsense_interface) by extensions ['ros']
[0.265s] Level 1:colcon.colcon_core.package_identification:_identify(src/dualsense_interface) by extension 'ros'
[0.265s] DEBUG:colcon.colcon_core.package_identification:Package 'src/dualsense_interface' with type 'ros.ament_python' and name 'dualsense_interface'
[0.266s] Level 1:colcon.colcon_core.package_identification:_identify(src/install) by extensions ['ignore', 'ignore_ament_install']
[0.266s] Level 1:colcon.colcon_core.package_identification:_identify(src/install) by extension 'ignore'
[0.266s] Level 1:colcon.colcon_core.package_identification:_identify(src/install) ignored
[0.266s] Level 1:colcon.colcon_core.package_identification:_identify(src/log) by extensions ['ignore', 'ignore_ament_install']
[0.266s] Level 1:colcon.colcon_core.package_identification:_identify(src/log) by extension 'ignore'
[0.266s] Level 1:colcon.colcon_core.package_identification:_identify(src/log) ignored
[0.266s] Level 1:colcon.colcon_core.package_discovery:discover_packages(recursive) using defaults
[0.266s] Level 1:colcon.colcon_core.package_discovery:discover_packages(ignore) discover
[0.266s] Level 1:colcon.colcon_core.package_discovery:discover_packages(ignore) using defaults
[0.266s] Level 1:colcon.colcon_core.package_discovery:discover_packages(path) discover
[0.266s] Level 1:colcon.colcon_core.package_discovery:discover_packages(path) using defaults
[0.281s] INFO:colcon.colcon_core.package_selection:Skipping not selected package 'dingo_control_msg' in 'src/dingo_control_msg'
[0.281s] INFO:colcon.colcon_core.package_selection:Skipping not selected package 'dingo_description' in 'src/dingo_description'
[0.281s] INFO:colcon.colcon_core.package_selection:Skipping not selected package 'dingo_gazebo' in 'src/dingo_gazebo'
[0.281s] INFO:colcon.colcon_core.package_selection:Skipping not selected package 'dingo_hardware_config' in 'src/dingo_hardware_interfacing/dingo_hardware_config'
[0.281s] INFO:colcon.colcon_core.package_selection:Skipping not selected package 'dingo_peripheral_interfacing' in 'src/dingo_hardware_interfacing/dingo_peripheral_interfacing'
[0.281s] INFO:colcon.colcon_core.package_selection:Skipping not selected package 'dingo_peripheral_interfacing_msg' in 'src/dingo_hardware_interfacing/dingo_peripheral_interfacing_msg'
[0.281s] INFO:colcon.colcon_core.package_selection:Skipping not selected package 'dingo_servo_interfacing' in 'src/dingo_hardware_interfacing/dingo_servo_interfacing'
[0.281s] INFO:colcon.colcon_core.package_selection:Skipping not selected package 'dualsense_interface' in 'src/dualsense_interface'
[0.281s] INFO:colcon.colcon_core.package_selection:Skipping not selected package 'ros2_fundamentals_examples' in 'obsolete/ros2_fundamentals_examples'
[0.281s] INFO:colcon.colcon_core.package_selection:Skipping not selected package 'dingo_control' in 'src/dingo_control'
[0.281s] INFO:colcon.colcon_core.package_selection:Skipping not selected package 'dingo_pybullet' in 'src/dingo_pybullet'
[0.282s] INFO:colcon.colcon_core.package_selection:Skipping not selected package 'dingo' in 'src/dingo'
[0.282s] Level 1:colcon.colcon_core.package_discovery:discover_packages(prefix_path) check parameters
[0.282s] Level 1:colcon.colcon_core.package_discovery:discover_packages(prefix_path) discover
[0.284s] DEBUG:colcon.colcon_installed_package_information.package_discovery:Found 13 installed packages in /home/ehoaglin/ros2_ws/install
[0.285s] DEBUG:colcon.colcon_installed_package_information.package_discovery:Found 404 installed packages in /opt/ros/jazzy
[0.286s] Level 1:colcon.colcon_core.package_discovery:discover_packages(prefix_path) using defaults
[0.339s] WARNING:colcon.colcon_core.package_selection:Some selected packages are already built in one or more underlay workspaces:
	'dingo_input_interfacing' is in: /home/ehoaglin/ros2_ws/install/dingo_input_interfacing
If a package in a merged underlay workspace is overridden and it installs headers, then all packages in the overlay must sort their include directories by workspace order. Failure to do so may result in build failures or undefined behavior at run time.
If the overridden package is used by another package in any underlay, then the overriding package in the overlay must be API and ABI compatible or undefined behavior at run time may occur.

If you understand the risks and want to override a package anyways, add the following to the command line:
	--allow-overriding dingo_input_interfacing

This may be promoted to an error in a future release of colcon-override-check.
[0.340s] Level 5:colcon.colcon_core.verb:set package 'dingo_input_interfacing' build argument 'cmake_args' from command line to 'None'
[0.340s] Level 5:colcon.colcon_core.verb:set package 'dingo_input_interfacing' build argument 'cmake_target' from command line to 'None'
[0.340s] Level 5:colcon.colcon_core.verb:set package 'dingo_input_interfacing' build argument 'cmake_target_skip_unavailable' from command line to 'False'
[0.340s] Level 5:colcon.colcon_core.verb:set package 'dingo_input_interfacing' build argument 'cmake_clean_cache' from command line to 'False'
[0.340s] Level 5:colcon.colcon_core.verb:set package 'dingo_input_interfacing' build argument 'cmake_clean_first' from command line to 'False'
[0.340s] Level 5:colcon.colcon_core.verb:set package 'dingo_input_interfacing' build argument 'cmake_force_configure' from command line to 'False'
[0.340s] Level 5:colcon.colcon_core.verb:set package 'dingo_input_interfacing' build argument 'ament_cmake_args' from command line to 'None'
[0.340s] Level 5:colcon.colcon_core.verb:set package 'dingo_input_interfacing' build argument 'catkin_cmake_args' from command line to 'None'
[0.340s] Level 5:colcon.colcon_core.verb:set package 'dingo_input_interfacing' build argument 'catkin_skip_building_tests' from command line to 'False'
[0.340s] DEBUG:colcon.colcon_core.verb:Building package 'dingo_input_interfacing' with the following arguments: {'ament_cmake_args': None, 'build_base': '/home/ehoaglin/ros2_ws/build/dingo_input_interfacing', 'catkin_cmake_args': None, 'catkin_skip_building_tests': False, 'cmake_args': None, 'cmake_clean_cache': False, 'cmake_clean_first': False, 'cmake_force_configure': False, 'cmake_target': None, 'cmake_target_skip_unavailable': False, 'install_base': '/home/ehoaglin/ros2_ws/install/dingo_input_interfacing', 'merge_install': False, 'path': '/home/ehoaglin/ros2_ws/src/dingo_hardware_interfacing/dingo_input_interfacing', 'symlink_install': False, 'test_result_base': None}
[0.340s] INFO:colcon.colcon_core.executor:Executing jobs using 'parallel' executor
[0.341s] DEBUG:colcon.colcon_parallel_executor.executor.parallel:run_until_complete
[0.342s] INFO:colcon.colcon_ros.task.ament_cmake.build:Building ROS package in '/home/ehoaglin/ros2_ws/src/dingo_hardware_interfacing/dingo_input_interfacing' with build type 'ament_cmake'
[0.342s] INFO:colcon.colcon_cmake.task.cmake.build:Building CMake package in '/home/ehoaglin/ros2_ws/src/dingo_hardware_interfacing/dingo_input_interfacing'
[0.344s] INFO:colcon.colcon_core.plugin_system:Skipping extension 'colcon_core.shell.bat': Not used on non-Windows systems
[0.344s] INFO:colcon.colcon_core.shell:Skip shell extension 'powershell' for command environment: Not usable outside of PowerShell
[0.344s] DEBUG:colcon.colcon_core.shell:Skip shell extension 'dsv' for command environment
[0.354s] DEBUG:colcon.colcon_core.event_handler.log_command:Invoking command in '/home/ehoaglin/ros2_ws/build/dingo_input_interfacing': CMAKE_PREFIX_PATH=${CMAKE_PREFIX_PATH}:/home/ehoaglin/ros2_ws/install/dualsense_interface:/opt/ros/jazzy /usr/bin/cmake /home/ehoaglin/ros2_ws/src/dingo_hardware_interfacing/dingo_input_interfacing -DCMAKE_INSTALL_PREFIX=/home/ehoaglin/ros2_ws/install/dingo_input_interfacing
[3.774s] DEBUG:colcon.colcon_core.event_handler.log_command:Invoked command in '/home/ehoaglin/ros2_ws/build/dingo_input_interfacing' returned '0': CMAKE_PREFIX_PATH=${CMAKE_PREFIX_PATH}:/home/ehoaglin/ros2_ws/install/dualsense_interface:/opt/ros/jazzy /usr/bin/cmake /home/ehoaglin/ros2_ws/src/dingo_hardware_interfacing/dingo_input_interfacing -DCMAKE_INSTALL_PREFIX=/home/ehoaglin/ros2_ws/install/dingo_input_interfacing
[3.775s] DEBUG:colcon.colcon_core.event_handler.log_command:Invoking command in '/home/ehoaglin/ros2_ws/build/dingo_input_interfacing': CMAKE_PREFIX_PATH=${CMAKE_PREFIX_PATH}:/home/ehoaglin/ros2_ws/install/dualsense_interface:/opt/ros/jazzy /usr/bin/cmake --build /home/ehoaglin/ros2_ws/build/dingo_input_interfacing -- -j12 -l12
[4.241s] DEBUG:colcon.colcon_core.event_handler.log_command:Invoked command in '/home/ehoaglin/ros2_ws/build/dingo_input_interfacing' returned '0': CMAKE_PREFIX_PATH=${CMAKE_PREFIX_PATH}:/home/ehoaglin/ros2_ws/install/dualsense_interface:/opt/ros/jazzy /usr/bin/cmake --build /home/ehoaglin/ros2_ws/build/dingo_input_interfacing -- -j12 -l12
[4.250s] DEBUG:colcon.colcon_core.event_handler.log_command:Invoking command in '/home/ehoaglin/ros2_ws/build/dingo_input_interfacing': CMAKE_PREFIX_PATH=${CMAKE_PREFIX_PATH}:/home/ehoaglin/ros2_ws/install/dualsense_interface:/opt/ros/jazzy /usr/bin/cmake --install /home/ehoaglin/ros2_ws/build/dingo_input_interfacing
[4.311s] Level 1:colcon.colcon_core.environment:create_environment_scripts_only(dingo_input_interfacing)
[4.312s] DEBUG:colcon.colcon_core.event_handler.log_command:Invoked command in '/home/ehoaglin/ros2_ws/build/dingo_input_interfacing' returned '0': CMAKE_PREFIX_PATH=${CMAKE_PREFIX_PATH}:/home/ehoaglin/ros2_ws/install/dualsense_interface:/opt/ros/jazzy /usr/bin/cmake --install /home/ehoaglin/ros2_ws/build/dingo_input_interfacing
[4.314s] Level 1:colcon.colcon_core.environment:checking '/home/ehoaglin/ros2_ws/install/dingo_input_interfacing' for CMake module files
[4.315s] Level 1:colcon.colcon_core.environment:checking '/home/ehoaglin/ros2_ws/install/dingo_input_interfacing' for CMake config files
[4.315s] Level 1:colcon.colcon_core.shell:create_environment_hook('dingo_input_interfacing', 'cmake_prefix_path')
[4.315s] INFO:colcon.colcon_core.shell:Creating environment hook '/home/ehoaglin/ros2_ws/install/dingo_input_interfacing/share/dingo_input_interfacing/hook/cmake_prefix_path.ps1'
[4.316s] INFO:colcon.colcon_core.shell:Creating environment descriptor '/home/ehoaglin/ros2_ws/install/dingo_input_interfacing/share/dingo_input_interfacing/hook/cmake_prefix_path.dsv'
[4.316s] INFO:colcon.colcon_core.shell:Creating environment hook '/home/ehoaglin/ros2_ws/install/dingo_input_interfacing/share/dingo_input_interfacing/hook/cmake_prefix_path.sh'
[4.317s] Level 1:colcon.colcon_core.environment:checking '/home/ehoaglin/ros2_ws/install/dingo_input_interfacing/lib'
[4.317s] Level 1:colcon.colcon_core.environment:checking '/home/ehoaglin/ros2_ws/install/dingo_input_interfacing/bin'
[4.317s] Level 1:colcon.colcon_core.environment:checking '/home/ehoaglin/ros2_ws/install/dingo_input_interfacing/lib/pkgconfig/dingo_input_interfacing.pc'
[4.317s] Level 1:colcon.colcon_core.environment:checking '/home/ehoaglin/ros2_ws/install/dingo_input_interfacing/lib/python3.12/site-packages'
[4.317s] Level 1:colcon.colcon_core.shell:create_environment_hook('dingo_input_interfacing', 'pythonpath')
[4.318s] INFO:colcon.colcon_core.shell:Creating environment hook '/home/ehoaglin/ros2_ws/install/dingo_input_interfacing/share/dingo_input_interfacing/hook/pythonpath.ps1'
[4.318s] INFO:colcon.colcon_core.shell:Creating environment descriptor '/home/ehoaglin/ros2_ws/install/dingo_input_interfacing/share/dingo_input_interfacing/hook/pythonpath.dsv'
[4.319s] INFO:colcon.colcon_core.shell:Creating environment hook '/home/ehoaglin/ros2_ws/install/dingo_input_interfacing/share/dingo_input_interfacing/hook/pythonpath.sh'
[4.319s] Level 1:colcon.colcon_core.environment:checking '/home/ehoaglin/ros2_ws/install/dingo_input_interfacing/bin'
[4.320s] INFO:colcon.colcon_core.shell:Creating package script '/home/ehoaglin/ros2_ws/install/dingo_input_interfacing/share/dingo_input_interfacing/package.ps1'
[4.320s] INFO:colcon.colcon_core.shell:Creating package descriptor '/home/ehoaglin/ros2_ws/install/dingo_input_interfacing/share/dingo_input_interfacing/package.dsv'
[4.321s] INFO:colcon.colcon_core.shell:Creating package script '/home/ehoaglin/ros2_ws/install/dingo_input_interfacing/share/dingo_input_interfacing/package.sh'
[4.322s] INFO:colcon.colcon_core.shell:Creating package script '/home/ehoaglin/ros2_ws/install/dingo_input_interfacing/share/dingo_input_interfacing/package.bash'
[4.323s] INFO:colcon.colcon_core.shell:Creating package script '/home/ehoaglin/ros2_ws/install/dingo_input_interfacing/share/dingo_input_interfacing/package.zsh'
[4.323s] Level 1:colcon.colcon_core.environment:create_file_with_runtime_dependencies(/home/ehoaglin/ros2_ws/install/dingo_input_interfacing/share/colcon-core/packages/dingo_input_interfacing)
[4.324s] Level 1:colcon.colcon_core.environment:create_environment_scripts_only(dingo_input_interfacing)
[4.324s] Level 1:colcon.colcon_core.environment:checking '/home/ehoaglin/ros2_ws/install/dingo_input_interfacing' for CMake module files
[4.325s] Level 1:colcon.colcon_core.environment:checking '/home/ehoaglin/ros2_ws/install/dingo_input_interfacing' for CMake config files
[4.325s] Level 1:colcon.colcon_core.shell:create_environment_hook('dingo_input_interfacing', 'cmake_prefix_path')
[4.325s] INFO:colcon.colcon_core.shell:Creating environment hook '/home/ehoaglin/ros2_ws/install/dingo_input_interfacing/share/dingo_input_interfacing/hook/cmake_prefix_path.ps1'
[4.326s] INFO:colcon.colcon_core.shell:Creating environment descriptor '/home/ehoaglin/ros2_ws/install/dingo_input_interfacing/share/dingo_input_interfacing/hook/cmake_prefix_path.dsv'
[4.326s] INFO:colcon.colcon_core.shell:Creating environment hook '/home/ehoaglin/ros2_ws/install/dingo_input_interfacing/share/dingo_input_interfacing/hook/cmake_prefix_path.sh'
[4.327s] Level 1:colcon.colcon_core.environment:checking '/home/ehoaglin/ros2_ws/install/dingo_input_interfacing/lib'
[4.327s] Level 1:colcon.colcon_core.environment:checking '/home/ehoaglin/ros2_ws/install/dingo_input_interfacing/bin'
[4.327s] Level 1:colcon.colcon_core.environment:checking '/home/ehoaglin/ros2_ws/install/dingo_input_interfacing/lib/pkgconfig/dingo_input_interfacing.pc'
[4.327s] Level 1:colcon.colcon_core.environment:checking '/home/ehoaglin/ros2_ws/install/dingo_input_interfacing/lib/python3.12/site-packages'
[4.327s] Level 1:colcon.colcon_core.shell:create_environment_hook('dingo_input_interfacing', 'pythonpath')
[4.328s] INFO:colcon.colcon_core.shell:Creating environment hook '/home/ehoaglin/ros2_ws/install/dingo_input_interfacing/share/dingo_input_interfacing/hook/pythonpath.ps1'
[4.328s] INFO:colcon.colcon_core.shell:Creating environment descriptor '/home/ehoaglin/ros2_ws/install/dingo_input_interfacing/share/dingo_input_interfacing/hook/pythonpath.dsv'
[4.328s] INFO:colcon.colcon_core.shell:Creating environment hook '/home/ehoaglin/ros2_ws/install/dingo_input_interfacing/share/dingo_input_interfacing/hook/pythonpath.sh'
[4.329s] Level 1:colcon.colcon_core.environment:checking '/home/ehoaglin/ros2_ws/install/dingo_input_interfacing/bin'
[4.329s] INFO:colcon.colcon_core.shell:Creating package script '/home/ehoaglin/ros2_ws/install/dingo_input_interfacing/share/dingo_input_interfacing/package.ps1'
[4.330s] INFO:colcon.colcon_core.shell:Creating package descriptor '/home/ehoaglin/ros2_ws/install/dingo_input_interfacing/share/dingo_input_interfacing/package.dsv'
[4.330s] INFO:colcon.colcon_core.shell:Creating package script '/home/ehoaglin/ros2_ws/install/dingo_input_interfacing/share/dingo_input_interfacing/package.sh'
[4.331s] INFO:colcon.colcon_core.shell:Creating package script '/home/ehoaglin/ros2_ws/install/dingo_input_interfacing/share/dingo_input_interfacing/package.bash'
[4.331s] INFO:colcon.colcon_core.shell:Creating package script '/home/ehoaglin/ros2_ws/install/dingo_input_interfacing/share/dingo_input_interfacing/package.zsh'
[4.332s] Level 1:colcon.colcon_core.environment:create_file_with_runtime_dependencies(/home/ehoaglin/ros2_ws/install/dingo_input_interfacing/share/colcon-core/packages/dingo_input_interfacing)
[4.332s] DEBUG:colcon.colcon_parallel_executor.executor.parallel:closing loop
[4.333s] DEBUG:colcon.colcon_parallel_executor.executor.parallel:loop closed
[4.333s] DEBUG:colcon.colcon_parallel_executor.executor.parallel:run_until_complete finished with '0'
[4.333s] DEBUG:colcon.colcon_core.event_reactor:joining thread
[4.339s] INFO:colcon.colcon_core.plugin_system:Skipping extension 'colcon_notification.desktop_notification.terminal_notifier': Not used on non-Darwin systems
[4.339s] INFO:colcon.colcon_core.plugin_system:Skipping extension 'colcon_notification.desktop_notification.win32': Not used on non-Windows systems
[4.339s] INFO:colcon.colcon_notification.desktop_notification:Sending desktop notification using 'notify2'
[4.340s] DEBUG:colcon.colcon_notification.desktop_notification.notify2:Failed to initialize notify2: org.freedesktop.DBus.Error.ServiceUnknown: The name org.freedesktop.Notifications was not provided by any .service files
[4.340s] DEBUG:colcon.colcon_core.event_reactor:joined thread
[4.341s] INFO:colcon.colcon_core.shell:Creating prefix script '/home/ehoaglin/ros2_ws/install/local_setup.ps1'
[4.342s] INFO:colcon.colcon_core.shell:Creating prefix util module '/home/ehoaglin/ros2_ws/install/_local_setup_util_ps1.py'
[4.343s] INFO:colcon.colcon_core.shell:Creating prefix chain script '/home/ehoaglin/ros2_ws/install/setup.ps1'
[4.345s] INFO:colcon.colcon_core.shell:Creating prefix script '/home/ehoaglin/ros2_ws/install/local_setup.sh'
[4.346s] INFO:colcon.colcon_core.shell:Creating prefix util module '/home/ehoaglin/ros2_ws/install/_local_setup_util_sh.py'
[4.347s] INFO:colcon.colcon_core.shell:Creating prefix chain script '/home/ehoaglin/ros2_ws/install/setup.sh'
[4.349s] INFO:colcon.colcon_core.shell:Creating prefix script '/home/ehoaglin/ros2_ws/install/local_setup.bash'
[4.349s] INFO:colcon.colcon_core.shell:Creating prefix chain script '/home/ehoaglin/ros2_ws/install/setup.bash'
[4.351s] INFO:colcon.colcon_core.shell:Creating prefix script '/home/ehoaglin/ros2_ws/install/local_setup.zsh'
[4.352s] INFO:colcon.colcon_core.shell:Creating prefix chain script '/home/ehoaglin/ros2_ws/install/setup.zsh'
