[1.374s] Invoking command in '/home/ehoaglin/ros2_ws/build/dingo': CMAKE_PREFIX_PATH=/home/ehoaglin/ros2_ws/install/dingo_input_interfacing:/home/ehoaglin/ros2_ws/install/dingo_control:/home/ehoaglin/ros2_ws/install/dingo_servo_interfacing:/home/ehoaglin/ros2_ws/install/dingo_peripheral_interfacing_msg:/home/ehoaglin/ros2_ws/install/dingo_peripheral_interfacing:/home/ehoaglin/ros2_ws/install/dingo_hardware_config:/home/ehoaglin/ros2_ws/install/dingo_control_msg:/opt/ros/jazzy:/home/ehoaglin/ros2_ws/install/dingo_description:/home/ehoaglin/ros2_ws/install/ros2_fundamentals_examples:/home/ehoaglin/ros2_ws/install/dingo:/home/ehoaglin/ros2_ws/install/dingo_pybullet:/opt/ros/jazzy/opt/gz_sim_vendor:/opt/ros/jazzy/opt/gz_sensors_vendor:/opt/ros/jazzy/opt/gz_physics_vendor:/opt/ros/jazzy/opt/sdformat_vendor:/opt/ros/jazzy/opt/gz_gui_vendor:/opt/ros/jazzy/opt/gz_transport_vendor:/opt/ros/jazzy/opt/gz_rendering_vendor:/opt/ros/jazzy/opt/gz_plugin_vendor:/opt/ros/jazzy/opt/gz_fuel_tools_vendor:/opt/ros/jazzy/opt/gz_msgs_vendor:/opt/ros/jazzy/opt/gz_common_vendor:/opt/ros/jazzy/opt/gz_math_vendor:/opt/ros/jazzy/opt/gz_utils_vendor:/opt/ros/jazzy/opt/gz_tools_vendor:/opt/ros/jazzy/opt/gz_ogre_next_vendor:/opt/ros/jazzy/opt/gz_dartsim_vendor:/opt/ros/jazzy/opt/gz_cmake_vendor PYTHONPATH=/home/ehoaglin/ros2_ws/install/dingo_input_interfacing/lib/python3.12/site-packages:/home/ehoaglin/ros2_ws/install/dingo_control/lib/python3.12/site-packages:/home/ehoaglin/ros2_ws/install/dingo_servo_interfacing/lib/python3.12/site-packages:/home/ehoaglin/ros2_ws/install/dingo_peripheral_interfacing_msg/lib/python3.12/site-packages:/home/ehoaglin/ros2_ws/install/dingo_peripheral_interfacing/lib/python3.12/site-packages:/home/ehoaglin/ros2_ws/install/dingo_hardware_config/lib/python3.12/site-packages:/home/ehoaglin/ros2_ws/install/dingo_control_msg/lib/python3.12/site-packages:/home/ehoaglin/ros2_ws/install/ros2_fundamentals_examples/lib/python3.12/site-packages:/home/ehoaglin/ros2_ws/install/dingo/lib/python3.12/site-packages:/home/ehoaglin/ros2_ws/install/dingo_pybullet/lib/python3.12/site-packages:/opt/ros/jazzy/lib/python3.12/site-packages /usr/bin/cmake --build /home/ehoaglin/ros2_ws/build/dingo -- -j12 -l12
[1.450s] Built target ament_cmake_python_copy_dingo
[1.822s] running egg_info
[1.856s] writing dingo.egg-info/PKG-INFO
[1.857s] writing dependency_links to dingo.egg-info/dependency_links.txt
[1.857s] writing top-level names to dingo.egg-info/top_level.txt
[1.957s] reading manifest file 'dingo.egg-info/SOURCES.txt'
[1.958s] writing manifest file 'dingo.egg-info/SOURCES.txt'
[1.994s] Built target ament_cmake_python_build_dingo_egg
[2.007s] Invoked command in '/home/ehoaglin/ros2_ws/build/dingo' returned '0': CMAKE_PREFIX_PATH=/home/ehoaglin/ros2_ws/install/dingo_input_interfacing:/home/ehoaglin/ros2_ws/install/dingo_control:/home/ehoaglin/ros2_ws/install/dingo_servo_interfacing:/home/ehoaglin/ros2_ws/install/dingo_peripheral_interfacing_msg:/home/ehoaglin/ros2_ws/install/dingo_peripheral_interfacing:/home/ehoaglin/ros2_ws/install/dingo_hardware_config:/home/ehoaglin/ros2_ws/install/dingo_control_msg:/opt/ros/jazzy:/home/ehoaglin/ros2_ws/install/dingo_description:/home/ehoaglin/ros2_ws/install/ros2_fundamentals_examples:/home/ehoaglin/ros2_ws/install/dingo:/home/ehoaglin/ros2_ws/install/dingo_pybullet:/opt/ros/jazzy/opt/gz_sim_vendor:/opt/ros/jazzy/opt/gz_sensors_vendor:/opt/ros/jazzy/opt/gz_physics_vendor:/opt/ros/jazzy/opt/sdformat_vendor:/opt/ros/jazzy/opt/gz_gui_vendor:/opt/ros/jazzy/opt/gz_transport_vendor:/opt/ros/jazzy/opt/gz_rendering_vendor:/opt/ros/jazzy/opt/gz_plugin_vendor:/opt/ros/jazzy/opt/gz_fuel_tools_vendor:/opt/ros/jazzy/opt/gz_msgs_vendor:/opt/ros/jazzy/opt/gz_common_vendor:/opt/ros/jazzy/opt/gz_math_vendor:/opt/ros/jazzy/opt/gz_utils_vendor:/opt/ros/jazzy/opt/gz_tools_vendor:/opt/ros/jazzy/opt/gz_ogre_next_vendor:/opt/ros/jazzy/opt/gz_dartsim_vendor:/opt/ros/jazzy/opt/gz_cmake_vendor PYTHONPATH=/home/ehoaglin/ros2_ws/install/dingo_input_interfacing/lib/python3.12/site-packages:/home/ehoaglin/ros2_ws/install/dingo_control/lib/python3.12/site-packages:/home/ehoaglin/ros2_ws/install/dingo_servo_interfacing/lib/python3.12/site-packages:/home/ehoaglin/ros2_ws/install/dingo_peripheral_interfacing_msg/lib/python3.12/site-packages:/home/ehoaglin/ros2_ws/install/dingo_peripheral_interfacing/lib/python3.12/site-packages:/home/ehoaglin/ros2_ws/install/dingo_hardware_config/lib/python3.12/site-packages:/home/ehoaglin/ros2_ws/install/dingo_control_msg/lib/python3.12/site-packages:/home/ehoaglin/ros2_ws/install/ros2_fundamentals_examples/lib/python3.12/site-packages:/home/ehoaglin/ros2_ws/install/dingo/lib/python3.12/site-packages:/home/ehoaglin/ros2_ws/install/dingo_pybullet/lib/python3.12/site-packages:/opt/ros/jazzy/lib/python3.12/site-packages /usr/bin/cmake --build /home/ehoaglin/ros2_ws/build/dingo -- -j12 -l12
[2.009s] Invoking command in '/home/ehoaglin/ros2_ws/build/dingo': CMAKE_PREFIX_PATH=/home/ehoaglin/ros2_ws/install/dingo_input_interfacing:/home/ehoaglin/ros2_ws/install/dingo_control:/home/ehoaglin/ros2_ws/install/dingo_servo_interfacing:/home/ehoaglin/ros2_ws/install/dingo_peripheral_interfacing_msg:/home/ehoaglin/ros2_ws/install/dingo_peripheral_interfacing:/home/ehoaglin/ros2_ws/install/dingo_hardware_config:/home/ehoaglin/ros2_ws/install/dingo_control_msg:/opt/ros/jazzy:/home/ehoaglin/ros2_ws/install/dingo_description:/home/ehoaglin/ros2_ws/install/ros2_fundamentals_examples:/home/ehoaglin/ros2_ws/install/dingo:/home/ehoaglin/ros2_ws/install/dingo_pybullet:/opt/ros/jazzy/opt/gz_sim_vendor:/opt/ros/jazzy/opt/gz_sensors_vendor:/opt/ros/jazzy/opt/gz_physics_vendor:/opt/ros/jazzy/opt/sdformat_vendor:/opt/ros/jazzy/opt/gz_gui_vendor:/opt/ros/jazzy/opt/gz_transport_vendor:/opt/ros/jazzy/opt/gz_rendering_vendor:/opt/ros/jazzy/opt/gz_plugin_vendor:/opt/ros/jazzy/opt/gz_fuel_tools_vendor:/opt/ros/jazzy/opt/gz_msgs_vendor:/opt/ros/jazzy/opt/gz_common_vendor:/opt/ros/jazzy/opt/gz_math_vendor:/opt/ros/jazzy/opt/gz_utils_vendor:/opt/ros/jazzy/opt/gz_tools_vendor:/opt/ros/jazzy/opt/gz_ogre_next_vendor:/opt/ros/jazzy/opt/gz_dartsim_vendor:/opt/ros/jazzy/opt/gz_cmake_vendor PYTHONPATH=/home/ehoaglin/ros2_ws/install/dingo_input_interfacing/lib/python3.12/site-packages:/home/ehoaglin/ros2_ws/install/dingo_control/lib/python3.12/site-packages:/home/ehoaglin/ros2_ws/install/dingo_servo_interfacing/lib/python3.12/site-packages:/home/ehoaglin/ros2_ws/install/dingo_peripheral_interfacing_msg/lib/python3.12/site-packages:/home/ehoaglin/ros2_ws/install/dingo_peripheral_interfacing/lib/python3.12/site-packages:/home/ehoaglin/ros2_ws/install/dingo_hardware_config/lib/python3.12/site-packages:/home/ehoaglin/ros2_ws/install/dingo_control_msg/lib/python3.12/site-packages:/home/ehoaglin/ros2_ws/install/ros2_fundamentals_examples/lib/python3.12/site-packages:/home/ehoaglin/ros2_ws/install/dingo/lib/python3.12/site-packages:/home/ehoaglin/ros2_ws/install/dingo_pybullet/lib/python3.12/site-packages:/opt/ros/jazzy/lib/python3.12/site-packages /usr/bin/cmake --install /home/ehoaglin/ros2_ws/build/dingo
[2.018s] -- Install configuration: ""
[2.019s] -- Up-to-date: /home/ehoaglin/ros2_ws/install/dingo/share/dingo/environment/pythonpath.sh
[2.019s] -- Up-to-date: /home/ehoaglin/ros2_ws/install/dingo/share/dingo/environment/pythonpath.dsv
[2.019s] -- Up-to-date: /home/ehoaglin/ros2_ws/install/dingo/lib/python3.12/site-packages/dingo-0.0.0-py3.12.egg-info
[2.020s] -- Installing: /home/ehoaglin/ros2_ws/install/dingo/lib/python3.12/site-packages/dingo-0.0.0-py3.12.egg-info/top_level.txt
[2.020s] -- Installing: /home/ehoaglin/ros2_ws/install/dingo/lib/python3.12/site-packages/dingo-0.0.0-py3.12.egg-info/dependency_links.txt
[2.020s] -- Installing: /home/ehoaglin/ros2_ws/install/dingo/lib/python3.12/site-packages/dingo-0.0.0-py3.12.egg-info/SOURCES.txt
[2.021s] -- Installing: /home/ehoaglin/ros2_ws/install/dingo/lib/python3.12/site-packages/dingo-0.0.0-py3.12.egg-info/PKG-INFO
[2.021s] -- Up-to-date: /home/ehoaglin/ros2_ws/install/dingo/lib/python3.12/site-packages/dingo
[2.021s] -- Up-to-date: /home/ehoaglin/ros2_ws/install/dingo/lib/python3.12/site-packages/dingo/__init__.py
[2.022s] -- Up-to-date: /home/ehoaglin/ros2_ws/install/dingo/lib/python3.12/site-packages/dingo/status_publisher.py
[2.072s] Listing '/home/ehoaglin/ros2_ws/install/dingo/lib/python3.12/site-packages/dingo'...
[2.079s] -- Up-to-date: /home/ehoaglin/ros2_ws/install/dingo/lib/dingo/dingo_driver.py
[2.079s] -- Up-to-date: /home/ehoaglin/ros2_ws/install/dingo/lib/dingo/run_robot.py
[2.079s] -- Up-to-date: /home/ehoaglin/ros2_ws/install/dingo/share/dingo/launch
[2.080s] -- Up-to-date: /home/ehoaglin/ros2_ws/install/dingo/share/dingo/launch/dingo_simulator.launch
[2.080s] -- Up-to-date: /home/ehoaglin/ros2_ws/install/dingo/share/dingo/launch/dingo.launch
[2.080s] -- Up-to-date: /home/ehoaglin/ros2_ws/install/dingo/share/dingo/launch/dingo_simulator.launch.py
[2.081s] -- Up-to-date: /home/ehoaglin/ros2_ws/install/dingo/share/dingo/launch/dingo.launch.py
[2.081s] -- Up-to-date: /home/ehoaglin/ros2_ws/install/dingo/share/ament_index/resource_index/package_run_dependencies/dingo
[2.081s] -- Up-to-date: /home/ehoaglin/ros2_ws/install/dingo/share/ament_index/resource_index/parent_prefix_path/dingo
[2.081s] -- Up-to-date: /home/ehoaglin/ros2_ws/install/dingo/share/dingo/environment/ament_prefix_path.sh
[2.081s] -- Up-to-date: /home/ehoaglin/ros2_ws/install/dingo/share/dingo/environment/ament_prefix_path.dsv
[2.081s] -- Up-to-date: /home/ehoaglin/ros2_ws/install/dingo/share/dingo/environment/path.sh
[2.082s] -- Up-to-date: /home/ehoaglin/ros2_ws/install/dingo/share/dingo/environment/path.dsv
[2.082s] -- Up-to-date: /home/ehoaglin/ros2_ws/install/dingo/share/dingo/local_setup.bash
[2.082s] -- Up-to-date: /home/ehoaglin/ros2_ws/install/dingo/share/dingo/local_setup.sh
[2.082s] -- Up-to-date: /home/ehoaglin/ros2_ws/install/dingo/share/dingo/local_setup.zsh
[2.083s] -- Up-to-date: /home/ehoaglin/ros2_ws/install/dingo/share/dingo/local_setup.dsv
[2.083s] -- Installing: /home/ehoaglin/ros2_ws/install/dingo/share/dingo/package.dsv
[2.083s] -- Up-to-date: /home/ehoaglin/ros2_ws/install/dingo/share/ament_index/resource_index/packages/dingo
[2.084s] -- Up-to-date: /home/ehoaglin/ros2_ws/install/dingo/share/dingo/cmake/dingoConfig.cmake
[2.084s] -- Up-to-date: /home/ehoaglin/ros2_ws/install/dingo/share/dingo/cmake/dingoConfig-version.cmake
[2.084s] -- Up-to-date: /home/ehoaglin/ros2_ws/install/dingo/share/dingo/package.xml
[2.087s] Invoked command in '/home/ehoaglin/ros2_ws/build/dingo' returned '0': CMAKE_PREFIX_PATH=/home/ehoaglin/ros2_ws/install/dingo_input_interfacing:/home/ehoaglin/ros2_ws/install/dingo_control:/home/ehoaglin/ros2_ws/install/dingo_servo_interfacing:/home/ehoaglin/ros2_ws/install/dingo_peripheral_interfacing_msg:/home/ehoaglin/ros2_ws/install/dingo_peripheral_interfacing:/home/ehoaglin/ros2_ws/install/dingo_hardware_config:/home/ehoaglin/ros2_ws/install/dingo_control_msg:/opt/ros/jazzy:/home/ehoaglin/ros2_ws/install/dingo_description:/home/ehoaglin/ros2_ws/install/ros2_fundamentals_examples:/home/ehoaglin/ros2_ws/install/dingo:/home/ehoaglin/ros2_ws/install/dingo_pybullet:/opt/ros/jazzy/opt/gz_sim_vendor:/opt/ros/jazzy/opt/gz_sensors_vendor:/opt/ros/jazzy/opt/gz_physics_vendor:/opt/ros/jazzy/opt/sdformat_vendor:/opt/ros/jazzy/opt/gz_gui_vendor:/opt/ros/jazzy/opt/gz_transport_vendor:/opt/ros/jazzy/opt/gz_rendering_vendor:/opt/ros/jazzy/opt/gz_plugin_vendor:/opt/ros/jazzy/opt/gz_fuel_tools_vendor:/opt/ros/jazzy/opt/gz_msgs_vendor:/opt/ros/jazzy/opt/gz_common_vendor:/opt/ros/jazzy/opt/gz_math_vendor:/opt/ros/jazzy/opt/gz_utils_vendor:/opt/ros/jazzy/opt/gz_tools_vendor:/opt/ros/jazzy/opt/gz_ogre_next_vendor:/opt/ros/jazzy/opt/gz_dartsim_vendor:/opt/ros/jazzy/opt/gz_cmake_vendor PYTHONPATH=/home/ehoaglin/ros2_ws/install/dingo_input_interfacing/lib/python3.12/site-packages:/home/ehoaglin/ros2_ws/install/dingo_control/lib/python3.12/site-packages:/home/ehoaglin/ros2_ws/install/dingo_servo_interfacing/lib/python3.12/site-packages:/home/ehoaglin/ros2_ws/install/dingo_peripheral_interfacing_msg/lib/python3.12/site-packages:/home/ehoaglin/ros2_ws/install/dingo_peripheral_interfacing/lib/python3.12/site-packages:/home/ehoaglin/ros2_ws/install/dingo_hardware_config/lib/python3.12/site-packages:/home/ehoaglin/ros2_ws/install/dingo_control_msg/lib/python3.12/site-packages:/home/ehoaglin/ros2_ws/install/ros2_fundamentals_examples/lib/python3.12/site-packages:/home/ehoaglin/ros2_ws/install/dingo/lib/python3.12/site-packages:/home/ehoaglin/ros2_ws/install/dingo_pybullet/lib/python3.12/site-packages:/opt/ros/jazzy/lib/python3.12/site-packages /usr/bin/cmake --install /home/ehoaglin/ros2_ws/build/dingo
