[1.706s] Invoking command in '/home/ehoaglin/ros2_ws/build/dingo_control': CMAKE_PREFIX_PATH=/home/ehoaglin/ros2_ws/install/dingo_servo_interfacing:/home/ehoaglin/ros2_ws/install/dingo_peripheral_interfacing_msg:/home/ehoaglin/ros2_ws/install/dingo_peripheral_interfacing:/home/ehoaglin/ros2_ws/install/dingo_hardware_config:/home/ehoaglin/ros2_ws/install/dingo_control_msg:/home/ehoaglin/ros2_ws/install/ros2_fundamentals_examples:/home/ehoaglin/ros2_ws/install/dingo:/home/ehoaglin/ros2_ws/install/dingo_control:/home/ehoaglin/ros2_ws/install/dingo_pybullet:/home/ehoaglin/ros2_ws/install/dingo_input_interfacing:/home/ehoaglin/ros2_ws/install/dingo_description:/opt/ros/jazzy/opt/gz_sim_vendor:/opt/ros/jazzy/opt/gz_sensors_vendor:/opt/ros/jazzy/opt/gz_physics_vendor:/opt/ros/jazzy/opt/sdformat_vendor:/opt/ros/jazzy/opt/gz_gui_vendor:/opt/ros/jazzy/opt/gz_transport_vendor:/opt/ros/jazzy/opt/gz_rendering_vendor:/opt/ros/jazzy/opt/gz_plugin_vendor:/opt/ros/jazzy/opt/gz_fuel_tools_vendor:/opt/ros/jazzy/opt/gz_msgs_vendor:/opt/ros/jazzy/opt/gz_common_vendor:/opt/ros/jazzy/opt/gz_math_vendor:/opt/ros/jazzy/opt/gz_utils_vendor:/opt/ros/jazzy/opt/gz_tools_vendor:/opt/ros/jazzy/opt/gz_ogre_next_vendor:/opt/ros/jazzy/opt/gz_dartsim_vendor:/opt/ros/jazzy/opt/gz_cmake_vendor:/home/ehoaglin/ros2_ws/install/dualsense_interface:/opt/ros/jazzy PYTHONPATH=/home/ehoaglin/ros2_ws/install/dingo_servo_interfacing/lib/python3.12/site-packages:/home/ehoaglin/ros2_ws/install/dingo_peripheral_interfacing_msg/lib/python3.12/site-packages:/home/ehoaglin/ros2_ws/install/dingo_peripheral_interfacing/lib/python3.12/site-packages:/home/ehoaglin/ros2_ws/install/dingo_hardware_config/lib/python3.12/site-packages:/home/ehoaglin/ros2_ws/install/dingo_control_msg/lib/python3.12/site-packages:/home/ehoaglin/ros2_ws/install/ros2_fundamentals_examples/lib/python3.12/site-packages:/home/ehoaglin/ros2_ws/install/dualsense_interface/lib/python3.12/site-packages:/home/ehoaglin/ros2_ws/install/dingo/lib/python3.12/site-packages:/home/ehoaglin/ros2_ws/install/dingo_control/lib/python3.12/site-packages:/home/ehoaglin/ros2_ws/install/dingo_pybullet/lib/python3.12/site-packages:/home/ehoaglin/ros2_ws/install/dingo_input_interfacing/lib/python3.12/site-packages:/opt/ros/jazzy/lib/python3.12/site-packages /usr/bin/cmake --build /home/ehoaglin/ros2_ws/build/dingo_control -- -j12 -l12
[1.809s] Built target ament_cmake_python_copy_dingo_control
[2.648s] running egg_info
[2.729s] writing dingo_control.egg-info/PKG-INFO
[2.730s] writing dependency_links to dingo_control.egg-info/dependency_links.txt
[2.731s] writing top-level names to dingo_control.egg-info/top_level.txt
[2.962s] reading manifest file 'dingo_control.egg-info/SOURCES.txt'
[2.963s] writing manifest file 'dingo_control.egg-info/SOURCES.txt'
[3.029s] Built target ament_cmake_python_build_dingo_control_egg
[3.047s] Invoked command in '/home/ehoaglin/ros2_ws/build/dingo_control' returned '0': CMAKE_PREFIX_PATH=/home/ehoaglin/ros2_ws/install/dingo_servo_interfacing:/home/ehoaglin/ros2_ws/install/dingo_peripheral_interfacing_msg:/home/ehoaglin/ros2_ws/install/dingo_peripheral_interfacing:/home/ehoaglin/ros2_ws/install/dingo_hardware_config:/home/ehoaglin/ros2_ws/install/dingo_control_msg:/home/ehoaglin/ros2_ws/install/ros2_fundamentals_examples:/home/ehoaglin/ros2_ws/install/dingo:/home/ehoaglin/ros2_ws/install/dingo_control:/home/ehoaglin/ros2_ws/install/dingo_pybullet:/home/ehoaglin/ros2_ws/install/dingo_input_interfacing:/home/ehoaglin/ros2_ws/install/dingo_description:/opt/ros/jazzy/opt/gz_sim_vendor:/opt/ros/jazzy/opt/gz_sensors_vendor:/opt/ros/jazzy/opt/gz_physics_vendor:/opt/ros/jazzy/opt/sdformat_vendor:/opt/ros/jazzy/opt/gz_gui_vendor:/opt/ros/jazzy/opt/gz_transport_vendor:/opt/ros/jazzy/opt/gz_rendering_vendor:/opt/ros/jazzy/opt/gz_plugin_vendor:/opt/ros/jazzy/opt/gz_fuel_tools_vendor:/opt/ros/jazzy/opt/gz_msgs_vendor:/opt/ros/jazzy/opt/gz_common_vendor:/opt/ros/jazzy/opt/gz_math_vendor:/opt/ros/jazzy/opt/gz_utils_vendor:/opt/ros/jazzy/opt/gz_tools_vendor:/opt/ros/jazzy/opt/gz_ogre_next_vendor:/opt/ros/jazzy/opt/gz_dartsim_vendor:/opt/ros/jazzy/opt/gz_cmake_vendor:/home/ehoaglin/ros2_ws/install/dualsense_interface:/opt/ros/jazzy PYTHONPATH=/home/ehoaglin/ros2_ws/install/dingo_servo_interfacing/lib/python3.12/site-packages:/home/ehoaglin/ros2_ws/install/dingo_peripheral_interfacing_msg/lib/python3.12/site-packages:/home/ehoaglin/ros2_ws/install/dingo_peripheral_interfacing/lib/python3.12/site-packages:/home/ehoaglin/ros2_ws/install/dingo_hardware_config/lib/python3.12/site-packages:/home/ehoaglin/ros2_ws/install/dingo_control_msg/lib/python3.12/site-packages:/home/ehoaglin/ros2_ws/install/ros2_fundamentals_examples/lib/python3.12/site-packages:/home/ehoaglin/ros2_ws/install/dualsense_interface/lib/python3.12/site-packages:/home/ehoaglin/ros2_ws/install/dingo/lib/python3.12/site-packages:/home/ehoaglin/ros2_ws/install/dingo_control/lib/python3.12/site-packages:/home/ehoaglin/ros2_ws/install/dingo_pybullet/lib/python3.12/site-packages:/home/ehoaglin/ros2_ws/install/dingo_input_interfacing/lib/python3.12/site-packages:/opt/ros/jazzy/lib/python3.12/site-packages /usr/bin/cmake --build /home/ehoaglin/ros2_ws/build/dingo_control -- -j12 -l12
[3.051s] Invoking command in '/home/ehoaglin/ros2_ws/build/dingo_control': CMAKE_PREFIX_PATH=/home/ehoaglin/ros2_ws/install/dingo_servo_interfacing:/home/ehoaglin/ros2_ws/install/dingo_peripheral_interfacing_msg:/home/ehoaglin/ros2_ws/install/dingo_peripheral_interfacing:/home/ehoaglin/ros2_ws/install/dingo_hardware_config:/home/ehoaglin/ros2_ws/install/dingo_control_msg:/home/ehoaglin/ros2_ws/install/ros2_fundamentals_examples:/home/ehoaglin/ros2_ws/install/dingo:/home/ehoaglin/ros2_ws/install/dingo_control:/home/ehoaglin/ros2_ws/install/dingo_pybullet:/home/ehoaglin/ros2_ws/install/dingo_input_interfacing:/home/ehoaglin/ros2_ws/install/dingo_description:/opt/ros/jazzy/opt/gz_sim_vendor:/opt/ros/jazzy/opt/gz_sensors_vendor:/opt/ros/jazzy/opt/gz_physics_vendor:/opt/ros/jazzy/opt/sdformat_vendor:/opt/ros/jazzy/opt/gz_gui_vendor:/opt/ros/jazzy/opt/gz_transport_vendor:/opt/ros/jazzy/opt/gz_rendering_vendor:/opt/ros/jazzy/opt/gz_plugin_vendor:/opt/ros/jazzy/opt/gz_fuel_tools_vendor:/opt/ros/jazzy/opt/gz_msgs_vendor:/opt/ros/jazzy/opt/gz_common_vendor:/opt/ros/jazzy/opt/gz_math_vendor:/opt/ros/jazzy/opt/gz_utils_vendor:/opt/ros/jazzy/opt/gz_tools_vendor:/opt/ros/jazzy/opt/gz_ogre_next_vendor:/opt/ros/jazzy/opt/gz_dartsim_vendor:/opt/ros/jazzy/opt/gz_cmake_vendor:/home/ehoaglin/ros2_ws/install/dualsense_interface:/opt/ros/jazzy PYTHONPATH=/home/ehoaglin/ros2_ws/install/dingo_servo_interfacing/lib/python3.12/site-packages:/home/ehoaglin/ros2_ws/install/dingo_peripheral_interfacing_msg/lib/python3.12/site-packages:/home/ehoaglin/ros2_ws/install/dingo_peripheral_interfacing/lib/python3.12/site-packages:/home/ehoaglin/ros2_ws/install/dingo_hardware_config/lib/python3.12/site-packages:/home/ehoaglin/ros2_ws/install/dingo_control_msg/lib/python3.12/site-packages:/home/ehoaglin/ros2_ws/install/ros2_fundamentals_examples/lib/python3.12/site-packages:/home/ehoaglin/ros2_ws/install/dualsense_interface/lib/python3.12/site-packages:/home/ehoaglin/ros2_ws/install/dingo/lib/python3.12/site-packages:/home/ehoaglin/ros2_ws/install/dingo_control/lib/python3.12/site-packages:/home/ehoaglin/ros2_ws/install/dingo_pybullet/lib/python3.12/site-packages:/home/ehoaglin/ros2_ws/install/dingo_input_interfacing/lib/python3.12/site-packages:/opt/ros/jazzy/lib/python3.12/site-packages /usr/bin/cmake --install /home/ehoaglin/ros2_ws/build/dingo_control
[3.067s] -- Install configuration: ""
[3.068s] -- Up-to-date: /home/ehoaglin/ros2_ws/install/dingo_control/share/dingo_control/environment/pythonpath.sh
[3.068s] -- Up-to-date: /home/ehoaglin/ros2_ws/install/dingo_control/share/dingo_control/environment/pythonpath.dsv
[3.068s] -- Up-to-date: /home/ehoaglin/ros2_ws/install/dingo_control/lib/python3.12/site-packages/dingo_control-0.0.0-py3.12.egg-info
[3.069s] -- Installing: /home/ehoaglin/ros2_ws/install/dingo_control/lib/python3.12/site-packages/dingo_control-0.0.0-py3.12.egg-info/top_level.txt
[3.070s] -- Installing: /home/ehoaglin/ros2_ws/install/dingo_control/lib/python3.12/site-packages/dingo_control-0.0.0-py3.12.egg-info/dependency_links.txt
[3.070s] -- Installing: /home/ehoaglin/ros2_ws/install/dingo_control/lib/python3.12/site-packages/dingo_control-0.0.0-py3.12.egg-info/SOURCES.txt
[3.070s] -- Installing: /home/ehoaglin/ros2_ws/install/dingo_control/lib/python3.12/site-packages/dingo_control-0.0.0-py3.12.egg-info/PKG-INFO
[3.071s] -- Up-to-date: /home/ehoaglin/ros2_ws/install/dingo_control/lib/python3.12/site-packages/dingo_control
[3.071s] -- Up-to-date: /home/ehoaglin/ros2_ws/install/dingo_control/lib/python3.12/site-packages/dingo_control/util.py
[3.072s] -- Up-to-date: /home/ehoaglin/ros2_ws/install/dingo_control/lib/python3.12/site-packages/dingo_control/__init__.py
[3.072s] -- Up-to-date: /home/ehoaglin/ros2_ws/install/dingo_control/lib/python3.12/site-packages/dingo_control/State.py
[3.072s] -- Up-to-date: /home/ehoaglin/ros2_ws/install/dingo_control/lib/python3.12/site-packages/dingo_control/Kinematics.py
[3.072s] -- Up-to-date: /home/ehoaglin/ros2_ws/install/dingo_control/lib/python3.12/site-packages/dingo_control/dingo_utilities
[3.073s] -- Up-to-date: /home/ehoaglin/ros2_ws/install/dingo_control/lib/python3.12/site-packages/dingo_control/dingo_utilities/CMakeLists.txt
[3.073s] -- Up-to-date: /home/ehoaglin/ros2_ws/install/dingo_control/lib/python3.12/site-packages/dingo_control/dingo_utilities/package.xml
[3.073s] -- Up-to-date: /home/ehoaglin/ros2_ws/install/dingo_control/lib/python3.12/site-packages/dingo_control/dingo_utilities/Open Notebook.onetoc2
[3.073s] -- Up-to-date: /home/ehoaglin/ros2_ws/install/dingo_control/lib/python3.12/site-packages/dingo_control/dingo_utilities/src
[3.073s] -- Up-to-date: /home/ehoaglin/ros2_ws/install/dingo_control/lib/python3.12/site-packages/dingo_control/dingo_utilities/src/dingo_utilities
[3.073s] -- Up-to-date: /home/ehoaglin/ros2_ws/install/dingo_control/lib/python3.12/site-packages/dingo_control/dingo_utilities/src/dingo_utilities/__init__.py
[3.074s] -- Up-to-date: /home/ehoaglin/ros2_ws/install/dingo_control/lib/python3.12/site-packages/dingo_control/dingo_utilities/src/dingo_utilities/Tests.py
[3.074s] -- Up-to-date: /home/ehoaglin/ros2_ws/install/dingo_control/lib/python3.12/site-packages/dingo_control/dingo_utilities/src/dingo_utilities/Utilities.py
[3.074s] -- Up-to-date: /home/ehoaglin/ros2_ws/install/dingo_control/lib/python3.12/site-packages/dingo_control/dingo_utilities/src/dingo_utilities/Open Notebook.onetoc2
[3.074s] -- Up-to-date: /home/ehoaglin/ros2_ws/install/dingo_control/lib/python3.12/site-packages/dingo_control/dingo_utilities/src/Open Notebook.onetoc2
[3.074s] -- Up-to-date: /home/ehoaglin/ros2_ws/install/dingo_control/lib/python3.12/site-packages/dingo_control/dingo_utilities/setup.py
[3.074s] -- Installing: /home/ehoaglin/ros2_ws/install/dingo_control/lib/python3.12/site-packages/dingo_control/Controller.py
[3.074s] -- Up-to-date: /home/ehoaglin/ros2_ws/install/dingo_control/lib/python3.12/site-packages/dingo_control/Gaits.py
[3.075s] -- Up-to-date: /home/ehoaglin/ros2_ws/install/dingo_control/lib/python3.12/site-packages/dingo_control/StanceController.py
[3.075s] -- Up-to-date: /home/ehoaglin/ros2_ws/install/dingo_control/lib/python3.12/site-packages/dingo_control/SwingLegController.py
[3.075s] -- Up-to-date: /home/ehoaglin/ros2_ws/install/dingo_control/lib/python3.12/site-packages/dingo_control/Config.py
[3.075s] -- Up-to-date: /home/ehoaglin/ros2_ws/install/dingo_control/lib/python3.12/site-packages/dingo_control/Command.py
[3.159s] Listing '/home/ehoaglin/ros2_ws/install/dingo_control/lib/python3.12/site-packages/dingo_control'...
[3.160s] Compiling '/home/ehoaglin/ros2_ws/install/dingo_control/lib/python3.12/site-packages/dingo_control/Controller.py'...
[3.160s] Listing '/home/ehoaglin/ros2_ws/install/dingo_control/lib/python3.12/site-packages/dingo_control/dingo_utilities'...
[3.160s] Listing '/home/ehoaglin/ros2_ws/install/dingo_control/lib/python3.12/site-packages/dingo_control/dingo_utilities/src'...
[3.160s] Listing '/home/ehoaglin/ros2_ws/install/dingo_control/lib/python3.12/site-packages/dingo_control/dingo_utilities/src/dingo_utilities'...
[3.175s] -- Up-to-date: /home/ehoaglin/ros2_ws/install/dingo_control/share/ament_index/resource_index/package_run_dependencies/dingo_control
[3.176s] -- Up-to-date: /home/ehoaglin/ros2_ws/install/dingo_control/share/ament_index/resource_index/parent_prefix_path/dingo_control
[3.177s] -- Up-to-date: /home/ehoaglin/ros2_ws/install/dingo_control/share/dingo_control/environment/ament_prefix_path.sh
[3.177s] -- Up-to-date: /home/ehoaglin/ros2_ws/install/dingo_control/share/dingo_control/environment/ament_prefix_path.dsv
[3.178s] -- Up-to-date: /home/ehoaglin/ros2_ws/install/dingo_control/share/dingo_control/environment/path.sh
[3.178s] -- Up-to-date: /home/ehoaglin/ros2_ws/install/dingo_control/share/dingo_control/environment/path.dsv
[3.179s] -- Up-to-date: /home/ehoaglin/ros2_ws/install/dingo_control/share/dingo_control/local_setup.bash
[3.180s] -- Up-to-date: /home/ehoaglin/ros2_ws/install/dingo_control/share/dingo_control/local_setup.sh
[3.181s] -- Up-to-date: /home/ehoaglin/ros2_ws/install/dingo_control/share/dingo_control/local_setup.zsh
[3.181s] -- Up-to-date: /home/ehoaglin/ros2_ws/install/dingo_control/share/dingo_control/local_setup.dsv
[3.182s] -- Installing: /home/ehoaglin/ros2_ws/install/dingo_control/share/dingo_control/package.dsv
[3.183s] -- Up-to-date: /home/ehoaglin/ros2_ws/install/dingo_control/share/ament_index/resource_index/packages/dingo_control
[3.183s] -- Up-to-date: /home/ehoaglin/ros2_ws/install/dingo_control/share/dingo_control/cmake/dingo_controlConfig.cmake
[3.184s] -- Up-to-date: /home/ehoaglin/ros2_ws/install/dingo_control/share/dingo_control/cmake/dingo_controlConfig-version.cmake
[3.184s] -- Up-to-date: /home/ehoaglin/ros2_ws/install/dingo_control/share/dingo_control/package.xml
[3.188s] Invoked command in '/home/ehoaglin/ros2_ws/build/dingo_control' returned '0': CMAKE_PREFIX_PATH=/home/ehoaglin/ros2_ws/install/dingo_servo_interfacing:/home/ehoaglin/ros2_ws/install/dingo_peripheral_interfacing_msg:/home/ehoaglin/ros2_ws/install/dingo_peripheral_interfacing:/home/ehoaglin/ros2_ws/install/dingo_hardware_config:/home/ehoaglin/ros2_ws/install/dingo_control_msg:/home/ehoaglin/ros2_ws/install/ros2_fundamentals_examples:/home/ehoaglin/ros2_ws/install/dingo:/home/ehoaglin/ros2_ws/install/dingo_control:/home/ehoaglin/ros2_ws/install/dingo_pybullet:/home/ehoaglin/ros2_ws/install/dingo_input_interfacing:/home/ehoaglin/ros2_ws/install/dingo_description:/opt/ros/jazzy/opt/gz_sim_vendor:/opt/ros/jazzy/opt/gz_sensors_vendor:/opt/ros/jazzy/opt/gz_physics_vendor:/opt/ros/jazzy/opt/sdformat_vendor:/opt/ros/jazzy/opt/gz_gui_vendor:/opt/ros/jazzy/opt/gz_transport_vendor:/opt/ros/jazzy/opt/gz_rendering_vendor:/opt/ros/jazzy/opt/gz_plugin_vendor:/opt/ros/jazzy/opt/gz_fuel_tools_vendor:/opt/ros/jazzy/opt/gz_msgs_vendor:/opt/ros/jazzy/opt/gz_common_vendor:/opt/ros/jazzy/opt/gz_math_vendor:/opt/ros/jazzy/opt/gz_utils_vendor:/opt/ros/jazzy/opt/gz_tools_vendor:/opt/ros/jazzy/opt/gz_ogre_next_vendor:/opt/ros/jazzy/opt/gz_dartsim_vendor:/opt/ros/jazzy/opt/gz_cmake_vendor:/home/ehoaglin/ros2_ws/install/dualsense_interface:/opt/ros/jazzy PYTHONPATH=/home/ehoaglin/ros2_ws/install/dingo_servo_interfacing/lib/python3.12/site-packages:/home/ehoaglin/ros2_ws/install/dingo_peripheral_interfacing_msg/lib/python3.12/site-packages:/home/ehoaglin/ros2_ws/install/dingo_peripheral_interfacing/lib/python3.12/site-packages:/home/ehoaglin/ros2_ws/install/dingo_hardware_config/lib/python3.12/site-packages:/home/ehoaglin/ros2_ws/install/dingo_control_msg/lib/python3.12/site-packages:/home/ehoaglin/ros2_ws/install/ros2_fundamentals_examples/lib/python3.12/site-packages:/home/ehoaglin/ros2_ws/install/dualsense_interface/lib/python3.12/site-packages:/home/ehoaglin/ros2_ws/install/dingo/lib/python3.12/site-packages:/home/ehoaglin/ros2_ws/install/dingo_control/lib/python3.12/site-packages:/home/ehoaglin/ros2_ws/install/dingo_pybullet/lib/python3.12/site-packages:/home/ehoaglin/ros2_ws/install/dingo_input_interfacing/lib/python3.12/site-packages:/opt/ros/jazzy/lib/python3.12/site-packages /usr/bin/cmake --install /home/ehoaglin/ros2_ws/build/dingo_control
