[0.042s] Invoking command in '/home/ehoaglin/ros2_ws/src/build/dingo_peripheral_interfacing': /usr/bin/cmake --build /home/ehoaglin/ros2_ws/src/build/dingo_peripheral_interfacing -- -j12 -l12
[0.112s] Invoked command in '/home/ehoaglin/ros2_ws/src/build/dingo_peripheral_interfacing' returned '0': /usr/bin/cmake --build /home/ehoaglin/ros2_ws/src/build/dingo_peripheral_interfacing -- -j12 -l12
[0.114s] Invoking command in '/home/ehoaglin/ros2_ws/src/build/dingo_peripheral_interfacing': /usr/bin/cmake --install /home/ehoaglin/ros2_ws/src/build/dingo_peripheral_interfacing
[0.136s] -- Install configuration: ""
[0.137s] -- Up-to-date: /home/ehoaglin/ros2_ws/src/install/dingo_peripheral_interfacing/share/ament_index/resource_index/package_run_dependencies/dingo_peripheral_interfacing
[0.138s] -- Up-to-date: /home/ehoaglin/ros2_ws/src/install/dingo_peripheral_interfacing/share/ament_index/resource_index/parent_prefix_path/dingo_peripheral_interfacing
[0.139s] -- Up-to-date: /home/ehoaglin/ros2_ws/src/install/dingo_peripheral_interfacing/share/dingo_peripheral_interfacing/environment/ament_prefix_path.sh
[0.139s] -- Up-to-date: /home/ehoaglin/ros2_ws/src/install/dingo_peripheral_interfacing/share/dingo_peripheral_interfacing/environment/ament_prefix_path.dsv
[0.139s] -- Up-to-date: /home/ehoaglin/ros2_ws/src/install/dingo_peripheral_interfacing/share/dingo_peripheral_interfacing/environment/path.sh
[0.139s] -- Up-to-date: /home/ehoaglin/ros2_ws/src/install/dingo_peripheral_interfacing/share/dingo_peripheral_interfacing/environment/path.dsv
[0.140s] -- Up-to-date: /home/ehoaglin/ros2_ws/src/install/dingo_peripheral_interfacing/share/dingo_peripheral_interfacing/local_setup.bash
[0.140s] -- Up-to-date: /home/ehoaglin/ros2_ws/src/install/dingo_peripheral_interfacing/share/dingo_peripheral_interfacing/local_setup.sh
[0.140s] -- Up-to-date: /home/ehoaglin/ros2_ws/src/install/dingo_peripheral_interfacing/share/dingo_peripheral_interfacing/local_setup.zsh
[0.140s] -- Up-to-date: /home/ehoaglin/ros2_ws/src/install/dingo_peripheral_interfacing/share/dingo_peripheral_interfacing/local_setup.dsv
[0.140s] -- Installing: /home/ehoaglin/ros2_ws/src/install/dingo_peripheral_interfacing/share/dingo_peripheral_interfacing/package.dsv
[0.141s] -- Up-to-date: /home/ehoaglin/ros2_ws/src/install/dingo_peripheral_interfacing/share/ament_index/resource_index/packages/dingo_peripheral_interfacing
[0.141s] -- Up-to-date: /home/ehoaglin/ros2_ws/src/install/dingo_peripheral_interfacing/share/dingo_peripheral_interfacing/cmake/dingo_peripheral_interfacingConfig.cmake
[0.141s] -- Up-to-date: /home/ehoaglin/ros2_ws/src/install/dingo_peripheral_interfacing/share/dingo_peripheral_interfacing/cmake/dingo_peripheral_interfacingConfig-version.cmake
[0.141s] -- Up-to-date: /home/ehoaglin/ros2_ws/src/install/dingo_peripheral_interfacing/share/dingo_peripheral_interfacing/package.xml
[0.142s] Invoked command in '/home/ehoaglin/ros2_ws/src/build/dingo_peripheral_interfacing' returned '0': /usr/bin/cmake --install /home/ehoaglin/ros2_ws/src/build/dingo_peripheral_interfacing
