[0.068s] Invoking command in '/home/ehoaglin/ros2_ws/build/dingo_pybullet': CMAKE_PREFIX_PATH=${CMAKE_PREFIX_PATH}:/opt/ros/jazzy /usr/bin/cmake --build /home/ehoaglin/ros2_ws/build/dingo_pybullet -- -j12 -l12
[0.218s] Built target ament_cmake_python_copy_dingo_pybullet
[1.252s] running egg_info
[1.318s] writing dingo_pybullet.egg-info/PKG-INFO
[1.319s] writing dependency_links to dingo_pybullet.egg-info/dependency_links.txt
[1.320s] writing top-level names to dingo_pybullet.egg-info/top_level.txt
[1.584s] reading manifest file 'dingo_pybullet.egg-info/SOURCES.txt'
[1.589s] writing manifest file 'dingo_pybullet.egg-info/SOURCES.txt'
[1.735s] Built target ament_cmake_python_build_dingo_pybullet_egg
[1.735s] Invoked command in '/home/ehoaglin/ros2_ws/build/dingo_pybullet' returned '0': CMAKE_PREFIX_PATH=${CMAKE_PREFIX_PATH}:/opt/ros/jazzy /usr/bin/cmake --build /home/ehoaglin/ros2_ws/build/dingo_pybullet -- -j12 -l12
[1.736s] Invoking command in '/home/ehoaglin/ros2_ws/build/dingo_pybullet': CMAKE_PREFIX_PATH=${CMAKE_PREFIX_PATH}:/opt/ros/jazzy /usr/bin/cmake --install /home/ehoaglin/ros2_ws/build/dingo_pybullet
[1.740s] -- Install configuration: ""
[1.740s] -- Up-to-date: /home/ehoaglin/ros2_ws/install/dingo_pybullet/lib/dingo_pybullet/launch_robot.py
[1.742s] -- Up-to-date: /home/ehoaglin/ros2_ws/install/dingo_pybullet/lib/dingo_pybullet/pybullet_simulation.py
[1.742s] -- Up-to-date: /home/ehoaglin/ros2_ws/install/dingo_pybullet/share/dingo_pybullet/launch
[1.743s] -- Up-to-date: /home/ehoaglin/ros2_ws/install/dingo_pybullet/share/dingo_pybullet/launch/launch_simulation.py
[1.743s] -- Up-to-date: /home/ehoaglin/ros2_ws/install/dingo_pybullet/share/dingo_pybullet/launch/simulation.launch.py
[1.743s] -- Up-to-date: /home/ehoaglin/ros2_ws/install/dingo_pybullet/share/dingo_pybullet/environment/pythonpath.sh
[1.744s] -- Up-to-date: /home/ehoaglin/ros2_ws/install/dingo_pybullet/share/dingo_pybullet/environment/pythonpath.dsv
[1.744s] -- Up-to-date: /home/ehoaglin/ros2_ws/install/dingo_pybullet/lib/python3.12/site-packages/dingo_pybullet-1.0.0-py3.12.egg-info
[1.744s] -- Installing: /home/ehoaglin/ros2_ws/install/dingo_pybullet/lib/python3.12/site-packages/dingo_pybullet-1.0.0-py3.12.egg-info/top_level.txt
[1.744s] -- Installing: /home/ehoaglin/ros2_ws/install/dingo_pybullet/lib/python3.12/site-packages/dingo_pybullet-1.0.0-py3.12.egg-info/dependency_links.txt
[1.745s] -- Installing: /home/ehoaglin/ros2_ws/install/dingo_pybullet/lib/python3.12/site-packages/dingo_pybullet-1.0.0-py3.12.egg-info/SOURCES.txt
[1.745s] -- Installing: /home/ehoaglin/ros2_ws/install/dingo_pybullet/lib/python3.12/site-packages/dingo_pybullet-1.0.0-py3.12.egg-info/PKG-INFO
[1.745s] -- Up-to-date: /home/ehoaglin/ros2_ws/install/dingo_pybullet/lib/python3.12/site-packages/dingo_pybullet
[1.746s] -- Up-to-date: /home/ehoaglin/ros2_ws/install/dingo_pybullet/lib/python3.12/site-packages/dingo_pybullet/__init__.py
[1.746s] -- Up-to-date: /home/ehoaglin/ros2_ws/install/dingo_pybullet/lib/python3.12/site-packages/dingo_pybullet/scripts
[1.881s] Listing '/home/ehoaglin/ros2_ws/install/dingo_pybullet/lib/python3.12/site-packages/dingo_pybullet'...
[1.881s] -- Up-to-date: /home/ehoaglin/ros2_ws/install/dingo_pybullet/share/ament_index/resource_index/package_run_dependencies/dingo_pybullet
[1.882s] -- Up-to-date: /home/ehoaglin/ros2_ws/install/dingo_pybullet/share/ament_index/resource_index/parent_prefix_path/dingo_pybullet
[1.882s] -- Up-to-date: /home/ehoaglin/ros2_ws/install/dingo_pybullet/share/dingo_pybullet/environment/ament_prefix_path.sh
[1.883s] -- Up-to-date: /home/ehoaglin/ros2_ws/install/dingo_pybullet/share/dingo_pybullet/environment/ament_prefix_path.dsv
[1.883s] -- Up-to-date: /home/ehoaglin/ros2_ws/install/dingo_pybullet/share/dingo_pybullet/environment/path.sh
[1.883s] -- Up-to-date: /home/ehoaglin/ros2_ws/install/dingo_pybullet/share/dingo_pybullet/environment/path.dsv
[1.884s] -- Up-to-date: /home/ehoaglin/ros2_ws/install/dingo_pybullet/share/dingo_pybullet/local_setup.bash
[1.884s] -- Up-to-date: /home/ehoaglin/ros2_ws/install/dingo_pybullet/share/dingo_pybullet/local_setup.sh
[1.885s] -- Up-to-date: /home/ehoaglin/ros2_ws/install/dingo_pybullet/share/dingo_pybullet/local_setup.zsh
[1.885s] -- Up-to-date: /home/ehoaglin/ros2_ws/install/dingo_pybullet/share/dingo_pybullet/local_setup.dsv
[1.886s] -- Installing: /home/ehoaglin/ros2_ws/install/dingo_pybullet/share/dingo_pybullet/package.dsv
[1.886s] -- Up-to-date: /home/ehoaglin/ros2_ws/install/dingo_pybullet/share/ament_index/resource_index/packages/dingo_pybullet
[1.887s] -- Up-to-date: /home/ehoaglin/ros2_ws/install/dingo_pybullet/share/dingo_pybullet/cmake/dingo_pybulletConfig.cmake
[1.887s] -- Up-to-date: /home/ehoaglin/ros2_ws/install/dingo_pybullet/share/dingo_pybullet/cmake/dingo_pybulletConfig-version.cmake
[1.887s] -- Up-to-date: /home/ehoaglin/ros2_ws/install/dingo_pybullet/share/dingo_pybullet/package.xml
[2.132s] Invoked command in '/home/ehoaglin/ros2_ws/build/dingo_pybullet' returned '0': CMAKE_PREFIX_PATH=${CMAKE_PREFIX_PATH}:/opt/ros/jazzy /usr/bin/cmake --install /home/ehoaglin/ros2_ws/build/dingo_pybullet
