[0.190s] DEBUG:colcon:Command line arguments: ['/usr/bin/colcon', 'build']
[0.190s] DEBUG:colcon:Parsed command line arguments: Namespace(log_base=None, log_level=None, verb_name='build', build_base='build', install_base='install', merge_install=False, symlink_install=False, test_result_base=None, continue_on_error=False, executor='parallel', parallel_workers=12, event_handlers=None, ignore_user_meta=False, metas=['./colcon.meta'], base_paths=['.'], packages_ignore=None, packages_ignore_regex=None, paths=None, packages_up_to=None, packages_up_to_regex=None, packages_above=None, packages_above_and_dependencies=None, packages_above_depth=None, packages_select_by_dep=None, packages_skip_by_dep=None, packages_skip_up_to=None, packages_select_build_failed=False, packages_skip_build_finished=False, packages_select_test_failures=False, packages_skip_test_passed=False, packages_select=None, packages_skip=None, packages_select_regex=None, packages_skip_regex=None, packages_start=None, packages_end=None, allow_overriding=[], cmake_args=None, cmake_target=None, cmake_target_skip_unavailable=False, cmake_clean_cache=False, cmake_clean_first=False, cmake_force_configure=False, ament_cmake_args=None, catkin_cmake_args=None, catkin_skip_building_tests=False, verb_parser=<colcon_defaults.argument_parser.defaults.DefaultArgumentsDecorator object at 0x7f7bf71e9730>, verb_extension=<colcon_core.verb.build.BuildVerb object at 0x7f7bf71e9430>, main=<bound method BuildVerb.main of <colcon_core.verb.build.BuildVerb object at 0x7f7bf71e9430>>)
[0.222s] Level 1:colcon.colcon_core.package_discovery:discover_packages(colcon_meta) check parameters
[0.222s] Level 1:colcon.colcon_core.package_discovery:discover_packages(recursive) check parameters
[0.222s] Level 1:colcon.colcon_core.package_discovery:discover_packages(ignore) check parameters
[0.222s] Level 1:colcon.colcon_core.package_discovery:discover_packages(path) check parameters
[0.222s] Level 1:colcon.colcon_core.package_discovery:discover_packages(colcon_meta) discover
[0.222s] Level 1:colcon.colcon_core.package_discovery:discover_packages(recursive) discover
[0.222s] INFO:colcon.colcon_core.package_discovery:Crawling recursively for packages in '/home/ehoaglin/ros2_ws/src'
[0.222s] Level 1:colcon.colcon_core.package_identification:_identify(.) by extensions ['ignore', 'ignore_ament_install']
[0.223s] Level 1:colcon.colcon_core.package_identification:_identify(.) by extension 'ignore'
[0.223s] Level 1:colcon.colcon_core.package_identification:_identify(.) by extension 'ignore_ament_install'
[0.223s] Level 1:colcon.colcon_core.package_identification:_identify(.) by extensions ['colcon_pkg']
[0.223s] Level 1:colcon.colcon_core.package_identification:_identify(.) by extension 'colcon_pkg'
[0.223s] Level 1:colcon.colcon_core.package_identification:_identify(.) by extensions ['colcon_meta']
[0.223s] Level 1:colcon.colcon_core.package_identification:_identify(.) by extension 'colcon_meta'
[0.223s] Level 1:colcon.colcon_core.package_identification:_identify(.) by extensions ['ros']
[0.223s] Level 1:colcon.colcon_core.package_identification:_identify(.) by extension 'ros'
[0.243s] Level 1:colcon.colcon_core.package_identification:_identify(.) by extensions ['cmake', 'python']
[0.243s] Level 1:colcon.colcon_core.package_identification:_identify(.) by extension 'cmake'
[0.243s] Level 1:colcon.colcon_core.package_identification:_identify(.) by extension 'python'
[0.243s] Level 1:colcon.colcon_core.package_identification:_identify(.) by extensions ['python_setup_py']
[0.243s] Level 1:colcon.colcon_core.package_identification:_identify(.) by extension 'python_setup_py'
[0.243s] Level 1:colcon.colcon_core.package_identification:_identify(build) by extensions ['ignore', 'ignore_ament_install']
[0.243s] Level 1:colcon.colcon_core.package_identification:_identify(build) by extension 'ignore'
[0.243s] Level 1:colcon.colcon_core.package_identification:_identify(build) ignored
[0.243s] Level 1:colcon.colcon_core.package_identification:_identify(dingo) by extensions ['ignore', 'ignore_ament_install']
[0.243s] Level 1:colcon.colcon_core.package_identification:_identify(dingo) by extension 'ignore'
[0.243s] Level 1:colcon.colcon_core.package_identification:_identify(dingo) by extension 'ignore_ament_install'
[0.243s] Level 1:colcon.colcon_core.package_identification:_identify(dingo) by extensions ['colcon_pkg']
[0.243s] Level 1:colcon.colcon_core.package_identification:_identify(dingo) by extension 'colcon_pkg'
[0.244s] Level 1:colcon.colcon_core.package_identification:_identify(dingo) by extensions ['colcon_meta']
[0.244s] Level 1:colcon.colcon_core.package_identification:_identify(dingo) by extension 'colcon_meta'
[0.244s] Level 1:colcon.colcon_core.package_identification:_identify(dingo) by extensions ['ros']
[0.244s] Level 1:colcon.colcon_core.package_identification:_identify(dingo) by extension 'ros'
[0.246s] DEBUG:colcon.colcon_core.package_identification:Package 'dingo' with type 'ros.ament_cmake' and name 'dingo'
[0.246s] Level 1:colcon.colcon_core.package_identification:_identify(dingo_control) by extensions ['ignore', 'ignore_ament_install']
[0.246s] Level 1:colcon.colcon_core.package_identification:_identify(dingo_control) by extension 'ignore'
[0.247s] Level 1:colcon.colcon_core.package_identification:_identify(dingo_control) by extension 'ignore_ament_install'
[0.247s] Level 1:colcon.colcon_core.package_identification:_identify(dingo_control) by extensions ['colcon_pkg']
[0.247s] Level 1:colcon.colcon_core.package_identification:_identify(dingo_control) by extension 'colcon_pkg'
[0.247s] Level 1:colcon.colcon_core.package_identification:_identify(dingo_control) by extensions ['colcon_meta']
[0.247s] Level 1:colcon.colcon_core.package_identification:_identify(dingo_control) by extension 'colcon_meta'
[0.247s] Level 1:colcon.colcon_core.package_identification:_identify(dingo_control) by extensions ['ros']
[0.247s] Level 1:colcon.colcon_core.package_identification:_identify(dingo_control) by extension 'ros'
[0.247s] DEBUG:colcon.colcon_core.package_identification:Package 'dingo_control' with type 'ros.ament_cmake' and name 'dingo_control'
[0.247s] Level 1:colcon.colcon_core.package_identification:_identify(dingo_description) by extensions ['ignore', 'ignore_ament_install']
[0.248s] Level 1:colcon.colcon_core.package_identification:_identify(dingo_description) by extension 'ignore'
[0.248s] Level 1:colcon.colcon_core.package_identification:_identify(dingo_description) by extension 'ignore_ament_install'
[0.248s] Level 1:colcon.colcon_core.package_identification:_identify(dingo_description) by extensions ['colcon_pkg']
[0.248s] Level 1:colcon.colcon_core.package_identification:_identify(dingo_description) by extension 'colcon_pkg'
[0.248s] Level 1:colcon.colcon_core.package_identification:_identify(dingo_description) by extensions ['colcon_meta']
[0.248s] Level 1:colcon.colcon_core.package_identification:_identify(dingo_description) by extension 'colcon_meta'
[0.248s] Level 1:colcon.colcon_core.package_identification:_identify(dingo_description) by extensions ['ros']
[0.248s] Level 1:colcon.colcon_core.package_identification:_identify(dingo_description) by extension 'ros'
[0.249s] DEBUG:colcon.colcon_core.package_identification:Package 'dingo_description' with type 'ros.catkin' and name 'dingo_description'
[0.249s] Level 1:colcon.colcon_core.package_identification:_identify(dingo_gazebo) by extensions ['ignore', 'ignore_ament_install']
[0.249s] Level 1:colcon.colcon_core.package_identification:_identify(dingo_gazebo) by extension 'ignore'
[0.249s] Level 1:colcon.colcon_core.package_identification:_identify(dingo_gazebo) by extension 'ignore_ament_install'
[0.249s] Level 1:colcon.colcon_core.package_identification:_identify(dingo_gazebo) by extensions ['colcon_pkg']
[0.249s] Level 1:colcon.colcon_core.package_identification:_identify(dingo_gazebo) by extension 'colcon_pkg'
[0.249s] Level 1:colcon.colcon_core.package_identification:_identify(dingo_gazebo) by extensions ['colcon_meta']
[0.249s] Level 1:colcon.colcon_core.package_identification:_identify(dingo_gazebo) by extension 'colcon_meta'
[0.249s] Level 1:colcon.colcon_core.package_identification:_identify(dingo_gazebo) by extensions ['ros']
[0.249s] Level 1:colcon.colcon_core.package_identification:_identify(dingo_gazebo) by extension 'ros'
[0.250s] DEBUG:colcon.colcon_core.package_identification:Package 'dingo_gazebo' with type 'ros.catkin' and name 'dingo_gazebo'
[0.250s] Level 1:colcon.colcon_core.package_identification:_identify(dingo_hardware_interfacing) by extensions ['ignore', 'ignore_ament_install']
[0.250s] Level 1:colcon.colcon_core.package_identification:_identify(dingo_hardware_interfacing) by extension 'ignore'
[0.250s] Level 1:colcon.colcon_core.package_identification:_identify(dingo_hardware_interfacing) by extension 'ignore_ament_install'
[0.250s] Level 1:colcon.colcon_core.package_identification:_identify(dingo_hardware_interfacing) by extensions ['colcon_pkg']
[0.250s] Level 1:colcon.colcon_core.package_identification:_identify(dingo_hardware_interfacing) by extension 'colcon_pkg'
[0.250s] Level 1:colcon.colcon_core.package_identification:_identify(dingo_hardware_interfacing) by extensions ['colcon_meta']
[0.250s] Level 1:colcon.colcon_core.package_identification:_identify(dingo_hardware_interfacing) by extension 'colcon_meta'
[0.250s] Level 1:colcon.colcon_core.package_identification:_identify(dingo_hardware_interfacing) by extensions ['ros']
[0.250s] Level 1:colcon.colcon_core.package_identification:_identify(dingo_hardware_interfacing) by extension 'ros'
[0.250s] Level 1:colcon.colcon_core.package_identification:_identify(dingo_hardware_interfacing) by extensions ['cmake', 'python']
[0.250s] Level 1:colcon.colcon_core.package_identification:_identify(dingo_hardware_interfacing) by extension 'cmake'
[0.250s] Level 1:colcon.colcon_core.package_identification:_identify(dingo_hardware_interfacing) by extension 'python'
[0.250s] Level 1:colcon.colcon_core.package_identification:_identify(dingo_hardware_interfacing) by extensions ['python_setup_py']
[0.251s] Level 1:colcon.colcon_core.package_identification:_identify(dingo_hardware_interfacing) by extension 'python_setup_py'
[0.251s] Level 1:colcon.colcon_core.package_identification:_identify(dingo_hardware_interfacing/dingo_input_interfacing) by extensions ['ignore', 'ignore_ament_install']
[0.251s] Level 1:colcon.colcon_core.package_identification:_identify(dingo_hardware_interfacing/dingo_input_interfacing) by extension 'ignore'
[0.251s] Level 1:colcon.colcon_core.package_identification:_identify(dingo_hardware_interfacing/dingo_input_interfacing) by extension 'ignore_ament_install'
[0.251s] Level 1:colcon.colcon_core.package_identification:_identify(dingo_hardware_interfacing/dingo_input_interfacing) by extensions ['colcon_pkg']
[0.251s] Level 1:colcon.colcon_core.package_identification:_identify(dingo_hardware_interfacing/dingo_input_interfacing) by extension 'colcon_pkg'
[0.251s] Level 1:colcon.colcon_core.package_identification:_identify(dingo_hardware_interfacing/dingo_input_interfacing) by extensions ['colcon_meta']
[0.251s] Level 1:colcon.colcon_core.package_identification:_identify(dingo_hardware_interfacing/dingo_input_interfacing) by extension 'colcon_meta'
[0.251s] Level 1:colcon.colcon_core.package_identification:_identify(dingo_hardware_interfacing/dingo_input_interfacing) by extensions ['ros']
[0.251s] Level 1:colcon.colcon_core.package_identification:_identify(dingo_hardware_interfacing/dingo_input_interfacing) by extension 'ros'
[0.252s] DEBUG:colcon.colcon_core.package_identification:Package 'dingo_hardware_interfacing/dingo_input_interfacing' with type 'ros.catkin' and name 'dingo_input_interfacing'
[0.252s] Level 1:colcon.colcon_core.package_identification:_identify(dingo_hardware_interfacing/dingo_peripheral_interfacing) by extensions ['ignore', 'ignore_ament_install']
[0.252s] Level 1:colcon.colcon_core.package_identification:_identify(dingo_hardware_interfacing/dingo_peripheral_interfacing) by extension 'ignore'
[0.252s] Level 1:colcon.colcon_core.package_identification:_identify(dingo_hardware_interfacing/dingo_peripheral_interfacing) by extension 'ignore_ament_install'
[0.252s] Level 1:colcon.colcon_core.package_identification:_identify(dingo_hardware_interfacing/dingo_peripheral_interfacing) by extensions ['colcon_pkg']
[0.252s] Level 1:colcon.colcon_core.package_identification:_identify(dingo_hardware_interfacing/dingo_peripheral_interfacing) by extension 'colcon_pkg'
[0.252s] Level 1:colcon.colcon_core.package_identification:_identify(dingo_hardware_interfacing/dingo_peripheral_interfacing) by extensions ['colcon_meta']
[0.252s] Level 1:colcon.colcon_core.package_identification:_identify(dingo_hardware_interfacing/dingo_peripheral_interfacing) by extension 'colcon_meta'
[0.252s] Level 1:colcon.colcon_core.package_identification:_identify(dingo_hardware_interfacing/dingo_peripheral_interfacing) by extensions ['ros']
[0.252s] Level 1:colcon.colcon_core.package_identification:_identify(dingo_hardware_interfacing/dingo_peripheral_interfacing) by extension 'ros'
[0.253s] DEBUG:colcon.colcon_core.package_identification:Package 'dingo_hardware_interfacing/dingo_peripheral_interfacing' with type 'ros.catkin' and name 'dingo_peripheral_interfacing'
[0.253s] Level 1:colcon.colcon_core.package_identification:_identify(dingo_hardware_interfacing/dingo_servo_interfacing) by extensions ['ignore', 'ignore_ament_install']
[0.253s] Level 1:colcon.colcon_core.package_identification:_identify(dingo_hardware_interfacing/dingo_servo_interfacing) by extension 'ignore'
[0.253s] Level 1:colcon.colcon_core.package_identification:_identify(dingo_hardware_interfacing/dingo_servo_interfacing) by extension 'ignore_ament_install'
[0.253s] Level 1:colcon.colcon_core.package_identification:_identify(dingo_hardware_interfacing/dingo_servo_interfacing) by extensions ['colcon_pkg']
[0.253s] Level 1:colcon.colcon_core.package_identification:_identify(dingo_hardware_interfacing/dingo_servo_interfacing) by extension 'colcon_pkg'
[0.253s] Level 1:colcon.colcon_core.package_identification:_identify(dingo_hardware_interfacing/dingo_servo_interfacing) by extensions ['colcon_meta']
[0.253s] Level 1:colcon.colcon_core.package_identification:_identify(dingo_hardware_interfacing/dingo_servo_interfacing) by extension 'colcon_meta'
[0.253s] Level 1:colcon.colcon_core.package_identification:_identify(dingo_hardware_interfacing/dingo_servo_interfacing) by extensions ['ros']
[0.254s] Level 1:colcon.colcon_core.package_identification:_identify(dingo_hardware_interfacing/dingo_servo_interfacing) by extension 'ros'
[0.254s] DEBUG:colcon.colcon_core.package_identification:Package 'dingo_hardware_interfacing/dingo_servo_interfacing' with type 'ros.catkin' and name 'dingo_servo_interfacing'
[0.254s] Level 1:colcon.colcon_core.package_identification:_identify(install) by extensions ['ignore', 'ignore_ament_install']
[0.254s] Level 1:colcon.colcon_core.package_identification:_identify(install) by extension 'ignore'
[0.255s] Level 1:colcon.colcon_core.package_identification:_identify(install) ignored
[0.255s] Level 1:colcon.colcon_core.package_identification:_identify(log) by extensions ['ignore', 'ignore_ament_install']
[0.255s] Level 1:colcon.colcon_core.package_identification:_identify(log) by extension 'ignore'
[0.255s] Level 1:colcon.colcon_core.package_identification:_identify(log) ignored
[0.255s] Level 1:colcon.colcon_core.package_discovery:discover_packages(recursive) using defaults
[0.255s] Level 1:colcon.colcon_core.package_discovery:discover_packages(ignore) discover
[0.255s] Level 1:colcon.colcon_core.package_discovery:discover_packages(ignore) using defaults
[0.255s] Level 1:colcon.colcon_core.package_discovery:discover_packages(path) discover
[0.255s] Level 1:colcon.colcon_core.package_discovery:discover_packages(path) using defaults
[0.271s] Level 1:colcon.colcon_core.package_discovery:discover_packages(prefix_path) check parameters
[0.271s] Level 1:colcon.colcon_core.package_discovery:discover_packages(prefix_path) discover
[0.274s] DEBUG:colcon.colcon_installed_package_information.package_discovery:Found 7 installed packages in /home/ehoaglin/ros2_ws/install
[0.275s] DEBUG:colcon.colcon_installed_package_information.package_discovery:Found 403 installed packages in /opt/ros/jazzy
[0.276s] Level 1:colcon.colcon_core.package_discovery:discover_packages(prefix_path) using defaults
[0.330s] Level 5:colcon.colcon_core.verb:set package 'dingo_control' build argument 'cmake_args' from command line to 'None'
[0.330s] Level 5:colcon.colcon_core.verb:set package 'dingo_control' build argument 'cmake_target' from command line to 'None'
[0.330s] Level 5:colcon.colcon_core.verb:set package 'dingo_control' build argument 'cmake_target_skip_unavailable' from command line to 'False'
[0.330s] Level 5:colcon.colcon_core.verb:set package 'dingo_control' build argument 'cmake_clean_cache' from command line to 'False'
[0.330s] Level 5:colcon.colcon_core.verb:set package 'dingo_control' build argument 'cmake_clean_first' from command line to 'False'
[0.330s] Level 5:colcon.colcon_core.verb:set package 'dingo_control' build argument 'cmake_force_configure' from command line to 'False'
[0.330s] Level 5:colcon.colcon_core.verb:set package 'dingo_control' build argument 'ament_cmake_args' from command line to 'None'
[0.330s] Level 5:colcon.colcon_core.verb:set package 'dingo_control' build argument 'catkin_cmake_args' from command line to 'None'
[0.330s] Level 5:colcon.colcon_core.verb:set package 'dingo_control' build argument 'catkin_skip_building_tests' from command line to 'False'
[0.331s] DEBUG:colcon.colcon_core.verb:Building package 'dingo_control' with the following arguments: {'ament_cmake_args': None, 'build_base': '/home/ehoaglin/ros2_ws/src/build/dingo_control', 'catkin_cmake_args': None, 'catkin_skip_building_tests': False, 'cmake_args': None, 'cmake_clean_cache': False, 'cmake_clean_first': False, 'cmake_force_configure': False, 'cmake_target': None, 'cmake_target_skip_unavailable': False, 'install_base': '/home/ehoaglin/ros2_ws/src/install/dingo_control', 'merge_install': False, 'path': '/home/ehoaglin/ros2_ws/src/dingo_control', 'symlink_install': False, 'test_result_base': None}
[0.331s] Level 5:colcon.colcon_core.verb:set package 'dingo_description' build argument 'cmake_args' from command line to 'None'
[0.331s] Level 5:colcon.colcon_core.verb:set package 'dingo_description' build argument 'cmake_target' from command line to 'None'
[0.331s] Level 5:colcon.colcon_core.verb:set package 'dingo_description' build argument 'cmake_target_skip_unavailable' from command line to 'False'
[0.331s] Level 5:colcon.colcon_core.verb:set package 'dingo_description' build argument 'cmake_clean_cache' from command line to 'False'
[0.331s] Level 5:colcon.colcon_core.verb:set package 'dingo_description' build argument 'cmake_clean_first' from command line to 'False'
[0.331s] Level 5:colcon.colcon_core.verb:set package 'dingo_description' build argument 'cmake_force_configure' from command line to 'False'
[0.331s] Level 5:colcon.colcon_core.verb:set package 'dingo_description' build argument 'ament_cmake_args' from command line to 'None'
[0.331s] Level 5:colcon.colcon_core.verb:set package 'dingo_description' build argument 'catkin_cmake_args' from command line to 'None'
[0.331s] Level 5:colcon.colcon_core.verb:set package 'dingo_description' build argument 'catkin_skip_building_tests' from command line to 'False'
[0.331s] DEBUG:colcon.colcon_core.verb:Building package 'dingo_description' with the following arguments: {'ament_cmake_args': None, 'build_base': '/home/ehoaglin/ros2_ws/src/build/dingo_description', 'catkin_cmake_args': None, 'catkin_skip_building_tests': False, 'cmake_args': None, 'cmake_clean_cache': False, 'cmake_clean_first': False, 'cmake_force_configure': False, 'cmake_target': None, 'cmake_target_skip_unavailable': False, 'install_base': '/home/ehoaglin/ros2_ws/src/install/dingo_description', 'merge_install': False, 'path': '/home/ehoaglin/ros2_ws/src/dingo_description', 'symlink_install': False, 'test_result_base': None}
[0.331s] Level 5:colcon.colcon_core.verb:set package 'dingo_gazebo' build argument 'cmake_args' from command line to 'None'
[0.331s] Level 5:colcon.colcon_core.verb:set package 'dingo_gazebo' build argument 'cmake_target' from command line to 'None'
[0.331s] Level 5:colcon.colcon_core.verb:set package 'dingo_gazebo' build argument 'cmake_target_skip_unavailable' from command line to 'False'
[0.331s] Level 5:colcon.colcon_core.verb:set package 'dingo_gazebo' build argument 'cmake_clean_cache' from command line to 'False'
[0.331s] Level 5:colcon.colcon_core.verb:set package 'dingo_gazebo' build argument 'cmake_clean_first' from command line to 'False'
[0.331s] Level 5:colcon.colcon_core.verb:set package 'dingo_gazebo' build argument 'cmake_force_configure' from command line to 'False'
[0.332s] Level 5:colcon.colcon_core.verb:set package 'dingo_gazebo' build argument 'ament_cmake_args' from command line to 'None'
[0.332s] Level 5:colcon.colcon_core.verb:set package 'dingo_gazebo' build argument 'catkin_cmake_args' from command line to 'None'
[0.332s] Level 5:colcon.colcon_core.verb:set package 'dingo_gazebo' build argument 'catkin_skip_building_tests' from command line to 'False'
[0.332s] DEBUG:colcon.colcon_core.verb:Building package 'dingo_gazebo' with the following arguments: {'ament_cmake_args': None, 'build_base': '/home/ehoaglin/ros2_ws/src/build/dingo_gazebo', 'catkin_cmake_args': None, 'catkin_skip_building_tests': False, 'cmake_args': None, 'cmake_clean_cache': False, 'cmake_clean_first': False, 'cmake_force_configure': False, 'cmake_target': None, 'cmake_target_skip_unavailable': False, 'install_base': '/home/ehoaglin/ros2_ws/src/install/dingo_gazebo', 'merge_install': False, 'path': '/home/ehoaglin/ros2_ws/src/dingo_gazebo', 'symlink_install': False, 'test_result_base': None}
[0.332s] Level 5:colcon.colcon_core.verb:set package 'dingo_input_interfacing' build argument 'cmake_args' from command line to 'None'
[0.332s] Level 5:colcon.colcon_core.verb:set package 'dingo_input_interfacing' build argument 'cmake_target' from command line to 'None'
[0.332s] Level 5:colcon.colcon_core.verb:set package 'dingo_input_interfacing' build argument 'cmake_target_skip_unavailable' from command line to 'False'
[0.332s] Level 5:colcon.colcon_core.verb:set package 'dingo_input_interfacing' build argument 'cmake_clean_cache' from command line to 'False'
[0.332s] Level 5:colcon.colcon_core.verb:set package 'dingo_input_interfacing' build argument 'cmake_clean_first' from command line to 'False'
[0.332s] Level 5:colcon.colcon_core.verb:set package 'dingo_input_interfacing' build argument 'cmake_force_configure' from command line to 'False'
[0.332s] Level 5:colcon.colcon_core.verb:set package 'dingo_input_interfacing' build argument 'ament_cmake_args' from command line to 'None'
[0.332s] Level 5:colcon.colcon_core.verb:set package 'dingo_input_interfacing' build argument 'catkin_cmake_args' from command line to 'None'
[0.332s] Level 5:colcon.colcon_core.verb:set package 'dingo_input_interfacing' build argument 'catkin_skip_building_tests' from command line to 'False'
[0.332s] DEBUG:colcon.colcon_core.verb:Building package 'dingo_input_interfacing' with the following arguments: {'ament_cmake_args': None, 'build_base': '/home/ehoaglin/ros2_ws/src/build/dingo_input_interfacing', 'catkin_cmake_args': None, 'catkin_skip_building_tests': False, 'cmake_args': None, 'cmake_clean_cache': False, 'cmake_clean_first': False, 'cmake_force_configure': False, 'cmake_target': None, 'cmake_target_skip_unavailable': False, 'install_base': '/home/ehoaglin/ros2_ws/src/install/dingo_input_interfacing', 'merge_install': False, 'path': '/home/ehoaglin/ros2_ws/src/dingo_hardware_interfacing/dingo_input_interfacing', 'symlink_install': False, 'test_result_base': None}
[0.332s] Level 5:colcon.colcon_core.verb:set package 'dingo_peripheral_interfacing' build argument 'cmake_args' from command line to 'None'
[0.332s] Level 5:colcon.colcon_core.verb:set package 'dingo_peripheral_interfacing' build argument 'cmake_target' from command line to 'None'
[0.332s] Level 5:colcon.colcon_core.verb:set package 'dingo_peripheral_interfacing' build argument 'cmake_target_skip_unavailable' from command line to 'False'
[0.332s] Level 5:colcon.colcon_core.verb:set package 'dingo_peripheral_interfacing' build argument 'cmake_clean_cache' from command line to 'False'
[0.332s] Level 5:colcon.colcon_core.verb:set package 'dingo_peripheral_interfacing' build argument 'cmake_clean_first' from command line to 'False'
[0.332s] Level 5:colcon.colcon_core.verb:set package 'dingo_peripheral_interfacing' build argument 'cmake_force_configure' from command line to 'False'
[0.332s] Level 5:colcon.colcon_core.verb:set package 'dingo_peripheral_interfacing' build argument 'ament_cmake_args' from command line to 'None'
[0.332s] Level 5:colcon.colcon_core.verb:set package 'dingo_peripheral_interfacing' build argument 'catkin_cmake_args' from command line to 'None'
[0.333s] Level 5:colcon.colcon_core.verb:set package 'dingo_peripheral_interfacing' build argument 'catkin_skip_building_tests' from command line to 'False'
[0.333s] DEBUG:colcon.colcon_core.verb:Building package 'dingo_peripheral_interfacing' with the following arguments: {'ament_cmake_args': None, 'build_base': '/home/ehoaglin/ros2_ws/src/build/dingo_peripheral_interfacing', 'catkin_cmake_args': None, 'catkin_skip_building_tests': False, 'cmake_args': None, 'cmake_clean_cache': False, 'cmake_clean_first': False, 'cmake_force_configure': False, 'cmake_target': None, 'cmake_target_skip_unavailable': False, 'install_base': '/home/ehoaglin/ros2_ws/src/install/dingo_peripheral_interfacing', 'merge_install': False, 'path': '/home/ehoaglin/ros2_ws/src/dingo_hardware_interfacing/dingo_peripheral_interfacing', 'symlink_install': False, 'test_result_base': None}
[0.333s] Level 5:colcon.colcon_core.verb:set package 'dingo_servo_interfacing' build argument 'cmake_args' from command line to 'None'
[0.333s] Level 5:colcon.colcon_core.verb:set package 'dingo_servo_interfacing' build argument 'cmake_target' from command line to 'None'
[0.333s] Level 5:colcon.colcon_core.verb:set package 'dingo_servo_interfacing' build argument 'cmake_target_skip_unavailable' from command line to 'False'
[0.333s] Level 5:colcon.colcon_core.verb:set package 'dingo_servo_interfacing' build argument 'cmake_clean_cache' from command line to 'False'
[0.333s] Level 5:colcon.colcon_core.verb:set package 'dingo_servo_interfacing' build argument 'cmake_clean_first' from command line to 'False'
[0.333s] Level 5:colcon.colcon_core.verb:set package 'dingo_servo_interfacing' build argument 'cmake_force_configure' from command line to 'False'
[0.333s] Level 5:colcon.colcon_core.verb:set package 'dingo_servo_interfacing' build argument 'ament_cmake_args' from command line to 'None'
[0.333s] Level 5:colcon.colcon_core.verb:set package 'dingo_servo_interfacing' build argument 'catkin_cmake_args' from command line to 'None'
[0.333s] Level 5:colcon.colcon_core.verb:set package 'dingo_servo_interfacing' build argument 'catkin_skip_building_tests' from command line to 'False'
[0.333s] DEBUG:colcon.colcon_core.verb:Building package 'dingo_servo_interfacing' with the following arguments: {'ament_cmake_args': None, 'build_base': '/home/ehoaglin/ros2_ws/src/build/dingo_servo_interfacing', 'catkin_cmake_args': None, 'catkin_skip_building_tests': False, 'cmake_args': None, 'cmake_clean_cache': False, 'cmake_clean_first': False, 'cmake_force_configure': False, 'cmake_target': None, 'cmake_target_skip_unavailable': False, 'install_base': '/home/ehoaglin/ros2_ws/src/install/dingo_servo_interfacing', 'merge_install': False, 'path': '/home/ehoaglin/ros2_ws/src/dingo_hardware_interfacing/dingo_servo_interfacing', 'symlink_install': False, 'test_result_base': None}
[0.333s] Level 5:colcon.colcon_core.verb:set package 'dingo' build argument 'cmake_args' from command line to 'None'
[0.333s] Level 5:colcon.colcon_core.verb:set package 'dingo' build argument 'cmake_target' from command line to 'None'
[0.333s] Level 5:colcon.colcon_core.verb:set package 'dingo' build argument 'cmake_target_skip_unavailable' from command line to 'False'
[0.333s] Level 5:colcon.colcon_core.verb:set package 'dingo' build argument 'cmake_clean_cache' from command line to 'False'
[0.333s] Level 5:colcon.colcon_core.verb:set package 'dingo' build argument 'cmake_clean_first' from command line to 'False'
[0.333s] Level 5:colcon.colcon_core.verb:set package 'dingo' build argument 'cmake_force_configure' from command line to 'False'
[0.333s] Level 5:colcon.colcon_core.verb:set package 'dingo' build argument 'ament_cmake_args' from command line to 'None'
[0.333s] Level 5:colcon.colcon_core.verb:set package 'dingo' build argument 'catkin_cmake_args' from command line to 'None'
[0.333s] Level 5:colcon.colcon_core.verb:set package 'dingo' build argument 'catkin_skip_building_tests' from command line to 'False'
[0.333s] DEBUG:colcon.colcon_core.verb:Building package 'dingo' with the following arguments: {'ament_cmake_args': None, 'build_base': '/home/ehoaglin/ros2_ws/src/build/dingo', 'catkin_cmake_args': None, 'catkin_skip_building_tests': False, 'cmake_args': None, 'cmake_clean_cache': False, 'cmake_clean_first': False, 'cmake_force_configure': False, 'cmake_target': None, 'cmake_target_skip_unavailable': False, 'install_base': '/home/ehoaglin/ros2_ws/src/install/dingo', 'merge_install': False, 'path': '/home/ehoaglin/ros2_ws/src/dingo', 'symlink_install': False, 'test_result_base': None}
[0.334s] INFO:colcon.colcon_core.executor:Executing jobs using 'parallel' executor
[0.335s] DEBUG:colcon.colcon_parallel_executor.executor.parallel:run_until_complete
[0.335s] INFO:colcon.colcon_ros.task.ament_cmake.build:Building ROS package in '/home/ehoaglin/ros2_ws/src/dingo_control' with build type 'ament_cmake'
[0.336s] INFO:colcon.colcon_cmake.task.cmake.build:Building CMake package in '/home/ehoaglin/ros2_ws/src/dingo_control'
[0.338s] INFO:colcon.colcon_core.plugin_system:Skipping extension 'colcon_core.shell.bat': Not used on non-Windows systems
[0.338s] INFO:colcon.colcon_core.shell:Skip shell extension 'powershell' for command environment: Not usable outside of PowerShell
[0.338s] DEBUG:colcon.colcon_core.shell:Skip shell extension 'dsv' for command environment
[0.341s] INFO:colcon.colcon_ros.task.catkin.build:Building ROS package in '/home/ehoaglin/ros2_ws/src/dingo_hardware_interfacing/dingo_input_interfacing' with build type 'catkin'
[0.342s] INFO:colcon.colcon_cmake.task.cmake.build:Building CMake package in '/home/ehoaglin/ros2_ws/src/dingo_hardware_interfacing/dingo_input_interfacing'
[0.342s] INFO:colcon.colcon_core.shell:Skip shell extension 'powershell' for command environment: Not usable outside of PowerShell
[0.342s] DEBUG:colcon.colcon_core.shell:Skip shell extension 'dsv' for command environment
[0.345s] INFO:colcon.colcon_ros.task.catkin.build:Building ROS package in '/home/ehoaglin/ros2_ws/src/dingo_hardware_interfacing/dingo_servo_interfacing' with build type 'catkin'
[0.345s] INFO:colcon.colcon_cmake.task.cmake.build:Building CMake package in '/home/ehoaglin/ros2_ws/src/dingo_hardware_interfacing/dingo_servo_interfacing'
[0.346s] INFO:colcon.colcon_core.shell:Skip shell extension 'powershell' for command environment: Not usable outside of PowerShell
[0.346s] DEBUG:colcon.colcon_core.shell:Skip shell extension 'dsv' for command environment
[0.365s] INFO:colcon.colcon_ros.task.catkin.build:Building ROS package in '/home/ehoaglin/ros2_ws/src/dingo_description' with build type 'catkin'
[0.366s] INFO:colcon.colcon_cmake.task.cmake.build:Building CMake package in '/home/ehoaglin/ros2_ws/src/dingo_description'
[0.366s] INFO:colcon.colcon_core.shell:Skip shell extension 'powershell' for command environment: Not usable outside of PowerShell
[0.366s] DEBUG:colcon.colcon_core.shell:Skip shell extension 'dsv' for command environment
[0.369s] INFO:colcon.colcon_ros.task.catkin.build:Building ROS package in '/home/ehoaglin/ros2_ws/src/dingo_gazebo' with build type 'catkin'
[0.369s] INFO:colcon.colcon_cmake.task.cmake.build:Building CMake package in '/home/ehoaglin/ros2_ws/src/dingo_gazebo'
[0.370s] INFO:colcon.colcon_core.shell:Skip shell extension 'powershell' for command environment: Not usable outside of PowerShell
[0.370s] DEBUG:colcon.colcon_core.shell:Skip shell extension 'dsv' for command environment
[0.375s] INFO:colcon.colcon_ros.task.catkin.build:Building ROS package in '/home/ehoaglin/ros2_ws/src/dingo_hardware_interfacing/dingo_peripheral_interfacing' with build type 'catkin'
[0.375s] INFO:colcon.colcon_cmake.task.cmake.build:Building CMake package in '/home/ehoaglin/ros2_ws/src/dingo_hardware_interfacing/dingo_peripheral_interfacing'
[0.375s] INFO:colcon.colcon_core.shell:Skip shell extension 'powershell' for command environment: Not usable outside of PowerShell
[0.375s] DEBUG:colcon.colcon_core.shell:Skip shell extension 'dsv' for command environment
[0.384s] DEBUG:colcon.colcon_core.event_handler.log_command:Invoking command in '/home/ehoaglin/ros2_ws/src/build/dingo_control': CMAKE_PREFIX_PATH=${CMAKE_PREFIX_PATH}:/home/ehoaglin/ros2_ws/install/ros2_fundamentals_examples:/opt/ros/jazzy /usr/bin/cmake /home/ehoaglin/ros2_ws/src/dingo_control -DCMAKE_INSTALL_PREFIX=/home/ehoaglin/ros2_ws/src/install/dingo_control
[0.389s] DEBUG:colcon.colcon_core.event_handler.log_command:Invoking command in '/home/ehoaglin/ros2_ws/src/build/dingo_input_interfacing': /usr/bin/cmake --build /home/ehoaglin/ros2_ws/src/build/dingo_input_interfacing -- -j12 -l12
[0.393s] DEBUG:colcon.colcon_core.event_handler.log_command:Invoking command in '/home/ehoaglin/ros2_ws/src/build/dingo_servo_interfacing': /usr/bin/cmake --build /home/ehoaglin/ros2_ws/src/build/dingo_servo_interfacing -- -j12 -l12
[0.397s] DEBUG:colcon.colcon_core.event_handler.log_command:Invoking command in '/home/ehoaglin/ros2_ws/src/build/dingo_description': /usr/bin/cmake --build /home/ehoaglin/ros2_ws/src/build/dingo_description -- -j12 -l12
[0.407s] DEBUG:colcon.colcon_core.event_handler.log_command:Invoking command in '/home/ehoaglin/ros2_ws/src/build/dingo_gazebo': /usr/bin/cmake --build /home/ehoaglin/ros2_ws/src/build/dingo_gazebo -- -j12 -l12
[0.417s] DEBUG:colcon.colcon_core.event_handler.log_command:Invoking command in '/home/ehoaglin/ros2_ws/src/build/dingo_peripheral_interfacing': /usr/bin/cmake --build /home/ehoaglin/ros2_ws/src/build/dingo_peripheral_interfacing -- -j12 -l12
[0.441s] DEBUG:colcon.colcon_core.event_handler.log_command:Invoked command in '/home/ehoaglin/ros2_ws/src/build/dingo_description' returned '0': /usr/bin/cmake --build /home/ehoaglin/ros2_ws/src/build/dingo_description -- -j12 -l12
[0.442s] WARNING:colcon.colcon_cmake.task.cmake.build:Could not run installation step for package 'dingo_description' because it has no 'install' target
[0.443s] Level 1:colcon.colcon_core.environment:create_environment_scripts_only(dingo_description)
[0.447s] Level 1:colcon.colcon_core.environment:checking '/home/ehoaglin/ros2_ws/src/install/dingo_description' for CMake module files
[0.448s] Level 1:colcon.colcon_core.environment:checking '/home/ehoaglin/ros2_ws/src/install/dingo_description' for CMake config files
[0.450s] Level 1:colcon.colcon_core.environment:checking '/home/ehoaglin/ros2_ws/src/install/dingo_description/bin'
[0.451s] Level 1:colcon.colcon_core.environment:checking '/home/ehoaglin/ros2_ws/src/install/dingo_description/lib/pkgconfig/dingo_description.pc'
[0.452s] Level 1:colcon.colcon_core.environment:checking '/home/ehoaglin/ros2_ws/src/install/dingo_description/lib/python3.12/site-packages'
[0.452s] Level 1:colcon.colcon_core.environment:checking '/home/ehoaglin/ros2_ws/src/install/dingo_description/bin'
[0.452s] INFO:colcon.colcon_core.shell:Creating package script '/home/ehoaglin/ros2_ws/src/install/dingo_description/share/dingo_description/package.ps1'
[0.453s] INFO:colcon.colcon_core.shell:Creating package descriptor '/home/ehoaglin/ros2_ws/src/install/dingo_description/share/dingo_description/package.dsv'
[0.454s] INFO:colcon.colcon_core.shell:Creating package script '/home/ehoaglin/ros2_ws/src/install/dingo_description/share/dingo_description/package.sh'
[0.455s] INFO:colcon.colcon_core.shell:Creating package script '/home/ehoaglin/ros2_ws/src/install/dingo_description/share/dingo_description/package.bash'
[0.456s] INFO:colcon.colcon_core.shell:Creating package script '/home/ehoaglin/ros2_ws/src/install/dingo_description/share/dingo_description/package.zsh'
[0.457s] Level 1:colcon.colcon_core.environment:create_file_with_runtime_dependencies(/home/ehoaglin/ros2_ws/src/install/dingo_description/share/colcon-core/packages/dingo_description)
[0.460s] DEBUG:colcon.colcon_core.event_handler.log_command:Invoked command in '/home/ehoaglin/ros2_ws/src/build/dingo_servo_interfacing' returned '0': /usr/bin/cmake --build /home/ehoaglin/ros2_ws/src/build/dingo_servo_interfacing -- -j12 -l12
[0.471s] DEBUG:colcon.colcon_core.event_handler.log_command:Invoking command in '/home/ehoaglin/ros2_ws/src/build/dingo_servo_interfacing': /usr/bin/cmake --install /home/ehoaglin/ros2_ws/src/build/dingo_servo_interfacing
[0.473s] DEBUG:colcon.colcon_core.event_handler.log_command:Invoked command in '/home/ehoaglin/ros2_ws/src/build/dingo_gazebo' returned '0': /usr/bin/cmake --build /home/ehoaglin/ros2_ws/src/build/dingo_gazebo -- -j12 -l12
[0.473s] WARNING:colcon.colcon_cmake.task.cmake.build:Could not run installation step for package 'dingo_gazebo' because it has no 'install' target
[0.474s] Level 1:colcon.colcon_core.environment:create_environment_scripts_only(dingo_gazebo)
[0.474s] Level 1:colcon.colcon_core.environment:checking '/home/ehoaglin/ros2_ws/src/install/dingo_gazebo' for CMake module files
[0.474s] Level 1:colcon.colcon_core.environment:checking '/home/ehoaglin/ros2_ws/src/install/dingo_gazebo' for CMake config files
[0.475s] Level 1:colcon.colcon_core.environment:checking '/home/ehoaglin/ros2_ws/src/install/dingo_gazebo/bin'
[0.475s] Level 1:colcon.colcon_core.environment:checking '/home/ehoaglin/ros2_ws/src/install/dingo_gazebo/lib/pkgconfig/dingo_gazebo.pc'
[0.475s] Level 1:colcon.colcon_core.environment:checking '/home/ehoaglin/ros2_ws/src/install/dingo_gazebo/lib/python3.12/site-packages'
[0.475s] Level 1:colcon.colcon_core.environment:checking '/home/ehoaglin/ros2_ws/src/install/dingo_gazebo/bin'
[0.475s] INFO:colcon.colcon_core.shell:Creating package script '/home/ehoaglin/ros2_ws/src/install/dingo_gazebo/share/dingo_gazebo/package.ps1'
[0.476s] INFO:colcon.colcon_core.shell:Creating package descriptor '/home/ehoaglin/ros2_ws/src/install/dingo_gazebo/share/dingo_gazebo/package.dsv'
[0.476s] INFO:colcon.colcon_core.shell:Creating package script '/home/ehoaglin/ros2_ws/src/install/dingo_gazebo/share/dingo_gazebo/package.sh'
[0.477s] INFO:colcon.colcon_core.shell:Creating package script '/home/ehoaglin/ros2_ws/src/install/dingo_gazebo/share/dingo_gazebo/package.bash'
[0.477s] INFO:colcon.colcon_core.shell:Creating package script '/home/ehoaglin/ros2_ws/src/install/dingo_gazebo/share/dingo_gazebo/package.zsh'
[0.478s] Level 1:colcon.colcon_core.environment:create_file_with_runtime_dependencies(/home/ehoaglin/ros2_ws/src/install/dingo_gazebo/share/colcon-core/packages/dingo_gazebo)
[0.490s] Level 1:colcon.colcon_core.shell:create_environment_hook('dingo_servo_interfacing', 'ros_package_path')
[0.490s] INFO:colcon.colcon_core.shell:Creating environment hook '/home/ehoaglin/ros2_ws/src/install/dingo_servo_interfacing/share/dingo_servo_interfacing/hook/ros_package_path.ps1'
[0.491s] DEBUG:colcon.colcon_core.event_handler.log_command:Invoked command in '/home/ehoaglin/ros2_ws/src/build/dingo_peripheral_interfacing' returned '0': /usr/bin/cmake --build /home/ehoaglin/ros2_ws/src/build/dingo_peripheral_interfacing -- -j12 -l12
[0.492s] INFO:colcon.colcon_core.shell:Creating environment descriptor '/home/ehoaglin/ros2_ws/src/install/dingo_servo_interfacing/share/dingo_servo_interfacing/hook/ros_package_path.dsv'
[0.492s] DEBUG:colcon.colcon_core.event_handler.log_command:Invoking command in '/home/ehoaglin/ros2_ws/src/build/dingo_peripheral_interfacing': /usr/bin/cmake --install /home/ehoaglin/ros2_ws/src/build/dingo_peripheral_interfacing
[0.493s] DEBUG:colcon.colcon_core.event_handler.log_command:Invoked command in '/home/ehoaglin/ros2_ws/src/build/dingo_servo_interfacing' returned '0': /usr/bin/cmake --install /home/ehoaglin/ros2_ws/src/build/dingo_servo_interfacing
[0.494s] INFO:colcon.colcon_core.shell:Creating environment hook '/home/ehoaglin/ros2_ws/src/install/dingo_servo_interfacing/share/dingo_servo_interfacing/hook/ros_package_path.sh'
[0.496s] Level 1:colcon.colcon_core.shell:create_environment_hook('dingo_servo_interfacing', 'pkg_config_path')
[0.496s] INFO:colcon.colcon_core.shell:Creating environment hook '/home/ehoaglin/ros2_ws/src/install/dingo_servo_interfacing/share/dingo_servo_interfacing/hook/pkg_config_path.ps1'
[0.500s] INFO:colcon.colcon_core.shell:Creating environment descriptor '/home/ehoaglin/ros2_ws/src/install/dingo_servo_interfacing/share/dingo_servo_interfacing/hook/pkg_config_path.dsv'
[0.501s] INFO:colcon.colcon_core.shell:Creating environment hook '/home/ehoaglin/ros2_ws/src/install/dingo_servo_interfacing/share/dingo_servo_interfacing/hook/pkg_config_path.sh'
[0.504s] Level 1:colcon.colcon_core.shell:create_environment_hook('dingo_servo_interfacing', 'pkg_config_path_multiarch')
[0.504s] INFO:colcon.colcon_core.shell:Creating environment hook '/home/ehoaglin/ros2_ws/src/install/dingo_servo_interfacing/share/dingo_servo_interfacing/hook/pkg_config_path_multiarch.ps1'
[0.505s] INFO:colcon.colcon_core.shell:Creating environment descriptor '/home/ehoaglin/ros2_ws/src/install/dingo_servo_interfacing/share/dingo_servo_interfacing/hook/pkg_config_path_multiarch.dsv'
[0.506s] INFO:colcon.colcon_core.shell:Creating environment hook '/home/ehoaglin/ros2_ws/src/install/dingo_servo_interfacing/share/dingo_servo_interfacing/hook/pkg_config_path_multiarch.sh'
[0.507s] Level 1:colcon.colcon_core.environment:create_environment_scripts_only(dingo_servo_interfacing)
[0.507s] Level 1:colcon.colcon_core.environment:checking '/home/ehoaglin/ros2_ws/src/install/dingo_servo_interfacing' for CMake module files
[0.507s] Level 1:colcon.colcon_core.environment:checking '/home/ehoaglin/ros2_ws/src/install/dingo_servo_interfacing' for CMake config files
[0.507s] Level 1:colcon.colcon_core.shell:create_environment_hook('dingo_servo_interfacing', 'cmake_prefix_path')
[0.508s] INFO:colcon.colcon_core.shell:Creating environment hook '/home/ehoaglin/ros2_ws/src/install/dingo_servo_interfacing/share/dingo_servo_interfacing/hook/cmake_prefix_path.ps1'
[0.508s] INFO:colcon.colcon_core.shell:Creating environment descriptor '/home/ehoaglin/ros2_ws/src/install/dingo_servo_interfacing/share/dingo_servo_interfacing/hook/cmake_prefix_path.dsv'
[0.508s] INFO:colcon.colcon_core.shell:Creating environment hook '/home/ehoaglin/ros2_ws/src/install/dingo_servo_interfacing/share/dingo_servo_interfacing/hook/cmake_prefix_path.sh'
[0.509s] Level 1:colcon.colcon_core.environment:checking '/home/ehoaglin/ros2_ws/src/install/dingo_servo_interfacing/bin'
[0.509s] Level 1:colcon.colcon_core.environment:checking '/home/ehoaglin/ros2_ws/src/install/dingo_servo_interfacing/lib/pkgconfig/dingo_servo_interfacing.pc'
[0.509s] Level 1:colcon.colcon_core.environment:checking '/home/ehoaglin/ros2_ws/src/install/dingo_servo_interfacing/lib/python3.12/site-packages'
[0.509s] Level 1:colcon.colcon_core.environment:checking '/home/ehoaglin/ros2_ws/src/install/dingo_servo_interfacing/bin'
[0.510s] INFO:colcon.colcon_core.shell:Creating package script '/home/ehoaglin/ros2_ws/src/install/dingo_servo_interfacing/share/dingo_servo_interfacing/package.ps1'
[0.510s] INFO:colcon.colcon_core.shell:Creating package descriptor '/home/ehoaglin/ros2_ws/src/install/dingo_servo_interfacing/share/dingo_servo_interfacing/package.dsv'
[0.511s] INFO:colcon.colcon_core.shell:Creating package script '/home/ehoaglin/ros2_ws/src/install/dingo_servo_interfacing/share/dingo_servo_interfacing/package.sh'
[0.511s] INFO:colcon.colcon_core.shell:Creating package script '/home/ehoaglin/ros2_ws/src/install/dingo_servo_interfacing/share/dingo_servo_interfacing/package.bash'
[0.512s] INFO:colcon.colcon_core.shell:Creating package script '/home/ehoaglin/ros2_ws/src/install/dingo_servo_interfacing/share/dingo_servo_interfacing/package.zsh'
[0.512s] Level 1:colcon.colcon_core.environment:create_file_with_runtime_dependencies(/home/ehoaglin/ros2_ws/src/install/dingo_servo_interfacing/share/colcon-core/packages/dingo_servo_interfacing)
[0.515s] Level 1:colcon.colcon_core.shell:create_environment_hook('dingo_peripheral_interfacing', 'ros_package_path')
[0.515s] INFO:colcon.colcon_core.shell:Creating environment hook '/home/ehoaglin/ros2_ws/src/install/dingo_peripheral_interfacing/share/dingo_peripheral_interfacing/hook/ros_package_path.ps1'
[0.516s] DEBUG:colcon.colcon_core.event_handler.log_command:Invoked command in '/home/ehoaglin/ros2_ws/src/build/dingo_peripheral_interfacing' returned '0': /usr/bin/cmake --install /home/ehoaglin/ros2_ws/src/build/dingo_peripheral_interfacing
[0.517s] INFO:colcon.colcon_core.shell:Creating environment descriptor '/home/ehoaglin/ros2_ws/src/install/dingo_peripheral_interfacing/share/dingo_peripheral_interfacing/hook/ros_package_path.dsv'
[0.518s] INFO:colcon.colcon_core.shell:Creating environment hook '/home/ehoaglin/ros2_ws/src/install/dingo_peripheral_interfacing/share/dingo_peripheral_interfacing/hook/ros_package_path.sh'
[0.519s] Level 1:colcon.colcon_core.shell:create_environment_hook('dingo_peripheral_interfacing', 'pkg_config_path')
[0.519s] INFO:colcon.colcon_core.shell:Creating environment hook '/home/ehoaglin/ros2_ws/src/install/dingo_peripheral_interfacing/share/dingo_peripheral_interfacing/hook/pkg_config_path.ps1'
[0.520s] INFO:colcon.colcon_core.shell:Creating environment descriptor '/home/ehoaglin/ros2_ws/src/install/dingo_peripheral_interfacing/share/dingo_peripheral_interfacing/hook/pkg_config_path.dsv'
[0.520s] INFO:colcon.colcon_core.shell:Creating environment hook '/home/ehoaglin/ros2_ws/src/install/dingo_peripheral_interfacing/share/dingo_peripheral_interfacing/hook/pkg_config_path.sh'
[0.521s] Level 1:colcon.colcon_core.shell:create_environment_hook('dingo_peripheral_interfacing', 'pkg_config_path_multiarch')
[0.521s] INFO:colcon.colcon_core.shell:Creating environment hook '/home/ehoaglin/ros2_ws/src/install/dingo_peripheral_interfacing/share/dingo_peripheral_interfacing/hook/pkg_config_path_multiarch.ps1'
[0.522s] INFO:colcon.colcon_core.shell:Creating environment descriptor '/home/ehoaglin/ros2_ws/src/install/dingo_peripheral_interfacing/share/dingo_peripheral_interfacing/hook/pkg_config_path_multiarch.dsv'
[0.522s] INFO:colcon.colcon_core.shell:Creating environment hook '/home/ehoaglin/ros2_ws/src/install/dingo_peripheral_interfacing/share/dingo_peripheral_interfacing/hook/pkg_config_path_multiarch.sh'
[0.522s] Level 1:colcon.colcon_core.environment:create_environment_scripts_only(dingo_peripheral_interfacing)
[0.523s] Level 1:colcon.colcon_core.environment:checking '/home/ehoaglin/ros2_ws/src/install/dingo_peripheral_interfacing' for CMake module files
[0.523s] Level 1:colcon.colcon_core.environment:checking '/home/ehoaglin/ros2_ws/src/install/dingo_peripheral_interfacing' for CMake config files
[0.523s] Level 1:colcon.colcon_core.shell:create_environment_hook('dingo_peripheral_interfacing', 'cmake_prefix_path')
[0.523s] INFO:colcon.colcon_core.shell:Creating environment hook '/home/ehoaglin/ros2_ws/src/install/dingo_peripheral_interfacing/share/dingo_peripheral_interfacing/hook/cmake_prefix_path.ps1'
[0.524s] INFO:colcon.colcon_core.shell:Creating environment descriptor '/home/ehoaglin/ros2_ws/src/install/dingo_peripheral_interfacing/share/dingo_peripheral_interfacing/hook/cmake_prefix_path.dsv'
[0.524s] INFO:colcon.colcon_core.shell:Creating environment hook '/home/ehoaglin/ros2_ws/src/install/dingo_peripheral_interfacing/share/dingo_peripheral_interfacing/hook/cmake_prefix_path.sh'
[0.524s] Level 1:colcon.colcon_core.environment:checking '/home/ehoaglin/ros2_ws/src/install/dingo_peripheral_interfacing/bin'
[0.525s] Level 1:colcon.colcon_core.environment:checking '/home/ehoaglin/ros2_ws/src/install/dingo_peripheral_interfacing/lib/pkgconfig/dingo_peripheral_interfacing.pc'
[0.525s] Level 1:colcon.colcon_core.environment:checking '/home/ehoaglin/ros2_ws/src/install/dingo_peripheral_interfacing/lib/python3.12/site-packages'
[0.525s] Level 1:colcon.colcon_core.environment:checking '/home/ehoaglin/ros2_ws/src/install/dingo_peripheral_interfacing/bin'
[0.525s] INFO:colcon.colcon_core.shell:Creating package script '/home/ehoaglin/ros2_ws/src/install/dingo_peripheral_interfacing/share/dingo_peripheral_interfacing/package.ps1'
[0.526s] INFO:colcon.colcon_core.shell:Creating package descriptor '/home/ehoaglin/ros2_ws/src/install/dingo_peripheral_interfacing/share/dingo_peripheral_interfacing/package.dsv'
[0.526s] INFO:colcon.colcon_core.shell:Creating package script '/home/ehoaglin/ros2_ws/src/install/dingo_peripheral_interfacing/share/dingo_peripheral_interfacing/package.sh'
[0.527s] INFO:colcon.colcon_core.shell:Creating package script '/home/ehoaglin/ros2_ws/src/install/dingo_peripheral_interfacing/share/dingo_peripheral_interfacing/package.bash'
[0.527s] INFO:colcon.colcon_core.shell:Creating package script '/home/ehoaglin/ros2_ws/src/install/dingo_peripheral_interfacing/share/dingo_peripheral_interfacing/package.zsh'
[0.527s] Level 1:colcon.colcon_core.environment:create_file_with_runtime_dependencies(/home/ehoaglin/ros2_ws/src/install/dingo_peripheral_interfacing/share/colcon-core/packages/dingo_peripheral_interfacing)
[0.897s] DEBUG:colcon.colcon_core.event_handler.log_command:Invoked command in '/home/ehoaglin/ros2_ws/src/build/dingo_input_interfacing' returned '0': /usr/bin/cmake --build /home/ehoaglin/ros2_ws/src/build/dingo_input_interfacing -- -j12 -l12
[0.900s] DEBUG:colcon.colcon_core.event_handler.log_command:Invoking command in '/home/ehoaglin/ros2_ws/src/build/dingo_input_interfacing': /usr/bin/cmake --install /home/ehoaglin/ros2_ws/src/build/dingo_input_interfacing
[0.984s] Level 1:colcon.colcon_core.shell:create_environment_hook('dingo_input_interfacing', 'ros_package_path')
[0.984s] INFO:colcon.colcon_core.shell:Creating environment hook '/home/ehoaglin/ros2_ws/src/install/dingo_input_interfacing/share/dingo_input_interfacing/hook/ros_package_path.ps1'
[0.985s] DEBUG:colcon.colcon_core.event_handler.log_command:Invoked command in '/home/ehoaglin/ros2_ws/src/build/dingo_input_interfacing' returned '0': /usr/bin/cmake --install /home/ehoaglin/ros2_ws/src/build/dingo_input_interfacing
[0.986s] INFO:colcon.colcon_core.shell:Creating environment descriptor '/home/ehoaglin/ros2_ws/src/install/dingo_input_interfacing/share/dingo_input_interfacing/hook/ros_package_path.dsv'
[0.986s] INFO:colcon.colcon_core.shell:Creating environment hook '/home/ehoaglin/ros2_ws/src/install/dingo_input_interfacing/share/dingo_input_interfacing/hook/ros_package_path.sh'
[0.987s] Level 1:colcon.colcon_ros.task.catkin:checking '/home/ehoaglin/ros2_ws/src/install/dingo_input_interfacing/lib/python3.12/site-packages'
[0.987s] Level 1:colcon.colcon_core.shell:create_environment_hook('dingo_input_interfacing', 'catkin_pythonpath')
[0.988s] INFO:colcon.colcon_core.shell:Creating environment hook '/home/ehoaglin/ros2_ws/src/install/dingo_input_interfacing/share/dingo_input_interfacing/hook/catkin_pythonpath.ps1'
[0.988s] INFO:colcon.colcon_core.shell:Creating environment descriptor '/home/ehoaglin/ros2_ws/src/install/dingo_input_interfacing/share/dingo_input_interfacing/hook/catkin_pythonpath.dsv'
[0.989s] INFO:colcon.colcon_core.shell:Creating environment hook '/home/ehoaglin/ros2_ws/src/install/dingo_input_interfacing/share/dingo_input_interfacing/hook/catkin_pythonpath.sh'
[0.989s] Level 1:colcon.colcon_core.shell:create_environment_hook('dingo_input_interfacing', 'pkg_config_path')
[0.989s] INFO:colcon.colcon_core.shell:Creating environment hook '/home/ehoaglin/ros2_ws/src/install/dingo_input_interfacing/share/dingo_input_interfacing/hook/pkg_config_path.ps1'
[0.990s] INFO:colcon.colcon_core.shell:Creating environment descriptor '/home/ehoaglin/ros2_ws/src/install/dingo_input_interfacing/share/dingo_input_interfacing/hook/pkg_config_path.dsv'
[0.990s] INFO:colcon.colcon_core.shell:Creating environment hook '/home/ehoaglin/ros2_ws/src/install/dingo_input_interfacing/share/dingo_input_interfacing/hook/pkg_config_path.sh'
[0.991s] Level 1:colcon.colcon_core.shell:create_environment_hook('dingo_input_interfacing', 'pkg_config_path_multiarch')
[0.991s] INFO:colcon.colcon_core.shell:Creating environment hook '/home/ehoaglin/ros2_ws/src/install/dingo_input_interfacing/share/dingo_input_interfacing/hook/pkg_config_path_multiarch.ps1'
[0.992s] INFO:colcon.colcon_core.shell:Creating environment descriptor '/home/ehoaglin/ros2_ws/src/install/dingo_input_interfacing/share/dingo_input_interfacing/hook/pkg_config_path_multiarch.dsv'
[0.992s] INFO:colcon.colcon_core.shell:Creating environment hook '/home/ehoaglin/ros2_ws/src/install/dingo_input_interfacing/share/dingo_input_interfacing/hook/pkg_config_path_multiarch.sh'
[0.993s] Level 1:colcon.colcon_core.environment:create_environment_scripts_only(dingo_input_interfacing)
[0.993s] Level 1:colcon.colcon_core.environment:checking '/home/ehoaglin/ros2_ws/src/install/dingo_input_interfacing' for CMake module files
[0.994s] Level 1:colcon.colcon_core.environment:checking '/home/ehoaglin/ros2_ws/src/install/dingo_input_interfacing' for CMake config files
[0.994s] Level 1:colcon.colcon_core.shell:create_environment_hook('dingo_input_interfacing', 'cmake_prefix_path')
[0.995s] INFO:colcon.colcon_core.shell:Creating environment hook '/home/ehoaglin/ros2_ws/src/install/dingo_input_interfacing/share/dingo_input_interfacing/hook/cmake_prefix_path.ps1'
[0.995s] INFO:colcon.colcon_core.shell:Creating environment descriptor '/home/ehoaglin/ros2_ws/src/install/dingo_input_interfacing/share/dingo_input_interfacing/hook/cmake_prefix_path.dsv'
[0.996s] INFO:colcon.colcon_core.shell:Creating environment hook '/home/ehoaglin/ros2_ws/src/install/dingo_input_interfacing/share/dingo_input_interfacing/hook/cmake_prefix_path.sh'
[0.997s] Level 1:colcon.colcon_core.environment:checking '/home/ehoaglin/ros2_ws/src/install/dingo_input_interfacing/lib'
[0.997s] Level 1:colcon.colcon_core.environment:checking '/home/ehoaglin/ros2_ws/src/install/dingo_input_interfacing/bin'
[0.997s] Level 1:colcon.colcon_core.environment:checking '/home/ehoaglin/ros2_ws/src/install/dingo_input_interfacing/lib/pkgconfig/dingo_input_interfacing.pc'
[0.998s] Level 1:colcon.colcon_core.environment:checking '/home/ehoaglin/ros2_ws/src/install/dingo_input_interfacing/lib/python3.12/site-packages'
[0.998s] Level 1:colcon.colcon_core.shell:create_environment_hook('dingo_input_interfacing', 'pythonpath')
[0.998s] INFO:colcon.colcon_core.shell:Creating environment hook '/home/ehoaglin/ros2_ws/src/install/dingo_input_interfacing/share/dingo_input_interfacing/hook/pythonpath.ps1'
[0.999s] INFO:colcon.colcon_core.shell:Creating environment descriptor '/home/ehoaglin/ros2_ws/src/install/dingo_input_interfacing/share/dingo_input_interfacing/hook/pythonpath.dsv'
[0.999s] INFO:colcon.colcon_core.shell:Creating environment hook '/home/ehoaglin/ros2_ws/src/install/dingo_input_interfacing/share/dingo_input_interfacing/hook/pythonpath.sh'
[1.000s] Level 1:colcon.colcon_core.environment:checking '/home/ehoaglin/ros2_ws/src/install/dingo_input_interfacing/bin'
[1.000s] INFO:colcon.colcon_core.shell:Creating package script '/home/ehoaglin/ros2_ws/src/install/dingo_input_interfacing/share/dingo_input_interfacing/package.ps1'
[1.001s] INFO:colcon.colcon_core.shell:Creating package descriptor '/home/ehoaglin/ros2_ws/src/install/dingo_input_interfacing/share/dingo_input_interfacing/package.dsv'
[1.002s] INFO:colcon.colcon_core.shell:Creating package script '/home/ehoaglin/ros2_ws/src/install/dingo_input_interfacing/share/dingo_input_interfacing/package.sh'
[1.003s] INFO:colcon.colcon_core.shell:Creating package script '/home/ehoaglin/ros2_ws/src/install/dingo_input_interfacing/share/dingo_input_interfacing/package.bash'
[1.004s] INFO:colcon.colcon_core.shell:Creating package script '/home/ehoaglin/ros2_ws/src/install/dingo_input_interfacing/share/dingo_input_interfacing/package.zsh'
[1.004s] Level 1:colcon.colcon_core.environment:create_file_with_runtime_dependencies(/home/ehoaglin/ros2_ws/src/install/dingo_input_interfacing/share/colcon-core/packages/dingo_input_interfacing)
[1.428s] Level 1:colcon.colcon_core.environment:create_environment_scripts_only(dingo_control)
[1.428s] Level 1:colcon.colcon_core.environment:checking '/home/ehoaglin/ros2_ws/src/install/dingo_control' for CMake module files
[1.429s] DEBUG:colcon.colcon_core.event_handler.log_command:Invoked command in '/home/ehoaglin/ros2_ws/src/build/dingo_control' returned '1': CMAKE_PREFIX_PATH=${CMAKE_PREFIX_PATH}:/home/ehoaglin/ros2_ws/install/ros2_fundamentals_examples:/opt/ros/jazzy /usr/bin/cmake /home/ehoaglin/ros2_ws/src/dingo_control -DCMAKE_INSTALL_PREFIX=/home/ehoaglin/ros2_ws/src/install/dingo_control
[1.430s] Level 1:colcon.colcon_core.environment:checking '/home/ehoaglin/ros2_ws/src/install/dingo_control' for CMake config files
[1.430s] Level 1:colcon.colcon_core.shell:create_environment_hook('dingo_control', 'cmake_prefix_path')
[1.430s] INFO:colcon.colcon_core.shell:Creating environment hook '/home/ehoaglin/ros2_ws/src/install/dingo_control/share/dingo_control/hook/cmake_prefix_path.ps1'
[1.431s] INFO:colcon.colcon_core.shell:Creating environment descriptor '/home/ehoaglin/ros2_ws/src/install/dingo_control/share/dingo_control/hook/cmake_prefix_path.dsv'
[1.431s] INFO:colcon.colcon_core.shell:Creating environment hook '/home/ehoaglin/ros2_ws/src/install/dingo_control/share/dingo_control/hook/cmake_prefix_path.sh'
[1.432s] Level 1:colcon.colcon_core.environment:checking '/home/ehoaglin/ros2_ws/src/install/dingo_control/bin'
[1.432s] Level 1:colcon.colcon_core.environment:checking '/home/ehoaglin/ros2_ws/src/install/dingo_control/lib/pkgconfig/dingo_control.pc'
[1.432s] Level 1:colcon.colcon_core.environment:checking '/home/ehoaglin/ros2_ws/src/install/dingo_control/lib/python3.12/site-packages'
[1.433s] Level 1:colcon.colcon_core.environment:checking '/home/ehoaglin/ros2_ws/src/install/dingo_control/bin'
[1.433s] INFO:colcon.colcon_core.shell:Creating package script '/home/ehoaglin/ros2_ws/src/install/dingo_control/share/dingo_control/package.ps1'
[1.434s] INFO:colcon.colcon_core.shell:Creating package descriptor '/home/ehoaglin/ros2_ws/src/install/dingo_control/share/dingo_control/package.dsv'
[1.434s] INFO:colcon.colcon_core.shell:Creating package script '/home/ehoaglin/ros2_ws/src/install/dingo_control/share/dingo_control/package.sh'
[1.435s] INFO:colcon.colcon_core.shell:Creating package script '/home/ehoaglin/ros2_ws/src/install/dingo_control/share/dingo_control/package.bash'
[1.436s] INFO:colcon.colcon_core.shell:Creating package script '/home/ehoaglin/ros2_ws/src/install/dingo_control/share/dingo_control/package.zsh'
[1.436s] Level 1:colcon.colcon_core.environment:create_file_with_runtime_dependencies(/home/ehoaglin/ros2_ws/src/install/dingo_control/share/colcon-core/packages/dingo_control)
[1.447s] DEBUG:colcon.colcon_parallel_executor.executor.parallel:closing loop
[1.447s] DEBUG:colcon.colcon_parallel_executor.executor.parallel:loop closed
[1.447s] DEBUG:colcon.colcon_parallel_executor.executor.parallel:run_until_complete finished with '1'
[1.447s] DEBUG:colcon.colcon_core.event_reactor:joining thread
[1.457s] INFO:colcon.colcon_core.plugin_system:Skipping extension 'colcon_notification.desktop_notification.terminal_notifier': Not used on non-Darwin systems
[1.457s] INFO:colcon.colcon_core.plugin_system:Skipping extension 'colcon_notification.desktop_notification.win32': Not used on non-Windows systems
[1.457s] INFO:colcon.colcon_notification.desktop_notification:Sending desktop notification using 'notify2'
[1.458s] DEBUG:colcon.colcon_notification.desktop_notification.notify2:Failed to initialize notify2: org.freedesktop.DBus.Error.ServiceUnknown: The name org.freedesktop.Notifications was not provided by any .service files
[1.459s] DEBUG:colcon.colcon_core.event_reactor:joined thread
[1.459s] INFO:colcon.colcon_core.shell:Creating prefix script '/home/ehoaglin/ros2_ws/src/install/local_setup.ps1'
[1.460s] INFO:colcon.colcon_core.shell:Creating prefix util module '/home/ehoaglin/ros2_ws/src/install/_local_setup_util_ps1.py'
[1.462s] INFO:colcon.colcon_core.shell:Creating prefix chain script '/home/ehoaglin/ros2_ws/src/install/setup.ps1'
[1.463s] INFO:colcon.colcon_core.shell:Creating prefix script '/home/ehoaglin/ros2_ws/src/install/local_setup.sh'
[1.464s] INFO:colcon.colcon_core.shell:Creating prefix util module '/home/ehoaglin/ros2_ws/src/install/_local_setup_util_sh.py'
[1.464s] INFO:colcon.colcon_core.shell:Creating prefix chain script '/home/ehoaglin/ros2_ws/src/install/setup.sh'
[1.466s] INFO:colcon.colcon_core.shell:Creating prefix script '/home/ehoaglin/ros2_ws/src/install/local_setup.bash'
[1.467s] INFO:colcon.colcon_core.shell:Creating prefix chain script '/home/ehoaglin/ros2_ws/src/install/setup.bash'
[1.468s] INFO:colcon.colcon_core.shell:Creating prefix script '/home/ehoaglin/ros2_ws/src/install/local_setup.zsh'
[1.469s] INFO:colcon.colcon_core.shell:Creating prefix chain script '/home/ehoaglin/ros2_ws/src/install/setup.zsh'
