[0.064s] Invoking command in '/home/ehoaglin/ros2_ws/build/dingo_input_interfacing': CMAKE_PREFIX_PATH=${CMAKE_PREFIX_PATH}:/home/ehoaglin/ros2_ws/install/dualsense_interface:/opt/ros/jazzy /usr/bin/cmake --build /home/ehoaglin/ros2_ws/build/dingo_input_interfacing -- -j12 -l12
[0.522s] Built target ament_cmake_python_copy_dingo_input_interfacing
[0.564s] running egg_info
[0.622s] writing dingo_input_interfacing.egg-info/PKG-INFO
[0.622s] writing dependency_links to dingo_input_interfacing.egg-info/dependency_links.txt
[0.622s] writing top-level names to dingo_input_interfacing.egg-info/top_level.txt
[0.776s] reading manifest file 'dingo_input_interfacing.egg-info/SOURCES.txt'
[0.777s] writing manifest file 'dingo_input_interfacing.egg-info/SOURCES.txt'
[0.863s] Built target ament_cmake_python_build_dingo_input_interfacing_egg
[0.873s] Invoked command in '/home/ehoaglin/ros2_ws/build/dingo_input_interfacing' returned '0': CMAKE_PREFIX_PATH=${CMAKE_PREFIX_PATH}:/home/ehoaglin/ros2_ws/install/dualsense_interface:/opt/ros/jazzy /usr/bin/cmake --build /home/ehoaglin/ros2_ws/build/dingo_input_interfacing -- -j12 -l12
[0.875s] Invoking command in '/home/ehoaglin/ros2_ws/build/dingo_input_interfacing': CMAKE_PREFIX_PATH=${CMAKE_PREFIX_PATH}:/home/ehoaglin/ros2_ws/install/dualsense_interface:/opt/ros/jazzy /usr/bin/cmake --install /home/ehoaglin/ros2_ws/build/dingo_input_interfacing
[0.891s] -- Install configuration: ""
[0.891s] -- Up-to-date: /home/ehoaglin/ros2_ws/install/dingo_input_interfacing/share/dingo_input_interfacing/environment/pythonpath.sh
[0.891s] -- Up-to-date: /home/ehoaglin/ros2_ws/install/dingo_input_interfacing/share/dingo_input_interfacing/environment/pythonpath.dsv
[0.891s] -- Up-to-date: /home/ehoaglin/ros2_ws/install/dingo_input_interfacing/lib/python3.12/site-packages/dingo_input_interfacing-0.0.0-py3.12.egg-info
[0.892s] -- Installing: /home/ehoaglin/ros2_ws/install/dingo_input_interfacing/lib/python3.12/site-packages/dingo_input_interfacing-0.0.0-py3.12.egg-info/top_level.txt
[0.892s] -- Installing: /home/ehoaglin/ros2_ws/install/dingo_input_interfacing/lib/python3.12/site-packages/dingo_input_interfacing-0.0.0-py3.12.egg-info/dependency_links.txt
[0.892s] -- Installing: /home/ehoaglin/ros2_ws/install/dingo_input_interfacing/lib/python3.12/site-packages/dingo_input_interfacing-0.0.0-py3.12.egg-info/SOURCES.txt
[0.893s] -- Installing: /home/ehoaglin/ros2_ws/install/dingo_input_interfacing/lib/python3.12/site-packages/dingo_input_interfacing-0.0.0-py3.12.egg-info/PKG-INFO
[0.893s] -- Up-to-date: /home/ehoaglin/ros2_ws/install/dingo_input_interfacing/lib/python3.12/site-packages/dingo_input_interfacing
[0.893s] -- Up-to-date: /home/ehoaglin/ros2_ws/install/dingo_input_interfacing/lib/python3.12/site-packages/dingo_input_interfacing/__init__.py
[0.893s] -- Up-to-date: /home/ehoaglin/ros2_ws/install/dingo_input_interfacing/lib/python3.12/site-packages/dingo_input_interfacing/HardwareConfig.py
[0.893s] -- Up-to-date: /home/ehoaglin/ros2_ws/install/dingo_input_interfacing/lib/python3.12/site-packages/dingo_input_interfacing/Open Notebook.onetoc2
[0.893s] -- Up-to-date: /home/ehoaglin/ros2_ws/install/dingo_input_interfacing/lib/python3.12/site-packages/dingo_input_interfacing/InputInterface.py
[1.004s] Listing '/home/ehoaglin/ros2_ws/install/dingo_input_interfacing/lib/python3.12/site-packages/dingo_input_interfacing'...
[1.006s] -- Up-to-date: /home/ehoaglin/ros2_ws/install/dingo_input_interfacing/share/ament_index/resource_index/package_run_dependencies/dingo_input_interfacing
[1.006s] -- Up-to-date: /home/ehoaglin/ros2_ws/install/dingo_input_interfacing/share/ament_index/resource_index/parent_prefix_path/dingo_input_interfacing
[1.006s] -- Up-to-date: /home/ehoaglin/ros2_ws/install/dingo_input_interfacing/share/dingo_input_interfacing/environment/ament_prefix_path.sh
[1.007s] -- Up-to-date: /home/ehoaglin/ros2_ws/install/dingo_input_interfacing/share/dingo_input_interfacing/environment/ament_prefix_path.dsv
[1.007s] -- Up-to-date: /home/ehoaglin/ros2_ws/install/dingo_input_interfacing/share/dingo_input_interfacing/environment/path.sh
[1.007s] -- Up-to-date: /home/ehoaglin/ros2_ws/install/dingo_input_interfacing/share/dingo_input_interfacing/environment/path.dsv
[1.008s] -- Up-to-date: /home/ehoaglin/ros2_ws/install/dingo_input_interfacing/share/dingo_input_interfacing/local_setup.bash
[1.008s] -- Up-to-date: /home/ehoaglin/ros2_ws/install/dingo_input_interfacing/share/dingo_input_interfacing/local_setup.sh
[1.008s] -- Up-to-date: /home/ehoaglin/ros2_ws/install/dingo_input_interfacing/share/dingo_input_interfacing/local_setup.zsh
[1.008s] -- Up-to-date: /home/ehoaglin/ros2_ws/install/dingo_input_interfacing/share/dingo_input_interfacing/local_setup.dsv
[1.009s] -- Installing: /home/ehoaglin/ros2_ws/install/dingo_input_interfacing/share/dingo_input_interfacing/package.dsv
[1.009s] -- Up-to-date: /home/ehoaglin/ros2_ws/install/dingo_input_interfacing/share/ament_index/resource_index/packages/dingo_input_interfacing
[1.009s] -- Up-to-date: /home/ehoaglin/ros2_ws/install/dingo_input_interfacing/share/dingo_input_interfacing/cmake/dingo_input_interfacingConfig.cmake
[1.010s] -- Up-to-date: /home/ehoaglin/ros2_ws/install/dingo_input_interfacing/share/dingo_input_interfacing/cmake/dingo_input_interfacingConfig-version.cmake
[1.010s] -- Up-to-date: /home/ehoaglin/ros2_ws/install/dingo_input_interfacing/share/dingo_input_interfacing/package.xml
[1.086s] Invoked command in '/home/ehoaglin/ros2_ws/build/dingo_input_interfacing' returned '0': CMAKE_PREFIX_PATH=${CMAKE_PREFIX_PATH}:/home/ehoaglin/ros2_ws/install/dualsense_interface:/opt/ros/jazzy /usr/bin/cmake --install /home/ehoaglin/ros2_ws/build/dingo_input_interfacing
