[0.133s] Invoking command in '/home/ehoaglin/ros2_ws/build/dingo_description': CMAKE_PREFIX_PATH=/opt/ros/jazzy:${CMAKE_PREFIX_PATH} /usr/bin/cmake --build /home/ehoaglin/ros2_ws/build/dingo_description -- -j12 -l12
[0.318s] Invoked command in '/home/ehoaglin/ros2_ws/build/dingo_description' returned '0': CMAKE_PREFIX_PATH=/opt/ros/jazzy:${CMAKE_PREFIX_PATH} /usr/bin/cmake --build /home/ehoaglin/ros2_ws/build/dingo_description -- -j12 -l12
[0.361s] Invoking command in '/home/ehoaglin/ros2_ws/build/dingo_description': CMAKE_PREFIX_PATH=/opt/ros/jazzy:${CMAKE_PREFIX_PATH} /usr/bin/cmake --install /home/ehoaglin/ros2_ws/build/dingo_description
[0.392s] -- Install configuration: ""
[0.392s] -- Up-to-date: /home/ehoaglin/ros2_ws/install/dingo_description/share/dingo_description/urdf
[0.393s] -- Up-to-date: /home/ehoaglin/ros2_ws/install/dingo_description/share/dingo_description/urdf/dingo copy.urdf
[0.394s] -- Up-to-date: /home/ehoaglin/ros2_ws/install/dingo_description/share/dingo_description/urdf/dingo.urdf
[0.395s] -- Up-to-date: /home/ehoaglin/ros2_ws/install/dingo_description/share/dingo_description/urdf/Open Notebook.onetoc2
[0.395s] -- Up-to-date: /home/ehoaglin/ros2_ws/install/dingo_description/share/dingo_description/urdf/dingo_description.csv
[0.395s] -- Up-to-date: /home/ehoaglin/ros2_ws/install/dingo_description/share/dingo_description/meshes
[0.396s] -- Up-to-date: /home/ehoaglin/ros2_ws/install/dingo_description/share/dingo_description/meshes/body_obj.obj
[0.396s] -- Up-to-date: /home/ehoaglin/ros2_ws/install/dingo_description/share/dingo_description/meshes/L3_obj.obj
[0.421s] -- Up-to-date: /home/ehoaglin/ros2_ws/install/dingo_description/share/dingo_description/meshes/FL_link3.STL
[0.421s] -- Up-to-date: /home/ehoaglin/ros2_ws/install/dingo_description/share/dingo_description/meshes/R_link1_collision.STL
[0.421s] -- Up-to-date: /home/ehoaglin/ros2_ws/install/dingo_description/share/dingo_description/meshes/RL_link3.STL
[0.422s] -- Up-to-date: /home/ehoaglin/ros2_ws/install/dingo_description/share/dingo_description/meshes/base_link.STL
[0.422s] -- Up-to-date: /home/ehoaglin/ros2_ws/install/dingo_description/share/dingo_description/meshes/FR_link1.dae
[0.422s] -- Up-to-date: /home/ehoaglin/ros2_ws/install/dingo_description/share/dingo_description/meshes/FL_link1.dae
[0.423s] -- Up-to-date: /home/ehoaglin/ros2_ws/install/dingo_description/share/dingo_description/meshes/R_link3.dae
[0.423s] -- Up-to-date: /home/ehoaglin/ros2_ws/install/dingo_description/share/dingo_description/meshes/RR_link1.STL
[0.426s] -- Up-to-date: /home/ehoaglin/ros2_ws/install/dingo_description/share/dingo_description/meshes/R2_obj.mtl
[0.427s] -- Up-to-date: /home/ehoaglin/ros2_ws/install/dingo_description/share/dingo_description/meshes/link4_collision.STL
[0.428s] -- Up-to-date: /home/ehoaglin/ros2_ws/install/dingo_description/share/dingo_description/meshes/L_link3_collision.STL
[0.429s] -- Up-to-date: /home/ehoaglin/ros2_ws/install/dingo_description/share/dingo_description/meshes/RR1_obj.obj
[0.429s] -- Up-to-date: /home/ehoaglin/ros2_ws/install/dingo_description/share/dingo_description/meshes/main.py
[0.429s] -- Up-to-date: /home/ehoaglin/ros2_ws/install/dingo_description/share/dingo_description/meshes/R3_obj.obj
[0.430s] -- Up-to-date: /home/ehoaglin/ros2_ws/install/dingo_description/share/dingo_description/meshes/base_link.dae
[0.431s] -- Up-to-date: /home/ehoaglin/ros2_ws/install/dingo_description/share/dingo_description/meshes/RL1_obj.obj
[0.431s] -- Up-to-date: /home/ehoaglin/ros2_ws/install/dingo_description/share/dingo_description/meshes/FR1_obj.mtl
[0.431s] -- Up-to-date: /home/ehoaglin/ros2_ws/install/dingo_description/share/dingo_description/meshes/L_link1_collision.STL
[0.433s] -- Up-to-date: /home/ehoaglin/ros2_ws/install/dingo_description/share/dingo_description/meshes/R2_obj.obj
[0.434s] -- Up-to-date: /home/ehoaglin/ros2_ws/install/dingo_description/share/dingo_description/meshes/R_link3_collision.STL
[0.434s] -- Up-to-date: /home/ehoaglin/ros2_ws/install/dingo_description/share/dingo_description/meshes/L2_obj.mtl
[0.434s] -- Up-to-date: /home/ehoaglin/ros2_ws/install/dingo_description/share/dingo_description/meshes/thread.jpg
[0.434s] -- Up-to-date: /home/ehoaglin/ros2_ws/install/dingo_description/share/dingo_description/meshes/RR_link1.dae
[0.435s] -- Up-to-date: /home/ehoaglin/ros2_ws/install/dingo_description/share/dingo_description/meshes/RR1_obj.mtl
[0.435s] -- Up-to-date: /home/ehoaglin/ros2_ws/install/dingo_description/share/dingo_description/meshes/FL1_obj.mtl
[0.435s] -- Up-to-date: /home/ehoaglin/ros2_ws/install/dingo_description/share/dingo_description/meshes/FR_link1.STL
[0.435s] -- Up-to-date: /home/ehoaglin/ros2_ws/install/dingo_description/share/dingo_description/meshes/L2_obj.obj
[0.436s] -- Up-to-date: /home/ehoaglin/ros2_ws/install/dingo_description/share/dingo_description/meshes/FR_link2.STL
[0.436s] -- Up-to-date: /home/ehoaglin/ros2_ws/install/dingo_description/share/dingo_description/meshes/R3_obj.mtl
[0.436s] -- Up-to-date: /home/ehoaglin/ros2_ws/install/dingo_description/share/dingo_description/meshes/link4.dae
[0.436s] -- Up-to-date: /home/ehoaglin/ros2_ws/install/dingo_description/share/dingo_description/meshes/FR1_obj.obj
[0.437s] -- Up-to-date: /home/ehoaglin/ros2_ws/install/dingo_description/share/dingo_description/meshes/L3_obj.mtl
[0.437s] -- Up-to-date: /home/ehoaglin/ros2_ws/install/dingo_description/share/dingo_description/meshes/RL_link1.STL
[0.437s] -- Up-to-date: /home/ehoaglin/ros2_ws/install/dingo_description/share/dingo_description/meshes/R_link2_collision.STL
[0.438s] -- Up-to-date: /home/ehoaglin/ros2_ws/install/dingo_description/share/dingo_description/meshes/body_obj.mtl
[0.438s] -- Up-to-date: /home/ehoaglin/ros2_ws/install/dingo_description/share/dingo_description/meshes/Open Notebook.onetoc2
[0.438s] -- Up-to-date: /home/ehoaglin/ros2_ws/install/dingo_description/share/dingo_description/meshes/RL1_obj.mtl
[0.439s] -- Up-to-date: /home/ehoaglin/ros2_ws/install/dingo_description/share/dingo_description/meshes/L_link2.dae
[0.439s] -- Up-to-date: /home/ehoaglin/ros2_ws/install/dingo_description/share/dingo_description/meshes/FL_link4.STL
[0.439s] -- Up-to-date: /home/ehoaglin/ros2_ws/install/dingo_description/share/dingo_description/meshes/L_link2_collision.STL
[0.440s] -- Up-to-date: /home/ehoaglin/ros2_ws/install/dingo_description/share/dingo_description/meshes/RL_link1.dae
[0.442s] -- Up-to-date: /home/ehoaglin/ros2_ws/install/dingo_description/share/dingo_description/meshes/RL_link2.STL
[0.443s] -- Up-to-date: /home/ehoaglin/ros2_ws/install/dingo_description/share/dingo_description/meshes/FL_link1.STL
[0.443s] -- Up-to-date: /home/ehoaglin/ros2_ws/install/dingo_description/share/dingo_description/meshes/FR_link4.STL
[0.464s] -- Up-to-date: /home/ehoaglin/ros2_ws/install/dingo_description/share/dingo_description/meshes/base_collision.STL
[0.465s] -- Up-to-date: /home/ehoaglin/ros2_ws/install/dingo_description/share/dingo_description/meshes/FR_link3.STL
[0.465s] -- Up-to-date: /home/ehoaglin/ros2_ws/install/dingo_description/share/dingo_description/meshes/RR_link2.STL
[0.465s] -- Up-to-date: /home/ehoaglin/ros2_ws/install/dingo_description/share/dingo_description/meshes/RR_link3.STL
[0.466s] -- Up-to-date: /home/ehoaglin/ros2_ws/install/dingo_description/share/dingo_description/meshes/RL_link4.STL
[0.466s] -- Up-to-date: /home/ehoaglin/ros2_ws/install/dingo_description/share/dingo_description/meshes/FL_link2.STL
[0.466s] -- Up-to-date: /home/ehoaglin/ros2_ws/install/dingo_description/share/dingo_description/meshes/FL1_obj.obj
[0.467s] -- Up-to-date: /home/ehoaglin/ros2_ws/install/dingo_description/share/dingo_description/meshes/RR_link4.STL
[0.467s] -- Up-to-date: /home/ehoaglin/ros2_ws/install/dingo_description/share/dingo_description/meshes/L_link3.dae
[0.467s] -- Up-to-date: /home/ehoaglin/ros2_ws/install/dingo_description/share/dingo_description/meshes/R_link2.dae
[0.467s] -- Up-to-date: /home/ehoaglin/ros2_ws/install/dingo_description/share/dingo_description/launch
[0.468s] -- Up-to-date: /home/ehoaglin/ros2_ws/install/dingo_description/share/dingo_description/launch/dingo_rviz.launch
[0.468s] -- Up-to-date: /home/ehoaglin/ros2_ws/install/dingo_description/share/dingo_description/launch/dingo_state_publisher.launch
[0.468s] -- Up-to-date: /home/ehoaglin/ros2_ws/install/dingo_description/share/dingo_description/launch/dingo_rviz.rviz
[0.469s] -- Up-to-date: /home/ehoaglin/ros2_ws/install/dingo_description/share/dingo_description/launch/Open Notebook.onetoc2
[0.469s] -- Up-to-date: /home/ehoaglin/ros2_ws/install/dingo_description/share/ament_index/resource_index/package_run_dependencies/dingo_description
[0.469s] -- Up-to-date: /home/ehoaglin/ros2_ws/install/dingo_description/share/ament_index/resource_index/parent_prefix_path/dingo_description
[0.469s] -- Up-to-date: /home/ehoaglin/ros2_ws/install/dingo_description/share/dingo_description/environment/ament_prefix_path.sh
[0.470s] -- Up-to-date: /home/ehoaglin/ros2_ws/install/dingo_description/share/dingo_description/environment/ament_prefix_path.dsv
[0.470s] -- Up-to-date: /home/ehoaglin/ros2_ws/install/dingo_description/share/dingo_description/environment/path.sh
[0.470s] -- Up-to-date: /home/ehoaglin/ros2_ws/install/dingo_description/share/dingo_description/environment/path.dsv
[0.470s] -- Up-to-date: /home/ehoaglin/ros2_ws/install/dingo_description/share/dingo_description/local_setup.bash
[0.471s] -- Up-to-date: /home/ehoaglin/ros2_ws/install/dingo_description/share/dingo_description/local_setup.sh
[0.471s] -- Up-to-date: /home/ehoaglin/ros2_ws/install/dingo_description/share/dingo_description/local_setup.zsh
[0.471s] -- Up-to-date: /home/ehoaglin/ros2_ws/install/dingo_description/share/dingo_description/local_setup.dsv
[0.471s] -- Installing: /home/ehoaglin/ros2_ws/install/dingo_description/share/dingo_description/package.dsv
[0.472s] -- Up-to-date: /home/ehoaglin/ros2_ws/install/dingo_description/share/ament_index/resource_index/packages/dingo_description
[0.472s] -- Up-to-date: /home/ehoaglin/ros2_ws/install/dingo_description/share/dingo_description/cmake/dingo_descriptionConfig.cmake
[0.473s] -- Up-to-date: /home/ehoaglin/ros2_ws/install/dingo_description/share/dingo_description/cmake/dingo_descriptionConfig-version.cmake
[0.473s] -- Up-to-date: /home/ehoaglin/ros2_ws/install/dingo_description/share/dingo_description/package.xml
[0.474s] Invoked command in '/home/ehoaglin/ros2_ws/build/dingo_description' returned '0': CMAKE_PREFIX_PATH=/opt/ros/jazzy:${CMAKE_PREFIX_PATH} /usr/bin/cmake --install /home/ehoaglin/ros2_ws/build/dingo_description
