[0.047s] Invoking command in '/home/ehoaglin/ros2_ws/build/dingo_control_msg': CMAKE_PREFIX_PATH=${CMAKE_PREFIX_PATH}:/opt/ros/jazzy /usr/bin/cmake /home/ehoaglin/ros2_ws/src/dingo_control_msg -DCMAKE_INSTALL_PREFIX=/home/ehoaglin/ros2_ws/install/dingo_control_msg
[0.249s] -- The C compiler identification is GNU 13.3.0
[1.770s] -- The CXX compiler identification is GNU 13.3.0
[3.000s] -- Detecting C compiler ABI info
[3.537s] -- Detecting C compiler ABI info - done
[3.567s] -- Check for working C compiler: /usr/bin/cc - skipped
[3.568s] -- Detecting C compile features
[3.569s] -- Detecting C compile features - done
[3.777s] -- Detecting CXX compiler ABI info
[4.415s] -- Detecting CXX compiler ABI info - done
[4.454s] -- Check for working CXX compiler: /usr/bin/c++ - skipped
[4.456s] -- Detecting CXX compile features
[4.457s] -- Detecting CXX compile features - done
[4.470s] -- Found ament_cmake: 2.5.3 (/opt/ros/jazzy/share/ament_cmake/cmake)
[4.872s] -- Found Python3: /usr/bin/python3 (found version "3.12.3") found components: Interpreter 
[5.169s] -- Found ament_lint_auto: 0.17.1 (/opt/ros/jazzy/share/ament_lint_auto/cmake)
[5.471s] -- Found rclpy: 7.1.3 (/opt/ros/jazzy/share/rclpy/cmake)
[5.479s] -- Found std_msgs: 5.3.5 (/opt/ros/jazzy/share/std_msgs/cmake)
[5.898s] -- Found rosidl_generator_c: 4.6.5 (/opt/ros/jazzy/share/rosidl_generator_c/cmake)
[5.938s] -- Found rosidl_generator_cpp: 4.6.5 (/opt/ros/jazzy/share/rosidl_generator_cpp/cmake)
[5.976s] -- Using all available rosidl_typesupport_c: rosidl_typesupport_fastrtps_c;rosidl_typesupport_introspection_c
[6.019s] -- Using all available rosidl_typesupport_cpp: rosidl_typesupport_fastrtps_cpp;rosidl_typesupport_introspection_cpp
[6.131s] -- Found geometry_msgs: 5.3.5 (/opt/ros/jazzy/share/geometry_msgs/cmake)
[6.183s] -- Found rosidl_default_generators: 1.6.0 (/opt/ros/jazzy/share/rosidl_default_generators/cmake)
[6.227s] -- Found rosidl_adapter: 4.6.5 (/opt/ros/jazzy/share/rosidl_adapter/cmake)
[7.579s] -- Found ament_cmake_ros: 0.12.0 (/opt/ros/jazzy/share/ament_cmake_ros/cmake)
[9.134s] -- Using all available rosidl_typesupport_c: rosidl_typesupport_fastrtps_c;rosidl_typesupport_introspection_c
[9.844s] -- Using all available rosidl_typesupport_cpp: rosidl_typesupport_fastrtps_cpp;rosidl_typesupport_introspection_cpp
[9.851s] -- Found python_cmake_module: 0.11.1 (/opt/ros/jazzy/share/python_cmake_module/cmake)
[10.082s] -- Found PythonExtra: /usr/bin/python3  
[10.784s] -- Found Python3: /usr/bin/python3 (found version "3.12.3") found components: Interpreter Development NumPy Development.Module Development.Embed 
[10.895s] -- Added test 'lint_cmake' to check CMake code style
[10.897s] -- Added test 'xmllint' to check XML markup files
[10.907s] -- Configuring done (10.9s)
[10.979s] -- Generating done (0.1s)
[10.997s] -- Build files have been written to: /home/ehoaglin/ros2_ws/build/dingo_control_msg
[11.012s] Invoked command in '/home/ehoaglin/ros2_ws/build/dingo_control_msg' returned '0': CMAKE_PREFIX_PATH=${CMAKE_PREFIX_PATH}:/opt/ros/jazzy /usr/bin/cmake /home/ehoaglin/ros2_ws/src/dingo_control_msg -DCMAKE_INSTALL_PREFIX=/home/ehoaglin/ros2_ws/install/dingo_control_msg
[11.013s] Invoking command in '/home/ehoaglin/ros2_ws/build/dingo_control_msg': CMAKE_PREFIX_PATH=${CMAKE_PREFIX_PATH}:/opt/ros/jazzy /usr/bin/cmake --build /home/ehoaglin/ros2_ws/build/dingo_control_msg -- -j12 -l12
[11.083s] [  1%] [34m[1mGenerating type hashes for ROS interfaces[0m
[11.096s] [  1%] Built target ament_cmake_python_copy_dingo_control_msg
[11.620s] [  1%] Built target dingo_control_msg__rosidl_generator_type_description
[11.640s] [  3%] [34m[1mGenerating C code for ROS interfaces[0m
[11.669s] [  5%] [34m[1mGenerating C++ code for ROS interfaces[0m
[11.757s] running egg_info
[11.759s] creating dingo_control_msg.egg-info
[11.826s] writing dingo_control_msg.egg-info/PKG-INFO
[11.826s] writing dependency_links to dingo_control_msg.egg-info/dependency_links.txt
[11.827s] writing top-level names to dingo_control_msg.egg-info/top_level.txt
[11.827s] writing manifest file 'dingo_control_msg.egg-info/SOURCES.txt'
[12.019s] reading manifest file 'dingo_control_msg.egg-info/SOURCES.txt'
[12.020s] writing manifest file 'dingo_control_msg.egg-info/SOURCES.txt'
[12.092s] [  5%] Built target ament_cmake_python_build_dingo_control_msg_egg
[12.594s] [  5%] Built target dingo_control_msg__cpp
[12.704s] [  7%] [32mBuilding C object CMakeFiles/dingo_control_msg__rosidl_generator_c.dir/rosidl_generator_c/dingo_control_msg/msg/detail/angle__type_support.c.o[0m
[12.709s] [  9%] [32mBuilding C object CMakeFiles/dingo_control_msg__rosidl_generator_c.dir/rosidl_generator_c/dingo_control_msg/msg/detail/joint_space__type_support.c.o[0m
[12.712s] [ 11%] [32mBuilding C object CMakeFiles/dingo_control_msg__rosidl_generator_c.dir/rosidl_generator_c/dingo_control_msg/msg/detail/task_space__type_support.c.o[0m
[12.723s] [ 12%] [32mBuilding C object CMakeFiles/dingo_control_msg__rosidl_generator_c.dir/rosidl_generator_c/dingo_control_msg/msg/detail/joint_space__description.c.o[0m
[12.726s] [ 14%] [32mBuilding C object CMakeFiles/dingo_control_msg__rosidl_generator_c.dir/rosidl_generator_c/dingo_control_msg/msg/detail/angle__description.c.o[0m
[12.730s] [ 16%] [32mBuilding C object CMakeFiles/dingo_control_msg__rosidl_generator_c.dir/rosidl_generator_c/dingo_control_msg/msg/detail/task_space__functions.c.o[0m
[12.731s] [ 20%] [32mBuilding C object CMakeFiles/dingo_control_msg__rosidl_generator_c.dir/rosidl_generator_c/dingo_control_msg/msg/detail/joint_space__functions.c.o[0m
[12.732s] [ 20%] [32mBuilding C object CMakeFiles/dingo_control_msg__rosidl_generator_c.dir/rosidl_generator_c/dingo_control_msg/msg/detail/angle__functions.c.o[0m
[12.738s] [ 22%] [32mBuilding C object CMakeFiles/dingo_control_msg__rosidl_generator_c.dir/rosidl_generator_c/dingo_control_msg/msg/detail/task_space__description.c.o[0m
[12.969s] [ 24%] [32m[1mLinking C shared library libdingo_control_msg__rosidl_generator_c.so[0m
[13.326s] [ 24%] Built target dingo_control_msg__rosidl_generator_c
[13.357s] [ 27%] [34m[1mGenerating C++ type support for eProsima Fast-RTPS[0m
[13.358s] [ 27%] [34m[1mGenerating C type support for eProsima Fast-RTPS[0m
[13.379s] [ 29%] [34m[1mGenerating C++ type support dispatch for ROS interfaces[0m
[13.382s] [ 31%] [34m[1mGenerating C++ introspection for ROS interfaces[0m
[13.396s] [ 35%] [34m[1mGenerating C introspection for ROS interfaces[0m
[13.396s] [ 35%] [34m[1mGenerating C type support dispatch for ROS interfaces[0m
[14.382s] [ 37%] [32mBuilding CXX object CMakeFiles/dingo_control_msg__rosidl_typesupport_cpp.dir/rosidl_typesupport_cpp/dingo_control_msg/msg/angle__type_support.cpp.o[0m
[14.403s] [ 38%] [32mBuilding CXX object CMakeFiles/dingo_control_msg__rosidl_typesupport_cpp.dir/rosidl_typesupport_cpp/dingo_control_msg/msg/task_space__type_support.cpp.o[0m
[14.405s] [ 40%] [32mBuilding CXX object CMakeFiles/dingo_control_msg__rosidl_typesupport_cpp.dir/rosidl_typesupport_cpp/dingo_control_msg/msg/joint_space__type_support.cpp.o[0m
[14.647s] [ 44%] [32mBuilding C object CMakeFiles/dingo_control_msg__rosidl_typesupport_introspection_c.dir/rosidl_typesupport_introspection_c/dingo_control_msg/msg/detail/task_space__type_support.c.o[0m
[14.663s] [ 46%] [32mBuilding C object CMakeFiles/dingo_control_msg__rosidl_typesupport_introspection_c.dir/rosidl_typesupport_introspection_c/dingo_control_msg/msg/detail/joint_space__type_support.c.o[0m
[14.663s] [ 46%] [32mBuilding C object CMakeFiles/dingo_control_msg__rosidl_typesupport_introspection_c.dir/rosidl_typesupport_introspection_c/dingo_control_msg/msg/detail/angle__type_support.c.o[0m
[14.688s] [ 48%] [32mBuilding CXX object CMakeFiles/dingo_control_msg__rosidl_typesupport_introspection_cpp.dir/rosidl_typesupport_introspection_cpp/dingo_control_msg/msg/detail/angle__type_support.cpp.o[0m
[14.710s] [ 50%] [32mBuilding CXX object CMakeFiles/dingo_control_msg__rosidl_typesupport_fastrtps_c.dir/rosidl_typesupport_fastrtps_c/dingo_control_msg/msg/detail/joint_space__type_support_c.cpp.o[0m
[14.737s] [ 53%] [32mBuilding CXX object CMakeFiles/dingo_control_msg__rosidl_typesupport_introspection_cpp.dir/rosidl_typesupport_introspection_cpp/dingo_control_msg/msg/detail/joint_space__type_support.cpp.o[0m
[14.739s] [ 53%] [32mBuilding CXX object CMakeFiles/dingo_control_msg__rosidl_typesupport_fastrtps_c.dir/rosidl_typesupport_fastrtps_c/dingo_control_msg/msg/detail/angle__type_support_c.cpp.o[0m
[14.821s] [ 57%] [32mBuilding CXX object CMakeFiles/dingo_control_msg__rosidl_typesupport_c.dir/rosidl_typesupport_c/dingo_control_msg/msg/angle__type_support.cpp.o[0m
[14.822s] [ 57%] [32mBuilding CXX object CMakeFiles/dingo_control_msg__rosidl_typesupport_introspection_cpp.dir/rosidl_typesupport_introspection_cpp/dingo_control_msg/msg/detail/task_space__type_support.cpp.o[0m
[14.829s] [ 61%] [32m[1mLinking C shared library libdingo_control_msg__rosidl_typesupport_introspection_c.so[0m
[14.840s] [ 61%] [32mBuilding CXX object CMakeFiles/dingo_control_msg__rosidl_typesupport_fastrtps_c.dir/rosidl_typesupport_fastrtps_c/dingo_control_msg/msg/detail/task_space__type_support_c.cpp.o[0m
[14.870s] [ 62%] [32mBuilding CXX object CMakeFiles/dingo_control_msg__rosidl_typesupport_fastrtps_cpp.dir/rosidl_typesupport_fastrtps_cpp/dingo_control_msg/msg/detail/dds_fastrtps/angle__type_support.cpp.o[0m
[14.999s] [ 64%] [32mBuilding CXX object CMakeFiles/dingo_control_msg__rosidl_typesupport_c.dir/rosidl_typesupport_c/dingo_control_msg/msg/joint_space__type_support.cpp.o[0m
[15.113s] [ 66%] [32mBuilding CXX object CMakeFiles/dingo_control_msg__rosidl_typesupport_c.dir/rosidl_typesupport_c/dingo_control_msg/msg/task_space__type_support.cpp.o[0m
[15.311s] [ 68%] [32m[1mLinking CXX shared library libdingo_control_msg__rosidl_typesupport_c.so[0m
[15.347s] [ 68%] Built target dingo_control_msg__rosidl_typesupport_introspection_c
[15.437s] [ 72%] [32mBuilding CXX object CMakeFiles/dingo_control_msg__rosidl_typesupport_fastrtps_cpp.dir/rosidl_typesupport_fastrtps_cpp/dingo_control_msg/msg/detail/dds_fastrtps/task_space__type_support.cpp.o[0m
[15.438s] [ 72%] [32mBuilding CXX object CMakeFiles/dingo_control_msg__rosidl_typesupport_fastrtps_cpp.dir/rosidl_typesupport_fastrtps_cpp/dingo_control_msg/msg/detail/dds_fastrtps/joint_space__type_support.cpp.o[0m
[15.708s] [ 74%] [32m[1mLinking CXX shared library libdingo_control_msg__rosidl_typesupport_cpp.so[0m
[16.021s] [ 74%] Built target dingo_control_msg__rosidl_typesupport_c
[16.171s] [ 74%] Built target dingo_control_msg__rosidl_typesupport_cpp
[16.549s] [ 75%] [32m[1mLinking CXX shared library libdingo_control_msg__rosidl_typesupport_introspection_cpp.so[0m
[16.725s] [ 77%] [32m[1mLinking CXX shared library libdingo_control_msg__rosidl_typesupport_fastrtps_c.so[0m
[16.917s] [ 77%] Built target dingo_control_msg__rosidl_typesupport_introspection_cpp
[16.994s] [ 79%] [32m[1mLinking CXX shared library libdingo_control_msg__rosidl_typesupport_fastrtps_cpp.so[0m
[16.994s] [ 79%] Built target dingo_control_msg__rosidl_typesupport_fastrtps_c
[17.254s] [ 79%] Built target dingo_control_msg__rosidl_typesupport_fastrtps_cpp
[17.279s] [ 79%] Built target dingo_control_msg
[17.305s] [ 81%] [34m[1mGenerating Python code for ROS interfaces[0m
[18.039s] [ 81%] Built target dingo_control_msg__py
[18.070s] [ 87%] [32mBuilding C object CMakeFiles/dingo_control_msg__rosidl_generator_py.dir/rosidl_generator_py/dingo_control_msg/msg/_joint_space_s.c.o[0m
[18.070s] [ 87%] [32mBuilding C object CMakeFiles/dingo_control_msg__rosidl_generator_py.dir/rosidl_generator_py/dingo_control_msg/msg/_angle_s.c.o[0m
[18.071s] [ 87%] [32mBuilding C object CMakeFiles/dingo_control_msg__rosidl_generator_py.dir/rosidl_generator_py/dingo_control_msg/msg/_task_space_s.c.o[0m
[18.294s] [ 88%] [32m[1mLinking C shared library libdingo_control_msg__rosidl_generator_py.so[0m
[18.514s] [ 88%] Built target dingo_control_msg__rosidl_generator_py
[18.548s] [ 90%] [32mBuilding C object CMakeFiles/dingo_control_msg_s__rosidl_typesupport_fastrtps_c.dir/rosidl_generator_py/dingo_control_msg/_dingo_control_msg_s.ep.rosidl_typesupport_fastrtps_c.c.o[0m
[18.549s] [ 92%] [32mBuilding C object CMakeFiles/dingo_control_msg_s__rosidl_typesupport_c.dir/rosidl_generator_py/dingo_control_msg/_dingo_control_msg_s.ep.rosidl_typesupport_c.c.o[0m
[18.549s] [ 94%] [32mBuilding C object CMakeFiles/dingo_control_msg_s__rosidl_typesupport_introspection_c.dir/rosidl_generator_py/dingo_control_msg/_dingo_control_msg_s.ep.rosidl_typesupport_introspection_c.c.o[0m
[18.720s] [ 96%] [32m[1mLinking C shared module rosidl_generator_py/dingo_control_msg/dingo_control_msg_s__rosidl_typesupport_fastrtps_c.so[0m
[18.724s] [ 98%] [32m[1mLinking C shared module rosidl_generator_py/dingo_control_msg/dingo_control_msg_s__rosidl_typesupport_introspection_c.so[0m
[18.750s] [100%] [32m[1mLinking C shared module rosidl_generator_py/dingo_control_msg/dingo_control_msg_s__rosidl_typesupport_c.so[0m
[18.886s] [100%] Built target dingo_control_msg_s__rosidl_typesupport_introspection_c
[18.893s] [100%] Built target dingo_control_msg_s__rosidl_typesupport_fastrtps_c
[18.956s] [100%] Built target dingo_control_msg_s__rosidl_typesupport_c
[18.972s] Invoked command in '/home/ehoaglin/ros2_ws/build/dingo_control_msg' returned '0': CMAKE_PREFIX_PATH=${CMAKE_PREFIX_PATH}:/opt/ros/jazzy /usr/bin/cmake --build /home/ehoaglin/ros2_ws/build/dingo_control_msg -- -j12 -l12
[18.975s] Invoking command in '/home/ehoaglin/ros2_ws/build/dingo_control_msg': CMAKE_PREFIX_PATH=${CMAKE_PREFIX_PATH}:/opt/ros/jazzy /usr/bin/cmake --install /home/ehoaglin/ros2_ws/build/dingo_control_msg
[18.991s] -- Install configuration: ""
[18.992s] -- Installing: /home/ehoaglin/ros2_ws/install/dingo_control_msg/share/ament_index/resource_index/rosidl_interfaces/dingo_control_msg
[18.993s] -- Installing: /home/ehoaglin/ros2_ws/install/dingo_control_msg/share/dingo_control_msg/msg/Angle.json
[18.993s] -- Installing: /home/ehoaglin/ros2_ws/install/dingo_control_msg/share/dingo_control_msg/msg/JointSpace.json
[18.994s] -- Installing: /home/ehoaglin/ros2_ws/install/dingo_control_msg/share/dingo_control_msg/msg/TaskSpace.json
[18.994s] -- Installing: /home/ehoaglin/ros2_ws/install/dingo_control_msg/include/dingo_control_msg/dingo_control_msg
[18.994s] -- Installing: /home/ehoaglin/ros2_ws/install/dingo_control_msg/include/dingo_control_msg/dingo_control_msg/msg
[18.995s] -- Installing: /home/ehoaglin/ros2_ws/install/dingo_control_msg/include/dingo_control_msg/dingo_control_msg/msg/detail
[18.995s] -- Installing: /home/ehoaglin/ros2_ws/install/dingo_control_msg/include/dingo_control_msg/dingo_control_msg/msg/detail/task_space__type_support.c
[18.996s] -- Installing: /home/ehoaglin/ros2_ws/install/dingo_control_msg/include/dingo_control_msg/dingo_control_msg/msg/detail/task_space__functions.h
[18.996s] -- Installing: /home/ehoaglin/ros2_ws/install/dingo_control_msg/include/dingo_control_msg/dingo_control_msg/msg/detail/joint_space__functions.h
[18.996s] -- Installing: /home/ehoaglin/ros2_ws/install/dingo_control_msg/include/dingo_control_msg/dingo_control_msg/msg/detail/joint_space__type_support.c
[18.997s] -- Installing: /home/ehoaglin/ros2_ws/install/dingo_control_msg/include/dingo_control_msg/dingo_control_msg/msg/detail/angle__functions.h
[18.997s] -- Installing: /home/ehoaglin/ros2_ws/install/dingo_control_msg/include/dingo_control_msg/dingo_control_msg/msg/detail/angle__type_support.h
[18.997s] -- Installing: /home/ehoaglin/ros2_ws/install/dingo_control_msg/include/dingo_control_msg/dingo_control_msg/msg/detail/angle__struct.h
[18.998s] -- Installing: /home/ehoaglin/ros2_ws/install/dingo_control_msg/include/dingo_control_msg/dingo_control_msg/msg/detail/joint_space__struct.h
[18.998s] -- Installing: /home/ehoaglin/ros2_ws/install/dingo_control_msg/include/dingo_control_msg/dingo_control_msg/msg/detail/angle__description.c
[18.998s] -- Installing: /home/ehoaglin/ros2_ws/install/dingo_control_msg/include/dingo_control_msg/dingo_control_msg/msg/detail/task_space__struct.h
[18.999s] -- Installing: /home/ehoaglin/ros2_ws/install/dingo_control_msg/include/dingo_control_msg/dingo_control_msg/msg/detail/task_space__type_support.h
[18.999s] -- Installing: /home/ehoaglin/ros2_ws/install/dingo_control_msg/include/dingo_control_msg/dingo_control_msg/msg/detail/task_space__functions.c
[18.999s] -- Installing: /home/ehoaglin/ros2_ws/install/dingo_control_msg/include/dingo_control_msg/dingo_control_msg/msg/detail/angle__type_support.c
[18.999s] -- Installing: /home/ehoaglin/ros2_ws/install/dingo_control_msg/include/dingo_control_msg/dingo_control_msg/msg/detail/joint_space__type_support.h
[19.000s] -- Installing: /home/ehoaglin/ros2_ws/install/dingo_control_msg/include/dingo_control_msg/dingo_control_msg/msg/detail/joint_space__functions.c
[19.000s] -- Installing: /home/ehoaglin/ros2_ws/install/dingo_control_msg/include/dingo_control_msg/dingo_control_msg/msg/detail/task_space__description.c
[19.000s] -- Installing: /home/ehoaglin/ros2_ws/install/dingo_control_msg/include/dingo_control_msg/dingo_control_msg/msg/detail/angle__functions.c
[19.000s] -- Installing: /home/ehoaglin/ros2_ws/install/dingo_control_msg/include/dingo_control_msg/dingo_control_msg/msg/detail/joint_space__description.c
[19.001s] -- Installing: /home/ehoaglin/ros2_ws/install/dingo_control_msg/include/dingo_control_msg/dingo_control_msg/msg/task_space.h
[19.001s] -- Installing: /home/ehoaglin/ros2_ws/install/dingo_control_msg/include/dingo_control_msg/dingo_control_msg/msg/joint_space.h
[19.002s] -- Installing: /home/ehoaglin/ros2_ws/install/dingo_control_msg/include/dingo_control_msg/dingo_control_msg/msg/angle.h
[19.002s] -- Installing: /home/ehoaglin/ros2_ws/install/dingo_control_msg/include/dingo_control_msg/dingo_control_msg/msg/rosidl_generator_c__visibility_control.h
[19.002s] -- Installing: /home/ehoaglin/ros2_ws/install/dingo_control_msg/share/dingo_control_msg/environment/library_path.sh
[19.003s] -- Installing: /home/ehoaglin/ros2_ws/install/dingo_control_msg/share/dingo_control_msg/environment/library_path.dsv
[19.003s] -- Installing: /home/ehoaglin/ros2_ws/install/dingo_control_msg/lib/libdingo_control_msg__rosidl_generator_c.so
[19.003s] -- Set non-toolchain portion of runtime path of "/home/ehoaglin/ros2_ws/install/dingo_control_msg/lib/libdingo_control_msg__rosidl_generator_c.so" to ""
[19.004s] -- Up-to-date: /home/ehoaglin/ros2_ws/install/dingo_control_msg/include/dingo_control_msg/dingo_control_msg
[19.004s] -- Up-to-date: /home/ehoaglin/ros2_ws/install/dingo_control_msg/include/dingo_control_msg/dingo_control_msg/msg
[19.004s] -- Up-to-date: /home/ehoaglin/ros2_ws/install/dingo_control_msg/include/dingo_control_msg/dingo_control_msg/msg/detail
[19.004s] -- Installing: /home/ehoaglin/ros2_ws/install/dingo_control_msg/include/dingo_control_msg/dingo_control_msg/msg/detail/angle__rosidl_typesupport_fastrtps_c.h
[19.004s] -- Installing: /home/ehoaglin/ros2_ws/install/dingo_control_msg/include/dingo_control_msg/dingo_control_msg/msg/detail/joint_space__rosidl_typesupport_fastrtps_c.h
[19.005s] -- Installing: /home/ehoaglin/ros2_ws/install/dingo_control_msg/include/dingo_control_msg/dingo_control_msg/msg/detail/task_space__rosidl_typesupport_fastrtps_c.h
[19.005s] -- Installing: /home/ehoaglin/ros2_ws/install/dingo_control_msg/include/dingo_control_msg/dingo_control_msg/msg/rosidl_typesupport_fastrtps_c__visibility_control.h
[19.005s] -- Installing: /home/ehoaglin/ros2_ws/install/dingo_control_msg/lib/libdingo_control_msg__rosidl_typesupport_fastrtps_c.so
[19.006s] -- Set non-toolchain portion of runtime path of "/home/ehoaglin/ros2_ws/install/dingo_control_msg/lib/libdingo_control_msg__rosidl_typesupport_fastrtps_c.so" to ""
[19.006s] -- Up-to-date: /home/ehoaglin/ros2_ws/install/dingo_control_msg/include/dingo_control_msg/dingo_control_msg
[19.006s] -- Up-to-date: /home/ehoaglin/ros2_ws/install/dingo_control_msg/include/dingo_control_msg/dingo_control_msg/msg
[19.006s] -- Up-to-date: /home/ehoaglin/ros2_ws/install/dingo_control_msg/include/dingo_control_msg/dingo_control_msg/msg/detail
[19.007s] -- Installing: /home/ehoaglin/ros2_ws/install/dingo_control_msg/include/dingo_control_msg/dingo_control_msg/msg/detail/joint_space__struct.hpp
[19.007s] -- Installing: /home/ehoaglin/ros2_ws/install/dingo_control_msg/include/dingo_control_msg/dingo_control_msg/msg/detail/task_space__type_support.hpp
[19.008s] -- Installing: /home/ehoaglin/ros2_ws/install/dingo_control_msg/include/dingo_control_msg/dingo_control_msg/msg/detail/angle__type_support.hpp
[19.008s] -- Installing: /home/ehoaglin/ros2_ws/install/dingo_control_msg/include/dingo_control_msg/dingo_control_msg/msg/detail/task_space__struct.hpp
[19.008s] -- Installing: /home/ehoaglin/ros2_ws/install/dingo_control_msg/include/dingo_control_msg/dingo_control_msg/msg/detail/task_space__traits.hpp
[19.008s] -- Installing: /home/ehoaglin/ros2_ws/install/dingo_control_msg/include/dingo_control_msg/dingo_control_msg/msg/detail/angle__traits.hpp
[19.008s] -- Installing: /home/ehoaglin/ros2_ws/install/dingo_control_msg/include/dingo_control_msg/dingo_control_msg/msg/detail/joint_space__builder.hpp
[19.009s] -- Installing: /home/ehoaglin/ros2_ws/install/dingo_control_msg/include/dingo_control_msg/dingo_control_msg/msg/detail/joint_space__type_support.hpp
[19.009s] -- Installing: /home/ehoaglin/ros2_ws/install/dingo_control_msg/include/dingo_control_msg/dingo_control_msg/msg/detail/task_space__builder.hpp
[19.009s] -- Installing: /home/ehoaglin/ros2_ws/install/dingo_control_msg/include/dingo_control_msg/dingo_control_msg/msg/detail/angle__struct.hpp
[19.010s] -- Installing: /home/ehoaglin/ros2_ws/install/dingo_control_msg/include/dingo_control_msg/dingo_control_msg/msg/detail/joint_space__traits.hpp
[19.010s] -- Installing: /home/ehoaglin/ros2_ws/install/dingo_control_msg/include/dingo_control_msg/dingo_control_msg/msg/detail/angle__builder.hpp
[19.010s] -- Installing: /home/ehoaglin/ros2_ws/install/dingo_control_msg/include/dingo_control_msg/dingo_control_msg/msg/joint_space.hpp
[19.010s] -- Installing: /home/ehoaglin/ros2_ws/install/dingo_control_msg/include/dingo_control_msg/dingo_control_msg/msg/angle.hpp
[19.011s] -- Installing: /home/ehoaglin/ros2_ws/install/dingo_control_msg/include/dingo_control_msg/dingo_control_msg/msg/rosidl_generator_cpp__visibility_control.hpp
[19.011s] -- Installing: /home/ehoaglin/ros2_ws/install/dingo_control_msg/include/dingo_control_msg/dingo_control_msg/msg/task_space.hpp
[19.011s] -- Up-to-date: /home/ehoaglin/ros2_ws/install/dingo_control_msg/include/dingo_control_msg/dingo_control_msg
[19.011s] -- Up-to-date: /home/ehoaglin/ros2_ws/install/dingo_control_msg/include/dingo_control_msg/dingo_control_msg/msg
[19.012s] -- Up-to-date: /home/ehoaglin/ros2_ws/install/dingo_control_msg/include/dingo_control_msg/dingo_control_msg/msg/detail
[19.012s] -- Installing: /home/ehoaglin/ros2_ws/install/dingo_control_msg/include/dingo_control_msg/dingo_control_msg/msg/detail/dds_fastrtps
[19.012s] -- Installing: /home/ehoaglin/ros2_ws/install/dingo_control_msg/include/dingo_control_msg/dingo_control_msg/msg/detail/angle__rosidl_typesupport_fastrtps_cpp.hpp
[19.013s] -- Installing: /home/ehoaglin/ros2_ws/install/dingo_control_msg/include/dingo_control_msg/dingo_control_msg/msg/detail/task_space__rosidl_typesupport_fastrtps_cpp.hpp
[19.013s] -- Installing: /home/ehoaglin/ros2_ws/install/dingo_control_msg/include/dingo_control_msg/dingo_control_msg/msg/detail/joint_space__rosidl_typesupport_fastrtps_cpp.hpp
[19.013s] -- Installing: /home/ehoaglin/ros2_ws/install/dingo_control_msg/include/dingo_control_msg/dingo_control_msg/msg/rosidl_typesupport_fastrtps_cpp__visibility_control.h
[19.013s] -- Installing: /home/ehoaglin/ros2_ws/install/dingo_control_msg/lib/libdingo_control_msg__rosidl_typesupport_fastrtps_cpp.so
[19.014s] -- Set non-toolchain portion of runtime path of "/home/ehoaglin/ros2_ws/install/dingo_control_msg/lib/libdingo_control_msg__rosidl_typesupport_fastrtps_cpp.so" to ""
[19.014s] -- Up-to-date: /home/ehoaglin/ros2_ws/install/dingo_control_msg/include/dingo_control_msg/dingo_control_msg
[19.014s] -- Up-to-date: /home/ehoaglin/ros2_ws/install/dingo_control_msg/include/dingo_control_msg/dingo_control_msg/msg
[19.014s] -- Up-to-date: /home/ehoaglin/ros2_ws/install/dingo_control_msg/include/dingo_control_msg/dingo_control_msg/msg/detail
[19.015s] -- Installing: /home/ehoaglin/ros2_ws/install/dingo_control_msg/include/dingo_control_msg/dingo_control_msg/msg/detail/task_space__type_support.c
[19.015s] -- Installing: /home/ehoaglin/ros2_ws/install/dingo_control_msg/include/dingo_control_msg/dingo_control_msg/msg/detail/joint_space__type_support.c
[19.015s] -- Installing: /home/ehoaglin/ros2_ws/install/dingo_control_msg/include/dingo_control_msg/dingo_control_msg/msg/detail/angle__rosidl_typesupport_introspection_c.h
[19.016s] -- Installing: /home/ehoaglin/ros2_ws/install/dingo_control_msg/include/dingo_control_msg/dingo_control_msg/msg/detail/angle__type_support.c
[19.016s] -- Installing: /home/ehoaglin/ros2_ws/install/dingo_control_msg/include/dingo_control_msg/dingo_control_msg/msg/detail/task_space__rosidl_typesupport_introspection_c.h
[19.016s] -- Installing: /home/ehoaglin/ros2_ws/install/dingo_control_msg/include/dingo_control_msg/dingo_control_msg/msg/detail/joint_space__rosidl_typesupport_introspection_c.h
[19.016s] -- Installing: /home/ehoaglin/ros2_ws/install/dingo_control_msg/include/dingo_control_msg/dingo_control_msg/msg/rosidl_typesupport_introspection_c__visibility_control.h
[19.017s] -- Installing: /home/ehoaglin/ros2_ws/install/dingo_control_msg/lib/libdingo_control_msg__rosidl_typesupport_introspection_c.so
[19.017s] -- Set non-toolchain portion of runtime path of "/home/ehoaglin/ros2_ws/install/dingo_control_msg/lib/libdingo_control_msg__rosidl_typesupport_introspection_c.so" to ""
[19.017s] -- Installing: /home/ehoaglin/ros2_ws/install/dingo_control_msg/lib/libdingo_control_msg__rosidl_typesupport_c.so
[19.017s] -- Set non-toolchain portion of runtime path of "/home/ehoaglin/ros2_ws/install/dingo_control_msg/lib/libdingo_control_msg__rosidl_typesupport_c.so" to ""
[19.017s] -- Up-to-date: /home/ehoaglin/ros2_ws/install/dingo_control_msg/include/dingo_control_msg/dingo_control_msg
[19.017s] -- Up-to-date: /home/ehoaglin/ros2_ws/install/dingo_control_msg/include/dingo_control_msg/dingo_control_msg/msg
[19.017s] -- Up-to-date: /home/ehoaglin/ros2_ws/install/dingo_control_msg/include/dingo_control_msg/dingo_control_msg/msg/detail
[19.017s] -- Installing: /home/ehoaglin/ros2_ws/install/dingo_control_msg/include/dingo_control_msg/dingo_control_msg/msg/detail/task_space__rosidl_typesupport_introspection_cpp.hpp
[19.017s] -- Installing: /home/ehoaglin/ros2_ws/install/dingo_control_msg/include/dingo_control_msg/dingo_control_msg/msg/detail/angle__rosidl_typesupport_introspection_cpp.hpp
[19.018s] -- Installing: /home/ehoaglin/ros2_ws/install/dingo_control_msg/include/dingo_control_msg/dingo_control_msg/msg/detail/angle__type_support.cpp
[19.018s] -- Installing: /home/ehoaglin/ros2_ws/install/dingo_control_msg/include/dingo_control_msg/dingo_control_msg/msg/detail/joint_space__type_support.cpp
[19.018s] -- Installing: /home/ehoaglin/ros2_ws/install/dingo_control_msg/include/dingo_control_msg/dingo_control_msg/msg/detail/task_space__type_support.cpp
[19.018s] -- Installing: /home/ehoaglin/ros2_ws/install/dingo_control_msg/include/dingo_control_msg/dingo_control_msg/msg/detail/joint_space__rosidl_typesupport_introspection_cpp.hpp
[19.018s] -- Installing: /home/ehoaglin/ros2_ws/install/dingo_control_msg/lib/libdingo_control_msg__rosidl_typesupport_introspection_cpp.so
[19.018s] -- Set non-toolchain portion of runtime path of "/home/ehoaglin/ros2_ws/install/dingo_control_msg/lib/libdingo_control_msg__rosidl_typesupport_introspection_cpp.so" to ""
[19.018s] -- Installing: /home/ehoaglin/ros2_ws/install/dingo_control_msg/lib/libdingo_control_msg__rosidl_typesupport_cpp.so
[19.018s] -- Set non-toolchain portion of runtime path of "/home/ehoaglin/ros2_ws/install/dingo_control_msg/lib/libdingo_control_msg__rosidl_typesupport_cpp.so" to ""
[19.018s] -- Installing: /home/ehoaglin/ros2_ws/install/dingo_control_msg/share/dingo_control_msg/environment/pythonpath.sh
[19.019s] -- Installing: /home/ehoaglin/ros2_ws/install/dingo_control_msg/share/dingo_control_msg/environment/pythonpath.dsv
[19.019s] -- Installing: /home/ehoaglin/ros2_ws/install/dingo_control_msg/lib/python3.12/site-packages/dingo_control_msg-0.0.0-py3.12.egg-info
[19.019s] -- Installing: /home/ehoaglin/ros2_ws/install/dingo_control_msg/lib/python3.12/site-packages/dingo_control_msg-0.0.0-py3.12.egg-info/top_level.txt
[19.019s] -- Installing: /home/ehoaglin/ros2_ws/install/dingo_control_msg/lib/python3.12/site-packages/dingo_control_msg-0.0.0-py3.12.egg-info/dependency_links.txt
[19.019s] -- Installing: /home/ehoaglin/ros2_ws/install/dingo_control_msg/lib/python3.12/site-packages/dingo_control_msg-0.0.0-py3.12.egg-info/SOURCES.txt
[19.019s] -- Installing: /home/ehoaglin/ros2_ws/install/dingo_control_msg/lib/python3.12/site-packages/dingo_control_msg-0.0.0-py3.12.egg-info/PKG-INFO
[19.019s] -- Installing: /home/ehoaglin/ros2_ws/install/dingo_control_msg/lib/python3.12/site-packages/dingo_control_msg
[19.019s] -- Installing: /home/ehoaglin/ros2_ws/install/dingo_control_msg/lib/python3.12/site-packages/dingo_control_msg/__init__.py
[19.020s] -- Installing: /home/ehoaglin/ros2_ws/install/dingo_control_msg/lib/python3.12/site-packages/dingo_control_msg/_dingo_control_msg_s.ep.rosidl_typesupport_introspection_c.c
[19.020s] -- Installing: /home/ehoaglin/ros2_ws/install/dingo_control_msg/lib/python3.12/site-packages/dingo_control_msg/dingo_control_msg_s__rosidl_typesupport_introspection_c.so
[19.020s] -- Installing: /home/ehoaglin/ros2_ws/install/dingo_control_msg/lib/python3.12/site-packages/dingo_control_msg/dingo_control_msg_s__rosidl_typesupport_c.so
[19.020s] -- Installing: /home/ehoaglin/ros2_ws/install/dingo_control_msg/lib/python3.12/site-packages/dingo_control_msg/_dingo_control_msg_s.ep.rosidl_typesupport_fastrtps_c.c
[19.020s] -- Installing: /home/ehoaglin/ros2_ws/install/dingo_control_msg/lib/python3.12/site-packages/dingo_control_msg/dingo_control_msg_s__rosidl_typesupport_fastrtps_c.so
[19.020s] -- Installing: /home/ehoaglin/ros2_ws/install/dingo_control_msg/lib/python3.12/site-packages/dingo_control_msg/msg
[19.020s] -- Installing: /home/ehoaglin/ros2_ws/install/dingo_control_msg/lib/python3.12/site-packages/dingo_control_msg/msg/_joint_space.py
[19.020s] -- Installing: /home/ehoaglin/ros2_ws/install/dingo_control_msg/lib/python3.12/site-packages/dingo_control_msg/msg/__init__.py
[19.021s] -- Installing: /home/ehoaglin/ros2_ws/install/dingo_control_msg/lib/python3.12/site-packages/dingo_control_msg/msg/_task_space_s.c
[19.021s] -- Installing: /home/ehoaglin/ros2_ws/install/dingo_control_msg/lib/python3.12/site-packages/dingo_control_msg/msg/_angle.py
[19.021s] -- Installing: /home/ehoaglin/ros2_ws/install/dingo_control_msg/lib/python3.12/site-packages/dingo_control_msg/msg/_angle_s.c
[19.021s] -- Installing: /home/ehoaglin/ros2_ws/install/dingo_control_msg/lib/python3.12/site-packages/dingo_control_msg/msg/_joint_space_s.c
[19.021s] -- Installing: /home/ehoaglin/ros2_ws/install/dingo_control_msg/lib/python3.12/site-packages/dingo_control_msg/msg/_task_space.py
[19.021s] -- Installing: /home/ehoaglin/ros2_ws/install/dingo_control_msg/lib/python3.12/site-packages/dingo_control_msg/_dingo_control_msg_s.ep.rosidl_typesupport_c.c
[19.112s] Listing '/home/ehoaglin/ros2_ws/install/dingo_control_msg/lib/python3.12/site-packages/dingo_control_msg'...
[19.112s] Compiling '/home/ehoaglin/ros2_ws/install/dingo_control_msg/lib/python3.12/site-packages/dingo_control_msg/__init__.py'...
[19.112s] Listing '/home/ehoaglin/ros2_ws/install/dingo_control_msg/lib/python3.12/site-packages/dingo_control_msg/msg'...
[19.112s] Compiling '/home/ehoaglin/ros2_ws/install/dingo_control_msg/lib/python3.12/site-packages/dingo_control_msg/msg/__init__.py'...
[19.112s] Compiling '/home/ehoaglin/ros2_ws/install/dingo_control_msg/lib/python3.12/site-packages/dingo_control_msg/msg/_angle.py'...
[19.113s] Compiling '/home/ehoaglin/ros2_ws/install/dingo_control_msg/lib/python3.12/site-packages/dingo_control_msg/msg/_joint_space.py'...
[19.113s] Compiling '/home/ehoaglin/ros2_ws/install/dingo_control_msg/lib/python3.12/site-packages/dingo_control_msg/msg/_task_space.py'...
[19.123s] -- Installing: /home/ehoaglin/ros2_ws/install/dingo_control_msg/lib/python3.12/site-packages/dingo_control_msg/dingo_control_msg_s__rosidl_typesupport_fastrtps_c.so
[19.124s] -- Set non-toolchain portion of runtime path of "/home/ehoaglin/ros2_ws/install/dingo_control_msg/lib/python3.12/site-packages/dingo_control_msg/dingo_control_msg_s__rosidl_typesupport_fastrtps_c.so" to ""
[19.124s] -- Installing: /home/ehoaglin/ros2_ws/install/dingo_control_msg/lib/python3.12/site-packages/dingo_control_msg/dingo_control_msg_s__rosidl_typesupport_introspection_c.so
[19.124s] -- Set non-toolchain portion of runtime path of "/home/ehoaglin/ros2_ws/install/dingo_control_msg/lib/python3.12/site-packages/dingo_control_msg/dingo_control_msg_s__rosidl_typesupport_introspection_c.so" to ""
[19.125s] -- Installing: /home/ehoaglin/ros2_ws/install/dingo_control_msg/lib/python3.12/site-packages/dingo_control_msg/dingo_control_msg_s__rosidl_typesupport_c.so
[19.125s] -- Set non-toolchain portion of runtime path of "/home/ehoaglin/ros2_ws/install/dingo_control_msg/lib/python3.12/site-packages/dingo_control_msg/dingo_control_msg_s__rosidl_typesupport_c.so" to ""
[19.126s] -- Installing: /home/ehoaglin/ros2_ws/install/dingo_control_msg/lib/libdingo_control_msg__rosidl_generator_py.so
[19.126s] -- Set non-toolchain portion of runtime path of "/home/ehoaglin/ros2_ws/install/dingo_control_msg/lib/libdingo_control_msg__rosidl_generator_py.so" to ""
[19.126s] -- Installing: /home/ehoaglin/ros2_ws/install/dingo_control_msg/share/dingo_control_msg/msg/Angle.idl
[19.127s] -- Installing: /home/ehoaglin/ros2_ws/install/dingo_control_msg/share/dingo_control_msg/msg/JointSpace.idl
[19.127s] -- Installing: /home/ehoaglin/ros2_ws/install/dingo_control_msg/share/dingo_control_msg/msg/TaskSpace.idl
[19.127s] -- Installing: /home/ehoaglin/ros2_ws/install/dingo_control_msg/share/dingo_control_msg/msg/Angle.msg
[19.127s] -- Installing: /home/ehoaglin/ros2_ws/install/dingo_control_msg/share/dingo_control_msg/msg/JointSpace.msg
[19.127s] -- Installing: /home/ehoaglin/ros2_ws/install/dingo_control_msg/share/dingo_control_msg/msg/TaskSpace.msg
[19.128s] -- Installing: /home/ehoaglin/ros2_ws/install/dingo_control_msg/share/ament_index/resource_index/package_run_dependencies/dingo_control_msg
[19.128s] -- Installing: /home/ehoaglin/ros2_ws/install/dingo_control_msg/share/ament_index/resource_index/parent_prefix_path/dingo_control_msg
[19.129s] -- Installing: /home/ehoaglin/ros2_ws/install/dingo_control_msg/share/dingo_control_msg/environment/ament_prefix_path.sh
[19.129s] -- Installing: /home/ehoaglin/ros2_ws/install/dingo_control_msg/share/dingo_control_msg/environment/ament_prefix_path.dsv
[19.129s] -- Installing: /home/ehoaglin/ros2_ws/install/dingo_control_msg/share/dingo_control_msg/environment/path.sh
[19.129s] -- Installing: /home/ehoaglin/ros2_ws/install/dingo_control_msg/share/dingo_control_msg/environment/path.dsv
[19.129s] -- Installing: /home/ehoaglin/ros2_ws/install/dingo_control_msg/share/dingo_control_msg/local_setup.bash
[19.130s] -- Installing: /home/ehoaglin/ros2_ws/install/dingo_control_msg/share/dingo_control_msg/local_setup.sh
[19.130s] -- Installing: /home/ehoaglin/ros2_ws/install/dingo_control_msg/share/dingo_control_msg/local_setup.zsh
[19.131s] -- Installing: /home/ehoaglin/ros2_ws/install/dingo_control_msg/share/dingo_control_msg/local_setup.dsv
[19.131s] -- Installing: /home/ehoaglin/ros2_ws/install/dingo_control_msg/share/dingo_control_msg/package.dsv
[19.131s] -- Installing: /home/ehoaglin/ros2_ws/install/dingo_control_msg/share/ament_index/resource_index/packages/dingo_control_msg
[19.131s] -- Installing: /home/ehoaglin/ros2_ws/install/dingo_control_msg/share/dingo_control_msg/cmake/export_dingo_control_msg__rosidl_generator_cExport.cmake
[19.132s] -- Installing: /home/ehoaglin/ros2_ws/install/dingo_control_msg/share/dingo_control_msg/cmake/export_dingo_control_msg__rosidl_generator_cExport-noconfig.cmake
[19.132s] -- Installing: /home/ehoaglin/ros2_ws/install/dingo_control_msg/share/dingo_control_msg/cmake/export_dingo_control_msg__rosidl_typesupport_fastrtps_cExport.cmake
[19.132s] -- Installing: /home/ehoaglin/ros2_ws/install/dingo_control_msg/share/dingo_control_msg/cmake/export_dingo_control_msg__rosidl_typesupport_fastrtps_cExport-noconfig.cmake
[19.132s] -- Installing: /home/ehoaglin/ros2_ws/install/dingo_control_msg/share/dingo_control_msg/cmake/export_dingo_control_msg__rosidl_generator_cppExport.cmake
[19.133s] -- Installing: /home/ehoaglin/ros2_ws/install/dingo_control_msg/share/dingo_control_msg/cmake/export_dingo_control_msg__rosidl_typesupport_fastrtps_cppExport.cmake
[19.133s] -- Installing: /home/ehoaglin/ros2_ws/install/dingo_control_msg/share/dingo_control_msg/cmake/export_dingo_control_msg__rosidl_typesupport_fastrtps_cppExport-noconfig.cmake
[19.133s] -- Installing: /home/ehoaglin/ros2_ws/install/dingo_control_msg/share/dingo_control_msg/cmake/dingo_control_msg__rosidl_typesupport_introspection_cExport.cmake
[19.134s] -- Installing: /home/ehoaglin/ros2_ws/install/dingo_control_msg/share/dingo_control_msg/cmake/dingo_control_msg__rosidl_typesupport_introspection_cExport-noconfig.cmake
[19.134s] -- Installing: /home/ehoaglin/ros2_ws/install/dingo_control_msg/share/dingo_control_msg/cmake/dingo_control_msg__rosidl_typesupport_cExport.cmake
[19.134s] -- Installing: /home/ehoaglin/ros2_ws/install/dingo_control_msg/share/dingo_control_msg/cmake/dingo_control_msg__rosidl_typesupport_cExport-noconfig.cmake
[19.134s] -- Installing: /home/ehoaglin/ros2_ws/install/dingo_control_msg/share/dingo_control_msg/cmake/dingo_control_msg__rosidl_typesupport_introspection_cppExport.cmake
[19.135s] -- Installing: /home/ehoaglin/ros2_ws/install/dingo_control_msg/share/dingo_control_msg/cmake/dingo_control_msg__rosidl_typesupport_introspection_cppExport-noconfig.cmake
[19.135s] -- Installing: /home/ehoaglin/ros2_ws/install/dingo_control_msg/share/dingo_control_msg/cmake/dingo_control_msg__rosidl_typesupport_cppExport.cmake
[19.135s] -- Installing: /home/ehoaglin/ros2_ws/install/dingo_control_msg/share/dingo_control_msg/cmake/dingo_control_msg__rosidl_typesupport_cppExport-noconfig.cmake
[19.135s] -- Installing: /home/ehoaglin/ros2_ws/install/dingo_control_msg/share/dingo_control_msg/cmake/export_dingo_control_msg__rosidl_generator_pyExport.cmake
[19.136s] -- Installing: /home/ehoaglin/ros2_ws/install/dingo_control_msg/share/dingo_control_msg/cmake/export_dingo_control_msg__rosidl_generator_pyExport-noconfig.cmake
[19.136s] -- Installing: /home/ehoaglin/ros2_ws/install/dingo_control_msg/share/dingo_control_msg/cmake/rosidl_cmake-extras.cmake
[19.136s] -- Installing: /home/ehoaglin/ros2_ws/install/dingo_control_msg/share/dingo_control_msg/cmake/ament_cmake_export_dependencies-extras.cmake
[19.137s] -- Installing: /home/ehoaglin/ros2_ws/install/dingo_control_msg/share/dingo_control_msg/cmake/ament_cmake_export_include_directories-extras.cmake
[19.139s] -- Installing: /home/ehoaglin/ros2_ws/install/dingo_control_msg/share/dingo_control_msg/cmake/ament_cmake_export_libraries-extras.cmake
[19.140s] -- Installing: /home/ehoaglin/ros2_ws/install/dingo_control_msg/share/dingo_control_msg/cmake/ament_cmake_export_targets-extras.cmake
[19.141s] -- Installing: /home/ehoaglin/ros2_ws/install/dingo_control_msg/share/dingo_control_msg/cmake/rosidl_cmake_export_typesupport_targets-extras.cmake
[19.141s] -- Installing: /home/ehoaglin/ros2_ws/install/dingo_control_msg/share/dingo_control_msg/cmake/rosidl_cmake_export_typesupport_libraries-extras.cmake
[19.142s] -- Installing: /home/ehoaglin/ros2_ws/install/dingo_control_msg/share/dingo_control_msg/cmake/dingo_control_msgConfig.cmake
[19.142s] -- Installing: /home/ehoaglin/ros2_ws/install/dingo_control_msg/share/dingo_control_msg/cmake/dingo_control_msgConfig-version.cmake
[19.143s] -- Installing: /home/ehoaglin/ros2_ws/install/dingo_control_msg/share/dingo_control_msg/package.xml
[19.143s] Invoked command in '/home/ehoaglin/ros2_ws/build/dingo_control_msg' returned '0': CMAKE_PREFIX_PATH=${CMAKE_PREFIX_PATH}:/opt/ros/jazzy /usr/bin/cmake --install /home/ehoaglin/ros2_ws/build/dingo_control_msg
