[3.368s] Invoking command in '/home/ehoaglin/ros2_ws/src/dingo_hardware_interfacing/dingo_input_interfacing': PYTHONPATH=/home/ehoaglin/ros2_ws/build/dingo_input_interfacing/prefix_override:/usr/lib/python3/dist-packages/colcon_core/task/python/colcon_distutils_commands:/home/ehoaglin/ros2_ws/install/dingo_input_interfacing/lib/python3.12/site-packages:${PYTHONPATH} /usr/bin/python3 -W ignore:setup.py install is deprecated -W ignore:easy_install command is deprecated setup.py egg_info --egg-base ../../../build/dingo_input_interfacing build --build-base /home/ehoaglin/ros2_ws/build/dingo_input_interfacing/build install --record /home/ehoaglin/ros2_ws/build/dingo_input_interfacing/install.log --single-version-externally-managed
[3.975s] running egg_info
[4.042s] writing ../../../build/dingo_input_interfacing/dingo_input_interfacing.egg-info/PKG-INFO
[4.043s] writing dependency_links to ../../../build/dingo_input_interfacing/dingo_input_interfacing.egg-info/dependency_links.txt
[4.043s] writing entry points to ../../../build/dingo_input_interfacing/dingo_input_interfacing.egg-info/entry_points.txt
[4.044s] writing requirements to ../../../build/dingo_input_interfacing/dingo_input_interfacing.egg-info/requires.txt
[4.044s] writing top-level names to ../../../build/dingo_input_interfacing/dingo_input_interfacing.egg-info/top_level.txt
[4.159s] reading manifest file '../../../build/dingo_input_interfacing/dingo_input_interfacing.egg-info/SOURCES.txt'
[4.161s] writing manifest file '../../../build/dingo_input_interfacing/dingo_input_interfacing.egg-info/SOURCES.txt'
[4.162s] running build
[4.162s] running build_py
[4.162s] running install
[4.177s] running install_lib
[4.235s] running install_egg_info
[4.289s] removing '/home/ehoaglin/ros2_ws/install/dingo_input_interfacing/lib/python3.12/site-packages/dingo_input_interfacing-0.0.0-py3.12.egg-info' (and everything under it)
[4.290s] Copying ../../../build/dingo_input_interfacing/dingo_input_interfacing.egg-info to /home/ehoaglin/ros2_ws/install/dingo_input_interfacing/lib/python3.12/site-packages/dingo_input_interfacing-0.0.0-py3.12.egg-info
[4.293s] running install_scripts
[4.655s] Installing InputInterface script to /home/ehoaglin/ros2_ws/install/dingo_input_interfacing/bin
[4.656s] writing list of installed files to '/home/ehoaglin/ros2_ws/build/dingo_input_interfacing/install.log'
[4.763s] Invoked command in '/home/ehoaglin/ros2_ws/src/dingo_hardware_interfacing/dingo_input_interfacing' returned '0': PYTHONPATH=/home/ehoaglin/ros2_ws/build/dingo_input_interfacing/prefix_override:/usr/lib/python3/dist-packages/colcon_core/task/python/colcon_distutils_commands:/home/ehoaglin/ros2_ws/install/dingo_input_interfacing/lib/python3.12/site-packages:${PYTHONPATH} /usr/bin/python3 -W ignore:setup.py install is deprecated -W ignore:easy_install command is deprecated setup.py egg_info --egg-base ../../../build/dingo_input_interfacing build --build-base /home/ehoaglin/ros2_ws/build/dingo_input_interfacing/build install --record /home/ehoaglin/ros2_ws/build/dingo_input_interfacing/install.log --single-version-externally-managed
