[0.072s] Invoking command in '/home/ehoaglin/ros2_ws/build/dingo_hardware_config': CMAKE_PREFIX_PATH=/home/ehoaglin/ros2_ws/install/ros2_fundamentals_examples:/home/ehoaglin/ros2_ws/install/dingo:/home/ehoaglin/ros2_ws/install/dingo_input_interfacing:/home/ehoaglin/ros2_ws/install/dingo_control:/home/ehoaglin/ros2_ws/install/dingo_servo_interfacing:/home/ehoaglin/ros2_ws/install/dingo_pybullet:/home/ehoaglin/ros2_ws/install/dingo_peripheral_interfacing_msg:/home/ehoaglin/ros2_ws/install/dingo_peripheral_interfacing:/home/ehoaglin/ros2_ws/install/dingo_hardware_config:/home/ehoaglin/ros2_ws/install/dualsense_interface:/opt/ros/jazzy:/home/ehoaglin/ros2_ws/install/dingo_description:/home/ehoaglin/ros2_ws/install/dingo_control_msg:/opt/ros/jazzy/opt/gz_sim_vendor:/opt/ros/jazzy/opt/gz_sensors_vendor:/opt/ros/jazzy/opt/gz_physics_vendor:/opt/ros/jazzy/opt/sdformat_vendor:/opt/ros/jazzy/opt/gz_gui_vendor:/opt/ros/jazzy/opt/gz_transport_vendor:/opt/ros/jazzy/opt/gz_rendering_vendor:/opt/ros/jazzy/opt/gz_plugin_vendor:/opt/ros/jazzy/opt/gz_fuel_tools_vendor:/opt/ros/jazzy/opt/gz_msgs_vendor:/opt/ros/jazzy/opt/gz_common_vendor:/opt/ros/jazzy/opt/gz_math_vendor:/opt/ros/jazzy/opt/gz_utils_vendor:/opt/ros/jazzy/opt/gz_tools_vendor:/opt/ros/jazzy/opt/gz_ogre_next_vendor:/opt/ros/jazzy/opt/gz_dartsim_vendor:/opt/ros/jazzy/opt/gz_cmake_vendor /usr/bin/cmake --build /home/ehoaglin/ros2_ws/build/dingo_hardware_config -- -j12 -l12
[0.944s] Built target ament_cmake_python_copy_dingo_hardware_config
[1.003s] running egg_info
[1.116s] writing dingo_hardware_config.egg-info/PKG-INFO
[1.116s] writing dependency_links to dingo_hardware_config.egg-info/dependency_links.txt
[1.117s] writing top-level names to dingo_hardware_config.egg-info/top_level.txt
[1.348s] reading manifest file 'dingo_hardware_config.egg-info/SOURCES.txt'
[1.350s] writing manifest file 'dingo_hardware_config.egg-info/SOURCES.txt'
[1.438s] Built target ament_cmake_python_build_dingo_hardware_config_egg
[1.467s] Invoked command in '/home/ehoaglin/ros2_ws/build/dingo_hardware_config' returned '0': CMAKE_PREFIX_PATH=/home/ehoaglin/ros2_ws/install/ros2_fundamentals_examples:/home/ehoaglin/ros2_ws/install/dingo:/home/ehoaglin/ros2_ws/install/dingo_input_interfacing:/home/ehoaglin/ros2_ws/install/dingo_control:/home/ehoaglin/ros2_ws/install/dingo_servo_interfacing:/home/ehoaglin/ros2_ws/install/dingo_pybullet:/home/ehoaglin/ros2_ws/install/dingo_peripheral_interfacing_msg:/home/ehoaglin/ros2_ws/install/dingo_peripheral_interfacing:/home/ehoaglin/ros2_ws/install/dingo_hardware_config:/home/ehoaglin/ros2_ws/install/dualsense_interface:/opt/ros/jazzy:/home/ehoaglin/ros2_ws/install/dingo_description:/home/ehoaglin/ros2_ws/install/dingo_control_msg:/opt/ros/jazzy/opt/gz_sim_vendor:/opt/ros/jazzy/opt/gz_sensors_vendor:/opt/ros/jazzy/opt/gz_physics_vendor:/opt/ros/jazzy/opt/sdformat_vendor:/opt/ros/jazzy/opt/gz_gui_vendor:/opt/ros/jazzy/opt/gz_transport_vendor:/opt/ros/jazzy/opt/gz_rendering_vendor:/opt/ros/jazzy/opt/gz_plugin_vendor:/opt/ros/jazzy/opt/gz_fuel_tools_vendor:/opt/ros/jazzy/opt/gz_msgs_vendor:/opt/ros/jazzy/opt/gz_common_vendor:/opt/ros/jazzy/opt/gz_math_vendor:/opt/ros/jazzy/opt/gz_utils_vendor:/opt/ros/jazzy/opt/gz_tools_vendor:/opt/ros/jazzy/opt/gz_ogre_next_vendor:/opt/ros/jazzy/opt/gz_dartsim_vendor:/opt/ros/jazzy/opt/gz_cmake_vendor /usr/bin/cmake --build /home/ehoaglin/ros2_ws/build/dingo_hardware_config -- -j12 -l12
[1.468s] Invoking command in '/home/ehoaglin/ros2_ws/build/dingo_hardware_config': CMAKE_PREFIX_PATH=/home/ehoaglin/ros2_ws/install/ros2_fundamentals_examples:/home/ehoaglin/ros2_ws/install/dingo:/home/ehoaglin/ros2_ws/install/dingo_input_interfacing:/home/ehoaglin/ros2_ws/install/dingo_control:/home/ehoaglin/ros2_ws/install/dingo_servo_interfacing:/home/ehoaglin/ros2_ws/install/dingo_pybullet:/home/ehoaglin/ros2_ws/install/dingo_peripheral_interfacing_msg:/home/ehoaglin/ros2_ws/install/dingo_peripheral_interfacing:/home/ehoaglin/ros2_ws/install/dingo_hardware_config:/home/ehoaglin/ros2_ws/install/dualsense_interface:/opt/ros/jazzy:/home/ehoaglin/ros2_ws/install/dingo_description:/home/ehoaglin/ros2_ws/install/dingo_control_msg:/opt/ros/jazzy/opt/gz_sim_vendor:/opt/ros/jazzy/opt/gz_sensors_vendor:/opt/ros/jazzy/opt/gz_physics_vendor:/opt/ros/jazzy/opt/sdformat_vendor:/opt/ros/jazzy/opt/gz_gui_vendor:/opt/ros/jazzy/opt/gz_transport_vendor:/opt/ros/jazzy/opt/gz_rendering_vendor:/opt/ros/jazzy/opt/gz_plugin_vendor:/opt/ros/jazzy/opt/gz_fuel_tools_vendor:/opt/ros/jazzy/opt/gz_msgs_vendor:/opt/ros/jazzy/opt/gz_common_vendor:/opt/ros/jazzy/opt/gz_math_vendor:/opt/ros/jazzy/opt/gz_utils_vendor:/opt/ros/jazzy/opt/gz_tools_vendor:/opt/ros/jazzy/opt/gz_ogre_next_vendor:/opt/ros/jazzy/opt/gz_dartsim_vendor:/opt/ros/jazzy/opt/gz_cmake_vendor /usr/bin/cmake --install /home/ehoaglin/ros2_ws/build/dingo_hardware_config
[1.501s] -- Install configuration: ""
[1.504s] -- Up-to-date: /home/ehoaglin/ros2_ws/install/dingo_hardware_config/share/dingo_hardware_config/environment/pythonpath.sh
[1.507s] -- Up-to-date: /home/ehoaglin/ros2_ws/install/dingo_hardware_config/share/dingo_hardware_config/environment/pythonpath.dsv
[1.509s] -- Up-to-date: /home/ehoaglin/ros2_ws/install/dingo_hardware_config/lib/python3.12/site-packages/dingo_hardware_config-0.0.0-py3.12.egg-info
[1.510s] -- Installing: /home/ehoaglin/ros2_ws/install/dingo_hardware_config/lib/python3.12/site-packages/dingo_hardware_config-0.0.0-py3.12.egg-info/top_level.txt
[1.510s] -- Installing: /home/ehoaglin/ros2_ws/install/dingo_hardware_config/lib/python3.12/site-packages/dingo_hardware_config-0.0.0-py3.12.egg-info/dependency_links.txt
[1.514s] -- Installing: /home/ehoaglin/ros2_ws/install/dingo_hardware_config/lib/python3.12/site-packages/dingo_hardware_config-0.0.0-py3.12.egg-info/SOURCES.txt
[1.514s] -- Installing: /home/ehoaglin/ros2_ws/install/dingo_hardware_config/lib/python3.12/site-packages/dingo_hardware_config-0.0.0-py3.12.egg-info/PKG-INFO
[1.514s] -- Up-to-date: /home/ehoaglin/ros2_ws/install/dingo_hardware_config/lib/python3.12/site-packages/dingo_hardware_config
[1.515s] -- Up-to-date: /home/ehoaglin/ros2_ws/install/dingo_hardware_config/lib/python3.12/site-packages/dingo_hardware_config/__init__.py
[1.515s] -- Up-to-date: /home/ehoaglin/ros2_ws/install/dingo_hardware_config/lib/python3.12/site-packages/dingo_hardware_config/build
[1.516s] -- Up-to-date: /home/ehoaglin/ros2_ws/install/dingo_hardware_config/lib/python3.12/site-packages/dingo_hardware_config/build/COLCON_IGNORE
[1.516s] -- Up-to-date: /home/ehoaglin/ros2_ws/install/dingo_hardware_config/lib/python3.12/site-packages/dingo_hardware_config/build/.built_by
[1.517s] -- Up-to-date: /home/ehoaglin/ros2_ws/install/dingo_hardware_config/lib/python3.12/site-packages/dingo_hardware_config/log
[1.517s] -- Up-to-date: /home/ehoaglin/ros2_ws/install/dingo_hardware_config/lib/python3.12/site-packages/dingo_hardware_config/log/latest_build
[1.518s] -- Up-to-date: /home/ehoaglin/ros2_ws/install/dingo_hardware_config/lib/python3.12/site-packages/dingo_hardware_config/log/latest
[1.518s] -- Up-to-date: /home/ehoaglin/ros2_ws/install/dingo_hardware_config/lib/python3.12/site-packages/dingo_hardware_config/log/COLCON_IGNORE
[1.518s] -- Up-to-date: /home/ehoaglin/ros2_ws/install/dingo_hardware_config/lib/python3.12/site-packages/dingo_hardware_config/log/build_2025-02-19_13-10-06
[1.519s] -- Up-to-date: /home/ehoaglin/ros2_ws/install/dingo_hardware_config/lib/python3.12/site-packages/dingo_hardware_config/log/build_2025-02-19_13-10-06/logger_all.log
[1.519s] -- Up-to-date: /home/ehoaglin/ros2_ws/install/dingo_hardware_config/lib/python3.12/site-packages/dingo_hardware_config/log/build_2025-02-19_13-10-06/events.log
[1.520s] -- Up-to-date: /home/ehoaglin/ros2_ws/install/dingo_hardware_config/lib/python3.12/site-packages/dingo_hardware_config/HardwareConfig.py
[1.520s] -- Up-to-date: /home/ehoaglin/ros2_ws/install/dingo_hardware_config/lib/python3.12/site-packages/dingo_hardware_config/install
[1.520s] -- Up-to-date: /home/ehoaglin/ros2_ws/install/dingo_hardware_config/lib/python3.12/site-packages/dingo_hardware_config/install/_local_setup_util_sh.py
[1.520s] -- Up-to-date: /home/ehoaglin/ros2_ws/install/dingo_hardware_config/lib/python3.12/site-packages/dingo_hardware_config/install/local_setup.ps1
[1.521s] -- Up-to-date: /home/ehoaglin/ros2_ws/install/dingo_hardware_config/lib/python3.12/site-packages/dingo_hardware_config/install/setup.bash
[1.522s] -- Up-to-date: /home/ehoaglin/ros2_ws/install/dingo_hardware_config/lib/python3.12/site-packages/dingo_hardware_config/install/_local_setup_util_ps1.py
[1.522s] -- Up-to-date: /home/ehoaglin/ros2_ws/install/dingo_hardware_config/lib/python3.12/site-packages/dingo_hardware_config/install/setup.sh
[1.522s] -- Up-to-date: /home/ehoaglin/ros2_ws/install/dingo_hardware_config/lib/python3.12/site-packages/dingo_hardware_config/install/.colcon_install_layout
[1.522s] -- Up-to-date: /home/ehoaglin/ros2_ws/install/dingo_hardware_config/lib/python3.12/site-packages/dingo_hardware_config/install/local_setup.zsh
[1.523s] -- Up-to-date: /home/ehoaglin/ros2_ws/install/dingo_hardware_config/lib/python3.12/site-packages/dingo_hardware_config/install/COLCON_IGNORE
[1.523s] -- Up-to-date: /home/ehoaglin/ros2_ws/install/dingo_hardware_config/lib/python3.12/site-packages/dingo_hardware_config/install/local_setup.sh
[1.523s] -- Up-to-date: /home/ehoaglin/ros2_ws/install/dingo_hardware_config/lib/python3.12/site-packages/dingo_hardware_config/install/local_setup.bash
[1.524s] -- Up-to-date: /home/ehoaglin/ros2_ws/install/dingo_hardware_config/lib/python3.12/site-packages/dingo_hardware_config/install/setup.ps1
[1.524s] -- Up-to-date: /home/ehoaglin/ros2_ws/install/dingo_hardware_config/lib/python3.12/site-packages/dingo_hardware_config/install/setup.zsh
[1.649s] Listing '/home/ehoaglin/ros2_ws/install/dingo_hardware_config/lib/python3.12/site-packages/dingo_hardware_config'...
[1.650s] Listing '/home/ehoaglin/ros2_ws/install/dingo_hardware_config/lib/python3.12/site-packages/dingo_hardware_config/build'...
[1.651s] Listing '/home/ehoaglin/ros2_ws/install/dingo_hardware_config/lib/python3.12/site-packages/dingo_hardware_config/install'...
[1.651s] Listing '/home/ehoaglin/ros2_ws/install/dingo_hardware_config/lib/python3.12/site-packages/dingo_hardware_config/log'...
[1.653s] Listing '/home/ehoaglin/ros2_ws/install/dingo_hardware_config/lib/python3.12/site-packages/dingo_hardware_config/log/build_2025-02-19_13-10-06'...
[1.657s] -- Up-to-date: /home/ehoaglin/ros2_ws/install/dingo_hardware_config/share/ament_index/resource_index/package_run_dependencies/dingo_hardware_config
[1.659s] -- Up-to-date: /home/ehoaglin/ros2_ws/install/dingo_hardware_config/share/ament_index/resource_index/parent_prefix_path/dingo_hardware_config
[1.661s] -- Up-to-date: /home/ehoaglin/ros2_ws/install/dingo_hardware_config/share/dingo_hardware_config/environment/ament_prefix_path.sh
[1.662s] -- Up-to-date: /home/ehoaglin/ros2_ws/install/dingo_hardware_config/share/dingo_hardware_config/environment/ament_prefix_path.dsv
[1.662s] -- Up-to-date: /home/ehoaglin/ros2_ws/install/dingo_hardware_config/share/dingo_hardware_config/environment/path.sh
[1.663s] -- Up-to-date: /home/ehoaglin/ros2_ws/install/dingo_hardware_config/share/dingo_hardware_config/environment/path.dsv
[1.663s] -- Up-to-date: /home/ehoaglin/ros2_ws/install/dingo_hardware_config/share/dingo_hardware_config/local_setup.bash
[1.664s] -- Up-to-date: /home/ehoaglin/ros2_ws/install/dingo_hardware_config/share/dingo_hardware_config/local_setup.sh
[1.665s] -- Up-to-date: /home/ehoaglin/ros2_ws/install/dingo_hardware_config/share/dingo_hardware_config/local_setup.zsh
[1.666s] -- Up-to-date: /home/ehoaglin/ros2_ws/install/dingo_hardware_config/share/dingo_hardware_config/local_setup.dsv
[1.667s] -- Installing: /home/ehoaglin/ros2_ws/install/dingo_hardware_config/share/dingo_hardware_config/package.dsv
[1.668s] -- Up-to-date: /home/ehoaglin/ros2_ws/install/dingo_hardware_config/share/ament_index/resource_index/packages/dingo_hardware_config
[1.669s] -- Up-to-date: /home/ehoaglin/ros2_ws/install/dingo_hardware_config/share/dingo_hardware_config/cmake/dingo_hardware_configConfig.cmake
[1.669s] -- Up-to-date: /home/ehoaglin/ros2_ws/install/dingo_hardware_config/share/dingo_hardware_config/cmake/dingo_hardware_configConfig-version.cmake
[1.671s] -- Up-to-date: /home/ehoaglin/ros2_ws/install/dingo_hardware_config/share/dingo_hardware_config/package.xml
[1.785s] Invoked command in '/home/ehoaglin/ros2_ws/build/dingo_hardware_config' returned '0': CMAKE_PREFIX_PATH=/home/ehoaglin/ros2_ws/install/ros2_fundamentals_examples:/home/ehoaglin/ros2_ws/install/dingo:/home/ehoaglin/ros2_ws/install/dingo_input_interfacing:/home/ehoaglin/ros2_ws/install/dingo_control:/home/ehoaglin/ros2_ws/install/dingo_servo_interfacing:/home/ehoaglin/ros2_ws/install/dingo_pybullet:/home/ehoaglin/ros2_ws/install/dingo_peripheral_interfacing_msg:/home/ehoaglin/ros2_ws/install/dingo_peripheral_interfacing:/home/ehoaglin/ros2_ws/install/dingo_hardware_config:/home/ehoaglin/ros2_ws/install/dualsense_interface:/opt/ros/jazzy:/home/ehoaglin/ros2_ws/install/dingo_description:/home/ehoaglin/ros2_ws/install/dingo_control_msg:/opt/ros/jazzy/opt/gz_sim_vendor:/opt/ros/jazzy/opt/gz_sensors_vendor:/opt/ros/jazzy/opt/gz_physics_vendor:/opt/ros/jazzy/opt/sdformat_vendor:/opt/ros/jazzy/opt/gz_gui_vendor:/opt/ros/jazzy/opt/gz_transport_vendor:/opt/ros/jazzy/opt/gz_rendering_vendor:/opt/ros/jazzy/opt/gz_plugin_vendor:/opt/ros/jazzy/opt/gz_fuel_tools_vendor:/opt/ros/jazzy/opt/gz_msgs_vendor:/opt/ros/jazzy/opt/gz_common_vendor:/opt/ros/jazzy/opt/gz_math_vendor:/opt/ros/jazzy/opt/gz_utils_vendor:/opt/ros/jazzy/opt/gz_tools_vendor:/opt/ros/jazzy/opt/gz_ogre_next_vendor:/opt/ros/jazzy/opt/gz_dartsim_vendor:/opt/ros/jazzy/opt/gz_cmake_vendor /usr/bin/cmake --install /home/ehoaglin/ros2_ws/build/dingo_hardware_config
