[0.060s] Invoking command in '/home/ehoaglin/ros2_ws/build/dingo_peripheral_interfacing_msg': CMAKE_PREFIX_PATH=${CMAKE_PREFIX_PATH}:/home/ehoaglin/ros2_ws/install/dualsense_interface:/opt/ros/jazzy /usr/bin/cmake --build /home/ehoaglin/ros2_ws/build/dingo_peripheral_interfacing_msg -- -j12 -l12
[0.827s] [  2%] Built target dingo_peripheral_interfacing_msg__rosidl_generator_type_description
[0.827s] [  2%] Built target ament_cmake_python_copy_dingo_peripheral_interfacing_msg
[0.827s] [  5%] Built target dingo_peripheral_interfacing_msg__cpp
[0.827s] [ 20%] Built target dingo_peripheral_interfacing_msg__rosidl_generator_c
[0.827s] [ 29%] Built target dingo_peripheral_interfacing_msg__rosidl_typesupport_cpp
[0.828s] [ 38%] Built target dingo_peripheral_interfacing_msg__rosidl_typesupport_fastrtps_c
[0.828s] [ 47%] Built target dingo_peripheral_interfacing_msg__rosidl_typesupport_c
[0.828s] [ 55%] Built target dingo_peripheral_interfacing_msg__rosidl_typesupport_fastrtps_cpp
[0.828s] [ 67%] Built target dingo_peripheral_interfacing_msg__rosidl_typesupport_introspection_c
[0.828s] [ 73%] Built target dingo_peripheral_interfacing_msg__rosidl_typesupport_introspection_cpp
[0.828s] [ 73%] Built target dingo_peripheral_interfacing_msg
[0.828s] [ 76%] Built target dingo_peripheral_interfacing_msg__py
[0.829s] [ 82%] Built target dingo_peripheral_interfacing_msg__rosidl_generator_py
[0.829s] [ 88%] Built target dingo_peripheral_interfacing_msg_s__rosidl_typesupport_fastrtps_c
[0.829s] [ 94%] Built target dingo_peripheral_interfacing_msg_s__rosidl_typesupport_introspection_c
[0.829s] [100%] Built target dingo_peripheral_interfacing_msg_s__rosidl_typesupport_c
[1.019s] running egg_info
[1.116s] writing dingo_peripheral_interfacing_msg.egg-info/PKG-INFO
[1.117s] writing dependency_links to dingo_peripheral_interfacing_msg.egg-info/dependency_links.txt
[1.117s] writing top-level names to dingo_peripheral_interfacing_msg.egg-info/top_level.txt
[1.388s] reading manifest file 'dingo_peripheral_interfacing_msg.egg-info/SOURCES.txt'
[1.390s] writing manifest file 'dingo_peripheral_interfacing_msg.egg-info/SOURCES.txt'
[1.501s] [100%] Built target ament_cmake_python_build_dingo_peripheral_interfacing_msg_egg
[1.535s] Invoked command in '/home/ehoaglin/ros2_ws/build/dingo_peripheral_interfacing_msg' returned '0': CMAKE_PREFIX_PATH=${CMAKE_PREFIX_PATH}:/home/ehoaglin/ros2_ws/install/dualsense_interface:/opt/ros/jazzy /usr/bin/cmake --build /home/ehoaglin/ros2_ws/build/dingo_peripheral_interfacing_msg -- -j12 -l12
[1.536s] Invoking command in '/home/ehoaglin/ros2_ws/build/dingo_peripheral_interfacing_msg': CMAKE_PREFIX_PATH=${CMAKE_PREFIX_PATH}:/home/ehoaglin/ros2_ws/install/dualsense_interface:/opt/ros/jazzy /usr/bin/cmake --install /home/ehoaglin/ros2_ws/build/dingo_peripheral_interfacing_msg
[1.572s] -- Install configuration: ""
[1.572s] -- Up-to-date: /home/ehoaglin/ros2_ws/install/dingo_peripheral_interfacing_msg/share/ament_index/resource_index/rosidl_interfaces/dingo_peripheral_interfacing_msg
[1.573s] -- Up-to-date: /home/ehoaglin/ros2_ws/install/dingo_peripheral_interfacing_msg/share/dingo_peripheral_interfacing_msg/msg/ElectricalMeasurements.json
[1.573s] -- Up-to-date: /home/ehoaglin/ros2_ws/install/dingo_peripheral_interfacing_msg/include/dingo_peripheral_interfacing_msg/dingo_peripheral_interfacing_msg
[1.573s] -- Up-to-date: /home/ehoaglin/ros2_ws/install/dingo_peripheral_interfacing_msg/include/dingo_peripheral_interfacing_msg/dingo_peripheral_interfacing_msg/msg
[1.574s] -- Up-to-date: /home/ehoaglin/ros2_ws/install/dingo_peripheral_interfacing_msg/include/dingo_peripheral_interfacing_msg/dingo_peripheral_interfacing_msg/msg/detail
[1.576s] -- Up-to-date: /home/ehoaglin/ros2_ws/install/dingo_peripheral_interfacing_msg/include/dingo_peripheral_interfacing_msg/dingo_peripheral_interfacing_msg/msg/detail/electrical_measurements__type_support.h
[1.576s] -- Up-to-date: /home/ehoaglin/ros2_ws/install/dingo_peripheral_interfacing_msg/include/dingo_peripheral_interfacing_msg/dingo_peripheral_interfacing_msg/msg/detail/electrical_measurements__type_support.c
[1.577s] -- Up-to-date: /home/ehoaglin/ros2_ws/install/dingo_peripheral_interfacing_msg/include/dingo_peripheral_interfacing_msg/dingo_peripheral_interfacing_msg/msg/detail/electrical_measurements__description.c
[1.578s] -- Up-to-date: /home/ehoaglin/ros2_ws/install/dingo_peripheral_interfacing_msg/include/dingo_peripheral_interfacing_msg/dingo_peripheral_interfacing_msg/msg/detail/electrical_measurements__functions.c
[1.579s] -- Up-to-date: /home/ehoaglin/ros2_ws/install/dingo_peripheral_interfacing_msg/include/dingo_peripheral_interfacing_msg/dingo_peripheral_interfacing_msg/msg/detail/electrical_measurements__struct.h
[1.582s] -- Up-to-date: /home/ehoaglin/ros2_ws/install/dingo_peripheral_interfacing_msg/include/dingo_peripheral_interfacing_msg/dingo_peripheral_interfacing_msg/msg/detail/electrical_measurements__functions.h
[1.585s] -- Up-to-date: /home/ehoaglin/ros2_ws/install/dingo_peripheral_interfacing_msg/include/dingo_peripheral_interfacing_msg/dingo_peripheral_interfacing_msg/msg/electrical_measurements.h
[1.586s] -- Up-to-date: /home/ehoaglin/ros2_ws/install/dingo_peripheral_interfacing_msg/include/dingo_peripheral_interfacing_msg/dingo_peripheral_interfacing_msg/msg/rosidl_generator_c__visibility_control.h
[1.586s] -- Up-to-date: /home/ehoaglin/ros2_ws/install/dingo_peripheral_interfacing_msg/share/dingo_peripheral_interfacing_msg/environment/library_path.sh
[1.586s] -- Up-to-date: /home/ehoaglin/ros2_ws/install/dingo_peripheral_interfacing_msg/share/dingo_peripheral_interfacing_msg/environment/library_path.dsv
[1.587s] -- Up-to-date: /home/ehoaglin/ros2_ws/install/dingo_peripheral_interfacing_msg/lib/libdingo_peripheral_interfacing_msg__rosidl_generator_c.so
[1.587s] -- Up-to-date: /home/ehoaglin/ros2_ws/install/dingo_peripheral_interfacing_msg/include/dingo_peripheral_interfacing_msg/dingo_peripheral_interfacing_msg
[1.588s] -- Up-to-date: /home/ehoaglin/ros2_ws/install/dingo_peripheral_interfacing_msg/include/dingo_peripheral_interfacing_msg/dingo_peripheral_interfacing_msg/msg
[1.589s] -- Up-to-date: /home/ehoaglin/ros2_ws/install/dingo_peripheral_interfacing_msg/include/dingo_peripheral_interfacing_msg/dingo_peripheral_interfacing_msg/msg/detail
[1.589s] -- Up-to-date: /home/ehoaglin/ros2_ws/install/dingo_peripheral_interfacing_msg/include/dingo_peripheral_interfacing_msg/dingo_peripheral_interfacing_msg/msg/detail/electrical_measurements__rosidl_typesupport_fastrtps_c.h
[1.590s] -- Up-to-date: /home/ehoaglin/ros2_ws/install/dingo_peripheral_interfacing_msg/include/dingo_peripheral_interfacing_msg/dingo_peripheral_interfacing_msg/msg/rosidl_typesupport_fastrtps_c__visibility_control.h
[1.591s] -- Up-to-date: /home/ehoaglin/ros2_ws/install/dingo_peripheral_interfacing_msg/lib/libdingo_peripheral_interfacing_msg__rosidl_typesupport_fastrtps_c.so
[1.592s] -- Up-to-date: /home/ehoaglin/ros2_ws/install/dingo_peripheral_interfacing_msg/include/dingo_peripheral_interfacing_msg/dingo_peripheral_interfacing_msg
[1.593s] -- Up-to-date: /home/ehoaglin/ros2_ws/install/dingo_peripheral_interfacing_msg/include/dingo_peripheral_interfacing_msg/dingo_peripheral_interfacing_msg/msg
[1.593s] -- Up-to-date: /home/ehoaglin/ros2_ws/install/dingo_peripheral_interfacing_msg/include/dingo_peripheral_interfacing_msg/dingo_peripheral_interfacing_msg/msg/detail
[1.594s] -- Up-to-date: /home/ehoaglin/ros2_ws/install/dingo_peripheral_interfacing_msg/include/dingo_peripheral_interfacing_msg/dingo_peripheral_interfacing_msg/msg/detail/electrical_measurements__struct.hpp
[1.594s] -- Up-to-date: /home/ehoaglin/ros2_ws/install/dingo_peripheral_interfacing_msg/include/dingo_peripheral_interfacing_msg/dingo_peripheral_interfacing_msg/msg/detail/electrical_measurements__builder.hpp
[1.596s] -- Up-to-date: /home/ehoaglin/ros2_ws/install/dingo_peripheral_interfacing_msg/include/dingo_peripheral_interfacing_msg/dingo_peripheral_interfacing_msg/msg/detail/electrical_measurements__type_support.hpp
[1.596s] -- Up-to-date: /home/ehoaglin/ros2_ws/install/dingo_peripheral_interfacing_msg/include/dingo_peripheral_interfacing_msg/dingo_peripheral_interfacing_msg/msg/detail/electrical_measurements__traits.hpp
[1.596s] -- Up-to-date: /home/ehoaglin/ros2_ws/install/dingo_peripheral_interfacing_msg/include/dingo_peripheral_interfacing_msg/dingo_peripheral_interfacing_msg/msg/electrical_measurements.hpp
[1.597s] -- Up-to-date: /home/ehoaglin/ros2_ws/install/dingo_peripheral_interfacing_msg/include/dingo_peripheral_interfacing_msg/dingo_peripheral_interfacing_msg/msg/rosidl_generator_cpp__visibility_control.hpp
[1.597s] -- Up-to-date: /home/ehoaglin/ros2_ws/install/dingo_peripheral_interfacing_msg/include/dingo_peripheral_interfacing_msg/dingo_peripheral_interfacing_msg
[1.598s] -- Up-to-date: /home/ehoaglin/ros2_ws/install/dingo_peripheral_interfacing_msg/include/dingo_peripheral_interfacing_msg/dingo_peripheral_interfacing_msg/msg
[1.598s] -- Up-to-date: /home/ehoaglin/ros2_ws/install/dingo_peripheral_interfacing_msg/include/dingo_peripheral_interfacing_msg/dingo_peripheral_interfacing_msg/msg/detail
[1.598s] -- Up-to-date: /home/ehoaglin/ros2_ws/install/dingo_peripheral_interfacing_msg/include/dingo_peripheral_interfacing_msg/dingo_peripheral_interfacing_msg/msg/detail/dds_fastrtps
[1.599s] -- Up-to-date: /home/ehoaglin/ros2_ws/install/dingo_peripheral_interfacing_msg/include/dingo_peripheral_interfacing_msg/dingo_peripheral_interfacing_msg/msg/detail/electrical_measurements__rosidl_typesupport_fastrtps_cpp.hpp
[1.599s] -- Up-to-date: /home/ehoaglin/ros2_ws/install/dingo_peripheral_interfacing_msg/include/dingo_peripheral_interfacing_msg/dingo_peripheral_interfacing_msg/msg/rosidl_typesupport_fastrtps_cpp__visibility_control.h
[1.600s] -- Up-to-date: /home/ehoaglin/ros2_ws/install/dingo_peripheral_interfacing_msg/lib/libdingo_peripheral_interfacing_msg__rosidl_typesupport_fastrtps_cpp.so
[1.600s] -- Up-to-date: /home/ehoaglin/ros2_ws/install/dingo_peripheral_interfacing_msg/include/dingo_peripheral_interfacing_msg/dingo_peripheral_interfacing_msg
[1.603s] -- Up-to-date: /home/ehoaglin/ros2_ws/install/dingo_peripheral_interfacing_msg/include/dingo_peripheral_interfacing_msg/dingo_peripheral_interfacing_msg/msg
[1.603s] -- Up-to-date: /home/ehoaglin/ros2_ws/install/dingo_peripheral_interfacing_msg/include/dingo_peripheral_interfacing_msg/dingo_peripheral_interfacing_msg/msg/detail
[1.603s] -- Up-to-date: /home/ehoaglin/ros2_ws/install/dingo_peripheral_interfacing_msg/include/dingo_peripheral_interfacing_msg/dingo_peripheral_interfacing_msg/msg/detail/electrical_measurements__type_support.c
[1.604s] -- Up-to-date: /home/ehoaglin/ros2_ws/install/dingo_peripheral_interfacing_msg/include/dingo_peripheral_interfacing_msg/dingo_peripheral_interfacing_msg/msg/detail/electrical_measurements__rosidl_typesupport_introspection_c.h
[1.604s] -- Up-to-date: /home/ehoaglin/ros2_ws/install/dingo_peripheral_interfacing_msg/include/dingo_peripheral_interfacing_msg/dingo_peripheral_interfacing_msg/msg/rosidl_typesupport_introspection_c__visibility_control.h
[1.605s] -- Up-to-date: /home/ehoaglin/ros2_ws/install/dingo_peripheral_interfacing_msg/lib/libdingo_peripheral_interfacing_msg__rosidl_typesupport_introspection_c.so
[1.605s] -- Up-to-date: /home/ehoaglin/ros2_ws/install/dingo_peripheral_interfacing_msg/lib/libdingo_peripheral_interfacing_msg__rosidl_typesupport_c.so
[1.605s] -- Up-to-date: /home/ehoaglin/ros2_ws/install/dingo_peripheral_interfacing_msg/include/dingo_peripheral_interfacing_msg/dingo_peripheral_interfacing_msg
[1.606s] -- Up-to-date: /home/ehoaglin/ros2_ws/install/dingo_peripheral_interfacing_msg/include/dingo_peripheral_interfacing_msg/dingo_peripheral_interfacing_msg/msg
[1.606s] -- Up-to-date: /home/ehoaglin/ros2_ws/install/dingo_peripheral_interfacing_msg/include/dingo_peripheral_interfacing_msg/dingo_peripheral_interfacing_msg/msg/detail
[1.606s] -- Up-to-date: /home/ehoaglin/ros2_ws/install/dingo_peripheral_interfacing_msg/include/dingo_peripheral_interfacing_msg/dingo_peripheral_interfacing_msg/msg/detail/electrical_measurements__type_support.cpp
[1.607s] -- Up-to-date: /home/ehoaglin/ros2_ws/install/dingo_peripheral_interfacing_msg/include/dingo_peripheral_interfacing_msg/dingo_peripheral_interfacing_msg/msg/detail/electrical_measurements__rosidl_typesupport_introspection_cpp.hpp
[1.607s] -- Up-to-date: /home/ehoaglin/ros2_ws/install/dingo_peripheral_interfacing_msg/lib/libdingo_peripheral_interfacing_msg__rosidl_typesupport_introspection_cpp.so
[1.607s] -- Up-to-date: /home/ehoaglin/ros2_ws/install/dingo_peripheral_interfacing_msg/lib/libdingo_peripheral_interfacing_msg__rosidl_typesupport_cpp.so
[1.608s] -- Up-to-date: /home/ehoaglin/ros2_ws/install/dingo_peripheral_interfacing_msg/share/dingo_peripheral_interfacing_msg/environment/pythonpath.sh
[1.609s] -- Up-to-date: /home/ehoaglin/ros2_ws/install/dingo_peripheral_interfacing_msg/share/dingo_peripheral_interfacing_msg/environment/pythonpath.dsv
[1.609s] -- Up-to-date: /home/ehoaglin/ros2_ws/install/dingo_peripheral_interfacing_msg/lib/python3.12/site-packages/dingo_peripheral_interfacing_msg-0.0.0-py3.12.egg-info
[1.609s] -- Installing: /home/ehoaglin/ros2_ws/install/dingo_peripheral_interfacing_msg/lib/python3.12/site-packages/dingo_peripheral_interfacing_msg-0.0.0-py3.12.egg-info/top_level.txt
[1.615s] -- Installing: /home/ehoaglin/ros2_ws/install/dingo_peripheral_interfacing_msg/lib/python3.12/site-packages/dingo_peripheral_interfacing_msg-0.0.0-py3.12.egg-info/dependency_links.txt
[1.675s] -- Installing: /home/ehoaglin/ros2_ws/install/dingo_peripheral_interfacing_msg/lib/python3.12/site-packages/dingo_peripheral_interfacing_msg-0.0.0-py3.12.egg-info/SOURCES.txt
[1.678s] -- Installing: /home/ehoaglin/ros2_ws/install/dingo_peripheral_interfacing_msg/lib/python3.12/site-packages/dingo_peripheral_interfacing_msg-0.0.0-py3.12.egg-info/PKG-INFO
[1.678s] -- Up-to-date: /home/ehoaglin/ros2_ws/install/dingo_peripheral_interfacing_msg/lib/python3.12/site-packages/dingo_peripheral_interfacing_msg
[1.678s] -- Up-to-date: /home/ehoaglin/ros2_ws/install/dingo_peripheral_interfacing_msg/lib/python3.12/site-packages/dingo_peripheral_interfacing_msg/__init__.py
[1.679s] -- Up-to-date: /home/ehoaglin/ros2_ws/install/dingo_peripheral_interfacing_msg/lib/python3.12/site-packages/dingo_peripheral_interfacing_msg/_dingo_peripheral_interfacing_msg_s.ep.rosidl_typesupport_fastrtps_c.c
[1.679s] -- Up-to-date: /home/ehoaglin/ros2_ws/install/dingo_peripheral_interfacing_msg/lib/python3.12/site-packages/dingo_peripheral_interfacing_msg/_dingo_peripheral_interfacing_msg_s.ep.rosidl_typesupport_c.c
[1.679s] -- Up-to-date: /home/ehoaglin/ros2_ws/install/dingo_peripheral_interfacing_msg/lib/python3.12/site-packages/dingo_peripheral_interfacing_msg/dingo_peripheral_interfacing_msg_s__rosidl_typesupport_c.so
[1.680s] -- Up-to-date: /home/ehoaglin/ros2_ws/install/dingo_peripheral_interfacing_msg/lib/python3.12/site-packages/dingo_peripheral_interfacing_msg/dingo_peripheral_interfacing_msg_s__rosidl_typesupport_introspection_c.so
[1.680s] -- Up-to-date: /home/ehoaglin/ros2_ws/install/dingo_peripheral_interfacing_msg/lib/python3.12/site-packages/dingo_peripheral_interfacing_msg/_dingo_peripheral_interfacing_msg_s.ep.rosidl_typesupport_introspection_c.c
[1.681s] -- Up-to-date: /home/ehoaglin/ros2_ws/install/dingo_peripheral_interfacing_msg/lib/python3.12/site-packages/dingo_peripheral_interfacing_msg/msg
[1.682s] -- Up-to-date: /home/ehoaglin/ros2_ws/install/dingo_peripheral_interfacing_msg/lib/python3.12/site-packages/dingo_peripheral_interfacing_msg/msg/__init__.py
[1.682s] -- Up-to-date: /home/ehoaglin/ros2_ws/install/dingo_peripheral_interfacing_msg/lib/python3.12/site-packages/dingo_peripheral_interfacing_msg/msg/_electrical_measurements_s.c
[1.682s] -- Up-to-date: /home/ehoaglin/ros2_ws/install/dingo_peripheral_interfacing_msg/lib/python3.12/site-packages/dingo_peripheral_interfacing_msg/msg/_electrical_measurements.py
[1.682s] -- Up-to-date: /home/ehoaglin/ros2_ws/install/dingo_peripheral_interfacing_msg/lib/python3.12/site-packages/dingo_peripheral_interfacing_msg/dingo_peripheral_interfacing_msg_s__rosidl_typesupport_fastrtps_c.so
[1.862s] Listing '/home/ehoaglin/ros2_ws/install/dingo_peripheral_interfacing_msg/lib/python3.12/site-packages/dingo_peripheral_interfacing_msg'...
[1.862s] Listing '/home/ehoaglin/ros2_ws/install/dingo_peripheral_interfacing_msg/lib/python3.12/site-packages/dingo_peripheral_interfacing_msg/msg'...
[1.919s] -- Up-to-date: /home/ehoaglin/ros2_ws/install/dingo_peripheral_interfacing_msg/lib/python3.12/site-packages/dingo_peripheral_interfacing_msg/dingo_peripheral_interfacing_msg_s__rosidl_typesupport_fastrtps_c.so
[1.926s] -- Up-to-date: /home/ehoaglin/ros2_ws/install/dingo_peripheral_interfacing_msg/lib/python3.12/site-packages/dingo_peripheral_interfacing_msg/dingo_peripheral_interfacing_msg_s__rosidl_typesupport_introspection_c.so
[1.927s] -- Up-to-date: /home/ehoaglin/ros2_ws/install/dingo_peripheral_interfacing_msg/lib/python3.12/site-packages/dingo_peripheral_interfacing_msg/dingo_peripheral_interfacing_msg_s__rosidl_typesupport_c.so
[1.927s] -- Up-to-date: /home/ehoaglin/ros2_ws/install/dingo_peripheral_interfacing_msg/lib/libdingo_peripheral_interfacing_msg__rosidl_generator_py.so
[1.928s] -- Up-to-date: /home/ehoaglin/ros2_ws/install/dingo_peripheral_interfacing_msg/share/dingo_peripheral_interfacing_msg/msg/ElectricalMeasurements.idl
[1.928s] -- Up-to-date: /home/ehoaglin/ros2_ws/install/dingo_peripheral_interfacing_msg/share/dingo_peripheral_interfacing_msg/msg/ElectricalMeasurements.msg
[1.929s] -- Up-to-date: /home/ehoaglin/ros2_ws/install/dingo_peripheral_interfacing_msg/share/ament_index/resource_index/package_run_dependencies/dingo_peripheral_interfacing_msg
[1.929s] -- Up-to-date: /home/ehoaglin/ros2_ws/install/dingo_peripheral_interfacing_msg/share/ament_index/resource_index/parent_prefix_path/dingo_peripheral_interfacing_msg
[1.930s] -- Up-to-date: /home/ehoaglin/ros2_ws/install/dingo_peripheral_interfacing_msg/share/dingo_peripheral_interfacing_msg/environment/ament_prefix_path.sh
[1.953s] -- Up-to-date: /home/ehoaglin/ros2_ws/install/dingo_peripheral_interfacing_msg/share/dingo_peripheral_interfacing_msg/environment/ament_prefix_path.dsv
[1.954s] -- Up-to-date: /home/ehoaglin/ros2_ws/install/dingo_peripheral_interfacing_msg/share/dingo_peripheral_interfacing_msg/environment/path.sh
[1.955s] -- Up-to-date: /home/ehoaglin/ros2_ws/install/dingo_peripheral_interfacing_msg/share/dingo_peripheral_interfacing_msg/environment/path.dsv
[1.956s] -- Up-to-date: /home/ehoaglin/ros2_ws/install/dingo_peripheral_interfacing_msg/share/dingo_peripheral_interfacing_msg/local_setup.bash
[1.957s] -- Up-to-date: /home/ehoaglin/ros2_ws/install/dingo_peripheral_interfacing_msg/share/dingo_peripheral_interfacing_msg/local_setup.sh
[1.959s] -- Up-to-date: /home/ehoaglin/ros2_ws/install/dingo_peripheral_interfacing_msg/share/dingo_peripheral_interfacing_msg/local_setup.zsh
[1.959s] -- Up-to-date: /home/ehoaglin/ros2_ws/install/dingo_peripheral_interfacing_msg/share/dingo_peripheral_interfacing_msg/local_setup.dsv
[1.960s] -- Installing: /home/ehoaglin/ros2_ws/install/dingo_peripheral_interfacing_msg/share/dingo_peripheral_interfacing_msg/package.dsv
[1.960s] -- Up-to-date: /home/ehoaglin/ros2_ws/install/dingo_peripheral_interfacing_msg/share/ament_index/resource_index/packages/dingo_peripheral_interfacing_msg
[1.962s] -- Up-to-date: /home/ehoaglin/ros2_ws/install/dingo_peripheral_interfacing_msg/share/dingo_peripheral_interfacing_msg/cmake/export_dingo_peripheral_interfacing_msg__rosidl_generator_cExport.cmake
[1.963s] -- Up-to-date: /home/ehoaglin/ros2_ws/install/dingo_peripheral_interfacing_msg/share/dingo_peripheral_interfacing_msg/cmake/export_dingo_peripheral_interfacing_msg__rosidl_generator_cExport-noconfig.cmake
[1.965s] -- Up-to-date: /home/ehoaglin/ros2_ws/install/dingo_peripheral_interfacing_msg/share/dingo_peripheral_interfacing_msg/cmake/export_dingo_peripheral_interfacing_msg__rosidl_typesupport_fastrtps_cExport.cmake
[1.965s] -- Up-to-date: /home/ehoaglin/ros2_ws/install/dingo_peripheral_interfacing_msg/share/dingo_peripheral_interfacing_msg/cmake/export_dingo_peripheral_interfacing_msg__rosidl_typesupport_fastrtps_cExport-noconfig.cmake
[1.966s] -- Up-to-date: /home/ehoaglin/ros2_ws/install/dingo_peripheral_interfacing_msg/share/dingo_peripheral_interfacing_msg/cmake/export_dingo_peripheral_interfacing_msg__rosidl_generator_cppExport.cmake
[1.966s] -- Up-to-date: /home/ehoaglin/ros2_ws/install/dingo_peripheral_interfacing_msg/share/dingo_peripheral_interfacing_msg/cmake/export_dingo_peripheral_interfacing_msg__rosidl_typesupport_fastrtps_cppExport.cmake
[1.967s] -- Up-to-date: /home/ehoaglin/ros2_ws/install/dingo_peripheral_interfacing_msg/share/dingo_peripheral_interfacing_msg/cmake/export_dingo_peripheral_interfacing_msg__rosidl_typesupport_fastrtps_cppExport-noconfig.cmake
[1.967s] -- Up-to-date: /home/ehoaglin/ros2_ws/install/dingo_peripheral_interfacing_msg/share/dingo_peripheral_interfacing_msg/cmake/dingo_peripheral_interfacing_msg__rosidl_typesupport_introspection_cExport.cmake
[1.969s] -- Up-to-date: /home/ehoaglin/ros2_ws/install/dingo_peripheral_interfacing_msg/share/dingo_peripheral_interfacing_msg/cmake/dingo_peripheral_interfacing_msg__rosidl_typesupport_introspection_cExport-noconfig.cmake
[1.970s] -- Up-to-date: /home/ehoaglin/ros2_ws/install/dingo_peripheral_interfacing_msg/share/dingo_peripheral_interfacing_msg/cmake/dingo_peripheral_interfacing_msg__rosidl_typesupport_cExport.cmake
[1.970s] -- Up-to-date: /home/ehoaglin/ros2_ws/install/dingo_peripheral_interfacing_msg/share/dingo_peripheral_interfacing_msg/cmake/dingo_peripheral_interfacing_msg__rosidl_typesupport_cExport-noconfig.cmake
[1.970s] -- Up-to-date: /home/ehoaglin/ros2_ws/install/dingo_peripheral_interfacing_msg/share/dingo_peripheral_interfacing_msg/cmake/dingo_peripheral_interfacing_msg__rosidl_typesupport_introspection_cppExport.cmake
[1.971s] -- Up-to-date: /home/ehoaglin/ros2_ws/install/dingo_peripheral_interfacing_msg/share/dingo_peripheral_interfacing_msg/cmake/dingo_peripheral_interfacing_msg__rosidl_typesupport_introspection_cppExport-noconfig.cmake
[1.971s] -- Up-to-date: /home/ehoaglin/ros2_ws/install/dingo_peripheral_interfacing_msg/share/dingo_peripheral_interfacing_msg/cmake/dingo_peripheral_interfacing_msg__rosidl_typesupport_cppExport.cmake
[1.972s] -- Up-to-date: /home/ehoaglin/ros2_ws/install/dingo_peripheral_interfacing_msg/share/dingo_peripheral_interfacing_msg/cmake/dingo_peripheral_interfacing_msg__rosidl_typesupport_cppExport-noconfig.cmake
[1.972s] -- Up-to-date: /home/ehoaglin/ros2_ws/install/dingo_peripheral_interfacing_msg/share/dingo_peripheral_interfacing_msg/cmake/export_dingo_peripheral_interfacing_msg__rosidl_generator_pyExport.cmake
[1.972s] -- Up-to-date: /home/ehoaglin/ros2_ws/install/dingo_peripheral_interfacing_msg/share/dingo_peripheral_interfacing_msg/cmake/export_dingo_peripheral_interfacing_msg__rosidl_generator_pyExport-noconfig.cmake
[1.973s] -- Up-to-date: /home/ehoaglin/ros2_ws/install/dingo_peripheral_interfacing_msg/share/dingo_peripheral_interfacing_msg/cmake/rosidl_cmake-extras.cmake
[1.973s] -- Up-to-date: /home/ehoaglin/ros2_ws/install/dingo_peripheral_interfacing_msg/share/dingo_peripheral_interfacing_msg/cmake/ament_cmake_export_dependencies-extras.cmake
[1.974s] -- Up-to-date: /home/ehoaglin/ros2_ws/install/dingo_peripheral_interfacing_msg/share/dingo_peripheral_interfacing_msg/cmake/ament_cmake_export_include_directories-extras.cmake
[1.974s] -- Up-to-date: /home/ehoaglin/ros2_ws/install/dingo_peripheral_interfacing_msg/share/dingo_peripheral_interfacing_msg/cmake/ament_cmake_export_libraries-extras.cmake
[1.975s] -- Up-to-date: /home/ehoaglin/ros2_ws/install/dingo_peripheral_interfacing_msg/share/dingo_peripheral_interfacing_msg/cmake/ament_cmake_export_targets-extras.cmake
[1.975s] -- Up-to-date: /home/ehoaglin/ros2_ws/install/dingo_peripheral_interfacing_msg/share/dingo_peripheral_interfacing_msg/cmake/rosidl_cmake_export_typesupport_targets-extras.cmake
[1.975s] -- Up-to-date: /home/ehoaglin/ros2_ws/install/dingo_peripheral_interfacing_msg/share/dingo_peripheral_interfacing_msg/cmake/rosidl_cmake_export_typesupport_libraries-extras.cmake
[1.976s] -- Up-to-date: /home/ehoaglin/ros2_ws/install/dingo_peripheral_interfacing_msg/share/dingo_peripheral_interfacing_msg/cmake/dingo_peripheral_interfacing_msgConfig.cmake
[1.978s] -- Up-to-date: /home/ehoaglin/ros2_ws/install/dingo_peripheral_interfacing_msg/share/dingo_peripheral_interfacing_msg/cmake/dingo_peripheral_interfacing_msgConfig-version.cmake
[1.978s] -- Up-to-date: /home/ehoaglin/ros2_ws/install/dingo_peripheral_interfacing_msg/share/dingo_peripheral_interfacing_msg/package.xml
[2.151s] Invoked command in '/home/ehoaglin/ros2_ws/build/dingo_peripheral_interfacing_msg' returned '0': CMAKE_PREFIX_PATH=${CMAKE_PREFIX_PATH}:/home/ehoaglin/ros2_ws/install/dualsense_interface:/opt/ros/jazzy /usr/bin/cmake --install /home/ehoaglin/ros2_ws/build/dingo_peripheral_interfacing_msg
