[0.024s] Invoking command in '/home/ehoaglin/ros2_ws/src/build/dingo_input_interfacing': /usr/bin/cmake /home/ehoaglin/ros2_ws/src/dingo_hardware_interfacing/dingo_input_interfacing -DCATKIN_INSTALL_INTO_PREFIX_ROOT=0 -DCMAKE_INSTALL_PREFIX=/home/ehoaglin/ros2_ws/src/install/dingo_input_interfacing
[0.036s] [0mCMake Deprecation Warning at CMakeLists.txt:1 (cmake_minimum_required):
[0.036s]   Compatibility with CMake < 3.5 will be removed from a future version of
[0.037s]   CMake.
[0.037s] 
[0.038s]   Update the VERSION argument <min> value or use a ...<max> suffix to tell
[0.038s]   CMake that the project does not need compatibility with older versions.
[0.039s] 
[0.039s] [0m
[0.633s] [31mCMake Error at CMakeLists.txt:10 (find_package):
[0.633s]   By not providing "Findcatkin.cmake" in CMAKE_MODULE_PATH this project has
[0.633s]   asked CMake to find a package configuration file provided by "catkin", but
[0.633s]   CMake did not find one.
[0.633s] 
[0.633s]   Could not find a package configuration file provided by "catkin" with any
[0.634s]   of the following names:
[0.634s] 
[0.634s]     catkinConfig.cmake
[0.634s]     catkin-config.cmake
[0.634s] 
[0.634s]   Add the installation prefix of "catkin" to CMAKE_PREFIX_PATH or set
[0.634s]   "catkin_DIR" to a directory containing one of the above files.  If "catkin"
[0.634s]   provides a separate development package or SDK, be sure it has been
[0.634s]   installed.
[0.634s] 
[0.634s] [0m
[0.634s] -- Configuring incomplete, errors occurred!
