[0.584s] Invoking command in '/home/ehoaglin/ros2_ws/src/build/dingo': AMENT_PREFIX_PATH=/home/ehoaglin/ros2_ws/src/install/dingo_control:${AMENT_PREFIX_PATH} CMAKE_PREFIX_PATH=/home/ehoaglin/ros2_ws/install/ros2_fundamentals_examples:/opt/ros/jazzy:/home/ehoaglin/ros2_ws/src/install/dingo_servo_interfacing:/home/ehoaglin/ros2_ws/src/install/dingo_peripheral_interfacing:/home/ehoaglin/ros2_ws/src/install/dingo_input_interfacing:/home/ehoaglin/ros2_ws/src/install/dingo_control:${CMAKE_PREFIX_PATH} PKG_CONFIG_PATH=/home/ehoaglin/ros2_ws/src/install/dingo_servo_interfacing/lib/x86_64-linux-gnu/pkgconfig:/home/ehoaglin/ros2_ws/src/install/dingo_servo_interfacing/lib/pkgconfig:/home/ehoaglin/ros2_ws/src/install/dingo_peripheral_interfacing/lib/x86_64-linux-gnu/pkgconfig:/home/ehoaglin/ros2_ws/src/install/dingo_peripheral_interfacing/lib/pkgconfig:/home/ehoaglin/ros2_ws/src/install/dingo_input_interfacing/lib/x86_64-linux-gnu/pkgconfig:/home/ehoaglin/ros2_ws/src/install/dingo_input_interfacing/lib/pkgconfig ROS_PACKAGE_PATH=/home/ehoaglin/ros2_ws/src/install/dingo_servo_interfacing/share:/home/ehoaglin/ros2_ws/src/install/dingo_peripheral_interfacing/share:/home/ehoaglin/ros2_ws/src/install/dingo_input_interfacing/share /usr/bin/cmake /home/ehoaglin/ros2_ws/src/dingo -DCMAKE_INSTALL_PREFIX=/home/ehoaglin/ros2_ws/src/install/dingo
[0.594s] -- Found ament_cmake: 2.5.3 (/opt/ros/jazzy/share/ament_cmake/cmake)
[0.784s] -- Found rclpy: 7.1.3 (/opt/ros/jazzy/share/rclpy/cmake)
[0.785s] -- Found std_msgs: 5.3.5 (/opt/ros/jazzy/share/std_msgs/cmake)
[0.937s] -- Found rosidl_generator_c: 4.6.5 (/opt/ros/jazzy/share/rosidl_generator_c/cmake)
[0.946s] -- Found rosidl_generator_cpp: 4.6.5 (/opt/ros/jazzy/share/rosidl_generator_cpp/cmake)
[0.957s] -- Using all available rosidl_typesupport_c: rosidl_typesupport_fastrtps_c;rosidl_typesupport_introspection_c
[0.970s] -- Using all available rosidl_typesupport_cpp: rosidl_typesupport_fastrtps_cpp;rosidl_typesupport_introspection_cpp
[0.995s] -- Found dingo_peripheral_interfacing: 0.0.0 (/home/ehoaglin/ros2_ws/src/install/dingo_peripheral_interfacing/share/dingo_peripheral_interfacing/cmake)
[0.995s] -- Found dingo_control: 0.0.0 (/home/ehoaglin/ros2_ws/src/install/dingo_control/share/dingo_control/cmake)
[0.995s] -- Found dingo_input_interfacing: 0.0.0 (/home/ehoaglin/ros2_ws/src/install/dingo_input_interfacing/share/dingo_input_interfacing/cmake)
[0.996s] -- Found dingo_servo_interfacing: 0.0.0 (/home/ehoaglin/ros2_ws/src/install/dingo_servo_interfacing/share/dingo_servo_interfacing/cmake)
[1.155s] -- Configuring done (0.6s)
[1.168s] -- Generating done (0.0s)
[1.170s] -- Build files have been written to: /home/ehoaglin/ros2_ws/src/build/dingo
[1.176s] Invoked command in '/home/ehoaglin/ros2_ws/src/build/dingo' returned '0': AMENT_PREFIX_PATH=/home/ehoaglin/ros2_ws/src/install/dingo_control:${AMENT_PREFIX_PATH} CMAKE_PREFIX_PATH=/home/ehoaglin/ros2_ws/install/ros2_fundamentals_examples:/opt/ros/jazzy:/home/ehoaglin/ros2_ws/src/install/dingo_servo_interfacing:/home/ehoaglin/ros2_ws/src/install/dingo_peripheral_interfacing:/home/ehoaglin/ros2_ws/src/install/dingo_input_interfacing:/home/ehoaglin/ros2_ws/src/install/dingo_control:${CMAKE_PREFIX_PATH} PKG_CONFIG_PATH=/home/ehoaglin/ros2_ws/src/install/dingo_servo_interfacing/lib/x86_64-linux-gnu/pkgconfig:/home/ehoaglin/ros2_ws/src/install/dingo_servo_interfacing/lib/pkgconfig:/home/ehoaglin/ros2_ws/src/install/dingo_peripheral_interfacing/lib/x86_64-linux-gnu/pkgconfig:/home/ehoaglin/ros2_ws/src/install/dingo_peripheral_interfacing/lib/pkgconfig:/home/ehoaglin/ros2_ws/src/install/dingo_input_interfacing/lib/x86_64-linux-gnu/pkgconfig:/home/ehoaglin/ros2_ws/src/install/dingo_input_interfacing/lib/pkgconfig ROS_PACKAGE_PATH=/home/ehoaglin/ros2_ws/src/install/dingo_servo_interfacing/share:/home/ehoaglin/ros2_ws/src/install/dingo_peripheral_interfacing/share:/home/ehoaglin/ros2_ws/src/install/dingo_input_interfacing/share /usr/bin/cmake /home/ehoaglin/ros2_ws/src/dingo -DCMAKE_INSTALL_PREFIX=/home/ehoaglin/ros2_ws/src/install/dingo
[1.177s] Invoking command in '/home/ehoaglin/ros2_ws/src/build/dingo': AMENT_PREFIX_PATH=/home/ehoaglin/ros2_ws/src/install/dingo_control:${AMENT_PREFIX_PATH} CMAKE_PREFIX_PATH=/home/ehoaglin/ros2_ws/install/ros2_fundamentals_examples:/opt/ros/jazzy:/home/ehoaglin/ros2_ws/src/install/dingo_servo_interfacing:/home/ehoaglin/ros2_ws/src/install/dingo_peripheral_interfacing:/home/ehoaglin/ros2_ws/src/install/dingo_input_interfacing:/home/ehoaglin/ros2_ws/src/install/dingo_control:${CMAKE_PREFIX_PATH} PKG_CONFIG_PATH=/home/ehoaglin/ros2_ws/src/install/dingo_servo_interfacing/lib/x86_64-linux-gnu/pkgconfig:/home/ehoaglin/ros2_ws/src/install/dingo_servo_interfacing/lib/pkgconfig:/home/ehoaglin/ros2_ws/src/install/dingo_peripheral_interfacing/lib/x86_64-linux-gnu/pkgconfig:/home/ehoaglin/ros2_ws/src/install/dingo_peripheral_interfacing/lib/pkgconfig:/home/ehoaglin/ros2_ws/src/install/dingo_input_interfacing/lib/x86_64-linux-gnu/pkgconfig:/home/ehoaglin/ros2_ws/src/install/dingo_input_interfacing/lib/pkgconfig ROS_PACKAGE_PATH=/home/ehoaglin/ros2_ws/src/install/dingo_servo_interfacing/share:/home/ehoaglin/ros2_ws/src/install/dingo_peripheral_interfacing/share:/home/ehoaglin/ros2_ws/src/install/dingo_input_interfacing/share /usr/bin/cmake --build /home/ehoaglin/ros2_ws/src/build/dingo -- -j12 -l12
[1.224s] Built target ament_cmake_python_copy_dingo
[1.450s] running egg_info
[1.450s] creating dingo.egg-info
[1.472s] writing dingo.egg-info/PKG-INFO
[1.473s] writing dependency_links to dingo.egg-info/dependency_links.txt
[1.473s] writing top-level names to dingo.egg-info/top_level.txt
[1.473s] writing manifest file 'dingo.egg-info/SOURCES.txt'
[1.536s] reading manifest file 'dingo.egg-info/SOURCES.txt'
[1.537s] writing manifest file 'dingo.egg-info/SOURCES.txt'
[1.560s] Built target ament_cmake_python_build_dingo_egg
[1.569s] Invoked command in '/home/ehoaglin/ros2_ws/src/build/dingo' returned '0': AMENT_PREFIX_PATH=/home/ehoaglin/ros2_ws/src/install/dingo_control:${AMENT_PREFIX_PATH} CMAKE_PREFIX_PATH=/home/ehoaglin/ros2_ws/install/ros2_fundamentals_examples:/opt/ros/jazzy:/home/ehoaglin/ros2_ws/src/install/dingo_servo_interfacing:/home/ehoaglin/ros2_ws/src/install/dingo_peripheral_interfacing:/home/ehoaglin/ros2_ws/src/install/dingo_input_interfacing:/home/ehoaglin/ros2_ws/src/install/dingo_control:${CMAKE_PREFIX_PATH} PKG_CONFIG_PATH=/home/ehoaglin/ros2_ws/src/install/dingo_servo_interfacing/lib/x86_64-linux-gnu/pkgconfig:/home/ehoaglin/ros2_ws/src/install/dingo_servo_interfacing/lib/pkgconfig:/home/ehoaglin/ros2_ws/src/install/dingo_peripheral_interfacing/lib/x86_64-linux-gnu/pkgconfig:/home/ehoaglin/ros2_ws/src/install/dingo_peripheral_interfacing/lib/pkgconfig:/home/ehoaglin/ros2_ws/src/install/dingo_input_interfacing/lib/x86_64-linux-gnu/pkgconfig:/home/ehoaglin/ros2_ws/src/install/dingo_input_interfacing/lib/pkgconfig ROS_PACKAGE_PATH=/home/ehoaglin/ros2_ws/src/install/dingo_servo_interfacing/share:/home/ehoaglin/ros2_ws/src/install/dingo_peripheral_interfacing/share:/home/ehoaglin/ros2_ws/src/install/dingo_input_interfacing/share /usr/bin/cmake --build /home/ehoaglin/ros2_ws/src/build/dingo -- -j12 -l12
[1.570s] Invoking command in '/home/ehoaglin/ros2_ws/src/build/dingo': AMENT_PREFIX_PATH=/home/ehoaglin/ros2_ws/src/install/dingo_control:${AMENT_PREFIX_PATH} CMAKE_PREFIX_PATH=/home/ehoaglin/ros2_ws/install/ros2_fundamentals_examples:/opt/ros/jazzy:/home/ehoaglin/ros2_ws/src/install/dingo_servo_interfacing:/home/ehoaglin/ros2_ws/src/install/dingo_peripheral_interfacing:/home/ehoaglin/ros2_ws/src/install/dingo_input_interfacing:/home/ehoaglin/ros2_ws/src/install/dingo_control:${CMAKE_PREFIX_PATH} PKG_CONFIG_PATH=/home/ehoaglin/ros2_ws/src/install/dingo_servo_interfacing/lib/x86_64-linux-gnu/pkgconfig:/home/ehoaglin/ros2_ws/src/install/dingo_servo_interfacing/lib/pkgconfig:/home/ehoaglin/ros2_ws/src/install/dingo_peripheral_interfacing/lib/x86_64-linux-gnu/pkgconfig:/home/ehoaglin/ros2_ws/src/install/dingo_peripheral_interfacing/lib/pkgconfig:/home/ehoaglin/ros2_ws/src/install/dingo_input_interfacing/lib/x86_64-linux-gnu/pkgconfig:/home/ehoaglin/ros2_ws/src/install/dingo_input_interfacing/lib/pkgconfig ROS_PACKAGE_PATH=/home/ehoaglin/ros2_ws/src/install/dingo_servo_interfacing/share:/home/ehoaglin/ros2_ws/src/install/dingo_peripheral_interfacing/share:/home/ehoaglin/ros2_ws/src/install/dingo_input_interfacing/share /usr/bin/cmake --install /home/ehoaglin/ros2_ws/src/build/dingo
[1.576s] -- Install configuration: ""
[1.576s] -- Installing: /home/ehoaglin/ros2_ws/src/install/dingo/share/dingo/environment/pythonpath.sh
[1.577s] -- Installing: /home/ehoaglin/ros2_ws/src/install/dingo/share/dingo/environment/pythonpath.dsv
[1.577s] -- Installing: /home/ehoaglin/ros2_ws/src/install/dingo/lib/python3.12/site-packages/dingo-0.0.0-py3.12.egg-info
[1.577s] -- Installing: /home/ehoaglin/ros2_ws/src/install/dingo/lib/python3.12/site-packages/dingo-0.0.0-py3.12.egg-info/top_level.txt
[1.578s] -- Installing: /home/ehoaglin/ros2_ws/src/install/dingo/lib/python3.12/site-packages/dingo-0.0.0-py3.12.egg-info/dependency_links.txt
[1.578s] -- Installing: /home/ehoaglin/ros2_ws/src/install/dingo/lib/python3.12/site-packages/dingo-0.0.0-py3.12.egg-info/SOURCES.txt
[1.578s] -- Installing: /home/ehoaglin/ros2_ws/src/install/dingo/lib/python3.12/site-packages/dingo-0.0.0-py3.12.egg-info/PKG-INFO
[1.578s] -- Installing: /home/ehoaglin/ros2_ws/src/install/dingo/lib/python3.12/site-packages/dingo
[1.578s] -- Installing: /home/ehoaglin/ros2_ws/src/install/dingo/lib/python3.12/site-packages/dingo/__init__.py
[1.578s] -- Installing: /home/ehoaglin/ros2_ws/src/install/dingo/lib/python3.12/site-packages/dingo/status_publisher.py
[1.613s] Listing '/home/ehoaglin/ros2_ws/src/install/dingo/lib/python3.12/site-packages/dingo'...
[1.613s] Compiling '/home/ehoaglin/ros2_ws/src/install/dingo/lib/python3.12/site-packages/dingo/__init__.py'...
[1.613s] Compiling '/home/ehoaglin/ros2_ws/src/install/dingo/lib/python3.12/site-packages/dingo/status_publisher.py'...
[1.618s] -- Installing: /home/ehoaglin/ros2_ws/src/install/dingo/share/ament_index/resource_index/package_run_dependencies/dingo
[1.618s] -- Installing: /home/ehoaglin/ros2_ws/src/install/dingo/share/ament_index/resource_index/parent_prefix_path/dingo
[1.619s] -- Up-to-date: /home/ehoaglin/ros2_ws/src/install/dingo/share/dingo/environment/ament_prefix_path.sh
[1.619s] -- Up-to-date: /home/ehoaglin/ros2_ws/src/install/dingo/share/dingo/environment/ament_prefix_path.dsv
[1.619s] -- Up-to-date: /home/ehoaglin/ros2_ws/src/install/dingo/share/dingo/environment/path.sh
[1.619s] -- Up-to-date: /home/ehoaglin/ros2_ws/src/install/dingo/share/dingo/environment/path.dsv
[1.619s] -- Up-to-date: /home/ehoaglin/ros2_ws/src/install/dingo/share/dingo/local_setup.bash
[1.619s] -- Installing: /home/ehoaglin/ros2_ws/src/install/dingo/share/dingo/local_setup.sh
[1.619s] -- Up-to-date: /home/ehoaglin/ros2_ws/src/install/dingo/share/dingo/local_setup.zsh
[1.619s] -- Installing: /home/ehoaglin/ros2_ws/src/install/dingo/share/dingo/local_setup.dsv
[1.619s] -- Installing: /home/ehoaglin/ros2_ws/src/install/dingo/share/dingo/package.dsv
[1.620s] -- Up-to-date: /home/ehoaglin/ros2_ws/src/install/dingo/share/ament_index/resource_index/packages/dingo
[1.620s] -- Up-to-date: /home/ehoaglin/ros2_ws/src/install/dingo/share/dingo/cmake/dingoConfig.cmake
[1.620s] -- Up-to-date: /home/ehoaglin/ros2_ws/src/install/dingo/share/dingo/cmake/dingoConfig-version.cmake
[1.620s] -- Installing: /home/ehoaglin/ros2_ws/src/install/dingo/share/dingo/package.xml
[1.620s] -- Installing: /home/ehoaglin/ros2_ws/src/install/dingo/lib/dingo/dingo_driver.py
[1.622s] Invoked command in '/home/ehoaglin/ros2_ws/src/build/dingo' returned '0': AMENT_PREFIX_PATH=/home/ehoaglin/ros2_ws/src/install/dingo_control:${AMENT_PREFIX_PATH} CMAKE_PREFIX_PATH=/home/ehoaglin/ros2_ws/install/ros2_fundamentals_examples:/opt/ros/jazzy:/home/ehoaglin/ros2_ws/src/install/dingo_servo_interfacing:/home/ehoaglin/ros2_ws/src/install/dingo_peripheral_interfacing:/home/ehoaglin/ros2_ws/src/install/dingo_input_interfacing:/home/ehoaglin/ros2_ws/src/install/dingo_control:${CMAKE_PREFIX_PATH} PKG_CONFIG_PATH=/home/ehoaglin/ros2_ws/src/install/dingo_servo_interfacing/lib/x86_64-linux-gnu/pkgconfig:/home/ehoaglin/ros2_ws/src/install/dingo_servo_interfacing/lib/pkgconfig:/home/ehoaglin/ros2_ws/src/install/dingo_peripheral_interfacing/lib/x86_64-linux-gnu/pkgconfig:/home/ehoaglin/ros2_ws/src/install/dingo_peripheral_interfacing/lib/pkgconfig:/home/ehoaglin/ros2_ws/src/install/dingo_input_interfacing/lib/x86_64-linux-gnu/pkgconfig:/home/ehoaglin/ros2_ws/src/install/dingo_input_interfacing/lib/pkgconfig ROS_PACKAGE_PATH=/home/ehoaglin/ros2_ws/src/install/dingo_servo_interfacing/share:/home/ehoaglin/ros2_ws/src/install/dingo_peripheral_interfacing/share:/home/ehoaglin/ros2_ws/src/install/dingo_input_interfacing/share /usr/bin/cmake --install /home/ehoaglin/ros2_ws/src/build/dingo
